#
# There is insufficient memory for the Java Runtime Environment to continue.
# Native memory allocation (mmap) failed to map 489684992 bytes for Failed to commit area from 0x0000000098800000 to 0x00000000b5b00000 of length 489684992.
# Possible reasons:
#   The system is out of physical RAM or swap space
#   The process is running with CompressedOops enabled, and the Java Heap may be blocking the growth of the native heap
# Possible solutions:
#   Reduce memory load on the system
#   Increase physical memory or swap space
#   Check if swap backing store is full
#   Decrease Java heap size (-Xmx/-Xms)
#   Decrease number of Java threads
#   Decrease Java thread stack sizes (-Xss)
#   Set larger code cache with -XX:ReservedCodeCacheSize=
#   JVM is running with Unscaled Compressed Oops mode in which the Java heap is
#     placed in the first 4GB address space. The Java Heap base address is the
#     maximum limit for the native heap growth. Please use -XX:HeapBaseMinAddress
#     to set the Java Heap base and to place the Java Heap above 4GB virtual address.
# This output file may be truncated or incomplete.
#
#  Out of Memory Error (./src/hotspot/os/windows/os_windows.cpp:3301), pid=4396, tid=612
#
# JRE version: OpenJDK Runtime Environment (11.0.10) (build 11.0.10+0-b96-7249189)
# Java VM: OpenJDK 64-Bit Server VM (11.0.10+0-b96-7249189, mixed mode, tiered, compressed oops, g1 gc, windows-amd64)
# No core dump will be written. Minidumps are not enabled by default on client versions of Windows
#

---------------  S U M M A R Y ------------

Command Line: --add-opens=java.base/java.util=ALL-UNNAMED --add-opens=java.base/java.lang=ALL-UNNAMED --add-opens=java.base/java.lang.invoke=ALL-UNNAMED --add-opens=java.base/java.util=ALL-UNNAMED --add-opens=java.prefs/java.util.prefs=ALL-UNNAMED --add-opens=java.prefs/java.util.prefs=ALL-UNNAMED --add-opens=java.base/java.nio.charset=ALL-UNNAMED --add-opens=java.base/java.net=ALL-UNNAMED --add-opens=java.base/java.util.concurrent.atomic=ALL-UNNAMED -Xmx2048m -Dfile.encoding=UTF-8 -Duser.country=ID -Duser.language=en -Duser.variant org.gradle.launcher.daemon.bootstrap.GradleDaemon 7.0.2

Host: Intel(R) Core(TM) i5-7200U CPU @ 2.50GHz, 4 cores, 3G,  Windows 10 , 64 bit Build 19041 (10.0.19041.1348)
Time: Thu Dec  9 11:26:48 2021 SE Asia Standard Time elapsed time: 55.476447 seconds (0d 0h 0m 55s)

---------------  T H R E A D  ---------------

Current thread (0x000002bf6c753800):  VMThread "VM Thread" [stack: 0x000000dec5400000,0x000000dec5500000] [id=612]

Stack: [0x000000dec5400000,0x000000dec5500000]
[error occurred during error reporting (printing stack bounds), id 0xc0000005, EXCEPTION_ACCESS_VIOLATION (0xc0000005) at pc=0x000002bf55f20f2d]

Native frames: (J=compiled Java code, j=interpreted, Vv=VM code, C=native code)
V  [jvm.dll+0x5ecfaa]
V  [jvm.dll+0x722bd5]
V  [jvm.dll+0x72412d]
V  [jvm.dll+0x724745]
V  [jvm.dll+0x7246fb]
V  [jvm.dll+0x5ec348]
V  [jvm.dll+0x5ecad8]
C  [ntdll.dll+0xa20cf]
C  [ntdll.dll+0x51454]
C  [ntdll.dll+0xa0bfe]
C  0x000002bf55f20f2d

VM_Operation (0x000000dec75f88c0): G1CollectForAllocation, mode: safepoint, requested by thread 0x000002bf70aa1800


---------------  P R O C E S S  ---------------

Threads class SMR info:
_java_thread_list=0x000002bf70dc5860, length=51, elements={
0x000002bf50c29000, 0x000002bf6c759800, 0x000002bf6c763800, 0x000002bf6c7b0800,
0x000002bf6c7b5000, 0x000002bf6c7b7800, 0x000002bf6c7bd000, 0x000002bf6c7c4000,
0x000002bf6c7c6800, 0x000002bf6d229000, 0x000002bf6fb86800, 0x000002bf6e7b1000,
0x000002bf6dedc800, 0x000002bf6eb90000, 0x000002bf6f3e2800, 0x000002bf6f326800,
0x000002bf6fa1a000, 0x000002bf6e649800, 0x000002bf6efa2800, 0x000002bf6f31e000,
0x000002bf6f321800, 0x000002bf6f320800, 0x000002bf6f322000, 0x000002bf6f31f000,
0x000002bf6f31f800, 0x000002bf6f31c800, 0x000002bf6f323000, 0x000002bf6f31d000,
0x000002bf70a9b000, 0x000002bf70a97000, 0x000002bf70a9d000, 0x000002bf70a9c000,
0x000002bf70a9a800, 0x000002bf70a98800, 0x000002bf70aa3800, 0x000002bf70aa0000,
0x000002bf70aa1800, 0x000002bf70aa2800, 0x000002bf70aa4000, 0x000002bf70a9f800,
0x000002bf70aa5000, 0x000002bf70aa6000, 0x000002bf6f963800, 0x000002bf6f960800,
0x000002bf6f961000, 0x000002bf6f962000, 0x000002bf6f963000, 0x000002bf6f95f800,
0x000002bf6f95e000, 0x000002bf6f964800, 0x000002bf6f95e800
}

Java Threads: ( => current thread )
  0x000002bf50c29000 JavaThread "main" [_thread_blocked, id=6680, stack(0x000000dec4e00000,0x000000dec4f00000)]
  0x000002bf6c759800 JavaThread "Reference Handler" daemon [_thread_blocked, id=2432, stack(0x000000dec5500000,0x000000dec5600000)]
  0x000002bf6c763800 JavaThread "Finalizer" daemon [_thread_blocked, id=5784, stack(0x000000dec5600000,0x000000dec5700000)]
  0x000002bf6c7b0800 JavaThread "Signal Dispatcher" daemon [_thread_blocked, id=3700, stack(0x000000dec5700000,0x000000dec5800000)]
  0x000002bf6c7b5000 JavaThread "Attach Listener" daemon [_thread_blocked, id=4680, stack(0x000000dec5800000,0x000000dec5900000)]
  0x000002bf6c7b7800 JavaThread "Service Thread" daemon [_thread_blocked, id=6048, stack(0x000000dec5900000,0x000000dec5a00000)]
  0x000002bf6c7bd000 JavaThread "C2 CompilerThread0" daemon [_thread_in_native, id=1236, stack(0x000000dec5a00000,0x000000dec5b00000)]
  0x000002bf6c7c4000 JavaThread "C1 CompilerThread0" daemon [_thread_blocked, id=2796, stack(0x000000dec5b00000,0x000000dec5c00000)]
  0x000002bf6c7c6800 JavaThread "Sweeper thread" daemon [_thread_blocked, id=600, stack(0x000000dec5c00000,0x000000dec5d00000)]
  0x000002bf6d229000 JavaThread "Common-Cleaner" daemon [_thread_blocked, id=2544, stack(0x000000dec5d00000,0x000000dec5e00000)]
  0x000002bf6fb86800 JavaThread "Daemon health stats" [_thread_blocked, id=3588, stack(0x000000dec5f00000,0x000000dec6000000)]
  0x000002bf6e7b1000 JavaThread "Incoming local TCP Connector on port 65224" [_thread_in_native, id=6052, stack(0x000000dec6100000,0x000000dec6200000)]
  0x000002bf6dedc800 JavaThread "Daemon periodic checks" [_thread_blocked, id=5204, stack(0x000000dec6200000,0x000000dec6300000)]
  0x000002bf6eb90000 JavaThread "Daemon" [_thread_blocked, id=8660, stack(0x000000dec6300000,0x000000dec6400000)]
  0x000002bf6f3e2800 JavaThread "Handler for socket connection from /127.0.0.1:65224 to /127.0.0.1:65225" [_thread_in_native, id=8952, stack(0x000000dec6400000,0x000000dec6500000)]
  0x000002bf6f326800 JavaThread "Cancel handler" [_thread_blocked, id=3392, stack(0x000000dec6500000,0x000000dec6600000)]
  0x000002bf6fa1a000 JavaThread "Daemon worker" [_thread_blocked, id=3288, stack(0x000000dec6600000,0x000000dec6700000)]
  0x000002bf6e649800 JavaThread "Asynchronous log dispatcher for DefaultDaemonConnection: socket connection from /127.0.0.1:65224 to /127.0.0.1:65225" [_thread_blocked, id=3936, stack(0x000000dec6700000,0x000000dec6800000)]
  0x000002bf6efa2800 JavaThread "Stdin handler" [_thread_blocked, id=3148, stack(0x000000dec6800000,0x000000dec6900000)]
  0x000002bf6f31e000 JavaThread "Daemon client event forwarder" [_thread_blocked, id=3456, stack(0x000000dec6900000,0x000000dec6a00000)]
  0x000002bf6f321800 JavaThread "Cache worker for file hash cache (C:\Users\michi\.gradle\caches\7.0.2\fileHashes)" [_thread_blocked, id=6148, stack(0x000000dec6c00000,0x000000dec6d00000)]
  0x000002bf6f320800 JavaThread "File lock request listener" [_thread_in_native, id=8400, stack(0x000000dec6d00000,0x000000dec6e00000)]
  0x000002bf6f322000 JavaThread "Cache worker for journal cache (C:\Users\michi\.gradle\caches\journal-1)" [_thread_blocked, id=3140, stack(0x000000dec6e00000,0x000000dec6f00000)]
  0x000002bf6f31f000 JavaThread "Cache worker for file hash cache (C:\Users\michi\AndroidStudioProjects\MenuDashboard\.gradle\7.0.2\fileHashes)" [_thread_blocked, id=6860, stack(0x000000dec6f00000,0x000000dec7000000)]
  0x000002bf6f31f800 JavaThread "File watcher server" daemon [_thread_blocked, id=5132, stack(0x000000dec7000000,0x000000dec7100000)]
  0x000002bf6f31c800 JavaThread "File watcher consumer" daemon [_thread_blocked, id=6936, stack(0x000000dec7100000,0x000000dec7200000)]
  0x000002bf6f323000 JavaThread "Cache worker for checksums cache (C:\Users\michi\AndroidStudioProjects\MenuDashboard\.gradle\checksums)" [_thread_blocked, id=1232, stack(0x000000dec7200000,0x000000dec7300000)]
  0x000002bf6f31d000 JavaThread "Cache worker for cache directory md-supplier (C:\Users\michi\.gradle\caches\7.0.2\md-supplier)" [_thread_blocked, id=5564, stack(0x000000dec7300000,0x000000dec7400000)]
  0x000002bf70a9b000 JavaThread "Cache worker for cache directory md-rule (C:\Users\michi\.gradle\caches\7.0.2\md-rule)" [_thread_blocked, id=3620, stack(0x000000dec7400000,0x000000dec7500000)]
  0x000002bf70a97000 JavaThread "Cache worker for execution history cache (C:\Users\michi\.gradle\caches\7.0.2\executionHistory)" [_thread_blocked, id=9184, stack(0x000000dec7600000,0x000000dec7700000)]
  0x000002bf70a9d000 JavaThread "jar transforms" [_thread_blocked, id=1316, stack(0x000000dec7700000,0x000000dec7800000)]
  0x000002bf70a9c000 JavaThread "jar transforms Thread 2" [_thread_blocked, id=1284, stack(0x000000dec7800000,0x000000dec7900000)]
  0x000002bf70a9a800 JavaThread "Cache worker for file content cache (C:\Users\michi\.gradle\caches\7.0.2\fileContent)" [_thread_blocked, id=1276, stack(0x000000dec7900000,0x000000dec7a00000)]
  0x000002bf70a98800 JavaThread "Cache worker for dependencies-accessors (C:\Users\michi\AndroidStudioProjects\MenuDashboard\.gradle\7.0.2\dependencies-accessors)" [_thread_blocked, id=1212, stack(0x000000dec7a00000,0x000000dec7b00000)]
  0x000002bf70aa3800 JavaThread "jar transforms Thread 3" [_thread_blocked, id=4224, stack(0x000000dec7b00000,0x000000dec7c00000)]
  0x000002bf70aa0000 JavaThread "Cache worker for Build Output Cleanup Cache (C:\Users\michi\AndroidStudioProjects\MenuDashboard\.gradle\buildOutputCleanup)" [_thread_blocked, id=6776, stack(0x000000dec7c00000,0x000000dec7d00000)]
  0x000002bf70aa1800 JavaThread "Build operations" [_thread_blocked, id=6848, stack(0x000000dec7500000,0x000000dec7600000)]
  0x000002bf70aa2800 JavaThread "Build operations Thread 2" [_thread_blocked, id=3424, stack(0x000000dec7d00000,0x000000dec7e00000)]
  0x000002bf70aa4000 JavaThread "Build operations Thread 3" [_thread_blocked, id=992, stack(0x000000dec7e00000,0x000000dec7f00000)]
  0x000002bf70a9f800 JavaThread "Build operations Thread 4" [_thread_blocked, id=6368, stack(0x000000dec7f00000,0x000000dec8000000)]
  0x000002bf70aa5000 JavaThread "jar transforms Thread 4" [_thread_blocked, id=6600, stack(0x000000dec8000000,0x000000dec8100000)]
  0x000002bf70aa6000 JavaThread "Memory manager" [_thread_blocked, id=8664, stack(0x000000dec8100000,0x000000dec8200000)]
  0x000002bf6f963800 JavaThread "build event listener" [_thread_blocked, id=3568, stack(0x000000dec8200000,0x000000dec8300000)]
  0x000002bf6f960800 JavaThread "Execution worker for ':'" [_thread_blocked, id=6688, stack(0x000000dec8300000,0x000000dec8400000)]
  0x000002bf6f961000 JavaThread "Execution worker for ':' Thread 2" [_thread_blocked, id=1836, stack(0x000000dec8400000,0x000000dec8500000)]
  0x000002bf6f962000 JavaThread "Execution worker for ':' Thread 3" [_thread_blocked, id=2064, stack(0x000000dec8500000,0x000000dec8600000)]
  0x000002bf6f963000 JavaThread "Cache worker for execution history cache (C:\Users\michi\AndroidStudioProjects\MenuDashboard\.gradle\7.0.2\executionHistory)" [_thread_blocked, id=4184, stack(0x000000dec8600000,0x000000dec8700000)]
  0x000002bf6f95f800 JavaThread "WorkerExecutor Queue" [_thread_blocked, id=5816, stack(0x000000dec8900000,0x000000dec8a00000)]
  0x000002bf6f95e000 JavaThread "WorkerExecutor Queue Thread 2" [_thread_blocked, id=1148, stack(0x000000dec8a00000,0x000000dec8b00000)]
  0x000002bf6f964800 JavaThread "WorkerExecutor Queue Thread 3" [_thread_blocked, id=6664, stack(0x000000dec8b00000,0x000000dec8c00000)]
  0x000002bf6f95e800 JavaThread "WorkerExecutor Queue Thread 4" [_thread_blocked, id=6872, stack(0x000000dec8c00000,0x000000dec8d00000)]

Other Threads:
=>0x000002bf6c753800 VMThread "VM Thread" [stack: 0x000000dec5400000,0x000000dec5500000] [id=612]
  0x000002bf6d256800 WatcherThread [stack: 0x000000dec5e00000,0x000000dec5f00000] [id=7800]
  0x000002bf50c41800 GCTaskThread "GC Thread#0" [stack: 0x000000dec4f00000,0x000000dec5000000] [id=624]
  0x000002bf6d4d5000 GCTaskThread "GC Thread#1" [stack: 0x000000dec6000000,0x000000dec6100000] [id=8592]
  0x000002bf705b1800 GCTaskThread "GC Thread#2" [stack: 0x000000dec6a00000,0x000000dec6b00000] [id=6644]
  0x000002bf6e7b1800 GCTaskThread "GC Thread#3" [stack: 0x000000dec6b00000,0x000000dec6c00000] [id=7128]
  0x000002bf50c75800 ConcurrentGCThread "G1 Main Marker" [stack: 0x000000dec5000000,0x000000dec5100000] [id=7040]
  0x000002bf50c78000 ConcurrentGCThread "G1 Conc#0" [stack: 0x000000dec5100000,0x000000dec5200000] [id=5352]
  0x000002bf50cd0000 ConcurrentGCThread "G1 Refine#0" [stack: 0x000000dec5200000,0x000000dec5300000] [id=4516]
  0x000002bf50cd1000 ConcurrentGCThread "G1 Young RemSet Sampling" [stack: 0x000000dec5300000,0x000000dec5400000] [id=1240]

Threads with active compile tasks:
C2 CompilerThread0  55630 16252 %     4       com.android.tools.r8.ir.regalloc.a::a @ 1578 (3985 bytes)

VM state:at safepoint (normal execution)

VM Mutex/Monitor currently owned by a thread:  ([mutex/lock_event])
[0x000002bf50c26580] Threads_lock - owner thread: 0x000002bf6c753800
[0x000002bf50c259b0] Heap_lock - owner thread: 0x000002bf70aa1800

Heap address: 0x0000000080000000, size: 2048 MB, Compressed Oops mode: 32-bit
Narrow klass base: 0x0000000000000000, Narrow klass shift: 3
Compressed class space size: 1073741824 Address: 0x0000000100000000

Heap:
 garbage-first heap   total 879616K, used 125855K [0x0000000080000000, 0x0000000100000000)
  region size 1024K, 16 young (16384K), 16 survivors (16384K)
 Metaspace       used 104012K, capacity 106638K, committed 107008K, reserved 1142784K
  class space    used 13168K, capacity 14160K, committed 14336K, reserved 1048576K
Heap Regions: E=young(eden), S=young(survivor), O=old, HS=humongous(starts), HC=humongous(continues), CS=collection set, F=free, A=archive, TAMS=top-at-mark-start (previous, next)
|   0|0x0000000080000000, 0x0000000080100000, 0x0000000080100000|100%| O|  |TAMS 0x0000000080100000, 0x0000000080000000| Untracked 
|   1|0x0000000080100000, 0x0000000080200000, 0x0000000080200000|100%| O|  |TAMS 0x0000000080200000, 0x0000000080100000| Untracked 
|   2|0x0000000080200000, 0x0000000080300000, 0x0000000080300000|100%| O|  |TAMS 0x0000000080300000, 0x0000000080200000| Untracked 
|   3|0x0000000080300000, 0x0000000080400000, 0x0000000080400000|100%|HS|  |TAMS 0x0000000080400000, 0x0000000080300000| Complete 
|   4|0x0000000080400000, 0x0000000080500000, 0x0000000080500000|100%|HC|  |TAMS 0x0000000080500000, 0x0000000080400000| Complete 
|   5|0x0000000080500000, 0x0000000080600000, 0x0000000080600000|100%|HC|  |TAMS 0x0000000080600000, 0x0000000080500000| Complete 
|   6|0x0000000080600000, 0x0000000080700000, 0x0000000080700000|100%| O|  |TAMS 0x0000000080700000, 0x0000000080600000| Untracked 
|   7|0x0000000080700000, 0x0000000080800000, 0x0000000080800000|100%| O|  |TAMS 0x0000000080800000, 0x0000000080700000| Untracked 
|   8|0x0000000080800000, 0x0000000080900000, 0x0000000080900000|100%| O|  |TAMS 0x0000000080900000, 0x0000000080800000| Untracked 
|   9|0x0000000080900000, 0x0000000080a00000, 0x0000000080a00000|100%| O|  |TAMS 0x0000000080a00000, 0x0000000080900000| Untracked 
|  10|0x0000000080a00000, 0x0000000080b00000, 0x0000000080b00000|100%| O|  |TAMS 0x0000000080b00000, 0x0000000080a00000| Untracked 
|  11|0x0000000080b00000, 0x0000000080c00000, 0x0000000080c00000|100%| O|  |TAMS 0x0000000080c00000, 0x0000000080b00000| Untracked 
|  12|0x0000000080c00000, 0x0000000080d00000, 0x0000000080d00000|100%| O|  |TAMS 0x0000000080d00000, 0x0000000080c00000| Untracked 
|  13|0x0000000080d00000, 0x0000000080e00000, 0x0000000080e00000|100%| O|  |TAMS 0x0000000080e00000, 0x0000000080d00000| Untracked 
|  14|0x0000000080e00000, 0x0000000080f00000, 0x0000000080f00000|100%| O|  |TAMS 0x0000000080f00000, 0x0000000080e00000| Untracked 
|  15|0x0000000080f00000, 0x0000000081000000, 0x0000000081000000|100%| O|  |TAMS 0x0000000081000000, 0x0000000080f00000| Untracked 
|  16|0x0000000081000000, 0x0000000081100000, 0x0000000081100000|100%| O|  |TAMS 0x0000000081100000, 0x0000000081000000| Untracked 
|  17|0x0000000081100000, 0x0000000081200000, 0x0000000081200000|100%| O|  |TAMS 0x0000000081200000, 0x0000000081100000| Untracked 
|  18|0x0000000081200000, 0x0000000081300000, 0x0000000081300000|100%| O|  |TAMS 0x0000000081300000, 0x0000000081200000| Untracked 
|  19|0x0000000081300000, 0x0000000081400000, 0x0000000081400000|100%| O|  |TAMS 0x0000000081400000, 0x0000000081300000| Untracked 
|  20|0x0000000081400000, 0x0000000081500000, 0x0000000081500000|100%| O|  |TAMS 0x0000000081500000, 0x0000000081400000| Untracked 
|  21|0x0000000081500000, 0x0000000081600000, 0x0000000081600000|100%| O|  |TAMS 0x0000000081600000, 0x0000000081500000| Untracked 
|  22|0x0000000081600000, 0x0000000081700000, 0x0000000081700000|100%| O|  |TAMS 0x0000000081700000, 0x0000000081600000| Untracked 
|  23|0x0000000081700000, 0x0000000081800000, 0x0000000081800000|100%| O|  |TAMS 0x0000000081800000, 0x0000000081700000| Untracked 
|  24|0x0000000081800000, 0x0000000081900000, 0x0000000081900000|100%| O|  |TAMS 0x0000000081900000, 0x0000000081800000| Untracked 
|  25|0x0000000081900000, 0x0000000081a00000, 0x0000000081a00000|100%| O|  |TAMS 0x0000000081a00000, 0x0000000081900000| Untracked 
|  26|0x0000000081a00000, 0x0000000081b00000, 0x0000000081b00000|100%| O|  |TAMS 0x0000000081b00000, 0x0000000081a00000| Untracked 
|  27|0x0000000081b00000, 0x0000000081c00000, 0x0000000081c00000|100%|HS|  |TAMS 0x0000000081c00000, 0x0000000081b00000| Complete 
|  28|0x0000000081c00000, 0x0000000081d00000, 0x0000000081d00000|100%|HS|  |TAMS 0x0000000081d00000, 0x0000000081c00000| Complete 
|  29|0x0000000081d00000, 0x0000000081e00000, 0x0000000081e00000|100%| O|  |TAMS 0x0000000081e00000, 0x0000000081d00000| Untracked 
|  30|0x0000000081e00000, 0x0000000081f00000, 0x0000000081f00000|100%| O|  |TAMS 0x0000000081f00000, 0x0000000081e00000| Untracked 
|  31|0x0000000081f00000, 0x0000000082000000, 0x0000000082000000|100%| O|  |TAMS 0x0000000082000000, 0x0000000081f00000| Untracked 
|  32|0x0000000082000000, 0x0000000082100000, 0x0000000082100000|100%| O|  |TAMS 0x0000000082100000, 0x0000000082000000| Untracked 
|  33|0x0000000082100000, 0x0000000082200000, 0x0000000082200000|100%|HS|  |TAMS 0x0000000082200000, 0x0000000082100000| Complete 
|  34|0x0000000082200000, 0x0000000082300000, 0x0000000082300000|100%|HC|  |TAMS 0x0000000082300000, 0x0000000082200000| Complete 
|  35|0x0000000082300000, 0x0000000082400000, 0x0000000082400000|100%| O|  |TAMS 0x0000000082400000, 0x0000000082300000| Untracked 
|  36|0x0000000082400000, 0x0000000082500000, 0x0000000082500000|100%| O|  |TAMS 0x0000000082500000, 0x0000000082400000| Untracked 
|  37|0x0000000082500000, 0x0000000082600000, 0x0000000082600000|100%| O|  |TAMS 0x0000000082600000, 0x0000000082500000| Untracked 
|  38|0x0000000082600000, 0x0000000082700000, 0x0000000082700000|100%| O|  |TAMS 0x0000000082700000, 0x0000000082600000| Untracked 
|  39|0x0000000082700000, 0x0000000082800000, 0x0000000082800000|100%| O|  |TAMS 0x0000000082800000, 0x0000000082700000| Untracked 
|  40|0x0000000082800000, 0x0000000082900000, 0x0000000082900000|100%| O|  |TAMS 0x0000000082900000, 0x0000000082800000| Untracked 
|  41|0x0000000082900000, 0x0000000082a00000, 0x0000000082a00000|100%| O|  |TAMS 0x0000000082a00000, 0x0000000082900000| Untracked 
|  42|0x0000000082a00000, 0x0000000082b00000, 0x0000000082b00000|100%| O|  |TAMS 0x0000000082b00000, 0x0000000082a00000| Untracked 
|  43|0x0000000082b00000, 0x0000000082c00000, 0x0000000082c00000|100%| O|  |TAMS 0x0000000082c00000, 0x0000000082b00000| Untracked 
|  44|0x0000000082c00000, 0x0000000082d00000, 0x0000000082d00000|100%| O|  |TAMS 0x0000000082d00000, 0x0000000082c00000| Untracked 
|  45|0x0000000082d00000, 0x0000000082e00000, 0x0000000082e00000|100%| O|  |TAMS 0x0000000082e00000, 0x0000000082d00000| Untracked 
|  46|0x0000000082e00000, 0x0000000082f00000, 0x0000000082f00000|100%| O|  |TAMS 0x0000000082f00000, 0x0000000082e00000| Untracked 
|  47|0x0000000082f00000, 0x0000000083000000, 0x0000000083000000|100%| O|  |TAMS 0x0000000083000000, 0x0000000082f00000| Untracked 
|  48|0x0000000083000000, 0x0000000083100000, 0x0000000083100000|100%| O|  |TAMS 0x0000000083100000, 0x0000000083000000| Untracked 
|  49|0x0000000083100000, 0x0000000083200000, 0x0000000083200000|100%| O|  |TAMS 0x0000000083200000, 0x0000000083100000| Untracked 
|  50|0x0000000083200000, 0x0000000083300000, 0x0000000083300000|100%| O|  |TAMS 0x0000000083300000, 0x0000000083200000| Untracked 
|  51|0x0000000083300000, 0x0000000083400000, 0x0000000083400000|100%| O|  |TAMS 0x0000000083400000, 0x0000000083300000| Untracked 
|  52|0x0000000083400000, 0x0000000083500000, 0x0000000083500000|100%| O|  |TAMS 0x0000000083500000, 0x0000000083400000| Untracked 
|  53|0x0000000083500000, 0x0000000083600000, 0x0000000083600000|100%| O|  |TAMS 0x0000000083600000, 0x0000000083500000| Untracked 
|  54|0x0000000083600000, 0x0000000083700000, 0x0000000083700000|100%| O|  |TAMS 0x0000000083700000, 0x0000000083600000| Untracked 
|  55|0x0000000083700000, 0x0000000083800000, 0x0000000083800000|100%| O|  |TAMS 0x0000000083800000, 0x0000000083700000| Untracked 
|  56|0x0000000083800000, 0x0000000083900000, 0x0000000083900000|100%| O|  |TAMS 0x0000000083900000, 0x0000000083800000| Untracked 
|  57|0x0000000083900000, 0x0000000083a00000, 0x0000000083a00000|100%| O|  |TAMS 0x0000000083a00000, 0x0000000083900000| Untracked 
|  58|0x0000000083a00000, 0x0000000083b00000, 0x0000000083b00000|100%| O|  |TAMS 0x0000000083b00000, 0x0000000083a00000| Untracked 
|  59|0x0000000083b00000, 0x0000000083c00000, 0x0000000083c00000|100%| O|  |TAMS 0x0000000083c00000, 0x0000000083b00000| Untracked 
|  60|0x0000000083c00000, 0x0000000083d00000, 0x0000000083d00000|100%| O|  |TAMS 0x0000000083d00000, 0x0000000083c00000| Untracked 
|  61|0x0000000083d00000, 0x0000000083e00000, 0x0000000083e00000|100%| O|  |TAMS 0x0000000083e00000, 0x0000000083d00000| Untracked 
|  62|0x0000000083e00000, 0x0000000083f00000, 0x0000000083f00000|100%| O|  |TAMS 0x0000000083f00000, 0x0000000083e00000| Untracked 
|  63|0x0000000083f00000, 0x0000000084000000, 0x0000000084000000|100%| O|  |TAMS 0x0000000084000000, 0x0000000083f00000| Untracked 
|  64|0x0000000084000000, 0x0000000084100000, 0x0000000084100000|100%| O|  |TAMS 0x0000000084100000, 0x0000000084000000| Untracked 
|  65|0x0000000084100000, 0x0000000084200000, 0x0000000084200000|100%| O|  |TAMS 0x0000000084200000, 0x0000000084100000| Untracked 
|  66|0x0000000084200000, 0x0000000084300000, 0x0000000084300000|100%| O|  |TAMS 0x0000000084300000, 0x0000000084200000| Untracked 
|  67|0x0000000084300000, 0x0000000084400000, 0x0000000084400000|100%| O|  |TAMS 0x0000000084400000, 0x0000000084300000| Untracked 
|  68|0x0000000084400000, 0x0000000084500000, 0x0000000084500000|100%| O|  |TAMS 0x0000000084500000, 0x0000000084400000| Untracked 
|  69|0x0000000084500000, 0x0000000084600000, 0x0000000084600000|100%| O|  |TAMS 0x0000000084600000, 0x0000000084500000| Untracked 
|  70|0x0000000084600000, 0x0000000084700000, 0x0000000084700000|100%| O|  |TAMS 0x0000000084600000, 0x0000000084600000| Untracked 
|  71|0x0000000084700000, 0x0000000084800000, 0x0000000084800000|100%| O|  |TAMS 0x0000000084800000, 0x0000000084700000| Untracked 
|  72|0x0000000084800000, 0x0000000084900000, 0x0000000084900000|100%| O|  |TAMS 0x0000000084900000, 0x0000000084800000| Untracked 
|  73|0x0000000084900000, 0x0000000084a00000, 0x0000000084a00000|100%| O|  |TAMS 0x00000000849e3400, 0x0000000084900000| Untracked 
|  74|0x0000000084a00000, 0x0000000084b00000, 0x0000000084b00000|100%| O|  |TAMS 0x0000000084b00000, 0x0000000084a00000| Untracked 
|  75|0x0000000084b00000, 0x0000000084c00000, 0x0000000084c00000|100%| O|  |TAMS 0x0000000084b00000, 0x0000000084b00000| Untracked 
|  76|0x0000000084c00000, 0x0000000084d00000, 0x0000000084d00000|100%| O|  |TAMS 0x0000000084d00000, 0x0000000084c00000| Untracked 
|  77|0x0000000084d00000, 0x0000000084e00000, 0x0000000084e00000|100%| O|  |TAMS 0x0000000084e00000, 0x0000000084d00000| Untracked 
|  78|0x0000000084e00000, 0x0000000084f00000, 0x0000000084f00000|100%| O|  |TAMS 0x0000000084f00000, 0x0000000084e00000| Untracked 
|  79|0x0000000084f00000, 0x0000000085000000, 0x0000000085000000|100%| O|  |TAMS 0x0000000085000000, 0x0000000084f00000| Untracked 
|  80|0x0000000085000000, 0x00000000850e7e00, 0x0000000085100000| 90%| O|  |TAMS 0x0000000085000000, 0x0000000085000000| Untracked 
|  81|0x0000000085100000, 0x0000000085200000, 0x0000000085200000|100%| O|  |TAMS 0x0000000085200000, 0x0000000085100000| Untracked 
|  82|0x0000000085200000, 0x0000000085300000, 0x0000000085300000|100%| O|  |TAMS 0x0000000085300000, 0x0000000085200000| Untracked 
|  83|0x0000000085300000, 0x0000000085400000, 0x0000000085400000|100%| O|  |TAMS 0x0000000085400000, 0x0000000085300000| Untracked 
|  84|0x0000000085400000, 0x0000000085500000, 0x0000000085500000|100%| O|  |TAMS 0x0000000085500000, 0x0000000085400000| Untracked 
|  85|0x0000000085500000, 0x0000000085500000, 0x0000000085600000|  0%| F|  |TAMS 0x0000000085500000, 0x0000000085500000| Untracked 
|  86|0x0000000085600000, 0x0000000085700000, 0x0000000085700000|100%| O|  |TAMS 0x0000000085700000, 0x0000000085600000| Untracked 
|  87|0x0000000085700000, 0x0000000085800000, 0x0000000085800000|100%| O|  |TAMS 0x0000000085800000, 0x0000000085700000| Untracked 
|  88|0x0000000085800000, 0x0000000085900000, 0x0000000085900000|100%| O|  |TAMS 0x0000000085900000, 0x0000000085800000| Untracked 
|  89|0x0000000085900000, 0x0000000085a00000, 0x0000000085a00000|100%| O|  |TAMS 0x0000000085a00000, 0x0000000085900000| Untracked 
|  90|0x0000000085a00000, 0x0000000085b00000, 0x0000000085b00000|100%| O|  |TAMS 0x0000000085b00000, 0x0000000085a00000| Untracked 
|  91|0x0000000085b00000, 0x0000000085c00000, 0x0000000085c00000|100%| O|  |TAMS 0x0000000085c00000, 0x0000000085b00000| Untracked 
|  92|0x0000000085c00000, 0x0000000085d00000, 0x0000000085d00000|100%| O|  |TAMS 0x0000000085d00000, 0x0000000085c00000| Untracked 
|  93|0x0000000085d00000, 0x0000000085e00000, 0x0000000085e00000|100%| O|  |TAMS 0x0000000085e00000, 0x0000000085d00000| Untracked 
|  94|0x0000000085e00000, 0x0000000085f00000, 0x0000000085f00000|100%| O|  |TAMS 0x0000000085f00000, 0x0000000085e00000| Untracked 
|  95|0x0000000085f00000, 0x0000000086000000, 0x0000000086000000|100%| O|  |TAMS 0x0000000086000000, 0x0000000085f00000| Untracked 
|  96|0x0000000086000000, 0x0000000086100000, 0x0000000086100000|100%| O|  |TAMS 0x0000000086100000, 0x0000000086000000| Untracked 
|  97|0x0000000086100000, 0x0000000086200000, 0x0000000086200000|100%| O|  |TAMS 0x0000000086200000, 0x0000000086100000| Untracked 
|  98|0x0000000086200000, 0x0000000086300000, 0x0000000086300000|100%| O|  |TAMS 0x0000000086300000, 0x0000000086200000| Untracked 
|  99|0x0000000086300000, 0x0000000086400000, 0x0000000086400000|100%| O|  |TAMS 0x0000000086400000, 0x0000000086300000| Untracked 
| 100|0x0000000086400000, 0x0000000086500000, 0x0000000086500000|100%| O|  |TAMS 0x0000000086500000, 0x0000000086400000| Untracked 
| 101|0x0000000086500000, 0x0000000086600000, 0x0000000086600000|100%| O|  |TAMS 0x0000000086600000, 0x0000000086500000| Untracked 
| 102|0x0000000086600000, 0x0000000086700000, 0x0000000086700000|100%| O|  |TAMS 0x0000000086700000, 0x0000000086600000| Untracked 
| 103|0x0000000086700000, 0x0000000086800000, 0x0000000086800000|100%| O|  |TAMS 0x0000000086800000, 0x0000000086700000| Untracked 
| 104|0x0000000086800000, 0x0000000086900000, 0x0000000086900000|100%| O|  |TAMS 0x0000000086900000, 0x0000000086800000| Untracked 
| 105|0x0000000086900000, 0x0000000086a00000, 0x0000000086a00000|100%| O|  |TAMS 0x0000000086a00000, 0x0000000086900000| Untracked 
| 106|0x0000000086a00000, 0x0000000086b00000, 0x0000000086b00000|100%| O|  |TAMS 0x0000000086b00000, 0x0000000086a00000| Untracked 
| 107|0x0000000086b00000, 0x0000000086c00000, 0x0000000086c00000|100%| O|  |TAMS 0x0000000086c00000, 0x0000000086b00000| Untracked 
| 108|0x0000000086c00000, 0x0000000086c00000, 0x0000000086d00000|  0%| F|  |TAMS 0x0000000086c00000, 0x0000000086c00000| Untracked 
| 109|0x0000000086d00000, 0x0000000086d00000, 0x0000000086e00000|  0%| F|  |TAMS 0x0000000086d00000, 0x0000000086d00000| Untracked 
| 110|0x0000000086e00000, 0x0000000086e00000, 0x0000000086f00000|  0%| F|  |TAMS 0x0000000086e00000, 0x0000000086e00000| Untracked 
| 111|0x0000000086f00000, 0x0000000086f00000, 0x0000000087000000|  0%| F|  |TAMS 0x0000000086f00000, 0x0000000086f00000| Untracked 
| 112|0x0000000087000000, 0x0000000087000000, 0x0000000087100000|  0%| F|  |TAMS 0x0000000087000000, 0x0000000087000000| Untracked 
| 113|0x0000000087100000, 0x0000000087100000, 0x0000000087200000|  0%| F|  |TAMS 0x0000000087100000, 0x0000000087100000| Untracked 
| 114|0x0000000087200000, 0x0000000087200000, 0x0000000087300000|  0%| F|  |TAMS 0x0000000087200000, 0x0000000087200000| Untracked 
| 115|0x0000000087300000, 0x0000000087300000, 0x0000000087400000|  0%| F|  |TAMS 0x0000000087300000, 0x0000000087300000| Untracked 
| 116|0x0000000087400000, 0x0000000087400000, 0x0000000087500000|  0%| F|  |TAMS 0x0000000087400000, 0x0000000087400000| Untracked 
| 117|0x0000000087500000, 0x0000000087500000, 0x0000000087600000|  0%| F|  |TAMS 0x0000000087500000, 0x0000000087500000| Untracked 
| 118|0x0000000087600000, 0x0000000087600000, 0x0000000087700000|  0%| F|  |TAMS 0x0000000087600000, 0x0000000087600000| Untracked 
| 119|0x0000000087700000, 0x0000000087700000, 0x0000000087800000|  0%| F|  |TAMS 0x0000000087700000, 0x0000000087700000| Untracked 
| 120|0x0000000087800000, 0x0000000087800000, 0x0000000087900000|  0%| F|  |TAMS 0x0000000087800000, 0x0000000087800000| Untracked 
| 121|0x0000000087900000, 0x0000000087900000, 0x0000000087a00000|  0%| F|  |TAMS 0x0000000087900000, 0x0000000087900000| Untracked 
| 122|0x0000000087a00000, 0x0000000087a00000, 0x0000000087b00000|  0%| F|  |TAMS 0x0000000087a00000, 0x0000000087a00000| Untracked 
| 123|0x0000000087b00000, 0x0000000087b00000, 0x0000000087c00000|  0%| F|  |TAMS 0x0000000087b00000, 0x0000000087b00000| Untracked 
| 124|0x0000000087c00000, 0x0000000087c00000, 0x0000000087d00000|  0%| F|  |TAMS 0x0000000087c00000, 0x0000000087c00000| Untracked 
| 125|0x0000000087d00000, 0x0000000087d00000, 0x0000000087e00000|  0%| F|  |TAMS 0x0000000087d00000, 0x0000000087d00000| Untracked 
| 126|0x0000000087e00000, 0x0000000087e00000, 0x0000000087f00000|  0%| F|  |TAMS 0x0000000087e00000, 0x0000000087e00000| Untracked 
| 127|0x0000000087f00000, 0x0000000087f00000, 0x0000000088000000|  0%| F|  |TAMS 0x0000000087f00000, 0x0000000087f00000| Untracked 
| 128|0x0000000088000000, 0x0000000088000000, 0x0000000088100000|  0%| F|  |TAMS 0x0000000088000000, 0x0000000088000000| Untracked 
| 129|0x0000000088100000, 0x0000000088100000, 0x0000000088200000|  0%| F|  |TAMS 0x0000000088100000, 0x0000000088100000| Untracked 
| 130|0x0000000088200000, 0x0000000088200000, 0x0000000088300000|  0%| F|  |TAMS 0x0000000088200000, 0x0000000088200000| Untracked 
| 131|0x0000000088300000, 0x0000000088300000, 0x0000000088400000|  0%| F|  |TAMS 0x0000000088300000, 0x0000000088300000| Untracked 
| 132|0x0000000088400000, 0x0000000088400000, 0x0000000088500000|  0%| F|  |TAMS 0x0000000088400000, 0x0000000088400000| Untracked 
| 133|0x0000000088500000, 0x0000000088500000, 0x0000000088600000|  0%| F|  |TAMS 0x0000000088500000, 0x0000000088500000| Untracked 
| 134|0x0000000088600000, 0x0000000088600000, 0x0000000088700000|  0%| F|  |TAMS 0x0000000088600000, 0x0000000088600000| Untracked 
| 135|0x0000000088700000, 0x0000000088700000, 0x0000000088800000|  0%| F|  |TAMS 0x0000000088700000, 0x0000000088700000| Untracked 
| 136|0x0000000088800000, 0x0000000088800000, 0x0000000088900000|  0%| F|  |TAMS 0x0000000088800000, 0x0000000088800000| Untracked 
| 137|0x0000000088900000, 0x0000000088900000, 0x0000000088a00000|  0%| F|  |TAMS 0x0000000088900000, 0x0000000088900000| Untracked 
| 138|0x0000000088a00000, 0x0000000088a00000, 0x0000000088b00000|  0%| F|  |TAMS 0x0000000088a00000, 0x0000000088a00000| Untracked 
| 139|0x0000000088b00000, 0x0000000088b00000, 0x0000000088c00000|  0%| F|  |TAMS 0x0000000088b00000, 0x0000000088b00000| Untracked 
| 140|0x0000000088c00000, 0x0000000088c00000, 0x0000000088d00000|  0%| F|  |TAMS 0x0000000088c00000, 0x0000000088c00000| Untracked 
| 141|0x0000000088d00000, 0x0000000088d00000, 0x0000000088e00000|  0%| F|  |TAMS 0x0000000088d00000, 0x0000000088d00000| Untracked 
| 142|0x0000000088e00000, 0x0000000088e00000, 0x0000000088f00000|  0%| F|  |TAMS 0x0000000088e00000, 0x0000000088e00000| Untracked 
| 143|0x0000000088f00000, 0x0000000088f00000, 0x0000000089000000|  0%| F|  |TAMS 0x0000000088f00000, 0x0000000088f00000| Untracked 
| 144|0x0000000089000000, 0x0000000089000000, 0x0000000089100000|  0%| F|  |TAMS 0x0000000089000000, 0x0000000089000000| Untracked 
| 145|0x0000000089100000, 0x0000000089100000, 0x0000000089200000|  0%| F|  |TAMS 0x0000000089100000, 0x0000000089100000| Untracked 
| 146|0x0000000089200000, 0x0000000089200000, 0x0000000089300000|  0%| F|  |TAMS 0x0000000089200000, 0x0000000089200000| Untracked 
| 147|0x0000000089300000, 0x0000000089300000, 0x0000000089400000|  0%| F|  |TAMS 0x0000000089300000, 0x0000000089300000| Untracked 
| 148|0x0000000089400000, 0x0000000089400000, 0x0000000089500000|  0%| F|  |TAMS 0x0000000089400000, 0x0000000089400000| Untracked 
| 149|0x0000000089500000, 0x0000000089500000, 0x0000000089600000|  0%| F|  |TAMS 0x0000000089500000, 0x0000000089500000| Untracked 
| 150|0x0000000089600000, 0x0000000089600000, 0x0000000089700000|  0%| F|  |TAMS 0x0000000089600000, 0x0000000089600000| Untracked 
| 151|0x0000000089700000, 0x0000000089700000, 0x0000000089800000|  0%| F|  |TAMS 0x0000000089700000, 0x0000000089700000| Untracked 
| 152|0x0000000089800000, 0x0000000089800000, 0x0000000089900000|  0%| F|  |TAMS 0x0000000089800000, 0x0000000089800000| Untracked 
| 153|0x0000000089900000, 0x0000000089900000, 0x0000000089a00000|  0%| F|  |TAMS 0x0000000089900000, 0x0000000089900000| Untracked 
| 154|0x0000000089a00000, 0x0000000089a00000, 0x0000000089b00000|  0%| F|  |TAMS 0x0000000089a00000, 0x0000000089a00000| Untracked 
| 155|0x0000000089b00000, 0x0000000089b00000, 0x0000000089c00000|  0%| F|  |TAMS 0x0000000089b00000, 0x0000000089b00000| Untracked 
| 156|0x0000000089c00000, 0x0000000089d00000, 0x0000000089d00000|100%| S|CS|TAMS 0x0000000089c00000, 0x0000000089c00000| Complete 
| 157|0x0000000089d00000, 0x0000000089e00000, 0x0000000089e00000|100%| S|CS|TAMS 0x0000000089d00000, 0x0000000089d00000| Complete 
| 158|0x0000000089e00000, 0x0000000089f00000, 0x0000000089f00000|100%| S|CS|TAMS 0x0000000089e00000, 0x0000000089e00000| Complete 
| 159|0x0000000089f00000, 0x000000008a000000, 0x000000008a000000|100%| S|CS|TAMS 0x0000000089f00000, 0x0000000089f00000| Complete 
| 160|0x000000008a000000, 0x000000008a100000, 0x000000008a100000|100%| S|CS|TAMS 0x000000008a000000, 0x000000008a000000| Complete 
| 161|0x000000008a100000, 0x000000008a200000, 0x000000008a200000|100%| S|CS|TAMS 0x000000008a100000, 0x000000008a100000| Complete 
| 162|0x000000008a200000, 0x000000008a300000, 0x000000008a300000|100%| S|CS|TAMS 0x000000008a200000, 0x000000008a200000| Complete 
| 163|0x000000008a300000, 0x000000008a400000, 0x000000008a400000|100%| S|CS|TAMS 0x000000008a300000, 0x000000008a300000| Complete 
| 164|0x000000008a400000, 0x000000008a500000, 0x000000008a500000|100%| S|CS|TAMS 0x000000008a400000, 0x000000008a400000| Complete 
| 165|0x000000008a500000, 0x000000008a600000, 0x000000008a600000|100%| S|CS|TAMS 0x000000008a500000, 0x000000008a500000| Complete 
| 166|0x000000008a600000, 0x000000008a600000, 0x000000008a700000|  0%| F|  |TAMS 0x000000008a600000, 0x000000008a600000| Untracked 
| 167|0x000000008a700000, 0x000000008a700000, 0x000000008a800000|  0%| F|  |TAMS 0x000000008a700000, 0x000000008a700000| Untracked 
| 168|0x000000008a800000, 0x000000008a800000, 0x000000008a900000|  0%| F|  |TAMS 0x000000008a800000, 0x000000008a800000| Untracked 
| 169|0x000000008a900000, 0x000000008aa00000, 0x000000008aa00000|100%| S|CS|TAMS 0x000000008a900000, 0x000000008a900000| Complete 
| 170|0x000000008aa00000, 0x000000008ab00000, 0x000000008ab00000|100%| S|CS|TAMS 0x000000008aa00000, 0x000000008aa00000| Complete 
| 171|0x000000008ab00000, 0x000000008ac00000, 0x000000008ac00000|100%| S|CS|TAMS 0x000000008ab00000, 0x000000008ab00000| Complete 
| 172|0x000000008ac00000, 0x000000008ad00000, 0x000000008ad00000|100%| S|CS|TAMS 0x000000008ac00000, 0x000000008ac00000| Complete 
| 173|0x000000008ad00000, 0x000000008ae00000, 0x000000008ae00000|100%| S|CS|TAMS 0x000000008ad00000, 0x000000008ad00000| Complete 
| 174|0x000000008ae00000, 0x000000008af00000, 0x000000008af00000|100%| S|CS|TAMS 0x000000008ae00000, 0x000000008ae00000| Complete 
| 175|0x000000008af00000, 0x000000008af00000, 0x000000008b000000|  0%| F|  |TAMS 0x000000008af00000, 0x000000008af00000| Untracked 
| 176|0x000000008b000000, 0x000000008b000000, 0x000000008b100000|  0%| F|  |TAMS 0x000000008b000000, 0x000000008b000000| Untracked 
| 177|0x000000008b100000, 0x000000008b100000, 0x000000008b200000|  0%| F|  |TAMS 0x000000008b100000, 0x000000008b100000| Untracked 
| 178|0x000000008b200000, 0x000000008b200000, 0x000000008b300000|  0%| F|  |TAMS 0x000000008b200000, 0x000000008b200000| Untracked 
| 179|0x000000008b300000, 0x000000008b300000, 0x000000008b400000|  0%| F|  |TAMS 0x000000008b300000, 0x000000008b300000| Untracked 
| 180|0x000000008b400000, 0x000000008b400000, 0x000000008b500000|  0%| F|  |TAMS 0x000000008b400000, 0x000000008b400000| Untracked 
| 181|0x000000008b500000, 0x000000008b500000, 0x000000008b600000|  0%| F|  |TAMS 0x000000008b500000, 0x000000008b500000| Untracked 
| 182|0x000000008b600000, 0x000000008b600000, 0x000000008b700000|  0%| F|  |TAMS 0x000000008b600000, 0x000000008b600000| Untracked 
| 183|0x000000008b700000, 0x000000008b700000, 0x000000008b800000|  0%| F|  |TAMS 0x000000008b700000, 0x000000008b700000| Untracked 
| 184|0x000000008b800000, 0x000000008b800000, 0x000000008b900000|  0%| F|  |TAMS 0x000000008b800000, 0x000000008b800000| Untracked 
| 185|0x000000008b900000, 0x000000008b900000, 0x000000008ba00000|  0%| F|  |TAMS 0x000000008b900000, 0x000000008b900000| Untracked 
| 186|0x000000008ba00000, 0x000000008ba00000, 0x000000008bb00000|  0%| F|  |TAMS 0x000000008ba00000, 0x000000008ba00000| Untracked 
| 187|0x000000008bb00000, 0x000000008bb00000, 0x000000008bc00000|  0%| F|  |TAMS 0x000000008bb00000, 0x000000008bb00000| Untracked 
| 188|0x000000008bc00000, 0x000000008bc00000, 0x000000008bd00000|  0%| F|  |TAMS 0x000000008bc00000, 0x000000008bc00000| Untracked 
| 189|0x000000008bd00000, 0x000000008bd00000, 0x000000008be00000|  0%| F|  |TAMS 0x000000008bd00000, 0x000000008bd00000| Untracked 
| 190|0x000000008be00000, 0x000000008be00000, 0x000000008bf00000|  0%| F|  |TAMS 0x000000008be00000, 0x000000008be00000| Untracked 
| 191|0x000000008bf00000, 0x000000008bf00000, 0x000000008c000000|  0%| F|  |TAMS 0x000000008bf00000, 0x000000008bf00000| Untracked 
| 192|0x000000008c000000, 0x000000008c000000, 0x000000008c100000|  0%| F|  |TAMS 0x000000008c000000, 0x000000008c000000| Untracked 
| 193|0x000000008c100000, 0x000000008c100000, 0x000000008c200000|  0%| F|  |TAMS 0x000000008c100000, 0x000000008c100000| Untracked 
| 194|0x000000008c200000, 0x000000008c200000, 0x000000008c300000|  0%| F|  |TAMS 0x000000008c200000, 0x000000008c200000| Untracked 
| 195|0x000000008c300000, 0x000000008c300000, 0x000000008c400000|  0%| F|  |TAMS 0x000000008c300000, 0x000000008c300000| Untracked 
| 196|0x000000008c400000, 0x000000008c400000, 0x000000008c500000|  0%| F|  |TAMS 0x000000008c400000, 0x000000008c400000| Untracked 
| 197|0x000000008c500000, 0x000000008c500000, 0x000000008c600000|  0%| F|  |TAMS 0x000000008c500000, 0x000000008c500000| Untracked 
| 198|0x000000008c600000, 0x000000008c600000, 0x000000008c700000|  0%| F|  |TAMS 0x000000008c600000, 0x000000008c600000| Untracked 
| 199|0x000000008c700000, 0x000000008c700000, 0x000000008c800000|  0%| F|  |TAMS 0x000000008c700000, 0x000000008c700000| Untracked 
| 200|0x000000008c800000, 0x000000008c800000, 0x000000008c900000|  0%| F|  |TAMS 0x000000008c800000, 0x000000008c800000| Untracked 
| 201|0x000000008c900000, 0x000000008c900000, 0x000000008ca00000|  0%| F|  |TAMS 0x000000008c900000, 0x000000008c900000| Untracked 
| 202|0x000000008ca00000, 0x000000008ca00000, 0x000000008cb00000|  0%| F|  |TAMS 0x000000008ca00000, 0x000000008ca00000| Untracked 
| 203|0x000000008cb00000, 0x000000008cb00000, 0x000000008cc00000|  0%| F|  |TAMS 0x000000008cb00000, 0x000000008cb00000| Untracked 
| 204|0x000000008cc00000, 0x000000008cc00000, 0x000000008cd00000|  0%| F|  |TAMS 0x000000008cc00000, 0x000000008cc00000| Untracked 
| 205|0x000000008cd00000, 0x000000008cd00000, 0x000000008ce00000|  0%| F|  |TAMS 0x000000008cd00000, 0x000000008cd00000| Untracked 
| 206|0x000000008ce00000, 0x000000008ce00000, 0x000000008cf00000|  0%| F|  |TAMS 0x000000008ce00000, 0x000000008ce00000| Untracked 
| 207|0x000000008cf00000, 0x000000008cf00000, 0x000000008d000000|  0%| F|  |TAMS 0x000000008cf00000, 0x000000008cf00000| Untracked 
| 208|0x000000008d000000, 0x000000008d000000, 0x000000008d100000|  0%| F|  |TAMS 0x000000008d000000, 0x000000008d000000| Untracked 
| 209|0x000000008d100000, 0x000000008d100000, 0x000000008d200000|  0%| F|  |TAMS 0x000000008d100000, 0x000000008d100000| Untracked 
| 210|0x000000008d200000, 0x000000008d200000, 0x000000008d300000|  0%| F|  |TAMS 0x000000008d200000, 0x000000008d200000| Untracked 
| 211|0x000000008d300000, 0x000000008d300000, 0x000000008d400000|  0%| F|  |TAMS 0x000000008d300000, 0x000000008d300000| Untracked 
| 212|0x000000008d400000, 0x000000008d400000, 0x000000008d500000|  0%| F|  |TAMS 0x000000008d400000, 0x000000008d400000| Untracked 
| 213|0x000000008d500000, 0x000000008d500000, 0x000000008d600000|  0%| F|  |TAMS 0x000000008d500000, 0x000000008d500000| Untracked 
| 214|0x000000008d600000, 0x000000008d600000, 0x000000008d700000|  0%| F|  |TAMS 0x000000008d600000, 0x000000008d600000| Untracked 
| 215|0x000000008d700000, 0x000000008d700000, 0x000000008d800000|  0%| F|  |TAMS 0x000000008d700000, 0x000000008d700000| Untracked 
| 216|0x000000008d800000, 0x000000008d800000, 0x000000008d900000|  0%| F|  |TAMS 0x000000008d800000, 0x000000008d800000| Untracked 
| 217|0x000000008d900000, 0x000000008d900000, 0x000000008da00000|  0%| F|  |TAMS 0x000000008d900000, 0x000000008d900000| Untracked 
| 218|0x000000008da00000, 0x000000008da00000, 0x000000008db00000|  0%| F|  |TAMS 0x000000008da00000, 0x000000008da00000| Untracked 
| 219|0x000000008db00000, 0x000000008db00000, 0x000000008dc00000|  0%| F|  |TAMS 0x000000008db00000, 0x000000008db00000| Untracked 
| 220|0x000000008dc00000, 0x000000008dc00000, 0x000000008dd00000|  0%| F|  |TAMS 0x000000008dc00000, 0x000000008dc00000| Untracked 
| 221|0x000000008dd00000, 0x000000008dd00000, 0x000000008de00000|  0%| F|  |TAMS 0x000000008dd00000, 0x000000008dd00000| Untracked 
| 222|0x000000008de00000, 0x000000008de00000, 0x000000008df00000|  0%| F|  |TAMS 0x000000008de00000, 0x000000008de00000| Untracked 
| 223|0x000000008df00000, 0x000000008df00000, 0x000000008e000000|  0%| F|  |TAMS 0x000000008df00000, 0x000000008df00000| Untracked 
| 224|0x000000008e000000, 0x000000008e000000, 0x000000008e100000|  0%| F|  |TAMS 0x000000008e000000, 0x000000008e000000| Untracked 
| 225|0x000000008e100000, 0x000000008e100000, 0x000000008e200000|  0%| F|  |TAMS 0x000000008e100000, 0x000000008e100000| Untracked 
| 226|0x000000008e200000, 0x000000008e200000, 0x000000008e300000|  0%| F|  |TAMS 0x000000008e200000, 0x000000008e200000| Untracked 
| 227|0x000000008e300000, 0x000000008e300000, 0x000000008e400000|  0%| F|  |TAMS 0x000000008e300000, 0x000000008e300000| Untracked 
| 228|0x000000008e400000, 0x000000008e400000, 0x000000008e500000|  0%| F|  |TAMS 0x000000008e400000, 0x000000008e400000| Untracked 
| 229|0x000000008e500000, 0x000000008e500000, 0x000000008e600000|  0%| F|  |TAMS 0x000000008e500000, 0x000000008e500000| Untracked 
| 230|0x000000008e600000, 0x000000008e600000, 0x000000008e700000|  0%| F|  |TAMS 0x000000008e600000, 0x000000008e600000| Untracked 
| 231|0x000000008e700000, 0x000000008e700000, 0x000000008e800000|  0%| F|  |TAMS 0x000000008e700000, 0x000000008e700000| Untracked 
| 232|0x000000008e800000, 0x000000008e800000, 0x000000008e900000|  0%| F|  |TAMS 0x000000008e800000, 0x000000008e800000| Untracked 
| 233|0x000000008e900000, 0x000000008e900000, 0x000000008ea00000|  0%| F|  |TAMS 0x000000008e900000, 0x000000008e900000| Untracked 
| 234|0x000000008ea00000, 0x000000008ea00000, 0x000000008eb00000|  0%| F|  |TAMS 0x000000008ea00000, 0x000000008ea00000| Untracked 
| 235|0x000000008eb00000, 0x000000008eb00000, 0x000000008ec00000|  0%| F|  |TAMS 0x000000008eb00000, 0x000000008eb00000| Untracked 
| 236|0x000000008ec00000, 0x000000008ec00000, 0x000000008ed00000|  0%| F|  |TAMS 0x000000008ec00000, 0x000000008ec00000| Untracked 
| 237|0x000000008ed00000, 0x000000008ed00000, 0x000000008ee00000|  0%| F|  |TAMS 0x000000008ed00000, 0x000000008ed00000| Untracked 
| 238|0x000000008ee00000, 0x000000008ee00000, 0x000000008ef00000|  0%| F|  |TAMS 0x000000008ee00000, 0x000000008ee00000| Untracked 
| 239|0x000000008ef00000, 0x000000008ef00000, 0x000000008f000000|  0%| F|  |TAMS 0x000000008ef00000, 0x000000008ef00000| Untracked 
| 240|0x000000008f000000, 0x000000008f000000, 0x000000008f100000|  0%| F|  |TAMS 0x000000008f000000, 0x000000008f000000| Untracked 
| 241|0x000000008f100000, 0x000000008f100000, 0x000000008f200000|  0%| F|  |TAMS 0x000000008f100000, 0x000000008f100000| Untracked 
| 242|0x000000008f200000, 0x000000008f200000, 0x000000008f300000|  0%| F|  |TAMS 0x000000008f200000, 0x000000008f200000| Untracked 
| 243|0x000000008f300000, 0x000000008f300000, 0x000000008f400000|  0%| F|  |TAMS 0x000000008f300000, 0x000000008f300000| Untracked 
| 244|0x000000008f400000, 0x000000008f400000, 0x000000008f500000|  0%| F|  |TAMS 0x000000008f400000, 0x000000008f400000| Untracked 
| 245|0x000000008f500000, 0x000000008f500000, 0x000000008f600000|  0%| F|  |TAMS 0x000000008f500000, 0x000000008f500000| Untracked 
| 246|0x000000008f600000, 0x000000008f600000, 0x000000008f700000|  0%| F|  |TAMS 0x000000008f600000, 0x000000008f600000| Untracked 
| 247|0x000000008f700000, 0x000000008f700000, 0x000000008f800000|  0%| F|  |TAMS 0x000000008f700000, 0x000000008f700000| Untracked 
| 248|0x000000008f800000, 0x000000008f800000, 0x000000008f900000|  0%| F|  |TAMS 0x000000008f800000, 0x000000008f800000| Untracked 
| 249|0x000000008f900000, 0x000000008f900000, 0x000000008fa00000|  0%| F|  |TAMS 0x000000008f900000, 0x000000008f900000| Untracked 
| 250|0x000000008fa00000, 0x000000008fa00000, 0x000000008fb00000|  0%| F|  |TAMS 0x000000008fa00000, 0x000000008fa00000| Untracked 
| 251|0x000000008fb00000, 0x000000008fb00000, 0x000000008fc00000|  0%| F|  |TAMS 0x000000008fb00000, 0x000000008fb00000| Untracked 
| 252|0x000000008fc00000, 0x000000008fc00000, 0x000000008fd00000|  0%| F|  |TAMS 0x000000008fc00000, 0x000000008fc00000| Untracked 
| 253|0x000000008fd00000, 0x000000008fd00000, 0x000000008fe00000|  0%| F|  |TAMS 0x000000008fd00000, 0x000000008fd00000| Untracked 
| 254|0x000000008fe00000, 0x000000008fe00000, 0x000000008ff00000|  0%| F|  |TAMS 0x000000008fe00000, 0x000000008fe00000| Untracked 
| 255|0x000000008ff00000, 0x000000008ff00000, 0x0000000090000000|  0%| F|  |TAMS 0x000000008ff00000, 0x000000008ff00000| Untracked 
| 256|0x0000000090000000, 0x0000000090000000, 0x0000000090100000|  0%| F|  |TAMS 0x0000000090000000, 0x0000000090000000| Untracked 
| 257|0x0000000090100000, 0x0000000090100000, 0x0000000090200000|  0%| F|  |TAMS 0x0000000090100000, 0x0000000090100000| Untracked 
| 258|0x0000000090200000, 0x0000000090200000, 0x0000000090300000|  0%| F|  |TAMS 0x0000000090200000, 0x0000000090200000| Untracked 
| 259|0x0000000090300000, 0x0000000090300000, 0x0000000090400000|  0%| F|  |TAMS 0x0000000090300000, 0x0000000090300000| Untracked 
| 260|0x0000000090400000, 0x0000000090400000, 0x0000000090500000|  0%| F|  |TAMS 0x0000000090400000, 0x0000000090400000| Untracked 
| 261|0x0000000090500000, 0x0000000090500000, 0x0000000090600000|  0%| F|  |TAMS 0x0000000090500000, 0x0000000090500000| Untracked 
| 262|0x0000000090600000, 0x0000000090600000, 0x0000000090700000|  0%| F|  |TAMS 0x0000000090600000, 0x0000000090600000| Untracked 
| 263|0x0000000090700000, 0x0000000090700000, 0x0000000090800000|  0%| F|  |TAMS 0x0000000090700000, 0x0000000090700000| Untracked 
| 264|0x0000000090800000, 0x0000000090800000, 0x0000000090900000|  0%| F|  |TAMS 0x0000000090800000, 0x0000000090800000| Untracked 
| 265|0x0000000090900000, 0x0000000090900000, 0x0000000090a00000|  0%| F|  |TAMS 0x0000000090900000, 0x0000000090900000| Untracked 
| 266|0x0000000090a00000, 0x0000000090a00000, 0x0000000090b00000|  0%| F|  |TAMS 0x0000000090a00000, 0x0000000090a00000| Untracked 
| 267|0x0000000090b00000, 0x0000000090b00000, 0x0000000090c00000|  0%| F|  |TAMS 0x0000000090b00000, 0x0000000090b00000| Untracked 
| 268|0x0000000090c00000, 0x0000000090c00000, 0x0000000090d00000|  0%| F|  |TAMS 0x0000000090c00000, 0x0000000090c00000| Untracked 
| 269|0x0000000090d00000, 0x0000000090d00000, 0x0000000090e00000|  0%| F|  |TAMS 0x0000000090d00000, 0x0000000090d00000| Untracked 
| 270|0x0000000090e00000, 0x0000000090e00000, 0x0000000090f00000|  0%| F|  |TAMS 0x0000000090e00000, 0x0000000090e00000| Untracked 
| 271|0x0000000090f00000, 0x0000000090f00000, 0x0000000091000000|  0%| F|  |TAMS 0x0000000090f00000, 0x0000000090f00000| Untracked 
| 272|0x0000000091000000, 0x0000000091000000, 0x0000000091100000|  0%| F|  |TAMS 0x0000000091000000, 0x0000000091000000| Untracked 
| 273|0x0000000091100000, 0x0000000091100000, 0x0000000091200000|  0%| F|  |TAMS 0x0000000091100000, 0x0000000091100000| Untracked 
| 274|0x0000000091200000, 0x0000000091200000, 0x0000000091300000|  0%| F|  |TAMS 0x0000000091200000, 0x0000000091200000| Untracked 
| 275|0x0000000091300000, 0x0000000091300000, 0x0000000091400000|  0%| F|  |TAMS 0x0000000091300000, 0x0000000091300000| Untracked 
| 276|0x0000000091400000, 0x0000000091400000, 0x0000000091500000|  0%| F|  |TAMS 0x0000000091400000, 0x0000000091400000| Untracked 
| 277|0x0000000091500000, 0x0000000091500000, 0x0000000091600000|  0%| F|  |TAMS 0x0000000091500000, 0x0000000091500000| Untracked 
| 278|0x0000000091600000, 0x0000000091600000, 0x0000000091700000|  0%| F|  |TAMS 0x0000000091600000, 0x0000000091600000| Untracked 
| 279|0x0000000091700000, 0x0000000091700000, 0x0000000091800000|  0%| F|  |TAMS 0x0000000091700000, 0x0000000091700000| Untracked 
| 280|0x0000000091800000, 0x0000000091800000, 0x0000000091900000|  0%| F|  |TAMS 0x0000000091800000, 0x0000000091800000| Untracked 
| 281|0x0000000091900000, 0x0000000091900000, 0x0000000091a00000|  0%| F|  |TAMS 0x0000000091900000, 0x0000000091900000| Untracked 
| 282|0x0000000091a00000, 0x0000000091a00000, 0x0000000091b00000|  0%| F|  |TAMS 0x0000000091a00000, 0x0000000091a00000| Untracked 
| 283|0x0000000091b00000, 0x0000000091b00000, 0x0000000091c00000|  0%| F|  |TAMS 0x0000000091b00000, 0x0000000091b00000| Untracked 
| 284|0x0000000091c00000, 0x0000000091c00000, 0x0000000091d00000|  0%| F|  |TAMS 0x0000000091c00000, 0x0000000091c00000| Untracked 
| 285|0x0000000091d00000, 0x0000000091d00000, 0x0000000091e00000|  0%| F|  |TAMS 0x0000000091d00000, 0x0000000091d00000| Untracked 
| 286|0x0000000091e00000, 0x0000000091e00000, 0x0000000091f00000|  0%| F|  |TAMS 0x0000000091e00000, 0x0000000091e00000| Untracked 
| 287|0x0000000091f00000, 0x0000000091f00000, 0x0000000092000000|  0%| F|  |TAMS 0x0000000091f00000, 0x0000000091f00000| Untracked 
| 288|0x0000000092000000, 0x0000000092000000, 0x0000000092100000|  0%| F|  |TAMS 0x0000000092000000, 0x0000000092000000| Untracked 
| 289|0x0000000092100000, 0x0000000092100000, 0x0000000092200000|  0%| F|  |TAMS 0x0000000092100000, 0x0000000092100000| Untracked 
| 290|0x0000000092200000, 0x0000000092200000, 0x0000000092300000|  0%| F|  |TAMS 0x0000000092200000, 0x0000000092200000| Untracked 
| 291|0x0000000092300000, 0x0000000092300000, 0x0000000092400000|  0%| F|  |TAMS 0x0000000092300000, 0x0000000092300000| Untracked 
| 292|0x0000000092400000, 0x0000000092400000, 0x0000000092500000|  0%| F|  |TAMS 0x0000000092400000, 0x0000000092400000| Untracked 
| 293|0x0000000092500000, 0x0000000092500000, 0x0000000092600000|  0%| F|  |TAMS 0x0000000092500000, 0x0000000092500000| Untracked 
| 294|0x0000000092600000, 0x0000000092600000, 0x0000000092700000|  0%| F|  |TAMS 0x0000000092600000, 0x0000000092600000| Untracked 
| 295|0x0000000092700000, 0x0000000092700000, 0x0000000092800000|  0%| F|  |TAMS 0x0000000092700000, 0x0000000092700000| Untracked 
| 296|0x0000000092800000, 0x0000000092800000, 0x0000000092900000|  0%| F|  |TAMS 0x0000000092800000, 0x0000000092800000| Untracked 
| 297|0x0000000092900000, 0x0000000092900000, 0x0000000092a00000|  0%| F|  |TAMS 0x0000000092900000, 0x0000000092900000| Untracked 
| 298|0x0000000092a00000, 0x0000000092a00000, 0x0000000092b00000|  0%| F|  |TAMS 0x0000000092a00000, 0x0000000092a00000| Untracked 
| 299|0x0000000092b00000, 0x0000000092b00000, 0x0000000092c00000|  0%| F|  |TAMS 0x0000000092b00000, 0x0000000092b00000| Untracked 
| 300|0x0000000092c00000, 0x0000000092c00000, 0x0000000092d00000|  0%| F|  |TAMS 0x0000000092c00000, 0x0000000092c00000| Untracked 
| 301|0x0000000092d00000, 0x0000000092d00000, 0x0000000092e00000|  0%| F|  |TAMS 0x0000000092d00000, 0x0000000092d00000| Untracked 
| 302|0x0000000092e00000, 0x0000000092e00000, 0x0000000092f00000|  0%| F|  |TAMS 0x0000000092e00000, 0x0000000092e00000| Untracked 
| 303|0x0000000092f00000, 0x0000000092f00000, 0x0000000093000000|  0%| F|  |TAMS 0x0000000092f00000, 0x0000000092f00000| Untracked 
| 304|0x0000000093000000, 0x0000000093000000, 0x0000000093100000|  0%| F|  |TAMS 0x0000000093000000, 0x0000000093000000| Untracked 
| 305|0x0000000093100000, 0x0000000093100000, 0x0000000093200000|  0%| F|  |TAMS 0x0000000093100000, 0x0000000093100000| Untracked 
| 306|0x0000000093200000, 0x0000000093200000, 0x0000000093300000|  0%| F|  |TAMS 0x0000000093200000, 0x0000000093200000| Untracked 
| 307|0x0000000093300000, 0x0000000093300000, 0x0000000093400000|  0%| F|  |TAMS 0x0000000093300000, 0x0000000093300000| Untracked 
| 308|0x0000000093400000, 0x0000000093400000, 0x0000000093500000|  0%| F|  |TAMS 0x0000000093400000, 0x0000000093400000| Untracked 
| 309|0x0000000093500000, 0x0000000093500000, 0x0000000093600000|  0%| F|  |TAMS 0x0000000093500000, 0x0000000093500000| Untracked 
| 310|0x0000000093600000, 0x0000000093600000, 0x0000000093700000|  0%| F|  |TAMS 0x0000000093600000, 0x0000000093600000| Untracked 
| 311|0x0000000093700000, 0x0000000093700000, 0x0000000093800000|  0%| F|  |TAMS 0x0000000093700000, 0x0000000093700000| Untracked 
| 312|0x0000000093800000, 0x0000000093800000, 0x0000000093900000|  0%| F|  |TAMS 0x0000000093800000, 0x0000000093800000| Untracked 
| 313|0x0000000093900000, 0x0000000093900000, 0x0000000093a00000|  0%| F|  |TAMS 0x0000000093900000, 0x0000000093900000| Untracked 
| 314|0x0000000093a00000, 0x0000000093a00000, 0x0000000093b00000|  0%| F|  |TAMS 0x0000000093a00000, 0x0000000093a00000| Untracked 
| 315|0x0000000093b00000, 0x0000000093b00000, 0x0000000093c00000|  0%| F|  |TAMS 0x0000000093b00000, 0x0000000093b00000| Untracked 
| 316|0x0000000093c00000, 0x0000000093c00000, 0x0000000093d00000|  0%| F|  |TAMS 0x0000000093c00000, 0x0000000093c00000| Untracked 
| 317|0x0000000093d00000, 0x0000000093d00000, 0x0000000093e00000|  0%| F|  |TAMS 0x0000000093d00000, 0x0000000093d00000| Untracked 
| 318|0x0000000093e00000, 0x0000000093e00000, 0x0000000093f00000|  0%| F|  |TAMS 0x0000000093e00000, 0x0000000093e00000| Untracked 
| 319|0x0000000093f00000, 0x0000000093f00000, 0x0000000094000000|  0%| F|  |TAMS 0x0000000093f00000, 0x0000000093f00000| Untracked 
| 320|0x0000000094000000, 0x0000000094000000, 0x0000000094100000|  0%| F|  |TAMS 0x0000000094000000, 0x0000000094000000| Untracked 
| 321|0x0000000094100000, 0x0000000094100000, 0x0000000094200000|  0%| F|  |TAMS 0x0000000094100000, 0x0000000094100000| Untracked 
| 322|0x0000000094200000, 0x0000000094200000, 0x0000000094300000|  0%| F|  |TAMS 0x0000000094200000, 0x0000000094200000| Untracked 
| 323|0x0000000094300000, 0x0000000094300000, 0x0000000094400000|  0%| F|  |TAMS 0x0000000094300000, 0x0000000094300000| Untracked 
| 324|0x0000000094400000, 0x0000000094400000, 0x0000000094500000|  0%| F|  |TAMS 0x0000000094400000, 0x0000000094400000| Untracked 
| 325|0x0000000094500000, 0x0000000094500000, 0x0000000094600000|  0%| F|  |TAMS 0x0000000094500000, 0x0000000094500000| Untracked 
| 326|0x0000000094600000, 0x0000000094600000, 0x0000000094700000|  0%| F|  |TAMS 0x0000000094600000, 0x0000000094600000| Untracked 
| 327|0x0000000094700000, 0x0000000094700000, 0x0000000094800000|  0%| F|  |TAMS 0x0000000094700000, 0x0000000094700000| Untracked 
| 328|0x0000000094800000, 0x0000000094800000, 0x0000000094900000|  0%| F|  |TAMS 0x0000000094800000, 0x0000000094800000| Untracked 
| 329|0x0000000094900000, 0x0000000094900000, 0x0000000094a00000|  0%| F|  |TAMS 0x0000000094900000, 0x0000000094900000| Untracked 
| 330|0x0000000094a00000, 0x0000000094a00000, 0x0000000094b00000|  0%| F|  |TAMS 0x0000000094a00000, 0x0000000094a00000| Untracked 
| 331|0x0000000094b00000, 0x0000000094b00000, 0x0000000094c00000|  0%| F|  |TAMS 0x0000000094b00000, 0x0000000094b00000| Untracked 
| 332|0x0000000094c00000, 0x0000000094c00000, 0x0000000094d00000|  0%| F|  |TAMS 0x0000000094c00000, 0x0000000094c00000| Untracked 
| 333|0x0000000094d00000, 0x0000000094d00000, 0x0000000094e00000|  0%| F|  |TAMS 0x0000000094d00000, 0x0000000094d00000| Untracked 
| 334|0x0000000094e00000, 0x0000000094e00000, 0x0000000094f00000|  0%| F|  |TAMS 0x0000000094e00000, 0x0000000094e00000| Untracked 
| 335|0x0000000094f00000, 0x0000000094f00000, 0x0000000095000000|  0%| F|  |TAMS 0x0000000094f00000, 0x0000000094f00000| Untracked 
| 336|0x0000000095000000, 0x0000000095000000, 0x0000000095100000|  0%| F|  |TAMS 0x0000000095000000, 0x0000000095000000| Untracked 
| 337|0x0000000095100000, 0x0000000095100000, 0x0000000095200000|  0%| F|  |TAMS 0x0000000095100000, 0x0000000095100000| Untracked 
| 338|0x0000000095200000, 0x0000000095200000, 0x0000000095300000|  0%| F|  |TAMS 0x0000000095200000, 0x0000000095200000| Untracked 
| 339|0x0000000095300000, 0x0000000095300000, 0x0000000095400000|  0%| F|  |TAMS 0x0000000095300000, 0x0000000095300000| Untracked 
| 340|0x0000000095400000, 0x0000000095400000, 0x0000000095500000|  0%| F|  |TAMS 0x0000000095400000, 0x0000000095400000| Untracked 
| 341|0x0000000095500000, 0x0000000095500000, 0x0000000095600000|  0%| F|  |TAMS 0x0000000095500000, 0x0000000095500000| Untracked 
| 342|0x0000000095600000, 0x0000000095600000, 0x0000000095700000|  0%| F|  |TAMS 0x0000000095600000, 0x0000000095600000| Untracked 
| 343|0x0000000095700000, 0x0000000095700000, 0x0000000095800000|  0%| F|  |TAMS 0x0000000095700000, 0x0000000095700000| Untracked 
| 344|0x0000000095800000, 0x0000000095800000, 0x0000000095900000|  0%| F|  |TAMS 0x0000000095800000, 0x0000000095800000| Untracked 
| 345|0x0000000095900000, 0x0000000095900000, 0x0000000095a00000|  0%| F|  |TAMS 0x0000000095900000, 0x0000000095900000| Untracked 
| 346|0x0000000095a00000, 0x0000000095a00000, 0x0000000095b00000|  0%| F|  |TAMS 0x0000000095a00000, 0x0000000095a00000| Untracked 
| 347|0x0000000095b00000, 0x0000000095b00000, 0x0000000095c00000|  0%| F|  |TAMS 0x0000000095b00000, 0x0000000095b00000| Untracked 
| 348|0x0000000095c00000, 0x0000000095c00000, 0x0000000095d00000|  0%| F|  |TAMS 0x0000000095c00000, 0x0000000095c00000| Untracked 
| 349|0x0000000095d00000, 0x0000000095d00000, 0x0000000095e00000|  0%| F|  |TAMS 0x0000000095d00000, 0x0000000095d00000| Untracked 
| 350|0x0000000095e00000, 0x0000000095e00000, 0x0000000095f00000|  0%| F|  |TAMS 0x0000000095e00000, 0x0000000095e00000| Untracked 
| 351|0x0000000095f00000, 0x0000000095f00000, 0x0000000096000000|  0%| F|  |TAMS 0x0000000095f00000, 0x0000000095f00000| Untracked 
| 352|0x0000000096000000, 0x0000000096000000, 0x0000000096100000|  0%| F|  |TAMS 0x0000000096000000, 0x0000000096000000| Untracked 
| 353|0x0000000096100000, 0x0000000096100000, 0x0000000096200000|  0%| F|  |TAMS 0x0000000096100000, 0x0000000096100000| Untracked 
| 354|0x0000000096200000, 0x0000000096200000, 0x0000000096300000|  0%| F|  |TAMS 0x0000000096200000, 0x0000000096200000| Untracked 
| 355|0x0000000096300000, 0x0000000096300000, 0x0000000096400000|  0%| F|  |TAMS 0x0000000096300000, 0x0000000096300000| Untracked 
| 356|0x0000000096400000, 0x0000000096400000, 0x0000000096500000|  0%| F|  |TAMS 0x0000000096400000, 0x0000000096400000| Untracked 
| 357|0x0000000096500000, 0x0000000096500000, 0x0000000096600000|  0%| F|  |TAMS 0x0000000096500000, 0x0000000096500000| Untracked 
| 358|0x0000000096600000, 0x0000000096600000, 0x0000000096700000|  0%| F|  |TAMS 0x0000000096600000, 0x0000000096600000| Untracked 
| 359|0x0000000096700000, 0x0000000096700000, 0x0000000096800000|  0%| F|  |TAMS 0x0000000096700000, 0x0000000096700000| Untracked 
| 360|0x0000000096800000, 0x0000000096800000, 0x0000000096900000|  0%| F|  |TAMS 0x0000000096800000, 0x0000000096800000| Untracked 
| 361|0x0000000096900000, 0x0000000096900000, 0x0000000096a00000|  0%| F|  |TAMS 0x0000000096900000, 0x0000000096900000| Untracked 
| 362|0x0000000096a00000, 0x0000000096a00000, 0x0000000096b00000|  0%| F|  |TAMS 0x0000000096a00000, 0x0000000096a00000| Untracked 
| 363|0x0000000096b00000, 0x0000000096b00000, 0x0000000096c00000|  0%| F|  |TAMS 0x0000000096b00000, 0x0000000096b00000| Untracked 
| 364|0x0000000096c00000, 0x0000000096c00000, 0x0000000096d00000|  0%| F|  |TAMS 0x0000000096c00000, 0x0000000096c00000| Untracked 
| 365|0x0000000096d00000, 0x0000000096d00000, 0x0000000096e00000|  0%| F|  |TAMS 0x0000000096d00000, 0x0000000096d00000| Untracked 
| 366|0x0000000096e00000, 0x0000000096e00000, 0x0000000096f00000|  0%| F|  |TAMS 0x0000000096e00000, 0x0000000096e00000| Untracked 
| 367|0x0000000096f00000, 0x0000000096f00000, 0x0000000097000000|  0%| F|  |TAMS 0x0000000096f00000, 0x0000000096f00000| Untracked 
| 368|0x0000000097000000, 0x0000000097000000, 0x0000000097100000|  0%| F|  |TAMS 0x0000000097000000, 0x0000000097000000| Untracked 
| 369|0x0000000097100000, 0x0000000097100000, 0x0000000097200000|  0%| F|  |TAMS 0x0000000097100000, 0x0000000097100000| Untracked 
| 370|0x0000000097200000, 0x0000000097200000, 0x0000000097300000|  0%| F|  |TAMS 0x0000000097200000, 0x0000000097200000| Untracked 
| 371|0x0000000097300000, 0x0000000097300000, 0x0000000097400000|  0%| F|  |TAMS 0x0000000097300000, 0x0000000097300000| Untracked 
| 372|0x0000000097400000, 0x0000000097400000, 0x0000000097500000|  0%| F|  |TAMS 0x0000000097400000, 0x0000000097400000| Untracked 
| 373|0x0000000097500000, 0x0000000097500000, 0x0000000097600000|  0%| F|  |TAMS 0x0000000097500000, 0x0000000097500000| Untracked 
| 374|0x0000000097600000, 0x0000000097600000, 0x0000000097700000|  0%| F|  |TAMS 0x0000000097600000, 0x0000000097600000| Untracked 
| 375|0x0000000097700000, 0x0000000097700000, 0x0000000097800000|  0%| F|  |TAMS 0x0000000097700000, 0x0000000097700000| Untracked 
| 376|0x0000000097800000, 0x0000000097800000, 0x0000000097900000|  0%| F|  |TAMS 0x0000000097800000, 0x0000000097800000| Untracked 
| 377|0x0000000097900000, 0x0000000097900000, 0x0000000097a00000|  0%| F|  |TAMS 0x0000000097900000, 0x0000000097900000| Untracked 
| 378|0x0000000097a00000, 0x0000000097a00000, 0x0000000097b00000|  0%| F|  |TAMS 0x0000000097a00000, 0x0000000097a00000| Untracked 
| 379|0x0000000097b00000, 0x0000000097b00000, 0x0000000097c00000|  0%| F|  |TAMS 0x0000000097b00000, 0x0000000097b00000| Untracked 
| 380|0x0000000097c00000, 0x0000000097c00000, 0x0000000097d00000|  0%| F|  |TAMS 0x0000000097c00000, 0x0000000097c00000| Untracked 
| 381|0x0000000097d00000, 0x0000000097d00000, 0x0000000097e00000|  0%| F|  |TAMS 0x0000000097d00000, 0x0000000097d00000| Untracked 
| 382|0x0000000097e00000, 0x0000000097e00000, 0x0000000097f00000|  0%| F|  |TAMS 0x0000000097e00000, 0x0000000097e00000| Untracked 
| 383|0x0000000097f00000, 0x0000000097f00000, 0x0000000098000000|  0%| F|  |TAMS 0x0000000097f00000, 0x0000000097f00000| Untracked 
| 384|0x0000000098000000, 0x0000000098000000, 0x0000000098100000|  0%| F|  |TAMS 0x0000000098000000, 0x0000000098000000| Untracked 
| 385|0x0000000098100000, 0x0000000098100000, 0x0000000098200000|  0%| F|  |TAMS 0x0000000098100000, 0x0000000098100000| Untracked 
| 386|0x0000000098200000, 0x0000000098200000, 0x0000000098300000|  0%| F|  |TAMS 0x0000000098200000, 0x0000000098200000| Untracked 
| 387|0x0000000098300000, 0x0000000098300000, 0x0000000098400000|  0%| F|  |TAMS 0x0000000098300000, 0x0000000098300000| Untracked 
| 388|0x0000000098400000, 0x0000000098400000, 0x0000000098500000|  0%| F|  |TAMS 0x0000000098400000, 0x0000000098400000| Untracked 
| 389|0x0000000098500000, 0x0000000098500000, 0x0000000098600000|  0%| F|  |TAMS 0x0000000098500000, 0x0000000098500000| Untracked 
| 390|0x0000000098600000, 0x0000000098600000, 0x0000000098700000|  0%| F|  |TAMS 0x0000000098600000, 0x0000000098600000| Untracked 
| 391|0x0000000098700000, 0x0000000098700000, 0x0000000098800000|  0%| F|  |TAMS 0x0000000098700000, 0x0000000098700000| Untracked 

Card table byte_map: [0x000002bf65950000,0x000002bf65d50000] _byte_map_base: 0x000002bf65550000

Marking Bits (Prev, Next): (CMBitMap*) 0x000002bf50c6c920, (CMBitMap*) 0x000002bf50c6c8e8
 Prev Bits: [0x000002bf68150000, 0x000002bf6a150000)
 Next Bits: [0x000002bf66150000, 0x000002bf68150000)

Polling page: 0x000002bf50d10000

Metaspace:

Usage:
  Non-class:     90.31 MB capacity,    88.71 MB ( 98%) used,     1.28 MB (  1%) free+waste,   321.25 KB ( <1%) overhead. 
      Class:     13.83 MB capacity,    12.86 MB ( 93%) used,   849.81 KB (  6%) free+waste,   141.25 KB ( <1%) overhead. 
       Both:    104.14 MB capacity,   101.57 MB ( 98%) used,     2.11 MB (  2%) free+waste,   462.50 KB ( <1%) overhead. 

Virtual space:
  Non-class space:       92.00 MB reserved,      90.50 MB ( 98%) committed 
      Class space:        1.00 GB reserved,      14.00 MB (  1%) committed 
             Both:        1.09 GB reserved,     104.50 MB (  9%) committed 

Chunk freelists:
   Non-Class:  2.00 KB
       Class:  144.00 KB
        Both:  146.00 KB

MaxMetaspaceSize: 17179869184.00 GB
CompressedClassSpaceSize: 1.00 GB

CodeHeap 'non-profiled nmethods': size=120064Kb used=8581Kb max_used=8581Kb free=111482Kb
 bounds [0x000002bf5d9e0000, 0x000002bf5e250000, 0x000002bf64f20000]
CodeHeap 'profiled nmethods': size=120000Kb used=39820Kb max_used=39820Kb free=80180Kb
 bounds [0x000002bf564b0000, 0x000002bf58ba0000, 0x000002bf5d9e0000]
CodeHeap 'non-nmethods': size=5696Kb used=2312Kb max_used=2377Kb free=3384Kb
 bounds [0x000002bf55f20000, 0x000002bf56190000, 0x000002bf564b0000]
 total_blobs=16881 nmethods=15959 adapters=831
 compilation: enabled
              stopped_count=0, restarted_count=0
 full_count=0

Compilation events (20 events):
Event: 55.200 Thread 0x000002bf6c7c4000 16386 %     3       com.android.tools.r8.internal.pf::hashCode @ 9 (42 bytes)
Event: 55.200 Thread 0x000002bf6c7c4000 nmethod 16386% 0x000002bf58b8cf90 code [0x000002bf58b8d180, 0x000002bf58b8d608]
Event: 55.200 Thread 0x000002bf6c7c4000 16387       3       com.android.tools.r8.internal.pf::hashCode (42 bytes)
Event: 55.201 Thread 0x000002bf6c7c4000 nmethod 16387 0x000002bf58b8d790 code [0x000002bf58b8d980, 0x000002bf58b8dd88]
Event: 55.207 Thread 0x000002bf6c7c4000 16388       2       com.android.tools.r8.internal.Pr::a (83 bytes)
Event: 55.209 Thread 0x000002bf6c7c4000 nmethod 16388 0x000002bf58b8df10 code [0x000002bf58b8e160, 0x000002bf58b8e698]
Event: 55.216 Thread 0x000002bf6c7c4000 16389       2       com.android.tools.r8.internal.xi::b (37 bytes)
Event: 55.216 Thread 0x000002bf6c7c4000 nmethod 16389 0x000002bf58b8ea90 code [0x000002bf58b8ec40, 0x000002bf58b8eda8]
Event: 55.234 Thread 0x000002bf6c7c4000 16391   !   2       com.android.tools.r8.internal.kj::a (266 bytes)
Event: 55.237 Thread 0x000002bf6c7c4000 nmethod 16391 0x000002bf58b8ee90 code [0x000002bf58b8f260, 0x000002bf58b905c8]
Event: 55.237 Thread 0x000002bf6c7c4000 16392       2       com.android.tools.r8.internal.oj::a (59 bytes)
Event: 55.237 Thread 0x000002bf6c7c4000 nmethod 16392 0x000002bf58b91610 code [0x000002bf58b91820, 0x000002bf58b91ba8]
Event: 55.237 Thread 0x000002bf6c7c4000 16393       2       com.android.tools.r8.internal.a2::a (47 bytes)
Event: 55.238 Thread 0x000002bf6c7c4000 nmethod 16393 0x000002bf58b91d90 code [0x000002bf58b91f80, 0x000002bf58b921b8]
Event: 55.255 Thread 0x000002bf6c7c4000 16394       2       com.android.tools.r8.internal.ku::values (26 bytes)
Event: 55.256 Thread 0x000002bf6c7c4000 nmethod 16394 0x000002bf58b92310 code [0x000002bf58b924c0, 0x000002bf58b926d8]
Event: 55.256 Thread 0x000002bf6c7c4000 16395       2       com.android.tools.r8.internal.ju::iterator (12 bytes)
Event: 55.256 Thread 0x000002bf6c7c4000 nmethod 16395 0x000002bf58b92790 code [0x000002bf58b92940, 0x000002bf58b92b28]
Event: 55.256 Thread 0x000002bf6c7c4000 16396       2       com.android.tools.r8.internal.ku$g::<init> (12 bytes)
Event: 55.256 Thread 0x000002bf6c7c4000 nmethod 16396 0x000002bf58b92c10 code [0x000002bf58b92dc0, 0x000002bf58b92f28]

GC Heap History (20 events):
Event: 49.214 GC heap after
{Heap after GC invocations=104 (full 0):
 garbage-first heap   total 243712K, used 115095K [0x0000000080000000, 0x0000000100000000)
  region size 1024K, 9 young (9216K), 9 survivors (9216K)
 Metaspace       used 103285K, capacity 105895K, committed 106240K, reserved 1140736K
  class space    used 13108K, capacity 14101K, committed 14336K, reserved 1048576K
}
Event: 49.413 GC heap before
{Heap before GC invocations=104 (full 0):
 garbage-first heap   total 243712K, used 200087K [0x0000000080000000, 0x0000000100000000)
  region size 1024K, 92 young (94208K), 9 survivors (9216K)
 Metaspace       used 103320K, capacity 105911K, committed 106240K, reserved 1140736K
  class space    used 13112K, capacity 14105K, committed 14336K, reserved 1048576K
}
Event: 49.426 GC heap after
{Heap after GC invocations=105 (full 0):
 garbage-first heap   total 243712K, used 115487K [0x0000000080000000, 0x0000000100000000)
  region size 1024K, 7 young (7168K), 7 survivors (7168K)
 Metaspace       used 103320K, capacity 105911K, committed 106240K, reserved 1140736K
  class space    used 13112K, capacity 14105K, committed 14336K, reserved 1048576K
}
Event: 49.651 GC heap before
{Heap before GC invocations=105 (full 0):
 garbage-first heap   total 243712K, used 204575K [0x0000000080000000, 0x0000000100000000)
  region size 1024K, 94 young (96256K), 7 survivors (7168K)
 Metaspace       used 103370K, capacity 105983K, committed 106496K, reserved 1140736K
  class space    used 13121K, capacity 14107K, committed 14336K, reserved 1048576K
}
Event: 49.666 GC heap after
{Heap after GC invocations=106 (full 0):
 garbage-first heap   total 303104K, used 116263K [0x0000000080000000, 0x0000000100000000)
  region size 1024K, 7 young (7168K), 7 survivors (7168K)
 Metaspace       used 103370K, capacity 105983K, committed 106496K, reserved 1140736K
  class space    used 13121K, capacity 14107K, committed 14336K, reserved 1048576K
}
Event: 50.430 GC heap before
{Heap before GC invocations=106 (full 0):
 garbage-first heap   total 303104K, used 238119K [0x0000000080000000, 0x0000000100000000)
  region size 1024K, 126 young (129024K), 7 survivors (7168K)
 Metaspace       used 103391K, capacity 105983K, committed 106496K, reserved 1140736K
  class space    used 13121K, capacity 14107K, committed 14336K, reserved 1048576K
}
Event: 50.445 GC heap after
{Heap after GC invocations=107 (full 0):
 garbage-first heap   total 303104K, used 117267K [0x0000000080000000, 0x0000000100000000)
  region size 1024K, 8 young (8192K), 8 survivors (8192K)
 Metaspace       used 103391K, capacity 105983K, committed 106496K, reserved 1140736K
  class space    used 13121K, capacity 14107K, committed 14336K, reserved 1048576K
}
Event: 51.106 GC heap before
{Heap before GC invocations=107 (full 0):
 garbage-first heap   total 303104K, used 255507K [0x0000000080000000, 0x0000000100000000)
  region size 1024K, 143 young (146432K), 8 survivors (8192K)
 Metaspace       used 103407K, capacity 105984K, committed 106496K, reserved 1140736K
  class space    used 13121K, capacity 14107K, committed 14336K, reserved 1048576K
}
Event: 51.118 GC heap after
{Heap after GC invocations=108 (full 0):
 garbage-first heap   total 303104K, used 118366K [0x0000000080000000, 0x0000000100000000)
  region size 1024K, 9 young (9216K), 9 survivors (9216K)
 Metaspace       used 103407K, capacity 105984K, committed 106496K, reserved 1140736K
  class space    used 13121K, capacity 14107K, committed 14336K, reserved 1048576K
}
Event: 51.491 GC heap before
{Heap before GC invocations=108 (full 0):
 garbage-first heap   total 303104K, used 259678K [0x0000000080000000, 0x0000000100000000)
  region size 1024K, 147 young (150528K), 9 survivors (9216K)
 Metaspace       used 103433K, capacity 106048K, committed 106496K, reserved 1140736K
  class space    used 13123K, capacity 14107K, committed 14336K, reserved 1048576K
}
Event: 51.505 GC heap after
{Heap after GC invocations=109 (full 0):
 garbage-first heap   total 303104K, used 119469K [0x0000000080000000, 0x0000000100000000)
  region size 1024K, 10 young (10240K), 10 survivors (10240K)
 Metaspace       used 103433K, capacity 106048K, committed 106496K, reserved 1140736K
  class space    used 13123K, capacity 14107K, committed 14336K, reserved 1048576K
}
Event: 51.826 GC heap before
{Heap before GC invocations=109 (full 0):
 garbage-first heap   total 303104K, used 261805K [0x0000000080000000, 0x0000000100000000)
  region size 1024K, 149 young (152576K), 10 survivors (10240K)
 Metaspace       used 103446K, capacity 106048K, committed 106496K, reserved 1140736K
  class space    used 13124K, capacity 14107K, committed 14336K, reserved 1048576K
}
Event: 52.103 GC heap after
{Heap after GC invocations=110 (full 0):
 garbage-first heap   total 401408K, used 120735K [0x0000000080000000, 0x0000000100000000)
  region size 1024K, 11 young (11264K), 11 survivors (11264K)
 Metaspace       used 103446K, capacity 106048K, committed 106496K, reserved 1140736K
  class space    used 13124K, capacity 14107K, committed 14336K, reserved 1048576K
}
Event: 52.692 GC heap before
{Heap before GC invocations=110 (full 0):
 garbage-first heap   total 401408K, used 307103K [0x0000000080000000, 0x0000000100000000)
  region size 1024K, 193 young (197632K), 11 survivors (11264K)
 Metaspace       used 103481K, capacity 106051K, committed 106496K, reserved 1140736K
  class space    used 13125K, capacity 14108K, committed 14336K, reserved 1048576K
}
Event: 52.710 GC heap after
{Heap after GC invocations=111 (full 0):
 garbage-first heap   total 401408K, used 122755K [0x0000000080000000, 0x0000000100000000)
  region size 1024K, 13 young (13312K), 13 survivors (13312K)
 Metaspace       used 103481K, capacity 106051K, committed 106496K, reserved 1140736K
  class space    used 13125K, capacity 14108K, committed 14336K, reserved 1048576K
}
Event: 53.923 GC heap before
{Heap before GC invocations=111 (full 0):
 garbage-first heap   total 401408K, used 341891K [0x0000000080000000, 0x0000000100000000)
  region size 1024K, 226 young (231424K), 13 survivors (13312K)
 Metaspace       used 103687K, capacity 106292K, committed 106752K, reserved 1142784K
  class space    used 13127K, capacity 14111K, committed 14336K, reserved 1048576K
}
Event: 53.940 GC heap after
{Heap after GC invocations=112 (full 0):
 garbage-first heap   total 401408K, used 120223K [0x0000000080000000, 0x0000000100000000)
  region size 1024K, 11 young (11264K), 11 survivors (11264K)
 Metaspace       used 103687K, capacity 106292K, committed 106752K, reserved 1142784K
  class space    used 13127K, capacity 14111K, committed 14336K, reserved 1048576K
}
Event: 54.663 GC heap before
{Heap before GC invocations=112 (full 0):
 garbage-first heap   total 401408K, used 347551K [0x0000000080000000, 0x0000000100000000)
  region size 1024K, 234 young (239616K), 11 survivors (11264K)
 Metaspace       used 103702K, capacity 106292K, committed 106752K, reserved 1142784K
  class space    used 13127K, capacity 14111K, committed 14336K, reserved 1048576K
}
Event: 54.684 GC heap after
{Heap after GC invocations=113 (full 0):
 garbage-first heap   total 401408K, used 123807K [0x0000000080000000, 0x0000000100000000)
  region size 1024K, 14 young (14336K), 14 survivors (14336K)
 Metaspace       used 103702K, capacity 106292K, committed 106752K, reserved 1142784K
  class space    used 13127K, capacity 14111K, committed 14336K, reserved 1048576K
}
Event: 55.258 GC heap before
{Heap before GC invocations=113 (full 0):
 garbage-first heap   total 401408K, used 346015K [0x0000000080000000, 0x0000000100000000)
  region size 1024K, 231 young (236544K), 14 survivors (14336K)
 Metaspace       used 104012K, capacity 106638K, committed 107008K, reserved 1142784K
  class space    used 13168K, capacity 14160K, committed 14336K, reserved 1048576K
}

Deoptimization events (20 events):
Event: 54.714 Thread 0x000002bf70aa4000 DEOPT PACKING pc=0x000002bf5e221c68 sp=0x000000dec7ef9180
Event: 54.714 Thread 0x000002bf70aa4000 DEOPT UNPACKING pc=0x000002bf55f478af sp=0x000000dec7ef9168 mode 2
Event: 54.805 Thread 0x000002bf70aa2800 DEOPT PACKING pc=0x000002bf589a12bb sp=0x000000dec7df9c30
Event: 54.806 Thread 0x000002bf70aa2800 DEOPT UNPACKING pc=0x000002bf55f476ce sp=0x000000dec7df9118 mode 0
Event: 54.809 Thread 0x000002bf70aa2800 Uncommon trap: trap_request=0xffffff4d fr.pc=0x000002bf5da64750 relative=0x0000000000000290
Event: 54.809 Thread 0x000002bf70aa2800 Uncommon trap: reason=unstable_if action=reinterpret pc=0x000002bf5da64750 method=com.android.tools.r8.graph.c0.a(Lcom/android/tools/r8/graph/c0;)I @ 39 c2
Event: 54.809 Thread 0x000002bf70aa2800 DEOPT PACKING pc=0x000002bf5da64750 sp=0x000000dec7df9780
Event: 54.809 Thread 0x000002bf70aa2800 DEOPT UNPACKING pc=0x000002bf55f478af sp=0x000000dec7df9638 mode 2
Event: 54.811 Thread 0x000002bf70a9f800 DEOPT PACKING pc=0x000002bf57ee2afe sp=0x000000dec7ff8e90
Event: 54.811 Thread 0x000002bf70a9f800 DEOPT UNPACKING pc=0x000002bf55f476ce sp=0x000000dec7ff8618 mode 0
Event: 54.974 Thread 0x000002bf70aa2800 DEOPT PACKING pc=0x000002bf5871152d sp=0x000000dec7df97c0
Event: 54.974 Thread 0x000002bf70aa2800 DEOPT UNPACKING pc=0x000002bf55f476ce sp=0x000000dec7df8c60 mode 0
Event: 55.046 Thread 0x000002bf70aa1800 Uncommon trap: trap_request=0xffffff4d fr.pc=0x000002bf5e1663b0 relative=0x0000000000000c10
Event: 55.046 Thread 0x000002bf70aa1800 Uncommon trap: reason=unstable_if action=reinterpret pc=0x000002bf5e1663b0 method=com.android.tools.r8.internal.wj.b(Ljava/lang/Iterable;Lcom/android/tools/r8/internal/Yv;)Z @ 37 c2
Event: 55.046 Thread 0x000002bf70aa1800 DEOPT PACKING pc=0x000002bf5e1663b0 sp=0x000000dec75f97f0
Event: 55.046 Thread 0x000002bf70aa1800 DEOPT UNPACKING pc=0x000002bf55f478af sp=0x000000dec75f9640 mode 2
Event: 55.062 Thread 0x000002bf70aa4000 DEOPT PACKING pc=0x000002bf589fbbe1 sp=0x000000dec7ef9510
Event: 55.062 Thread 0x000002bf70aa4000 DEOPT UNPACKING pc=0x000002bf55f476ce sp=0x000000dec7ef8a30 mode 0
Event: 55.201 Thread 0x000002bf70aa2800 DEOPT PACKING pc=0x000002bf5807aac3 sp=0x000000dec7df9190
Event: 55.201 Thread 0x000002bf70aa2800 DEOPT UNPACKING pc=0x000002bf55f476ce sp=0x000000dec7df8628 mode 0

Classes redefined (0 events):
No events

Internal exceptions (20 events):
Event: 45.699 Thread 0x000002bf70aa1800 Exception <a 'java/lang/NoSuchMethodError'{0x000000008be35c68}: 'java.lang.Object java.lang.invoke.DirectMethodHandle$Holder.newInvokeSpecial(java.lang.Object, int)'> (0x000000008be35c68) thrown at [./src/hotspot/share/interpreter/linkResolver.cpp, line 773]
Event: 45.934 Thread 0x000002bf70aa1800 Exception <a 'java/lang/NoSuchMethodError'{0x000000008b6e0618}: 'java.lang.Object java.lang.invoke.DirectMethodHandle$Holder.invokeInterface(java.lang.Object, java.lang.Object, int)'> (0x000000008b6e0618) thrown at [./src/hotspot/share/interpreter/linkResolver.cpp, line 773]
Event: 47.075 Thread 0x000002bf70aa1800 Exception <a 'java/lang/NoSuchMethodError'{0x000000008a64e658}: 'int java.lang.invoke.DirectMethodHandle$Holder.invokeInterface(java.lang.Object, java.lang.Object, int)'> (0x000000008a64e658) thrown at [./src/hotspot/share/interpreter/linkResolver.cpp, line 773]
Event: 48.013 Thread 0x000002bf70aa2800 Exception <a 'java/lang/NoSuchMethodError'{0x000000008c1e7318}: 'void java.lang.invoke.DirectMethodHandle$Holder.invokeSpecial(java.lang.Object, java.lang.Object, int, java.lang.Object, java.lang.Object, java.lang.Object, java.lang.Object)'> (0x000000008c1e7318) thrown at [./src/hotspot/share/interpreter/linkResolver.cpp, line 773]
Event: 48.014 Thread 0x000002bf70aa2800 Exception <a 'java/lang/NoSuchMethodError'{0x000000008c1f2fb8}: 'java.lang.Object java.lang.invoke.Invokers$Holder.linkToTargetMethod(java.lang.Object, int, java.lang.Object, java.lang.Object, java.lang.Object, java.lang.Object)'> (0x000000008c1f2fb8) thrown at [./src/hotspot/share/interpreter/linkResolver.cpp, line 773]
Event: 48.017 Thread 0x000002bf70aa2800 Exception <a 'java/lang/NoSuchMethodError'{0x000000008c1f7468}: 'void java.lang.invoke.DirectMethodHandle$Holder.invokeSpecial(java.lang.Object, java.lang.Object, java.lang.Object, java.lang.Object, java.lang.Object, java.lang.Object, java.lang.Object, java.lang.Object, java.lang.Object)'> (0x000000008c1f7468) thrown at [./src/hotspot/share/interpreter/linkResolver.cpp, line 773]
Event: 48.021 Thread 0x000002bf70aa2800 Exception <a 'java/lang/NoSuchMethodError'{0x000000008c0ef0c0}: 'void java.lang.invoke.DirectMethodHandle$Holder.invokeStatic(java.lang.Object, java.lang.Object, java.lang.Object, java.lang.Object, java.lang.Object, java.lang.Object, java.lang.Object, java.lang.Object)'> (0x000000008c0ef0c0) thrown at [./src/hotspot/share/interpreter/linkResolver.cpp, line 773]
Event: 48.219 Thread 0x000002bf70aa2800 Exception <a 'java/lang/IncompatibleClassChangeError'{0x00000000898699e0}: Found class java.lang.Object, but interface was expected> (0x00000000898699e0) thrown at [./src/hotspot/share/interpreter/linkResolver.cpp, line 839]
Event: 48.491 Thread 0x000002bf70aa2800 Exception <a 'java/lang/NoSuchMethodError'{0x000000008bf74620}: 'void java.lang.invoke.DirectMethodHandle$Holder.invokeVirtual(java.lang.Object, java.lang.Object, int)'> (0x000000008bf74620) thrown at [./src/hotspot/share/interpreter/linkResolver.cpp, line 773]
Event: 48.555 Thread 0x000002bf70aa2800 Exception <a 'sun/nio/fs/WindowsException'{0x000000008b2510f8}> (0x000000008b2510f8) thrown at [./src/hotspot/share/prims/jni.cpp, line 615]
Event: 49.044 Thread 0x000002bf70aa2800 Exception <a 'sun/nio/fs/WindowsException'{0x000000008d8fd518}> (0x000000008d8fd518) thrown at [./src/hotspot/share/prims/jni.cpp, line 615]
Event: 50.404 Thread 0x000002bf70aa1800 Implicit null exception at 0x000002bf5e1c211c to 0x000002bf5e1c696c
Event: 50.986 Thread 0x000002bf70a9f800 Implicit null exception at 0x000002bf5e1d033c to 0x000002bf5e1d520c
Event: 53.788 Thread 0x000002bf70aa2800 Exception <a 'sun/nio/fs/WindowsException'{0x000000008b39d990}> (0x000000008b39d990) thrown at [./src/hotspot/share/prims/jni.cpp, line 615]
Event: 54.424 Thread 0x000002bf70aa2800 Exception <a 'sun/nio/fs/WindowsException'{0x000000009057aff8}> (0x000000009057aff8) thrown at [./src/hotspot/share/prims/jni.cpp, line 615]
Event: 54.832 Thread 0x000002bf70aa2800 Exception <a 'sun/nio/fs/WindowsException'{0x0000000094f6cd60}> (0x0000000094f6cd60) thrown at [./src/hotspot/share/prims/jni.cpp, line 615]
Event: 54.942 Thread 0x000002bf70aa2800 Exception <a 'sun/nio/fs/WindowsException'{0x0000000092218a48}> (0x0000000092218a48) thrown at [./src/hotspot/share/prims/jni.cpp, line 615]
Event: 55.049 Thread 0x000002bf70aa1800 Exception <a 'java/lang/NoSuchMethodError'{0x000000009052ce70}: 'java.lang.Object java.lang.invoke.DirectMethodHandle$Holder.invokeSpecial(java.lang.Object, java.lang.Object, java.lang.Object, java.lang.Object, java.lang.Object, java.lang.Object, java.lang.Object, java.lang.Object, java.lang.Object, java.lang.Object, java.lang.Object)'> (0x000000009052ce70) thrown at [./src/hotspot/share/interpreter/linkResolver.cpp, line 773]
Event: 55.070 Thread 0x000002bf70aa1800 Exception <a 'java/lang/NoSuchMethodError'{0x0000000090538720}: 'java.lang.Object java.lang.invoke.Invokers$Holder.linkToTargetMethod(java.lang.Object, java.lang.Object, java.lang.Object, java.lang.Object, java.lang.Object, java.lang.Object, java.lang.Object, java.lang.Object, java.lang.Object, java.lang.Object)'> (0x0000000090538720) thrown at [./src/hotspot/share/interpreter/linkResolver.cpp, line 773]
Event: 55.210 Thread 0x000002bf70aa1800 Exception <a 'java/lang/IncompatibleClassChangeError'{0x000000008de205b0}: Found class java.lang.Object, but interface was expected> (0x000000008de205b0) thrown at [./src/hotspot/share/interpreter/linkResolver.cpp, line 839]

Events (20 events):
Event: 55.223 loading class com/android/tools/r8/internal/mo done
Event: 55.227 loading class com/android/tools/r8/internal/vo
Event: 55.227 loading class com/android/tools/r8/internal/vo done
Event: 55.228 loading class com/android/tools/r8/graph/P
Event: 55.228 loading class com/android/tools/r8/graph/P done
Event: 55.229 loading class com/android/tools/r8/internal/Bo
Event: 55.229 loading class com/android/tools/r8/internal/Bo done
Event: 55.232 loading class com/android/tools/r8/graph/Z
Event: 55.232 loading class com/android/tools/r8/graph/Z done
Event: 55.232 loading class com/android/tools/r8/graph/Z
Event: 55.232 loading class com/android/tools/r8/graph/Z done
Event: 55.232 loading class com/android/tools/r8/graph/Z$b
Event: 55.232 loading class com/android/tools/r8/graph/Z$b done
Event: 55.233 loading class com/android/tools/r8/internal/nd
Event: 55.233 loading class com/android/tools/r8/internal/nd done
Event: 55.233 loading class com/android/tools/r8/graph/d0
Event: 55.233 loading class com/android/tools/r8/graph/d0 done
Event: 55.233 loading class com/android/tools/r8/internal/nd
Event: 55.233 loading class com/android/tools/r8/internal/nd done
Event: 55.257 Executing VM operation: G1CollectForAllocation


Dynamic libraries:
0x00007ff6ccab0000 - 0x00007ff6ccaba000 	D:\Software\Android Studio\jre\bin\java.exe
0x00007ffa7f490000 - 0x00007ffa7f685000 	C:\Windows\SYSTEM32\ntdll.dll
0x00007ffa7ddf0000 - 0x00007ffa7deae000 	C:\Windows\System32\KERNEL32.DLL
0x00007ffa7ccb0000 - 0x00007ffa7cf78000 	C:\Windows\System32\KERNELBASE.dll
0x00007ffa7cbb0000 - 0x00007ffa7ccb0000 	C:\Windows\System32\ucrtbase.dll
0x00007ffa524b0000 - 0x00007ffa524c7000 	D:\Software\Android Studio\jre\bin\VCRUNTIME140.dll
0x00007ffa548a0000 - 0x00007ffa548b9000 	D:\Software\Android Studio\jre\bin\jli.dll
0x00007ffa7e200000 - 0x00007ffa7e3a1000 	C:\Windows\System32\USER32.dll
0x00007ffa67210000 - 0x00007ffa674aa000 	C:\Windows\WinSxS\amd64_microsoft.windows.common-controls_6595b64144ccf1df_6.0.19041.1110_none_60b5254171f9507e\COMCTL32.dll
0x00007ffa7d210000 - 0x00007ffa7d232000 	C:\Windows\System32\win32u.dll
0x00007ffa7e670000 - 0x00007ffa7e70e000 	C:\Windows\System32\msvcrt.dll
0x00007ffa7db00000 - 0x00007ffa7db2b000 	C:\Windows\System32\GDI32.dll
0x00007ffa7d100000 - 0x00007ffa7d20b000 	C:\Windows\System32\gdi32full.dll
0x00007ffa7cf80000 - 0x00007ffa7d01d000 	C:\Windows\System32\msvcp_win.dll
0x00007ffa7f050000 - 0x00007ffa7f080000 	C:\Windows\System32\IMM32.DLL
0x00007ffa4ee00000 - 0x00007ffa4ee9d000 	D:\Software\Android Studio\jre\bin\msvcp140.dll
0x00007ffa07760000 - 0x00007ffa0822f000 	D:\Software\Android Studio\jre\bin\server\jvm.dll
0x00007ffa7d4e0000 - 0x00007ffa7d58c000 	C:\Windows\System32\ADVAPI32.dll
0x00007ffa7e3b0000 - 0x00007ffa7e44b000 	C:\Windows\System32\sechost.dll
0x00007ffa7deb0000 - 0x00007ffa7dfda000 	C:\Windows\System32\RPCRT4.dll
0x00007ffa7dcc0000 - 0x00007ffa7dcc8000 	C:\Windows\System32\PSAPI.DLL
0x00007ffa5f3f0000 - 0x00007ffa5f3f9000 	C:\Windows\SYSTEM32\WSOCK32.dll
0x00007ffa59de0000 - 0x00007ffa59e07000 	C:\Windows\SYSTEM32\WINMM.dll
0x00007ffa752c0000 - 0x00007ffa752ca000 	C:\Windows\SYSTEM32\VERSION.dll
0x00007ffa7e450000 - 0x00007ffa7e4bb000 	C:\Windows\System32\WS2_32.dll
0x00007ffa7aab0000 - 0x00007ffa7aac2000 	C:\Windows\SYSTEM32\kernel.appcore.dll
0x00007ffa51c90000 - 0x00007ffa51ca1000 	D:\Software\Android Studio\jre\bin\verify.dll
0x00007ffa73da0000 - 0x00007ffa73f84000 	C:\Windows\SYSTEM32\DBGHELP.DLL
0x00007ffa6a6b0000 - 0x00007ffa6a6dc000 	C:\Windows\SYSTEM32\dbgcore.DLL
0x00007ffa7d240000 - 0x00007ffa7d2c3000 	C:\Windows\System32\bcryptPrimitives.dll
0x00007ffa32f70000 - 0x00007ffa32f99000 	D:\Software\Android Studio\jre\bin\java.dll
0x00007ffa5ef00000 - 0x00007ffa5ef0b000 	D:\Software\Android Studio\jre\bin\jimage.dll
0x00007ffa20aa0000 - 0x00007ffa20ab8000 	D:\Software\Android Studio\jre\bin\zip.dll
0x00007ffa7e840000 - 0x00007ffa7ef7f000 	C:\Windows\System32\SHELL32.dll
0x00007ffa7acb0000 - 0x00007ffa7b440000 	C:\Windows\SYSTEM32\windows.storage.dll
0x00007ffa7f080000 - 0x00007ffa7f3d5000 	C:\Windows\System32\combase.dll
0x00007ffa7c600000 - 0x00007ffa7c62e000 	C:\Windows\SYSTEM32\Wldp.dll
0x00007ffa7db30000 - 0x00007ffa7dbdd000 	C:\Windows\System32\SHCORE.dll
0x00007ffa7e710000 - 0x00007ffa7e765000 	C:\Windows\System32\shlwapi.dll
0x00007ffa7caf0000 - 0x00007ffa7cb0f000 	C:\Windows\SYSTEM32\profapi.dll
0x00007ffa20a80000 - 0x00007ffa20a9a000 	D:\Software\Android Studio\jre\bin\net.dll
0x00007ffa6d4d0000 - 0x00007ffa6d5dc000 	C:\Windows\SYSTEM32\WINHTTP.dll
0x00007ffa7c360000 - 0x00007ffa7c3ca000 	C:\Windows\system32\mswsock.dll
0x00007ffa20a60000 - 0x00007ffa20a74000 	D:\Software\Android Studio\jre\bin\nio.dll
0x00007ffa5f510000 - 0x00007ffa5f537000 	C:\Users\michi\.gradle\native\8bec1ad78214c89d9ad589b4d07fe93259594b29d510b10fafb7a158f7737e5d\windows-amd64\native-platform.dll
0x00007ffa24790000 - 0x00007ffa248cd000 	C:\Users\michi\.gradle\native\53dbd7edfb1c66fb8903c78663c9afc45aea4f116125fa6feffd364cf09443e8\windows-amd64\native-platform-file-events.dll
0x00007ffa5d0e0000 - 0x00007ffa5d0ea000 	D:\Software\Android Studio\jre\bin\management.dll
0x00007ffa5c8e0000 - 0x00007ffa5c8ec000 	D:\Software\Android Studio\jre\bin\management_ext.dll
0x00007ffa7c550000 - 0x00007ffa7c568000 	C:\Windows\SYSTEM32\CRYPTSP.dll
0x00007ffa7bc70000 - 0x00007ffa7bca4000 	C:\Windows\system32\rsaenh.dll
0x00007ffa7d020000 - 0x00007ffa7d047000 	C:\Windows\System32\bcrypt.dll
0x00007ffa7cab0000 - 0x00007ffa7cade000 	C:\Windows\SYSTEM32\USERENV.dll
0x00007ffa7c570000 - 0x00007ffa7c57c000 	C:\Windows\SYSTEM32\CRYPTBASE.dll
0x00007ffa7c000000 - 0x00007ffa7c03b000 	C:\Windows\SYSTEM32\IPHLPAPI.DLL
0x00007ffa7daf0000 - 0x00007ffa7daf8000 	C:\Windows\System32\NSI.dll
0x00007ffa70fe0000 - 0x00007ffa70ff7000 	C:\Windows\SYSTEM32\dhcpcsvc6.DLL
0x00007ffa72790000 - 0x00007ffa727ad000 	C:\Windows\SYSTEM32\dhcpcsvc.DLL
0x00007ffa7c050000 - 0x00007ffa7c11b000 	C:\Windows\SYSTEM32\DNSAPI.dll

dbghelp: loaded successfully - version: 4.0.5 - missing functions: none
symbol engine: initialized successfully - sym options: 0x614 - pdb path: .;D:\Software\Android Studio\jre\bin;C:\Windows\SYSTEM32;C:\Windows\WinSxS\amd64_microsoft.windows.common-controls_6595b64144ccf1df_6.0.19041.1110_none_60b5254171f9507e;D:\Software\Android Studio\jre\bin\server;C:\Users\michi\.gradle\native\8bec1ad78214c89d9ad589b4d07fe93259594b29d510b10fafb7a158f7737e5d\windows-amd64;C:\Users\michi\.gradle\native\53dbd7edfb1c66fb8903c78663c9afc45aea4f116125fa6feffd364cf09443e8\windows-amd64

VM Arguments:
jvm_args: --add-opens=java.base/java.util=ALL-UNNAMED --add-opens=java.base/java.lang=ALL-UNNAMED --add-opens=java.base/java.lang.invoke=ALL-UNNAMED --add-opens=java.base/java.util=ALL-UNNAMED --add-opens=java.prefs/java.util.prefs=ALL-UNNAMED --add-opens=java.prefs/java.util.prefs=ALL-UNNAMED --add-opens=java.base/java.nio.charset=ALL-UNNAMED --add-opens=java.base/java.net=ALL-UNNAMED --add-opens=java.base/java.util.concurrent.atomic=ALL-UNNAMED -Xmx2048m -Dfile.encoding=UTF-8 -Duser.country=ID -Duser.language=en -Duser.variant 
java_command: org.gradle.launcher.daemon.bootstrap.GradleDaemon 7.0.2
java_class_path (initial): C:\Users\michi\.gradle\wrapper\dists\gradle-7.0.2-bin\857tjihv64xamwrf0h14cai3r\gradle-7.0.2\lib\gradle-launcher-7.0.2.jar
Launcher Type: SUN_STANDARD

[Global flags]
     intx CICompilerCount                          = 3                                         {product} {ergonomic}
     uint ConcGCThreads                            = 1                                         {product} {ergonomic}
     uint G1ConcRefinementThreads                  = 4                                         {product} {ergonomic}
   size_t G1HeapRegionSize                         = 1048576                                   {product} {ergonomic}
    uintx GCDrainStackTargetSize                   = 64                                        {product} {ergonomic}
   size_t InitialHeapSize                          = 67108864                                  {product} {ergonomic}
   size_t MarkStackSize                            = 4194304                                   {product} {ergonomic}
   size_t MaxHeapSize                              = 2147483648                                {product} {command line}
   size_t MaxNewSize                               = 1287651328                                {product} {ergonomic}
   size_t MinHeapDeltaBytes                        = 1048576                                   {product} {ergonomic}
    uintx NonNMethodCodeHeapSize                   = 5830732                                {pd product} {ergonomic}
    uintx NonProfiledCodeHeapSize                  = 122913754                              {pd product} {ergonomic}
    uintx ProfiledCodeHeapSize                     = 122913754                              {pd product} {ergonomic}
    uintx ReservedCodeCacheSize                    = 251658240                              {pd product} {ergonomic}
     bool SegmentedCodeCache                       = true                                      {product} {ergonomic}
     bool UseCompressedClassPointers               = true                                 {lp64_product} {ergonomic}
     bool UseCompressedOops                        = true                                 {lp64_product} {ergonomic}
     bool UseG1GC                                  = true                                      {product} {ergonomic}
     bool UseLargePagesIndividualAllocation        = false                                  {pd product} {ergonomic}

Logging:
Log output configuration:
 #0: stdout all=warning uptime,level,tags
 #1: stderr all=off uptime,level,tags

Environment Variables:
PATH=C:\Program Files (x86)\Common Files\Oracle\Java\javapath;C:\Program Files\Common Files\Oracle\Java\javapath;C:\Windows\system32;C:\Windows;C:\Windows\System32\Wbem;C:\Windows\System32\WindowsPowerShell\v1.0\;C:\Windows\System32\OpenSSH\;D:\Software\MinGW\bin;D:\Software\Git\cmd;D:\Software\Git\bin;C:\Users\michi\AppData\Local\Programs\Python\Python310\Scripts\;C:\Users\michi\AppData\Local\Programs\Python\Python310\;C:\Users\michi\AppData\Local\Programs\Python\Python310\Scripts\;C:\Users\michi\AppData\Local\Programs\Python\Python310\;C:\Users\michi\AppData\Local\Microsoft\WindowsApps;D:\Software\Microsoft VS Code\bin;D:\Software\MinGW\bin;D:\Software\Git\bin;D:\Software\Git\cmd;
USERNAME=michi
OS=Windows_NT
PROCESSOR_IDENTIFIER=Intel64 Family 6 Model 142 Stepping 9, GenuineIntel



---------------  S Y S T E M  ---------------

OS: Windows 10 , 64 bit Build 19041 (10.0.19041.1348)
OS uptime: 0 days 4:33 hours

CPU:total 4 (initial active 4) (2 cores per cpu, 2 threads per core) family 6 model 142 stepping 9 microcode 0xb4, cmov, cx8, fxsr, mmx, sse, sse2, sse3, ssse3, sse4.1, sse4.2, popcnt, avx, avx2, aes, clmul, erms, 3dnowpref, lzcnt, ht, tsc, tscinvbit, bmi1, bmi2, adx, fma

Memory: 4k page, system-wide physical 3981M (251M free)
TotalPageFile size 8077M (AvailPageFile size 45M)
current process WorkingSet (physical memory assigned to process): 463M, peak: 573M
current process commit charge ("private bytes"): 775M, peak: 1232M

vm_info: OpenJDK 64-Bit Server VM (11.0.10+0-b96-7249189) for windows-amd64 JRE (11.0.10+0-b96-7249189), built on Mar 31 2021 21:44:00 by "builder" with MS VC++ 14.0 (VS2015)

END.
