#
# There is insufficient memory for the Java Runtime Environment to continue.
# Native memory allocation (mmap) failed to map 98566144 bytes for Failed to commit area from 0x0000000095200000 to 0x000000009b000000 of length 98566144.
# Possible reasons:
#   The system is out of physical RAM or swap space
#   The process is running with CompressedOops enabled, and the Java Heap may be blocking the growth of the native heap
# Possible solutions:
#   Reduce memory load on the system
#   Increase physical memory or swap space
#   Check if swap backing store is full
#   Decrease Java heap size (-Xmx/-Xms)
#   Decrease number of Java threads
#   Decrease Java thread stack sizes (-Xss)
#   Set larger code cache with -XX:ReservedCodeCacheSize=
#   JVM is running with Unscaled Compressed Oops mode in which the Java heap is
#     placed in the first 4GB address space. The Java Heap base address is the
#     maximum limit for the native heap growth. Please use -XX:HeapBaseMinAddress
#     to set the Java Heap base and to place the Java Heap above 4GB virtual address.
# This output file may be truncated or incomplete.
#
#  Out of Memory Error (./src/hotspot/os/windows/os_windows.cpp:3301), pid=8780, tid=6208
#
# JRE version: OpenJDK Runtime Environment (11.0.10) (build 11.0.10+0-b96-7249189)
# Java VM: OpenJDK 64-Bit Server VM (11.0.10+0-b96-7249189, mixed mode, tiered, compressed oops, g1 gc, windows-amd64)
# No core dump will be written. Minidumps are not enabled by default on client versions of Windows
#

---------------  S U M M A R Y ------------

Command Line: --add-opens=java.base/java.util=ALL-UNNAMED --add-opens=java.base/java.lang=ALL-UNNAMED --add-opens=java.base/java.lang.invoke=ALL-UNNAMED --add-opens=java.base/java.util=ALL-UNNAMED --add-opens=java.prefs/java.util.prefs=ALL-UNNAMED --add-opens=java.prefs/java.util.prefs=ALL-UNNAMED --add-opens=java.base/java.nio.charset=ALL-UNNAMED --add-opens=java.base/java.net=ALL-UNNAMED --add-opens=java.base/java.util.concurrent.atomic=ALL-UNNAMED -Xmx2048m -Dfile.encoding=UTF-8 -Duser.country=ID -Duser.language=en -Duser.variant org.gradle.launcher.daemon.bootstrap.GradleDaemon 7.0.2

Host: Intel(R) Core(TM) i5-7200U CPU @ 2.50GHz, 4 cores, 3G,  Windows 10 , 64 bit Build 19041 (10.0.19041.1348)
Time: Thu Dec  9 11:36:14 2021 SE Asia Standard Time elapsed time: 35.754067 seconds (0d 0h 0m 35s)

---------------  T H R E A D  ---------------

Current thread (0x000001b6685b6800):  VMThread "VM Thread" [stack: 0x000000a3e2200000,0x000000a3e2300000] [id=6208]

Stack: [0x000000a3e2200000,0x000000a3e2300000]
[error occurred during error reporting (printing stack bounds), id 0xc0000005, EXCEPTION_ACCESS_VIOLATION (0xc0000005) at pc=0x000001b652510f2d]

Native frames: (J=compiled Java code, j=interpreted, Vv=VM code, C=native code)
V  [jvm.dll+0x5ecfaa]
V  [jvm.dll+0x722bd5]
V  [jvm.dll+0x72412d]
V  [jvm.dll+0x724745]
V  [jvm.dll+0x7246fb]
V  [jvm.dll+0x5ec348]
V  [jvm.dll+0x5ecad8]
C  [ntdll.dll+0xa20cf]
C  [ntdll.dll+0x51454]
C  [ntdll.dll+0xa0bfe]
C  0x000001b652510f2d

VM_Operation (0x000000a3e4df9d70): G1CollectForAllocation, mode: safepoint, requested by thread 0x000001b66ea0b000


---------------  P R O C E S S  ---------------

Threads class SMR info:
_java_thread_list=0x000001b6757e8630, length=50, elements={
0x000001b64c97a000, 0x000001b6685bd000, 0x000001b6685be800, 0x000001b668613000,
0x000001b668617000, 0x000001b668619000, 0x000001b66861e800, 0x000001b668622800,
0x000001b668631800, 0x000001b669094000, 0x000001b66b37d800, 0x000001b66918e000,
0x000001b66b0a2800, 0x000001b66adcb800, 0x000001b66b5be000, 0x000001b66aead800,
0x000001b66c1d2800, 0x000001b66c5d8800, 0x000001b66b396000, 0x000001b66b01b800,
0x000001b66b01c800, 0x000001b66b01b000, 0x000001b66b01a000, 0x000001b66b01d800,
0x000001b66b017800, 0x000001b66b01e000, 0x000001b66b018800, 0x000001b66b019800,
0x000001b66ea01800, 0x000001b66ea04000, 0x000001b66e9ff000, 0x000001b66e9ff800,
0x000001b66e9fe000, 0x000001b66ea00800, 0x000001b66ea07000, 0x000001b66ea0a800,
0x000001b66ea0d000, 0x000001b66ea09800, 0x000001b66ea0b000, 0x000001b66ea08800,
0x000001b66ea0c000, 0x000001b66ea08000, 0x000001b670115000, 0x000001b670115800,
0x000001b670111800, 0x000001b670113800, 0x000001b670116800, 0x000001b670111000,
0x000001b670118000, 0x000001b67568e800
}

Java Threads: ( => current thread )
  0x000001b64c97a000 JavaThread "main" [_thread_blocked, id=8776, stack(0x000000a3e1c00000,0x000000a3e1d00000)]
  0x000001b6685bd000 JavaThread "Reference Handler" daemon [_thread_blocked, id=8668, stack(0x000000a3e2300000,0x000000a3e2400000)]
  0x000001b6685be800 JavaThread "Finalizer" daemon [_thread_blocked, id=3188, stack(0x000000a3e2400000,0x000000a3e2500000)]
  0x000001b668613000 JavaThread "Signal Dispatcher" daemon [_thread_blocked, id=5732, stack(0x000000a3e2500000,0x000000a3e2600000)]
  0x000001b668617000 JavaThread "Attach Listener" daemon [_thread_blocked, id=7308, stack(0x000000a3e2600000,0x000000a3e2700000)]
  0x000001b668619000 JavaThread "Service Thread" daemon [_thread_blocked, id=7988, stack(0x000000a3e2700000,0x000000a3e2800000)]
  0x000001b66861e800 JavaThread "C2 CompilerThread0" daemon [_thread_in_native, id=3056, stack(0x000000a3e2800000,0x000000a3e2900000)]
  0x000001b668622800 JavaThread "C1 CompilerThread0" daemon [_thread_blocked, id=8008, stack(0x000000a3e2900000,0x000000a3e2a00000)]
  0x000001b668631800 JavaThread "Sweeper thread" daemon [_thread_blocked, id=2780, stack(0x000000a3e2a00000,0x000000a3e2b00000)]
  0x000001b669094000 JavaThread "Common-Cleaner" daemon [_thread_blocked, id=8596, stack(0x000000a3e2b00000,0x000000a3e2c00000)]
  0x000001b66b37d800 JavaThread "Daemon health stats" [_thread_blocked, id=680, stack(0x000000a3e2f00000,0x000000a3e3000000)]
  0x000001b66918e000 JavaThread "Incoming local TCP Connector on port 65522" [_thread_in_native, id=3544, stack(0x000000a3e2d00000,0x000000a3e2e00000)]
  0x000001b66b0a2800 JavaThread "Daemon periodic checks" [_thread_blocked, id=908, stack(0x000000a3e3000000,0x000000a3e3100000)]
  0x000001b66adcb800 JavaThread "Daemon" [_thread_blocked, id=3848, stack(0x000000a3e3100000,0x000000a3e3200000)]
  0x000001b66b5be000 JavaThread "Handler for socket connection from /127.0.0.1:65522 to /127.0.0.1:65523" [_thread_in_native, id=6992, stack(0x000000a3e3200000,0x000000a3e3300000)]
  0x000001b66aead800 JavaThread "Cancel handler" [_thread_blocked, id=7316, stack(0x000000a3e3300000,0x000000a3e3400000)]
  0x000001b66c1d2800 JavaThread "Daemon worker" [_thread_blocked, id=7540, stack(0x000000a3e3400000,0x000000a3e3500000)]
  0x000001b66c5d8800 JavaThread "Asynchronous log dispatcher for DefaultDaemonConnection: socket connection from /127.0.0.1:65522 to /127.0.0.1:65523" [_thread_blocked, id=9180, stack(0x000000a3e3500000,0x000000a3e3600000)]
  0x000001b66b396000 JavaThread "Stdin handler" [_thread_blocked, id=4288, stack(0x000000a3e3600000,0x000000a3e3700000)]
  0x000001b66b01b800 JavaThread "Daemon client event forwarder" [_thread_blocked, id=3176, stack(0x000000a3e3700000,0x000000a3e3800000)]
  0x000001b66b01c800 JavaThread "Cache worker for file hash cache (C:\Users\michi\.gradle\caches\7.0.2\fileHashes)" [_thread_blocked, id=6796, stack(0x000000a3e3a00000,0x000000a3e3b00000)]
  0x000001b66b01b000 JavaThread "File lock request listener" [_thread_in_native, id=8460, stack(0x000000a3e3b00000,0x000000a3e3c00000)]
  0x000001b66b01a000 JavaThread "Cache worker for journal cache (C:\Users\michi\.gradle\caches\journal-1)" [_thread_blocked, id=7188, stack(0x000000a3e3c00000,0x000000a3e3d00000)]
  0x000001b66b01d800 JavaThread "Cache worker for file hash cache (C:\Users\michi\AndroidStudioProjects\MenuDashboard\.gradle\7.0.2\fileHashes)" [_thread_blocked, id=4948, stack(0x000000a3e3e00000,0x000000a3e3f00000)]
  0x000001b66b017800 JavaThread "File watcher server" daemon [_thread_blocked, id=4412, stack(0x000000a3e3f00000,0x000000a3e4000000)]
  0x000001b66b01e000 JavaThread "File watcher consumer" daemon [_thread_blocked, id=5328, stack(0x000000a3e4000000,0x000000a3e4100000)]
  0x000001b66b018800 JavaThread "Cache worker for checksums cache (C:\Users\michi\AndroidStudioProjects\MenuDashboard\.gradle\checksums)" [_thread_blocked, id=3812, stack(0x000000a3e4100000,0x000000a3e4200000)]
  0x000001b66b019800 JavaThread "Cache worker for cache directory md-supplier (C:\Users\michi\.gradle\caches\7.0.2\md-supplier)" [_thread_blocked, id=9128, stack(0x000000a3e4200000,0x000000a3e4300000)]
  0x000001b66ea01800 JavaThread "Cache worker for cache directory md-rule (C:\Users\michi\.gradle\caches\7.0.2\md-rule)" [_thread_blocked, id=3144, stack(0x000000a3e4300000,0x000000a3e4400000)]
  0x000001b66ea04000 JavaThread "Cache worker for execution history cache (C:\Users\michi\.gradle\caches\7.0.2\executionHistory)" [_thread_blocked, id=3800, stack(0x000000a3e4400000,0x000000a3e4500000)]
  0x000001b66e9ff000 JavaThread "jar transforms" [_thread_blocked, id=4956, stack(0x000000a3e4500000,0x000000a3e4600000)]
  0x000001b66e9ff800 JavaThread "jar transforms Thread 2" [_thread_blocked, id=5088, stack(0x000000a3e4600000,0x000000a3e4700000)]
  0x000001b66e9fe000 JavaThread "Cache worker for file content cache (C:\Users\michi\.gradle\caches\7.0.2\fileContent)" [_thread_blocked, id=9200, stack(0x000000a3e4700000,0x000000a3e4800000)]
  0x000001b66ea00800 JavaThread "Cache worker for dependencies-accessors (C:\Users\michi\AndroidStudioProjects\MenuDashboard\.gradle\7.0.2\dependencies-accessors)" [_thread_blocked, id=7028, stack(0x000000a3e4800000,0x000000a3e4900000)]
  0x000001b66ea07000 JavaThread "jar transforms Thread 3" [_thread_blocked, id=7272, stack(0x000000a3e4900000,0x000000a3e4a00000)]
  0x000001b66ea0a800 JavaThread "Cache worker for Build Output Cleanup Cache (C:\Users\michi\AndroidStudioProjects\MenuDashboard\.gradle\buildOutputCleanup)" [_thread_blocked, id=7648, stack(0x000000a3e4a00000,0x000000a3e4b00000)]
  0x000001b66ea0d000 JavaThread "Build operations" [_thread_blocked, id=1720, stack(0x000000a3e4b00000,0x000000a3e4c00000)]
  0x000001b66ea09800 JavaThread "Build operations Thread 2" [_thread_blocked, id=2484, stack(0x000000a3e4c00000,0x000000a3e4d00000)]
  0x000001b66ea0b000 JavaThread "Build operations Thread 3" [_thread_blocked, id=7368, stack(0x000000a3e4d00000,0x000000a3e4e00000)]
  0x000001b66ea08800 JavaThread "Build operations Thread 4" [_thread_blocked, id=1308, stack(0x000000a3e4e00000,0x000000a3e4f00000)]
  0x000001b66ea0c000 JavaThread "jar transforms Thread 4" [_thread_blocked, id=8272, stack(0x000000a3e4f00000,0x000000a3e5000000)]
  0x000001b66ea08000 JavaThread "Memory manager" [_thread_blocked, id=980, stack(0x000000a3e5000000,0x000000a3e5100000)]
  0x000001b670115000 JavaThread "build event listener" [_thread_blocked, id=5796, stack(0x000000a3e5100000,0x000000a3e5200000)]
  0x000001b670115800 JavaThread "Execution worker for ':'" [_thread_blocked, id=8976, stack(0x000000a3e5200000,0x000000a3e5300000)]
  0x000001b670111800 JavaThread "Execution worker for ':' Thread 2" [_thread_blocked, id=6308, stack(0x000000a3e5300000,0x000000a3e5400000)]
  0x000001b670113800 JavaThread "Execution worker for ':' Thread 3" [_thread_blocked, id=8156, stack(0x000000a3e5400000,0x000000a3e5500000)]
  0x000001b670116800 JavaThread "Cache worker for execution history cache (C:\Users\michi\AndroidStudioProjects\MenuDashboard\.gradle\7.0.2\executionHistory)" [_thread_blocked, id=2852, stack(0x000000a3e5500000,0x000000a3e5600000)]
  0x000001b670111000 JavaThread "WorkerExecutor Queue" [_thread_blocked, id=9140, stack(0x000000a3e5600000,0x000000a3e5700000)]
  0x000001b670118000 JavaThread "WorkerExecutor Queue Thread 2" [_thread_blocked, id=2376, stack(0x000000a3e5700000,0x000000a3e5800000)]
  0x000001b67568e800 JavaThread "C2 CompilerThread1" daemon [_thread_blocked, id=6900, stack(0x000000a3e3d00000,0x000000a3e3e00000)]

Other Threads:
=>0x000001b6685b6800 VMThread "VM Thread" [stack: 0x000000a3e2200000,0x000000a3e2300000] [id=6208]
  0x000001b6690a9800 WatcherThread [stack: 0x000000a3e2c00000,0x000000a3e2d00000] [id=8256]
  0x000001b64ea32000 GCTaskThread "GC Thread#0" [stack: 0x000000a3e1d00000,0x000000a3e1e00000] [id=5748]
  0x000001b669729800 GCTaskThread "GC Thread#1" [stack: 0x000000a3e2e00000,0x000000a3e2f00000] [id=7792]
  0x000001b66a0b9800 GCTaskThread "GC Thread#2" [stack: 0x000000a3e3800000,0x000000a3e3900000] [id=2160]
  0x000001b66b287800 GCTaskThread "GC Thread#3" [stack: 0x000000a3e3900000,0x000000a3e3a00000] [id=3904]
  0x000001b64ea66000 ConcurrentGCThread "G1 Main Marker" [stack: 0x000000a3e1e00000,0x000000a3e1f00000] [id=6404]
  0x000001b64ea67800 ConcurrentGCThread "G1 Conc#0" [stack: 0x000000a3e1f00000,0x000000a3e2000000] [id=5868]
  0x000001b64eac0800 ConcurrentGCThread "G1 Refine#0" [stack: 0x000000a3e2000000,0x000000a3e2100000] [id=3060]
  0x000001b64eac1800 ConcurrentGCThread "G1 Young RemSet Sampling" [stack: 0x000000a3e2100000,0x000000a3e2200000] [id=7632]

Threads with active compile tasks:
C2 CompilerThread0  35906 14647 %     4       com.android.tools.r8.ir.regalloc.a::a @ 1542 (1824 bytes)
C2 CompilerThread1  35906 14481 %     4       com.android.tools.r8.ir.regalloc.a::a @ 2157 (3985 bytes)

VM state:at safepoint (normal execution)

VM Mutex/Monitor currently owned by a thread:  ([mutex/lock_event])
[0x000001b64ea1bb00] Threads_lock - owner thread: 0x000001b6685b6800
[0x000001b64ea1c6d0] Heap_lock - owner thread: 0x000001b66ea0b000

Heap address: 0x0000000080000000, size: 2048 MB, Compressed Oops mode: 32-bit
Narrow klass base: 0x0000000000000000, Narrow klass shift: 3
Compressed class space size: 1073741824 Address: 0x0000000100000000

Heap:
 garbage-first heap   total 442368K, used 131684K [0x0000000080000000, 0x0000000100000000)
  region size 1024K, 15 young (15360K), 15 survivors (15360K)
 Metaspace       used 99576K, capacity 102120K, committed 102424K, reserved 1138688K
  class space    used 12822K, capacity 13806K, committed 13900K, reserved 1048576K
Heap Regions: E=young(eden), S=young(survivor), O=old, HS=humongous(starts), HC=humongous(continues), CS=collection set, F=free, A=archive, TAMS=top-at-mark-start (previous, next)
|   0|0x0000000080000000, 0x0000000080100000, 0x0000000080100000|100%| O|  |TAMS 0x0000000080100000, 0x0000000080000000| Untracked 
|   1|0x0000000080100000, 0x0000000080200000, 0x0000000080200000|100%| O|  |TAMS 0x0000000080200000, 0x0000000080100000| Untracked 
|   2|0x0000000080200000, 0x0000000080300000, 0x0000000080300000|100%| O|  |TAMS 0x0000000080300000, 0x0000000080200000| Untracked 
|   3|0x0000000080300000, 0x0000000080400000, 0x0000000080400000|100%|HS|  |TAMS 0x0000000080400000, 0x0000000080300000| Complete 
|   4|0x0000000080400000, 0x0000000080500000, 0x0000000080500000|100%|HC|  |TAMS 0x0000000080500000, 0x0000000080400000| Complete 
|   5|0x0000000080500000, 0x0000000080600000, 0x0000000080600000|100%|HC|  |TAMS 0x0000000080600000, 0x0000000080500000| Complete 
|   6|0x0000000080600000, 0x0000000080700000, 0x0000000080700000|100%| O|  |TAMS 0x0000000080700000, 0x0000000080600000| Untracked 
|   7|0x0000000080700000, 0x0000000080800000, 0x0000000080800000|100%| O|  |TAMS 0x0000000080800000, 0x0000000080700000| Untracked 
|   8|0x0000000080800000, 0x0000000080900000, 0x0000000080900000|100%| O|  |TAMS 0x0000000080900000, 0x0000000080800000| Untracked 
|   9|0x0000000080900000, 0x0000000080a00000, 0x0000000080a00000|100%| O|  |TAMS 0x0000000080a00000, 0x0000000080900000| Untracked 
|  10|0x0000000080a00000, 0x0000000080b00000, 0x0000000080b00000|100%| O|  |TAMS 0x0000000080b00000, 0x0000000080a00000| Untracked 
|  11|0x0000000080b00000, 0x0000000080c00000, 0x0000000080c00000|100%| O|  |TAMS 0x0000000080c00000, 0x0000000080b00000| Untracked 
|  12|0x0000000080c00000, 0x0000000080d00000, 0x0000000080d00000|100%| O|  |TAMS 0x0000000080d00000, 0x0000000080c00000| Untracked 
|  13|0x0000000080d00000, 0x0000000080e00000, 0x0000000080e00000|100%| O|  |TAMS 0x0000000080e00000, 0x0000000080d00000| Untracked 
|  14|0x0000000080e00000, 0x0000000080f00000, 0x0000000080f00000|100%| O|  |TAMS 0x0000000080f00000, 0x0000000080e00000| Untracked 
|  15|0x0000000080f00000, 0x0000000081000000, 0x0000000081000000|100%| O|  |TAMS 0x0000000081000000, 0x0000000080f00000| Untracked 
|  16|0x0000000081000000, 0x0000000081100000, 0x0000000081100000|100%| O|  |TAMS 0x0000000081100000, 0x0000000081000000| Untracked 
|  17|0x0000000081100000, 0x0000000081200000, 0x0000000081200000|100%| O|  |TAMS 0x0000000081200000, 0x0000000081100000| Untracked 
|  18|0x0000000081200000, 0x0000000081300000, 0x0000000081300000|100%| O|  |TAMS 0x0000000081300000, 0x0000000081200000| Untracked 
|  19|0x0000000081300000, 0x0000000081400000, 0x0000000081400000|100%| O|  |TAMS 0x0000000081400000, 0x0000000081300000| Untracked 
|  20|0x0000000081400000, 0x0000000081500000, 0x0000000081500000|100%| O|  |TAMS 0x0000000081500000, 0x0000000081400000| Untracked 
|  21|0x0000000081500000, 0x0000000081600000, 0x0000000081600000|100%| O|  |TAMS 0x0000000081600000, 0x0000000081500000| Untracked 
|  22|0x0000000081600000, 0x0000000081700000, 0x0000000081700000|100%| O|  |TAMS 0x0000000081700000, 0x0000000081600000| Untracked 
|  23|0x0000000081700000, 0x0000000081800000, 0x0000000081800000|100%| O|  |TAMS 0x0000000081800000, 0x0000000081700000| Untracked 
|  24|0x0000000081800000, 0x0000000081900000, 0x0000000081900000|100%| O|  |TAMS 0x0000000081900000, 0x0000000081800000| Untracked 
|  25|0x0000000081900000, 0x0000000081a00000, 0x0000000081a00000|100%| O|  |TAMS 0x0000000081a00000, 0x0000000081900000| Untracked 
|  26|0x0000000081a00000, 0x0000000081b00000, 0x0000000081b00000|100%| O|  |TAMS 0x0000000081b00000, 0x0000000081a00000| Untracked 
|  27|0x0000000081b00000, 0x0000000081c00000, 0x0000000081c00000|100%|HS|  |TAMS 0x0000000081c00000, 0x0000000081b00000| Complete 
|  28|0x0000000081c00000, 0x0000000081d00000, 0x0000000081d00000|100%|HS|  |TAMS 0x0000000081d00000, 0x0000000081c00000| Complete 
|  29|0x0000000081d00000, 0x0000000081e00000, 0x0000000081e00000|100%|HS|  |TAMS 0x0000000081e00000, 0x0000000081d00000| Complete 
|  30|0x0000000081e00000, 0x0000000081f00000, 0x0000000081f00000|100%|HC|  |TAMS 0x0000000081f00000, 0x0000000081e00000| Complete 
|  31|0x0000000081f00000, 0x0000000082000000, 0x0000000082000000|100%| O|  |TAMS 0x0000000082000000, 0x0000000081f00000| Untracked 
|  32|0x0000000082000000, 0x0000000082100000, 0x0000000082100000|100%| O|  |TAMS 0x0000000082100000, 0x0000000082000000| Untracked 
|  33|0x0000000082100000, 0x0000000082200000, 0x0000000082200000|100%| O|  |TAMS 0x0000000082200000, 0x0000000082100000| Untracked 
|  34|0x0000000082200000, 0x0000000082300000, 0x0000000082300000|100%| O|  |TAMS 0x0000000082300000, 0x0000000082200000| Untracked 
|  35|0x0000000082300000, 0x0000000082400000, 0x0000000082400000|100%| O|  |TAMS 0x0000000082400000, 0x0000000082300000| Untracked 
|  36|0x0000000082400000, 0x0000000082500000, 0x0000000082500000|100%| O|  |TAMS 0x0000000082500000, 0x0000000082400000| Untracked 
|  37|0x0000000082500000, 0x0000000082600000, 0x0000000082600000|100%| O|  |TAMS 0x0000000082600000, 0x0000000082500000| Untracked 
|  38|0x0000000082600000, 0x0000000082700000, 0x0000000082700000|100%| O|  |TAMS 0x0000000082700000, 0x0000000082600000| Untracked 
|  39|0x0000000082700000, 0x0000000082800000, 0x0000000082800000|100%| O|  |TAMS 0x0000000082800000, 0x0000000082700000| Untracked 
|  40|0x0000000082800000, 0x0000000082900000, 0x0000000082900000|100%| O|  |TAMS 0x0000000082900000, 0x0000000082800000| Untracked 
|  41|0x0000000082900000, 0x0000000082a00000, 0x0000000082a00000|100%| O|  |TAMS 0x0000000082a00000, 0x0000000082900000| Untracked 
|  42|0x0000000082a00000, 0x0000000082b00000, 0x0000000082b00000|100%| O|  |TAMS 0x0000000082b00000, 0x0000000082a00000| Untracked 
|  43|0x0000000082b00000, 0x0000000082c00000, 0x0000000082c00000|100%| O|  |TAMS 0x0000000082c00000, 0x0000000082b00000| Untracked 
|  44|0x0000000082c00000, 0x0000000082d00000, 0x0000000082d00000|100%| O|  |TAMS 0x0000000082d00000, 0x0000000082c00000| Untracked 
|  45|0x0000000082d00000, 0x0000000082e00000, 0x0000000082e00000|100%| O|  |TAMS 0x0000000082e00000, 0x0000000082d00000| Untracked 
|  46|0x0000000082e00000, 0x0000000082f00000, 0x0000000082f00000|100%| O|  |TAMS 0x0000000082f00000, 0x0000000082e00000| Untracked 
|  47|0x0000000082f00000, 0x0000000083000000, 0x0000000083000000|100%| O|  |TAMS 0x0000000083000000, 0x0000000082f00000| Untracked 
|  48|0x0000000083000000, 0x0000000083100000, 0x0000000083100000|100%| O|  |TAMS 0x0000000083100000, 0x0000000083000000| Untracked 
|  49|0x0000000083100000, 0x0000000083200000, 0x0000000083200000|100%| O|  |TAMS 0x0000000083200000, 0x0000000083100000| Untracked 
|  50|0x0000000083200000, 0x0000000083300000, 0x0000000083300000|100%| O|  |TAMS 0x0000000083300000, 0x0000000083200000| Untracked 
|  51|0x0000000083300000, 0x0000000083400000, 0x0000000083400000|100%| O|  |TAMS 0x0000000083400000, 0x0000000083300000| Untracked 
|  52|0x0000000083400000, 0x0000000083500000, 0x0000000083500000|100%| O|  |TAMS 0x0000000083500000, 0x0000000083400000| Untracked 
|  53|0x0000000083500000, 0x0000000083600000, 0x0000000083600000|100%| O|  |TAMS 0x0000000083600000, 0x0000000083500000| Untracked 
|  54|0x0000000083600000, 0x0000000083700000, 0x0000000083700000|100%| O|  |TAMS 0x0000000083700000, 0x0000000083600000| Untracked 
|  55|0x0000000083700000, 0x0000000083800000, 0x0000000083800000|100%| O|  |TAMS 0x0000000083800000, 0x0000000083700000| Untracked 
|  56|0x0000000083800000, 0x0000000083900000, 0x0000000083900000|100%| O|  |TAMS 0x0000000083900000, 0x0000000083800000| Untracked 
|  57|0x0000000083900000, 0x0000000083a00000, 0x0000000083a00000|100%| O|  |TAMS 0x0000000083a00000, 0x0000000083900000| Untracked 
|  58|0x0000000083a00000, 0x0000000083b00000, 0x0000000083b00000|100%| O|  |TAMS 0x0000000083b00000, 0x0000000083a00000| Untracked 
|  59|0x0000000083b00000, 0x0000000083c00000, 0x0000000083c00000|100%| O|  |TAMS 0x0000000083c00000, 0x0000000083b00000| Untracked 
|  60|0x0000000083c00000, 0x0000000083d00000, 0x0000000083d00000|100%| O|  |TAMS 0x0000000083d00000, 0x0000000083c00000| Untracked 
|  61|0x0000000083d00000, 0x0000000083e00000, 0x0000000083e00000|100%| O|  |TAMS 0x0000000083e00000, 0x0000000083d00000| Untracked 
|  62|0x0000000083e00000, 0x0000000083f00000, 0x0000000083f00000|100%| O|  |TAMS 0x0000000083f00000, 0x0000000083e00000| Untracked 
|  63|0x0000000083f00000, 0x0000000084000000, 0x0000000084000000|100%| O|  |TAMS 0x0000000083f00000, 0x0000000083f00000| Untracked 
|  64|0x0000000084000000, 0x0000000084100000, 0x0000000084100000|100%| O|  |TAMS 0x0000000084000000, 0x0000000084000000| Untracked 
|  65|0x0000000084100000, 0x0000000084200000, 0x0000000084200000|100%| O|  |TAMS 0x0000000084100000, 0x0000000084100000| Untracked 
|  66|0x0000000084200000, 0x0000000084300000, 0x0000000084300000|100%| O|  |TAMS 0x0000000084300000, 0x0000000084200000| Untracked 
|  67|0x0000000084300000, 0x0000000084400000, 0x0000000084400000|100%| O|  |TAMS 0x0000000084400000, 0x0000000084300000| Untracked 
|  68|0x0000000084400000, 0x0000000084500000, 0x0000000084500000|100%| O|  |TAMS 0x0000000084500000, 0x0000000084400000| Untracked 
|  69|0x0000000084500000, 0x0000000084600000, 0x0000000084600000|100%| O|  |TAMS 0x0000000084600000, 0x0000000084500000| Untracked 
|  70|0x0000000084600000, 0x0000000084700000, 0x0000000084700000|100%| O|  |TAMS 0x0000000084700000, 0x0000000084600000| Untracked 
|  71|0x0000000084700000, 0x0000000084800000, 0x0000000084800000|100%| O|  |TAMS 0x0000000084800000, 0x0000000084700000| Untracked 
|  72|0x0000000084800000, 0x0000000084900000, 0x0000000084900000|100%| O|  |TAMS 0x0000000084900000, 0x0000000084800000| Untracked 
|  73|0x0000000084900000, 0x0000000084a00000, 0x0000000084a00000|100%| O|  |TAMS 0x0000000084a00000, 0x0000000084900000| Untracked 
|  74|0x0000000084a00000, 0x0000000084b00000, 0x0000000084b00000|100%| O|  |TAMS 0x0000000084a00000, 0x0000000084a00000| Untracked 
|  75|0x0000000084b00000, 0x0000000084c00000, 0x0000000084c00000|100%| O|  |TAMS 0x0000000084c00000, 0x0000000084b00000| Untracked 
|  76|0x0000000084c00000, 0x0000000084d00000, 0x0000000084d00000|100%| O|  |TAMS 0x0000000084d00000, 0x0000000084c00000| Untracked 
|  77|0x0000000084d00000, 0x0000000084e00000, 0x0000000084e00000|100%| O|  |TAMS 0x0000000084e00000, 0x0000000084d00000| Untracked 
|  78|0x0000000084e00000, 0x0000000084f00000, 0x0000000084f00000|100%| O|  |TAMS 0x0000000084f00000, 0x0000000084e00000| Untracked 
|  79|0x0000000084f00000, 0x0000000085000000, 0x0000000085000000|100%| O|  |TAMS 0x0000000085000000, 0x0000000084f00000| Untracked 
|  80|0x0000000085000000, 0x0000000085100000, 0x0000000085100000|100%| O|  |TAMS 0x0000000085100000, 0x0000000085000000| Untracked 
|  81|0x0000000085100000, 0x0000000085200000, 0x0000000085200000|100%| O|  |TAMS 0x0000000085200000, 0x0000000085100000| Untracked 
|  82|0x0000000085200000, 0x0000000085300000, 0x0000000085300000|100%| O|  |TAMS 0x0000000085200000, 0x0000000085200000| Untracked 
|  83|0x0000000085300000, 0x0000000085400000, 0x0000000085400000|100%| O|  |TAMS 0x0000000085400000, 0x0000000085300000| Untracked 
|  84|0x0000000085400000, 0x0000000085500000, 0x0000000085500000|100%| O|  |TAMS 0x0000000085500000, 0x0000000085400000| Untracked 
|  85|0x0000000085500000, 0x0000000085600000, 0x0000000085600000|100%| O|  |TAMS 0x0000000085600000, 0x0000000085500000| Untracked 
|  86|0x0000000085600000, 0x0000000085700000, 0x0000000085700000|100%| O|  |TAMS 0x0000000085700000, 0x0000000085600000| Untracked 
|  87|0x0000000085700000, 0x0000000085800000, 0x0000000085800000|100%| O|  |TAMS 0x0000000085800000, 0x0000000085700000| Untracked 
|  88|0x0000000085800000, 0x0000000085900000, 0x0000000085900000|100%| O|  |TAMS 0x0000000085900000, 0x0000000085800000| Untracked 
|  89|0x0000000085900000, 0x0000000085a00000, 0x0000000085a00000|100%| O|  |TAMS 0x0000000085a00000, 0x0000000085900000| Untracked 
|  90|0x0000000085a00000, 0x0000000085b00000, 0x0000000085b00000|100%| O|  |TAMS 0x0000000085b00000, 0x0000000085a00000| Untracked 
|  91|0x0000000085b00000, 0x0000000085c00000, 0x0000000085c00000|100%| O|  |TAMS 0x0000000085c00000, 0x0000000085b00000| Untracked 
|  92|0x0000000085c00000, 0x0000000085d00000, 0x0000000085d00000|100%| O|  |TAMS 0x0000000085d00000, 0x0000000085c00000| Untracked 
|  93|0x0000000085d00000, 0x0000000085e00000, 0x0000000085e00000|100%| O|  |TAMS 0x0000000085e00000, 0x0000000085d00000| Untracked 
|  94|0x0000000085e00000, 0x0000000085f00000, 0x0000000085f00000|100%| O|  |TAMS 0x0000000085f00000, 0x0000000085e00000| Untracked 
|  95|0x0000000085f00000, 0x0000000086000000, 0x0000000086000000|100%| O|  |TAMS 0x0000000086000000, 0x0000000085f00000| Untracked 
|  96|0x0000000086000000, 0x0000000086100000, 0x0000000086100000|100%| O|  |TAMS 0x0000000086000000, 0x0000000086000000| Untracked 
|  97|0x0000000086100000, 0x0000000086200000, 0x0000000086200000|100%| O|  |TAMS 0x0000000086200000, 0x0000000086100000| Untracked 
|  98|0x0000000086200000, 0x0000000086300000, 0x0000000086300000|100%| O|  |TAMS 0x0000000086300000, 0x0000000086200000| Untracked 
|  99|0x0000000086300000, 0x0000000086400000, 0x0000000086400000|100%| O|  |TAMS 0x0000000086400000, 0x0000000086300000| Untracked 
| 100|0x0000000086400000, 0x0000000086500000, 0x0000000086500000|100%| O|  |TAMS 0x0000000086500000, 0x0000000086400000| Untracked 
| 101|0x0000000086500000, 0x0000000086600000, 0x0000000086600000|100%| O|  |TAMS 0x0000000086600000, 0x0000000086500000| Untracked 
| 102|0x0000000086600000, 0x0000000086700000, 0x0000000086700000|100%| O|  |TAMS 0x0000000086700000, 0x0000000086600000| Untracked 
| 103|0x0000000086700000, 0x0000000086800000, 0x0000000086800000|100%| O|  |TAMS 0x0000000086800000, 0x0000000086700000| Untracked 
| 104|0x0000000086800000, 0x0000000086900000, 0x0000000086900000|100%| O|  |TAMS 0x0000000086900000, 0x0000000086800000| Untracked 
| 105|0x0000000086900000, 0x0000000086a00000, 0x0000000086a00000|100%| O|  |TAMS 0x0000000086a00000, 0x0000000086900000| Untracked 
| 106|0x0000000086a00000, 0x0000000086b00000, 0x0000000086b00000|100%| O|  |TAMS 0x0000000086b00000, 0x0000000086a00000| Untracked 
| 107|0x0000000086b00000, 0x0000000086c00000, 0x0000000086c00000|100%| O|  |TAMS 0x0000000086c00000, 0x0000000086b00000| Untracked 
| 108|0x0000000086c00000, 0x0000000086d00000, 0x0000000086d00000|100%| O|  |TAMS 0x0000000086d00000, 0x0000000086c00000| Untracked 
| 109|0x0000000086d00000, 0x0000000086e00000, 0x0000000086e00000|100%| O|  |TAMS 0x0000000086db3600, 0x0000000086d00000| Untracked 
| 110|0x0000000086e00000, 0x0000000086f00000, 0x0000000086f00000|100%| O|  |TAMS 0x0000000086e00000, 0x0000000086e00000| Untracked 
| 111|0x0000000086f00000, 0x0000000087000000, 0x0000000087000000|100%| O|  |TAMS 0x0000000086f00000, 0x0000000086f00000| Untracked 
| 112|0x0000000087000000, 0x0000000087100000, 0x0000000087100000|100%| O|  |TAMS 0x0000000087000000, 0x0000000087000000| Untracked 
| 113|0x0000000087100000, 0x0000000087199000, 0x0000000087200000| 59%| O|  |TAMS 0x0000000087100000, 0x0000000087100000| Untracked 
| 114|0x0000000087200000, 0x0000000087200000, 0x0000000087300000|  0%| F|  |TAMS 0x0000000087200000, 0x0000000087200000| Untracked 
| 115|0x0000000087300000, 0x0000000087300000, 0x0000000087400000|  0%| F|  |TAMS 0x0000000087300000, 0x0000000087300000| Untracked 
| 116|0x0000000087400000, 0x0000000087400000, 0x0000000087500000|  0%| F|  |TAMS 0x0000000087400000, 0x0000000087400000| Untracked 
| 117|0x0000000087500000, 0x0000000087500000, 0x0000000087600000|  0%| F|  |TAMS 0x0000000087500000, 0x0000000087500000| Untracked 
| 118|0x0000000087600000, 0x0000000087600000, 0x0000000087700000|  0%| F|  |TAMS 0x0000000087600000, 0x0000000087600000| Untracked 
| 119|0x0000000087700000, 0x0000000087700000, 0x0000000087800000|  0%| F|  |TAMS 0x0000000087700000, 0x0000000087700000| Untracked 
| 120|0x0000000087800000, 0x0000000087800000, 0x0000000087900000|  0%| F|  |TAMS 0x0000000087800000, 0x0000000087800000| Untracked 
| 121|0x0000000087900000, 0x0000000087900000, 0x0000000087a00000|  0%| F|  |TAMS 0x0000000087900000, 0x0000000087900000| Untracked 
| 122|0x0000000087a00000, 0x0000000087a00000, 0x0000000087b00000|  0%| F|  |TAMS 0x0000000087a00000, 0x0000000087a00000| Untracked 
| 123|0x0000000087b00000, 0x0000000087b00000, 0x0000000087c00000|  0%| F|  |TAMS 0x0000000087b00000, 0x0000000087b00000| Untracked 
| 124|0x0000000087c00000, 0x0000000087c00000, 0x0000000087d00000|  0%| F|  |TAMS 0x0000000087c00000, 0x0000000087c00000| Untracked 
| 125|0x0000000087d00000, 0x0000000087d00000, 0x0000000087e00000|  0%| F|  |TAMS 0x0000000087d00000, 0x0000000087d00000| Untracked 
| 126|0x0000000087e00000, 0x0000000087e00000, 0x0000000087f00000|  0%| F|  |TAMS 0x0000000087e00000, 0x0000000087e00000| Untracked 
| 127|0x0000000087f00000, 0x0000000087f00000, 0x0000000088000000|  0%| F|  |TAMS 0x0000000087f00000, 0x0000000087f00000| Untracked 
| 128|0x0000000088000000, 0x0000000088000000, 0x0000000088100000|  0%| F|  |TAMS 0x0000000088000000, 0x0000000088000000| Untracked 
| 129|0x0000000088100000, 0x0000000088100000, 0x0000000088200000|  0%| F|  |TAMS 0x0000000088100000, 0x0000000088100000| Untracked 
| 130|0x0000000088200000, 0x0000000088200000, 0x0000000088300000|  0%| F|  |TAMS 0x0000000088200000, 0x0000000088200000| Untracked 
| 131|0x0000000088300000, 0x0000000088300000, 0x0000000088400000|  0%| F|  |TAMS 0x0000000088300000, 0x0000000088300000| Untracked 
| 132|0x0000000088400000, 0x0000000088400000, 0x0000000088500000|  0%| F|  |TAMS 0x0000000088400000, 0x0000000088400000| Untracked 
| 133|0x0000000088500000, 0x0000000088500000, 0x0000000088600000|  0%| F|  |TAMS 0x0000000088500000, 0x0000000088500000| Untracked 
| 134|0x0000000088600000, 0x0000000088600000, 0x0000000088700000|  0%| F|  |TAMS 0x0000000088600000, 0x0000000088600000| Untracked 
| 135|0x0000000088700000, 0x0000000088700000, 0x0000000088800000|  0%| F|  |TAMS 0x0000000088700000, 0x0000000088700000| Untracked 
| 136|0x0000000088800000, 0x0000000088800000, 0x0000000088900000|  0%| F|  |TAMS 0x0000000088800000, 0x0000000088800000| Untracked 
| 137|0x0000000088900000, 0x0000000088900000, 0x0000000088a00000|  0%| F|  |TAMS 0x0000000088900000, 0x0000000088900000| Untracked 
| 138|0x0000000088a00000, 0x0000000088a00000, 0x0000000088b00000|  0%| F|  |TAMS 0x0000000088a00000, 0x0000000088a00000| Untracked 
| 139|0x0000000088b00000, 0x0000000088b00000, 0x0000000088c00000|  0%| F|  |TAMS 0x0000000088b00000, 0x0000000088b00000| Untracked 
| 140|0x0000000088c00000, 0x0000000088c00000, 0x0000000088d00000|  0%| F|  |TAMS 0x0000000088c00000, 0x0000000088c00000| Untracked 
| 141|0x0000000088d00000, 0x0000000088d00000, 0x0000000088e00000|  0%| F|  |TAMS 0x0000000088d00000, 0x0000000088d00000| Untracked 
| 142|0x0000000088e00000, 0x0000000088e00000, 0x0000000088f00000|  0%| F|  |TAMS 0x0000000088e00000, 0x0000000088e00000| Untracked 
| 143|0x0000000088f00000, 0x0000000088f00000, 0x0000000089000000|  0%| F|  |TAMS 0x0000000088f00000, 0x0000000088f00000| Untracked 
| 144|0x0000000089000000, 0x0000000089000000, 0x0000000089100000|  0%| F|  |TAMS 0x0000000089000000, 0x0000000089000000| Untracked 
| 145|0x0000000089100000, 0x0000000089200000, 0x0000000089200000|100%| S|CS|TAMS 0x0000000089100000, 0x0000000089100000| Complete 
| 146|0x0000000089200000, 0x0000000089300000, 0x0000000089300000|100%| S|CS|TAMS 0x0000000089200000, 0x0000000089200000| Complete 
| 147|0x0000000089300000, 0x0000000089400000, 0x0000000089400000|100%| S|CS|TAMS 0x0000000089300000, 0x0000000089300000| Complete 
| 148|0x0000000089400000, 0x0000000089500000, 0x0000000089500000|100%| S|CS|TAMS 0x0000000089400000, 0x0000000089400000| Complete 
| 149|0x0000000089500000, 0x0000000089600000, 0x0000000089600000|100%| S|CS|TAMS 0x0000000089500000, 0x0000000089500000| Complete 
| 150|0x0000000089600000, 0x0000000089700000, 0x0000000089700000|100%| S|CS|TAMS 0x0000000089600000, 0x0000000089600000| Complete 
| 151|0x0000000089700000, 0x0000000089800000, 0x0000000089800000|100%| S|CS|TAMS 0x0000000089700000, 0x0000000089700000| Complete 
| 152|0x0000000089800000, 0x0000000089900000, 0x0000000089900000|100%| S|CS|TAMS 0x0000000089800000, 0x0000000089800000| Complete 
| 153|0x0000000089900000, 0x0000000089a00000, 0x0000000089a00000|100%| S|CS|TAMS 0x0000000089900000, 0x0000000089900000| Complete 
| 154|0x0000000089a00000, 0x0000000089b00000, 0x0000000089b00000|100%| S|CS|TAMS 0x0000000089a00000, 0x0000000089a00000| Complete 
| 155|0x0000000089b00000, 0x0000000089c00000, 0x0000000089c00000|100%| S|CS|TAMS 0x0000000089b00000, 0x0000000089b00000| Complete 
| 156|0x0000000089c00000, 0x0000000089d00000, 0x0000000089d00000|100%| S|CS|TAMS 0x0000000089c00000, 0x0000000089c00000| Complete 
| 157|0x0000000089d00000, 0x0000000089e00000, 0x0000000089e00000|100%| S|CS|TAMS 0x0000000089d00000, 0x0000000089d00000| Complete 
| 158|0x0000000089e00000, 0x0000000089f00000, 0x0000000089f00000|100%| S|CS|TAMS 0x0000000089e00000, 0x0000000089e00000| Complete 
| 159|0x0000000089f00000, 0x000000008a000000, 0x000000008a000000|100%| S|CS|TAMS 0x0000000089f00000, 0x0000000089f00000| Complete 
| 160|0x000000008a000000, 0x000000008a000000, 0x000000008a100000|  0%| F|  |TAMS 0x000000008a000000, 0x000000008a000000| Untracked 
| 161|0x000000008a100000, 0x000000008a100000, 0x000000008a200000|  0%| F|  |TAMS 0x000000008a100000, 0x000000008a100000| Untracked 
| 162|0x000000008a200000, 0x000000008a200000, 0x000000008a300000|  0%| F|  |TAMS 0x000000008a200000, 0x000000008a200000| Untracked 
| 163|0x000000008a300000, 0x000000008a300000, 0x000000008a400000|  0%| F|  |TAMS 0x000000008a300000, 0x000000008a300000| Untracked 
| 164|0x000000008a400000, 0x000000008a400000, 0x000000008a500000|  0%| F|  |TAMS 0x000000008a400000, 0x000000008a400000| Untracked 
| 165|0x000000008a500000, 0x000000008a500000, 0x000000008a600000|  0%| F|  |TAMS 0x000000008a500000, 0x000000008a500000| Untracked 
| 166|0x000000008a600000, 0x000000008a600000, 0x000000008a700000|  0%| F|  |TAMS 0x000000008a600000, 0x000000008a600000| Untracked 
| 167|0x000000008a700000, 0x000000008a700000, 0x000000008a800000|  0%| F|  |TAMS 0x000000008a700000, 0x000000008a700000| Untracked 
| 168|0x000000008a800000, 0x000000008a800000, 0x000000008a900000|  0%| F|  |TAMS 0x000000008a800000, 0x000000008a800000| Untracked 
| 169|0x000000008a900000, 0x000000008a900000, 0x000000008aa00000|  0%| F|  |TAMS 0x000000008a900000, 0x000000008a900000| Untracked 
| 170|0x000000008aa00000, 0x000000008aa00000, 0x000000008ab00000|  0%| F|  |TAMS 0x000000008aa00000, 0x000000008aa00000| Untracked 
| 171|0x000000008ab00000, 0x000000008ab00000, 0x000000008ac00000|  0%| F|  |TAMS 0x000000008ab00000, 0x000000008ab00000| Untracked 
| 172|0x000000008ac00000, 0x000000008ac00000, 0x000000008ad00000|  0%| F|  |TAMS 0x000000008ac00000, 0x000000008ac00000| Untracked 
| 173|0x000000008ad00000, 0x000000008ad00000, 0x000000008ae00000|  0%| F|  |TAMS 0x000000008ad00000, 0x000000008ad00000| Untracked 
| 174|0x000000008ae00000, 0x000000008ae00000, 0x000000008af00000|  0%| F|  |TAMS 0x000000008ae00000, 0x000000008ae00000| Untracked 
| 175|0x000000008af00000, 0x000000008af00000, 0x000000008b000000|  0%| F|  |TAMS 0x000000008af00000, 0x000000008af00000| Untracked 
| 176|0x000000008b000000, 0x000000008b000000, 0x000000008b100000|  0%| F|  |TAMS 0x000000008b000000, 0x000000008b000000| Untracked 
| 177|0x000000008b100000, 0x000000008b100000, 0x000000008b200000|  0%| F|  |TAMS 0x000000008b100000, 0x000000008b100000| Untracked 
| 178|0x000000008b200000, 0x000000008b200000, 0x000000008b300000|  0%| F|  |TAMS 0x000000008b200000, 0x000000008b200000| Untracked 
| 179|0x000000008b300000, 0x000000008b300000, 0x000000008b400000|  0%| F|  |TAMS 0x000000008b300000, 0x000000008b300000| Untracked 
| 180|0x000000008b400000, 0x000000008b400000, 0x000000008b500000|  0%| F|  |TAMS 0x000000008b400000, 0x000000008b400000| Untracked 
| 181|0x000000008b500000, 0x000000008b500000, 0x000000008b600000|  0%| F|  |TAMS 0x000000008b500000, 0x000000008b500000| Untracked 
| 182|0x000000008b600000, 0x000000008b600000, 0x000000008b700000|  0%| F|  |TAMS 0x000000008b600000, 0x000000008b600000| Untracked 
| 183|0x000000008b700000, 0x000000008b700000, 0x000000008b800000|  0%| F|  |TAMS 0x000000008b700000, 0x000000008b700000| Untracked 
| 184|0x000000008b800000, 0x000000008b800000, 0x000000008b900000|  0%| F|  |TAMS 0x000000008b800000, 0x000000008b800000| Untracked 
| 185|0x000000008b900000, 0x000000008b900000, 0x000000008ba00000|  0%| F|  |TAMS 0x000000008b900000, 0x000000008b900000| Untracked 
| 186|0x000000008ba00000, 0x000000008ba00000, 0x000000008bb00000|  0%| F|  |TAMS 0x000000008ba00000, 0x000000008ba00000| Untracked 
| 187|0x000000008bb00000, 0x000000008bb00000, 0x000000008bc00000|  0%| F|  |TAMS 0x000000008bb00000, 0x000000008bb00000| Untracked 
| 188|0x000000008bc00000, 0x000000008bc00000, 0x000000008bd00000|  0%| F|  |TAMS 0x000000008bc00000, 0x000000008bc00000| Untracked 
| 189|0x000000008bd00000, 0x000000008bd00000, 0x000000008be00000|  0%| F|  |TAMS 0x000000008bd00000, 0x000000008bd00000| Untracked 
| 190|0x000000008be00000, 0x000000008be00000, 0x000000008bf00000|  0%| F|  |TAMS 0x000000008be00000, 0x000000008be00000| Untracked 
| 191|0x000000008bf00000, 0x000000008bf00000, 0x000000008c000000|  0%| F|  |TAMS 0x000000008bf00000, 0x000000008bf00000| Untracked 
| 192|0x000000008c000000, 0x000000008c000000, 0x000000008c100000|  0%| F|  |TAMS 0x000000008c000000, 0x000000008c000000| Untracked 
| 193|0x000000008c100000, 0x000000008c100000, 0x000000008c200000|  0%| F|  |TAMS 0x000000008c100000, 0x000000008c100000| Untracked 
| 194|0x000000008c200000, 0x000000008c200000, 0x000000008c300000|  0%| F|  |TAMS 0x000000008c200000, 0x000000008c200000| Untracked 
| 195|0x000000008c300000, 0x000000008c300000, 0x000000008c400000|  0%| F|  |TAMS 0x000000008c300000, 0x000000008c300000| Untracked 
| 196|0x000000008c400000, 0x000000008c400000, 0x000000008c500000|  0%| F|  |TAMS 0x000000008c400000, 0x000000008c400000| Untracked 
| 197|0x000000008c500000, 0x000000008c500000, 0x000000008c600000|  0%| F|  |TAMS 0x000000008c500000, 0x000000008c500000| Untracked 
| 198|0x000000008c600000, 0x000000008c600000, 0x000000008c700000|  0%| F|  |TAMS 0x000000008c600000, 0x000000008c600000| Untracked 
| 199|0x000000008c700000, 0x000000008c700000, 0x000000008c800000|  0%| F|  |TAMS 0x000000008c700000, 0x000000008c700000| Untracked 
| 200|0x000000008c800000, 0x000000008c800000, 0x000000008c900000|  0%| F|  |TAMS 0x000000008c800000, 0x000000008c800000| Untracked 
| 201|0x000000008c900000, 0x000000008c900000, 0x000000008ca00000|  0%| F|  |TAMS 0x000000008c900000, 0x000000008c900000| Untracked 
| 202|0x000000008ca00000, 0x000000008ca00000, 0x000000008cb00000|  0%| F|  |TAMS 0x000000008ca00000, 0x000000008ca00000| Untracked 
| 203|0x000000008cb00000, 0x000000008cb00000, 0x000000008cc00000|  0%| F|  |TAMS 0x000000008cb00000, 0x000000008cb00000| Untracked 
| 204|0x000000008cc00000, 0x000000008cc00000, 0x000000008cd00000|  0%| F|  |TAMS 0x000000008cc00000, 0x000000008cc00000| Untracked 
| 205|0x000000008cd00000, 0x000000008cd00000, 0x000000008ce00000|  0%| F|  |TAMS 0x000000008cd00000, 0x000000008cd00000| Untracked 
| 206|0x000000008ce00000, 0x000000008ce00000, 0x000000008cf00000|  0%| F|  |TAMS 0x000000008ce00000, 0x000000008ce00000| Untracked 
| 207|0x000000008cf00000, 0x000000008cf00000, 0x000000008d000000|  0%| F|  |TAMS 0x000000008cf00000, 0x000000008cf00000| Untracked 
| 208|0x000000008d000000, 0x000000008d000000, 0x000000008d100000|  0%| F|  |TAMS 0x000000008d000000, 0x000000008d000000| Untracked 
| 209|0x000000008d100000, 0x000000008d100000, 0x000000008d200000|  0%| F|  |TAMS 0x000000008d100000, 0x000000008d100000| Untracked 
| 210|0x000000008d200000, 0x000000008d200000, 0x000000008d300000|  0%| F|  |TAMS 0x000000008d200000, 0x000000008d200000| Untracked 
| 211|0x000000008d300000, 0x000000008d300000, 0x000000008d400000|  0%| F|  |TAMS 0x000000008d300000, 0x000000008d300000| Untracked 
| 212|0x000000008d400000, 0x000000008d400000, 0x000000008d500000|  0%| F|  |TAMS 0x000000008d400000, 0x000000008d400000| Untracked 
| 213|0x000000008d500000, 0x000000008d500000, 0x000000008d600000|  0%| F|  |TAMS 0x000000008d500000, 0x000000008d500000| Untracked 
| 214|0x000000008d600000, 0x000000008d600000, 0x000000008d700000|  0%| F|  |TAMS 0x000000008d600000, 0x000000008d600000| Untracked 
| 215|0x000000008d700000, 0x000000008d700000, 0x000000008d800000|  0%| F|  |TAMS 0x000000008d700000, 0x000000008d700000| Untracked 
| 216|0x000000008d800000, 0x000000008d800000, 0x000000008d900000|  0%| F|  |TAMS 0x000000008d800000, 0x000000008d800000| Untracked 
| 217|0x000000008d900000, 0x000000008d900000, 0x000000008da00000|  0%| F|  |TAMS 0x000000008d900000, 0x000000008d900000| Untracked 
| 218|0x000000008da00000, 0x000000008da00000, 0x000000008db00000|  0%| F|  |TAMS 0x000000008da00000, 0x000000008da00000| Untracked 
| 219|0x000000008db00000, 0x000000008db00000, 0x000000008dc00000|  0%| F|  |TAMS 0x000000008db00000, 0x000000008db00000| Untracked 
| 220|0x000000008dc00000, 0x000000008dc00000, 0x000000008dd00000|  0%| F|  |TAMS 0x000000008dc00000, 0x000000008dc00000| Untracked 
| 221|0x000000008dd00000, 0x000000008dd00000, 0x000000008de00000|  0%| F|  |TAMS 0x000000008dd00000, 0x000000008dd00000| Untracked 
| 222|0x000000008de00000, 0x000000008de00000, 0x000000008df00000|  0%| F|  |TAMS 0x000000008de00000, 0x000000008de00000| Untracked 
| 223|0x000000008df00000, 0x000000008df00000, 0x000000008e000000|  0%| F|  |TAMS 0x000000008df00000, 0x000000008df00000| Untracked 
| 224|0x000000008e000000, 0x000000008e000000, 0x000000008e100000|  0%| F|  |TAMS 0x000000008e000000, 0x000000008e000000| Untracked 
| 225|0x000000008e100000, 0x000000008e100000, 0x000000008e200000|  0%| F|  |TAMS 0x000000008e100000, 0x000000008e100000| Untracked 
| 226|0x000000008e200000, 0x000000008e200000, 0x000000008e300000|  0%| F|  |TAMS 0x000000008e200000, 0x000000008e200000| Untracked 
| 227|0x000000008e300000, 0x000000008e300000, 0x000000008e400000|  0%| F|  |TAMS 0x000000008e300000, 0x000000008e300000| Untracked 
| 228|0x000000008e400000, 0x000000008e400000, 0x000000008e500000|  0%| F|  |TAMS 0x000000008e400000, 0x000000008e400000| Untracked 
| 229|0x000000008e500000, 0x000000008e500000, 0x000000008e600000|  0%| F|  |TAMS 0x000000008e500000, 0x000000008e500000| Untracked 
| 230|0x000000008e600000, 0x000000008e600000, 0x000000008e700000|  0%| F|  |TAMS 0x000000008e600000, 0x000000008e600000| Untracked 
| 231|0x000000008e700000, 0x000000008e700000, 0x000000008e800000|  0%| F|  |TAMS 0x000000008e700000, 0x000000008e700000| Untracked 
| 232|0x000000008e800000, 0x000000008e800000, 0x000000008e900000|  0%| F|  |TAMS 0x000000008e800000, 0x000000008e800000| Untracked 
| 233|0x000000008e900000, 0x000000008e900000, 0x000000008ea00000|  0%| F|  |TAMS 0x000000008e900000, 0x000000008e900000| Untracked 
| 234|0x000000008ea00000, 0x000000008ea00000, 0x000000008eb00000|  0%| F|  |TAMS 0x000000008ea00000, 0x000000008ea00000| Untracked 
| 235|0x000000008eb00000, 0x000000008eb00000, 0x000000008ec00000|  0%| F|  |TAMS 0x000000008eb00000, 0x000000008eb00000| Untracked 
| 236|0x000000008ec00000, 0x000000008ec00000, 0x000000008ed00000|  0%| F|  |TAMS 0x000000008ec00000, 0x000000008ec00000| Untracked 
| 237|0x000000008ed00000, 0x000000008ed00000, 0x000000008ee00000|  0%| F|  |TAMS 0x000000008ed00000, 0x000000008ed00000| Untracked 
| 238|0x000000008ee00000, 0x000000008ee00000, 0x000000008ef00000|  0%| F|  |TAMS 0x000000008ee00000, 0x000000008ee00000| Untracked 
| 239|0x000000008ef00000, 0x000000008ef00000, 0x000000008f000000|  0%| F|  |TAMS 0x000000008ef00000, 0x000000008ef00000| Untracked 
| 240|0x000000008f000000, 0x000000008f000000, 0x000000008f100000|  0%| F|  |TAMS 0x000000008f000000, 0x000000008f000000| Untracked 
| 241|0x000000008f100000, 0x000000008f100000, 0x000000008f200000|  0%| F|  |TAMS 0x000000008f100000, 0x000000008f100000| Untracked 
| 242|0x000000008f200000, 0x000000008f200000, 0x000000008f300000|  0%| F|  |TAMS 0x000000008f200000, 0x000000008f200000| Untracked 
| 243|0x000000008f300000, 0x000000008f300000, 0x000000008f400000|  0%| F|  |TAMS 0x000000008f300000, 0x000000008f300000| Untracked 
| 244|0x000000008f400000, 0x000000008f400000, 0x000000008f500000|  0%| F|  |TAMS 0x000000008f400000, 0x000000008f400000| Untracked 
| 245|0x000000008f500000, 0x000000008f500000, 0x000000008f600000|  0%| F|  |TAMS 0x000000008f500000, 0x000000008f500000| Untracked 
| 246|0x000000008f600000, 0x000000008f600000, 0x000000008f700000|  0%| F|  |TAMS 0x000000008f600000, 0x000000008f600000| Untracked 
| 247|0x000000008f700000, 0x000000008f700000, 0x000000008f800000|  0%| F|  |TAMS 0x000000008f700000, 0x000000008f700000| Untracked 
| 248|0x000000008f800000, 0x000000008f800000, 0x000000008f900000|  0%| F|  |TAMS 0x000000008f800000, 0x000000008f800000| Untracked 
| 249|0x000000008f900000, 0x000000008f900000, 0x000000008fa00000|  0%| F|  |TAMS 0x000000008f900000, 0x000000008f900000| Untracked 
| 250|0x000000008fa00000, 0x000000008fa00000, 0x000000008fb00000|  0%| F|  |TAMS 0x000000008fa00000, 0x000000008fa00000| Untracked 
| 251|0x000000008fb00000, 0x000000008fb00000, 0x000000008fc00000|  0%| F|  |TAMS 0x000000008fb00000, 0x000000008fb00000| Untracked 
| 252|0x000000008fc00000, 0x000000008fc00000, 0x000000008fd00000|  0%| F|  |TAMS 0x000000008fc00000, 0x000000008fc00000| Untracked 
| 253|0x000000008fd00000, 0x000000008fd00000, 0x000000008fe00000|  0%| F|  |TAMS 0x000000008fd00000, 0x000000008fd00000| Untracked 
| 254|0x000000008fe00000, 0x000000008fe00000, 0x000000008ff00000|  0%| F|  |TAMS 0x000000008fe00000, 0x000000008fe00000| Untracked 
| 255|0x000000008ff00000, 0x000000008ff00000, 0x0000000090000000|  0%| F|  |TAMS 0x000000008ff00000, 0x000000008ff00000| Untracked 
| 256|0x0000000090000000, 0x0000000090000000, 0x0000000090100000|  0%| F|  |TAMS 0x0000000090000000, 0x0000000090000000| Untracked 
| 257|0x0000000090100000, 0x0000000090100000, 0x0000000090200000|  0%| F|  |TAMS 0x0000000090100000, 0x0000000090100000| Untracked 
| 258|0x0000000090200000, 0x0000000090200000, 0x0000000090300000|  0%| F|  |TAMS 0x0000000090200000, 0x0000000090200000| Untracked 
| 259|0x0000000090300000, 0x0000000090300000, 0x0000000090400000|  0%| F|  |TAMS 0x0000000090300000, 0x0000000090300000| Untracked 
| 260|0x0000000090400000, 0x0000000090400000, 0x0000000090500000|  0%| F|  |TAMS 0x0000000090400000, 0x0000000090400000| Untracked 
| 261|0x0000000090500000, 0x0000000090500000, 0x0000000090600000|  0%| F|  |TAMS 0x0000000090500000, 0x0000000090500000| Untracked 
| 262|0x0000000090600000, 0x0000000090600000, 0x0000000090700000|  0%| F|  |TAMS 0x0000000090600000, 0x0000000090600000| Untracked 
| 263|0x0000000090700000, 0x0000000090700000, 0x0000000090800000|  0%| F|  |TAMS 0x0000000090700000, 0x0000000090700000| Untracked 
| 264|0x0000000090800000, 0x0000000090800000, 0x0000000090900000|  0%| F|  |TAMS 0x0000000090800000, 0x0000000090800000| Untracked 
| 265|0x0000000090900000, 0x0000000090900000, 0x0000000090a00000|  0%| F|  |TAMS 0x0000000090900000, 0x0000000090900000| Untracked 
| 266|0x0000000090a00000, 0x0000000090a00000, 0x0000000090b00000|  0%| F|  |TAMS 0x0000000090a00000, 0x0000000090a00000| Untracked 
| 267|0x0000000090b00000, 0x0000000090b00000, 0x0000000090c00000|  0%| F|  |TAMS 0x0000000090b00000, 0x0000000090b00000| Untracked 
| 268|0x0000000090c00000, 0x0000000090c00000, 0x0000000090d00000|  0%| F|  |TAMS 0x0000000090c00000, 0x0000000090c00000| Untracked 
| 269|0x0000000090d00000, 0x0000000090d00000, 0x0000000090e00000|  0%| F|  |TAMS 0x0000000090d00000, 0x0000000090d00000| Untracked 
| 270|0x0000000090e00000, 0x0000000090e00000, 0x0000000090f00000|  0%| F|  |TAMS 0x0000000090e00000, 0x0000000090e00000| Untracked 
| 271|0x0000000090f00000, 0x0000000090f00000, 0x0000000091000000|  0%| F|  |TAMS 0x0000000090f00000, 0x0000000090f00000| Untracked 
| 272|0x0000000091000000, 0x0000000091000000, 0x0000000091100000|  0%| F|  |TAMS 0x0000000091000000, 0x0000000091000000| Untracked 
| 273|0x0000000091100000, 0x0000000091100000, 0x0000000091200000|  0%| F|  |TAMS 0x0000000091100000, 0x0000000091100000| Untracked 
| 274|0x0000000091200000, 0x0000000091200000, 0x0000000091300000|  0%| F|  |TAMS 0x0000000091200000, 0x0000000091200000| Untracked 
| 275|0x0000000091300000, 0x0000000091300000, 0x0000000091400000|  0%| F|  |TAMS 0x0000000091300000, 0x0000000091300000| Untracked 
| 276|0x0000000091400000, 0x0000000091400000, 0x0000000091500000|  0%| F|  |TAMS 0x0000000091400000, 0x0000000091400000| Untracked 
| 277|0x0000000091500000, 0x0000000091500000, 0x0000000091600000|  0%| F|  |TAMS 0x0000000091500000, 0x0000000091500000| Untracked 
| 278|0x0000000091600000, 0x0000000091600000, 0x0000000091700000|  0%| F|  |TAMS 0x0000000091600000, 0x0000000091600000| Untracked 
| 279|0x0000000091700000, 0x0000000091700000, 0x0000000091800000|  0%| F|  |TAMS 0x0000000091700000, 0x0000000091700000| Untracked 
| 280|0x0000000091800000, 0x0000000091800000, 0x0000000091900000|  0%| F|  |TAMS 0x0000000091800000, 0x0000000091800000| Untracked 
| 281|0x0000000091900000, 0x0000000091900000, 0x0000000091a00000|  0%| F|  |TAMS 0x0000000091900000, 0x0000000091900000| Untracked 
| 282|0x0000000091a00000, 0x0000000091a00000, 0x0000000091b00000|  0%| F|  |TAMS 0x0000000091a00000, 0x0000000091a00000| Untracked 
| 283|0x0000000091b00000, 0x0000000091b00000, 0x0000000091c00000|  0%| F|  |TAMS 0x0000000091b00000, 0x0000000091b00000| Untracked 
| 284|0x0000000091c00000, 0x0000000091c00000, 0x0000000091d00000|  0%| F|  |TAMS 0x0000000091c00000, 0x0000000091c00000| Untracked 
| 285|0x0000000091d00000, 0x0000000091d00000, 0x0000000091e00000|  0%| F|  |TAMS 0x0000000091d00000, 0x0000000091d00000| Untracked 
| 286|0x0000000091e00000, 0x0000000091e00000, 0x0000000091f00000|  0%| F|  |TAMS 0x0000000091e00000, 0x0000000091e00000| Untracked 
| 287|0x0000000091f00000, 0x0000000091f00000, 0x0000000092000000|  0%| F|  |TAMS 0x0000000091f00000, 0x0000000091f00000| Untracked 
| 288|0x0000000092000000, 0x0000000092000000, 0x0000000092100000|  0%| F|  |TAMS 0x0000000092000000, 0x0000000092000000| Untracked 
| 289|0x0000000092100000, 0x0000000092100000, 0x0000000092200000|  0%| F|  |TAMS 0x0000000092100000, 0x0000000092100000| Untracked 
| 290|0x0000000092200000, 0x0000000092200000, 0x0000000092300000|  0%| F|  |TAMS 0x0000000092200000, 0x0000000092200000| Untracked 
| 291|0x0000000092300000, 0x0000000092300000, 0x0000000092400000|  0%| F|  |TAMS 0x0000000092300000, 0x0000000092300000| Untracked 
| 292|0x0000000092400000, 0x0000000092400000, 0x0000000092500000|  0%| F|  |TAMS 0x0000000092400000, 0x0000000092400000| Untracked 
| 293|0x0000000092500000, 0x0000000092500000, 0x0000000092600000|  0%| F|  |TAMS 0x0000000092500000, 0x0000000092500000| Untracked 
| 294|0x0000000092600000, 0x0000000092600000, 0x0000000092700000|  0%| F|  |TAMS 0x0000000092600000, 0x0000000092600000| Untracked 
| 295|0x0000000092700000, 0x0000000092700000, 0x0000000092800000|  0%| F|  |TAMS 0x0000000092700000, 0x0000000092700000| Untracked 
| 296|0x0000000092800000, 0x0000000092800000, 0x0000000092900000|  0%| F|  |TAMS 0x0000000092800000, 0x0000000092800000| Untracked 
| 297|0x0000000092900000, 0x0000000092900000, 0x0000000092a00000|  0%| F|  |TAMS 0x0000000092900000, 0x0000000092900000| Untracked 
| 298|0x0000000092a00000, 0x0000000092a00000, 0x0000000092b00000|  0%| F|  |TAMS 0x0000000092a00000, 0x0000000092a00000| Untracked 
| 299|0x0000000092b00000, 0x0000000092b00000, 0x0000000092c00000|  0%| F|  |TAMS 0x0000000092b00000, 0x0000000092b00000| Untracked 
| 300|0x0000000092c00000, 0x0000000092c00000, 0x0000000092d00000|  0%| F|  |TAMS 0x0000000092c00000, 0x0000000092c00000| Untracked 
| 301|0x0000000092d00000, 0x0000000092d00000, 0x0000000092e00000|  0%| F|  |TAMS 0x0000000092d00000, 0x0000000092d00000| Untracked 
| 302|0x0000000092e00000, 0x0000000092e00000, 0x0000000092f00000|  0%| F|  |TAMS 0x0000000092e00000, 0x0000000092e00000| Untracked 
| 303|0x0000000092f00000, 0x0000000092f00000, 0x0000000093000000|  0%| F|  |TAMS 0x0000000092f00000, 0x0000000092f00000| Untracked 
| 304|0x0000000093000000, 0x0000000093000000, 0x0000000093100000|  0%| F|  |TAMS 0x0000000093000000, 0x0000000093000000| Untracked 
| 305|0x0000000093100000, 0x0000000093100000, 0x0000000093200000|  0%| F|  |TAMS 0x0000000093100000, 0x0000000093100000| Untracked 
| 306|0x0000000093200000, 0x0000000093200000, 0x0000000093300000|  0%| F|  |TAMS 0x0000000093200000, 0x0000000093200000| Untracked 
| 307|0x0000000093300000, 0x0000000093300000, 0x0000000093400000|  0%| F|  |TAMS 0x0000000093300000, 0x0000000093300000| Untracked 
| 308|0x0000000093400000, 0x0000000093400000, 0x0000000093500000|  0%| F|  |TAMS 0x0000000093400000, 0x0000000093400000| Untracked 
| 309|0x0000000093500000, 0x0000000093500000, 0x0000000093600000|  0%| F|  |TAMS 0x0000000093500000, 0x0000000093500000| Untracked 
| 310|0x0000000093600000, 0x0000000093600000, 0x0000000093700000|  0%| F|  |TAMS 0x0000000093600000, 0x0000000093600000| Untracked 
| 311|0x0000000093700000, 0x0000000093700000, 0x0000000093800000|  0%| F|  |TAMS 0x0000000093700000, 0x0000000093700000| Untracked 
| 312|0x0000000093800000, 0x0000000093800000, 0x0000000093900000|  0%| F|  |TAMS 0x0000000093800000, 0x0000000093800000| Untracked 
| 313|0x0000000093900000, 0x0000000093900000, 0x0000000093a00000|  0%| F|  |TAMS 0x0000000093900000, 0x0000000093900000| Untracked 
| 314|0x0000000093a00000, 0x0000000093a00000, 0x0000000093b00000|  0%| F|  |TAMS 0x0000000093a00000, 0x0000000093a00000| Untracked 
| 315|0x0000000093b00000, 0x0000000093b00000, 0x0000000093c00000|  0%| F|  |TAMS 0x0000000093b00000, 0x0000000093b00000| Untracked 
| 316|0x0000000093c00000, 0x0000000093c00000, 0x0000000093d00000|  0%| F|  |TAMS 0x0000000093c00000, 0x0000000093c00000| Untracked 
| 317|0x0000000093d00000, 0x0000000093d00000, 0x0000000093e00000|  0%| F|  |TAMS 0x0000000093d00000, 0x0000000093d00000| Untracked 
| 318|0x0000000093e00000, 0x0000000093e00000, 0x0000000093f00000|  0%| F|  |TAMS 0x0000000093e00000, 0x0000000093e00000| Untracked 
| 319|0x0000000093f00000, 0x0000000093f00000, 0x0000000094000000|  0%| F|  |TAMS 0x0000000093f00000, 0x0000000093f00000| Untracked 
| 320|0x0000000094000000, 0x0000000094000000, 0x0000000094100000|  0%| F|  |TAMS 0x0000000094000000, 0x0000000094000000| Untracked 
| 321|0x0000000094100000, 0x0000000094100000, 0x0000000094200000|  0%| F|  |TAMS 0x0000000094100000, 0x0000000094100000| Untracked 
| 322|0x0000000094200000, 0x0000000094200000, 0x0000000094300000|  0%| F|  |TAMS 0x0000000094200000, 0x0000000094200000| Untracked 
| 323|0x0000000094300000, 0x0000000094300000, 0x0000000094400000|  0%| F|  |TAMS 0x0000000094300000, 0x0000000094300000| Untracked 
| 324|0x0000000094400000, 0x0000000094400000, 0x0000000094500000|  0%| F|  |TAMS 0x0000000094400000, 0x0000000094400000| Untracked 
| 325|0x0000000094500000, 0x0000000094500000, 0x0000000094600000|  0%| F|  |TAMS 0x0000000094500000, 0x0000000094500000| Untracked 
| 326|0x0000000094600000, 0x0000000094600000, 0x0000000094700000|  0%| F|  |TAMS 0x0000000094600000, 0x0000000094600000| Untracked 
| 327|0x0000000094700000, 0x0000000094700000, 0x0000000094800000|  0%| F|  |TAMS 0x0000000094700000, 0x0000000094700000| Untracked 
| 328|0x0000000094800000, 0x0000000094800000, 0x0000000094900000|  0%| F|  |TAMS 0x0000000094800000, 0x0000000094800000| Untracked 
| 329|0x0000000094900000, 0x0000000094900000, 0x0000000094a00000|  0%| F|  |TAMS 0x0000000094900000, 0x0000000094900000| Untracked 
| 330|0x0000000094a00000, 0x0000000094a00000, 0x0000000094b00000|  0%| F|  |TAMS 0x0000000094a00000, 0x0000000094a00000| Untracked 
| 331|0x0000000094b00000, 0x0000000094b00000, 0x0000000094c00000|  0%| F|  |TAMS 0x0000000094b00000, 0x0000000094b00000| Untracked 
| 332|0x0000000094c00000, 0x0000000094c00000, 0x0000000094d00000|  0%| F|  |TAMS 0x0000000094c00000, 0x0000000094c00000| Untracked 
| 333|0x0000000094d00000, 0x0000000094d00000, 0x0000000094e00000|  0%| F|  |TAMS 0x0000000094d00000, 0x0000000094d00000| Untracked 
| 334|0x0000000094e00000, 0x0000000094e00000, 0x0000000094f00000|  0%| F|  |TAMS 0x0000000094e00000, 0x0000000094e00000| Untracked 
| 335|0x0000000094f00000, 0x0000000094f00000, 0x0000000095000000|  0%| F|  |TAMS 0x0000000094f00000, 0x0000000094f00000| Untracked 
| 336|0x0000000095000000, 0x0000000095000000, 0x0000000095100000|  0%| F|  |TAMS 0x0000000095000000, 0x0000000095000000| Untracked 
| 337|0x0000000095100000, 0x0000000095100000, 0x0000000095200000|  0%| F|  |TAMS 0x0000000095100000, 0x0000000095100000| Untracked 

Card table byte_map: [0x000001b661910000,0x000001b661d10000] _byte_map_base: 0x000001b661510000

Marking Bits (Prev, Next): (CMBitMap*) 0x000001b64ea5d4a8, (CMBitMap*) 0x000001b64ea5d4e0
 Prev Bits: [0x000001b662110000, 0x000001b664110000)
 Next Bits: [0x000001b664110000, 0x000001b666110000)

Polling page: 0x000001b64c840000

Metaspace:

Usage:
  Non-class:     86.24 MB capacity,    84.72 MB ( 98%) used,     1.22 MB (  1%) free+waste,   306.44 KB ( <1%) overhead. 
      Class:     13.48 MB capacity,    12.52 MB ( 93%) used,   845.16 KB (  6%) free+waste,   138.50 KB (  1%) overhead. 
       Both:     99.73 MB capacity,    97.24 MB ( 98%) used,     2.05 MB (  2%) free+waste,   444.94 KB ( <1%) overhead. 

Virtual space:
  Non-class space:       88.00 MB reserved,      86.45 MB ( 98%) committed 
      Class space:        1.00 GB reserved,      13.57 MB (  1%) committed 
             Both:        1.09 GB reserved,     100.02 MB (  9%) committed 

Chunk freelists:
   Non-Class:  18.00 KB
       Class:  18.00 KB
        Both:  36.00 KB

MaxMetaspaceSize: 17179869184.00 GB
CompressedClassSpaceSize: 1.00 GB

CodeHeap 'non-profiled nmethods': size=120064Kb used=8886Kb max_used=8886Kb free=111177Kb
 bounds [0x000001b659fd0000, 0x000001b65a880000, 0x000001b661510000]
CodeHeap 'profiled nmethods': size=120000Kb used=35744Kb max_used=35744Kb free=84255Kb
 bounds [0x000001b652aa0000, 0x000001b654d90000, 0x000001b659fd0000]
CodeHeap 'non-nmethods': size=5696Kb used=2362Kb max_used=2391Kb free=3333Kb
 bounds [0x000001b652510000, 0x000001b652780000, 0x000001b652aa0000]
 total_blobs=15520 nmethods=14598 adapters=828
 compilation: enabled
              stopped_count=0, restarted_count=0
 full_count=0

Compilation events (20 events):
Event: 35.684 Thread 0x000001b668622800 14883       2       com.android.tools.r8.code.Z0::a (1 bytes)
Event: 35.684 Thread 0x000001b668622800 nmethod 14883 0x000001b654d85390 code [0x000001b654d85540, 0x000001b654d85638]
Event: 35.684 Thread 0x000001b668622800 14885       2       com.android.tools.r8.code.J0::a (1 bytes)
Event: 35.684 Thread 0x000001b668622800 nmethod 14885 0x000001b654d85710 code [0x000001b654d858c0, 0x000001b654d859b8]
Event: 35.684 Thread 0x000001b668622800 14881       2       com.android.tools.r8.code.f3::a (1 bytes)
Event: 35.684 Thread 0x000001b668622800 nmethod 14881 0x000001b654d85a90 code [0x000001b654d85c40, 0x000001b654d85d38]
Event: 35.684 Thread 0x000001b668622800 14884       2       com.android.tools.r8.code.N0::a (1 bytes)
Event: 35.684 Thread 0x000001b668622800 nmethod 14884 0x000001b654d85e10 code [0x000001b654d85fc0, 0x000001b654d860b8]
Event: 35.684 Thread 0x000001b668622800 14889       2       com.android.tools.r8.graph.T0::a (29 bytes)
Event: 35.685 Thread 0x000001b668622800 nmethod 14889 0x000001b654d86190 code [0x000001b654d86360, 0x000001b654d865c8]
Event: 35.685 Thread 0x000001b668622800 14887       2       com.android.tools.r8.graph.Z$$Lambda$1483/0x0000000100d77040::accept (20 bytes)
Event: 35.685 Thread 0x000001b668622800 nmethod 14887 0x000001b654d86810 code [0x000001b654d869c0, 0x000001b654d86b28]
Event: 35.685 Thread 0x000001b668622800 14888       2       com.android.tools.r8.graph.Z::a (132 bytes)
Event: 35.685 Thread 0x000001b668622800 nmethod 14888 0x000001b654d86c10 code [0x000001b654d86e20, 0x000001b654d87238]
Event: 35.685 Thread 0x000001b668622800 14890       2       com.android.tools.r8.internal.na$$Lambda$1485/0x0000000100d76840::apply (5 bytes)
Event: 35.686 Thread 0x000001b668622800 nmethod 14890 0x000001b654d87690 code [0x000001b654d87840, 0x000001b654d879d8]
Event: 35.686 Thread 0x000001b668622800 14891       2       com.android.tools.r8.internal.na::g (5 bytes)
Event: 35.686 Thread 0x000001b668622800 nmethod 14891 0x000001b654d87a90 code [0x000001b654d87c40, 0x000001b654d87db8]
Event: 35.686 Thread 0x000001b668622800 14892       2       com.android.tools.r8.naming.K$b::a (5 bytes)
Event: 35.686 Thread 0x000001b668622800 nmethod 14892 0x000001b654d87e90 code [0x000001b654d88040, 0x000001b654d88138]

GC Heap History (20 events):
Event: 30.546 GC heap after
{Heap after GC invocations=56 (full 0):
 garbage-first heap   total 239616K, used 115692K [0x0000000080000000, 0x0000000100000000)
  region size 1024K, 4 young (4096K), 4 survivors (4096K)
 Metaspace       used 98715K, capacity 101181K, committed 101528K, reserved 1136640K
  class space    used 12717K, capacity 13667K, committed 13772K, reserved 1048576K
}
Event: 30.877 GC heap before
{Heap before GC invocations=56 (full 0):
 garbage-first heap   total 239616K, used 202732K [0x0000000080000000, 0x0000000100000000)
  region size 1024K, 89 young (91136K), 4 survivors (4096K)
 Metaspace       used 98728K, capacity 101245K, committed 101528K, reserved 1136640K
  class space    used 12717K, capacity 13667K, committed 13772K, reserved 1048576K
}
Event: 30.886 GC heap after
{Heap after GC invocations=57 (full 0):
 garbage-first heap   total 239616K, used 116621K [0x0000000080000000, 0x0000000100000000)
  region size 1024K, 5 young (5120K), 5 survivors (5120K)
 Metaspace       used 98728K, capacity 101245K, committed 101528K, reserved 1136640K
  class space    used 12717K, capacity 13667K, committed 13772K, reserved 1048576K
}
Event: 31.289 GC heap before
{Heap before GC invocations=57 (full 0):
 garbage-first heap   total 239616K, used 203661K [0x0000000080000000, 0x0000000100000000)
  region size 1024K, 90 young (92160K), 5 survivors (5120K)
 Metaspace       used 98777K, capacity 101265K, committed 101528K, reserved 1136640K
  class space    used 12723K, capacity 13672K, committed 13772K, reserved 1048576K
}
Event: 31.304 GC heap after
{Heap after GC invocations=58 (full 0):
 garbage-first heap   total 287744K, used 117740K [0x0000000080000000, 0x0000000100000000)
  region size 1024K, 6 young (6144K), 6 survivors (6144K)
 Metaspace       used 98777K, capacity 101265K, committed 101528K, reserved 1136640K
  class space    used 12723K, capacity 13672K, committed 13772K, reserved 1048576K
}
Event: 31.745 GC heap before
{Heap before GC invocations=58 (full 0):
 garbage-first heap   total 287744K, used 218092K [0x0000000080000000, 0x0000000100000000)
  region size 1024K, 104 young (106496K), 6 survivors (6144K)
 Metaspace       used 98802K, capacity 101269K, committed 101528K, reserved 1136640K
  class space    used 12724K, capacity 13673K, committed 13772K, reserved 1048576K
}
Event: 31.756 GC heap after
{Heap after GC invocations=59 (full 0):
 garbage-first heap   total 287744K, used 119041K [0x0000000080000000, 0x0000000100000000)
  region size 1024K, 8 young (8192K), 8 survivors (8192K)
 Metaspace       used 98802K, capacity 101269K, committed 101528K, reserved 1136640K
  class space    used 12724K, capacity 13673K, committed 13772K, reserved 1048576K
}
Event: 32.253 GC heap before
{Heap before GC invocations=59 (full 0):
 garbage-first heap   total 287744K, used 227585K [0x0000000080000000, 0x0000000100000000)
  region size 1024K, 114 young (116736K), 8 survivors (8192K)
 Metaspace       used 98816K, capacity 101333K, committed 101528K, reserved 1136640K
  class space    used 12724K, capacity 13673K, committed 13772K, reserved 1048576K
}
Event: 32.266 GC heap after
{Heap after GC invocations=60 (full 0):
 garbage-first heap   total 287744K, used 120443K [0x0000000080000000, 0x0000000100000000)
  region size 1024K, 9 young (9216K), 9 survivors (9216K)
 Metaspace       used 98816K, capacity 101333K, committed 101528K, reserved 1136640K
  class space    used 12724K, capacity 13673K, committed 13772K, reserved 1048576K
}
Event: 32.705 GC heap before
{Heap before GC invocations=60 (full 0):
 garbage-first heap   total 287744K, used 246395K [0x0000000080000000, 0x0000000100000000)
  region size 1024K, 132 young (135168K), 9 survivors (9216K)
 Metaspace       used 98833K, capacity 101333K, committed 101528K, reserved 1136640K
  class space    used 12724K, capacity 13673K, committed 13772K, reserved 1048576K
}
Event: 32.719 GC heap after
{Heap after GC invocations=61 (full 0):
 garbage-first heap   total 287744K, used 121193K [0x0000000080000000, 0x0000000100000000)
  region size 1024K, 10 young (10240K), 10 survivors (10240K)
 Metaspace       used 98833K, capacity 101333K, committed 101528K, reserved 1136640K
  class space    used 12724K, capacity 13673K, committed 13772K, reserved 1048576K
}
Event: 33.219 GC heap before
{Heap before GC invocations=61 (full 0):
 garbage-first heap   total 287744K, used 247145K [0x0000000080000000, 0x0000000100000000)
  region size 1024K, 133 young (136192K), 10 survivors (10240K)
 Metaspace       used 98838K, capacity 101333K, committed 101528K, reserved 1136640K
  class space    used 12724K, capacity 13673K, committed 13772K, reserved 1048576K
}
Event: 33.238 GC heap after
{Heap after GC invocations=62 (full 0):
 garbage-first heap   total 346112K, used 123255K [0x0000000080000000, 0x0000000100000000)
  region size 1024K, 11 young (11264K), 11 survivors (11264K)
 Metaspace       used 98838K, capacity 101333K, committed 101528K, reserved 1136640K
  class space    used 12724K, capacity 13673K, committed 13772K, reserved 1048576K
}
Event: 33.850 GC heap before
{Heap before GC invocations=62 (full 0):
 garbage-first heap   total 346112K, used 289143K [0x0000000080000000, 0x0000000100000000)
  region size 1024K, 173 young (177152K), 11 survivors (11264K)
 Metaspace       used 98870K, capacity 101345K, committed 101528K, reserved 1136640K
  class space    used 12726K, capacity 13677K, committed 13772K, reserved 1048576K
}
Event: 33.872 GC heap after
{Heap after GC invocations=63 (full 0):
 garbage-first heap   total 346112K, used 125303K [0x0000000080000000, 0x0000000100000000)
  region size 1024K, 13 young (13312K), 13 survivors (13312K)
 Metaspace       used 98870K, capacity 101345K, committed 101528K, reserved 1136640K
  class space    used 12726K, capacity 13677K, committed 13772K, reserved 1048576K
}
Event: 34.430 GC heap before
{Heap before GC invocations=63 (full 0):
 garbage-first heap   total 346112K, used 295287K [0x0000000080000000, 0x0000000100000000)
  region size 1024K, 179 young (183296K), 13 survivors (13312K)
 Metaspace       used 98879K, capacity 101345K, committed 101528K, reserved 1136640K
  class space    used 12726K, capacity 13677K, committed 13772K, reserved 1048576K
}
Event: 34.451 GC heap after
{Heap after GC invocations=64 (full 0):
 garbage-first heap   total 346112K, used 127417K [0x0000000080000000, 0x0000000100000000)
  region size 1024K, 15 young (15360K), 15 survivors (15360K)
 Metaspace       used 98879K, capacity 101345K, committed 101528K, reserved 1136640K
  class space    used 12726K, capacity 13677K, committed 13772K, reserved 1048576K
}
Event: 35.008 GC heap before
{Heap before GC invocations=64 (full 0):
 garbage-first heap   total 346112K, used 295353K [0x0000000080000000, 0x0000000100000000)
  region size 1024K, 179 young (183296K), 15 survivors (15360K)
 Metaspace       used 98885K, capacity 101346K, committed 101528K, reserved 1136640K
  class space    used 12726K, capacity 13677K, committed 13772K, reserved 1048576K
}
Event: 35.031 GC heap after
{Heap after GC invocations=65 (full 0):
 garbage-first heap   total 346112K, used 128848K [0x0000000080000000, 0x0000000100000000)
  region size 1024K, 14 young (14336K), 14 survivors (14336K)
 Metaspace       used 98885K, capacity 101346K, committed 101528K, reserved 1136640K
  class space    used 12726K, capacity 13677K, committed 13772K, reserved 1048576K
}
Event: 35.687 GC heap before
{Heap before GC invocations=65 (full 0):
 garbage-first heap   total 346112K, used 296784K [0x0000000080000000, 0x0000000100000000)
  region size 1024K, 178 young (182272K), 14 survivors (14336K)
 Metaspace       used 99576K, capacity 102120K, committed 102424K, reserved 1138688K
  class space    used 12822K, capacity 13806K, committed 13900K, reserved 1048576K
}

Deoptimization events (20 events):
Event: 35.533 Thread 0x000001b66ea0b000 Uncommon trap: trap_request=0xffffffde fr.pc=0x000001b65a6e26ac relative=0x0000000000000a6c
Event: 35.533 Thread 0x000001b66ea0b000 Uncommon trap: reason=class_check action=maybe_recompile pc=0x000001b65a6e26ac method=com.android.tools.r8.internal.Ij.hasNext()Z @ 27 c2
Event: 35.533 Thread 0x000001b66ea0b000 DEOPT PACKING pc=0x000001b65a6e26ac sp=0x000000a3e4dfad20
Event: 35.533 Thread 0x000001b66ea0b000 DEOPT UNPACKING pc=0x000001b6525378af sp=0x000000a3e4dfad00 mode 2
Event: 35.538 Thread 0x000001b66ea0b000 Uncommon trap: trap_request=0xffffffc6 fr.pc=0x000001b65a854d24 relative=0x00000000000000e4
Event: 35.538 Thread 0x000001b66ea0b000 Uncommon trap: reason=bimorphic_or_optimized_type_check action=maybe_recompile pc=0x000001b65a854d24 method=com.android.tools.r8.internal.gf.iterator()Ljava/util/Iterator; @ 1 c2
Event: 35.538 Thread 0x000001b66ea0b000 DEOPT PACKING pc=0x000001b65a854d24 sp=0x000000a3e4dfacc0
Event: 35.538 Thread 0x000001b66ea0b000 DEOPT UNPACKING pc=0x000001b6525378af sp=0x000000a3e4dfac50 mode 2
Event: 35.538 Thread 0x000001b66ea0b000 Uncommon trap: trap_request=0xffffffde fr.pc=0x000001b65a6e26ac relative=0x0000000000000a6c
Event: 35.538 Thread 0x000001b66ea0b000 Uncommon trap: reason=class_check action=maybe_recompile pc=0x000001b65a6e26ac method=com.android.tools.r8.internal.Ij.hasNext()Z @ 27 c2
Event: 35.538 Thread 0x000001b66ea0b000 DEOPT PACKING pc=0x000001b65a6e26ac sp=0x000000a3e4dfad30
Event: 35.538 Thread 0x000001b66ea0b000 DEOPT UNPACKING pc=0x000001b6525378af sp=0x000000a3e4dfad10 mode 2
Event: 35.563 Thread 0x000001b66ea0b000 Uncommon trap: trap_request=0xffffffc6 fr.pc=0x000001b65a6427ac relative=0x000000000000058c
Event: 35.563 Thread 0x000001b66ea0b000 Uncommon trap: reason=bimorphic_or_optimized_type_check action=maybe_recompile pc=0x000001b65a6427ac method=java.util.Iterator.forEachRemaining(Ljava/util/function/Consumer;)V @ 21 c2
Event: 35.563 Thread 0x000001b66ea0b000 DEOPT PACKING pc=0x000001b65a6427ac sp=0x000000a3e4dfada0
Event: 35.563 Thread 0x000001b66ea0b000 DEOPT UNPACKING pc=0x000001b6525378af sp=0x000000a3e4dfad68 mode 2
Event: 35.672 Thread 0x000001b66ea0b000 Uncommon trap: trap_request=0xffffff4d fr.pc=0x000001b65a6fbf28 relative=0x0000000000000268
Event: 35.672 Thread 0x000001b66ea0b000 Uncommon trap: reason=unstable_if action=reinterpret pc=0x000001b65a6fbf28 method=com.android.tools.r8.graph.c0.a(Lcom/android/tools/r8/graph/c0;)I @ 39 c2
Event: 35.672 Thread 0x000001b66ea0b000 DEOPT PACKING pc=0x000001b65a6fbf28 sp=0x000000a3e4dfa6d0
Event: 35.672 Thread 0x000001b66ea0b000 DEOPT UNPACKING pc=0x000001b6525378af sp=0x000000a3e4dfa660 mode 2

Classes redefined (0 events):
No events

Internal exceptions (20 events):
Event: 26.365 Thread 0x000001b670111800 Exception <a 'java/lang/NoSuchMethodError'{0x000000008ad5ab28}: 'java.lang.Object java.lang.invoke.Invokers$Holder.linkToTargetMethod(java.lang.Object, java.lang.Object, java.lang.Object, java.lang.Object, java.lang.Object, java.lang.Object, java.lang.Object)'> (0x000000008ad5ab28) thrown at [./src/hotspot/share/interpreter/linkResolver.cpp, line 773]
Event: 26.444 Thread 0x000001b66ea0d000 Exception <a 'java/lang/NoSuchMethodError'{0x000000008a90d998}: 'java.lang.Object java.lang.invoke.DirectMethodHandle$Holder.invokeVirtual(java.lang.Object, java.lang.Object, int, java.lang.Object)'> (0x000000008a90d998) thrown at [./src/hotspot/share/interpreter/linkResolver.cpp, line 773]
Event: 26.445 Thread 0x000001b66ea0b000 Exception <a 'java/lang/NoSuchMethodError'{0x000000008ab783c0}: 'java.lang.Object java.lang.invoke.DirectMethodHandle$Holder.invokeVirtual(java.lang.Object, java.lang.Object, int, java.lang.Object)'> (0x000000008ab783c0) thrown at [./src/hotspot/share/interpreter/linkResolver.cpp, line 773]
Event: 26.445 Thread 0x000001b670111800 Exception <a 'java/lang/NoSuchMethodError'{0x000000008ab4c578}: 'java.lang.Object java.lang.invoke.DirectMethodHandle$Holder.invokeVirtual(java.lang.Object, java.lang.Object, int, java.lang.Object)'> (0x000000008ab4c578) thrown at [./src/hotspot/share/interpreter/linkResolver.cpp, line 773]
Event: 26.449 Thread 0x000001b66ea0b000 Exception <a 'java/lang/IncompatibleClassChangeError'{0x000000008a944e48}: Found class java.lang.Object, but interface was expected> (0x000000008a944e48) thrown at [./src/hotspot/share/interpreter/linkResolver.cpp, line 839]
Event: 26.450 Thread 0x000001b66ea0b000 Exception <a 'java/lang/IncompatibleClassChangeError'{0x000000008a94f7a0}: Found class java.lang.Object, but interface was expected> (0x000000008a94f7a0) thrown at [./src/hotspot/share/interpreter/linkResolver.cpp, line 839]
Event: 26.496 Thread 0x000001b66ea08800 Exception <a 'java/lang/NoSuchMethodError'{0x000000008aab5630}: 'void java.lang.invoke.DirectMethodHandle$Holder.invokeVirtual(java.lang.Object, java.lang.Object, int, java.lang.Object)'> (0x000000008aab5630) thrown at [./src/hotspot/share/interpreter/linkResolver.cpp, line 773]
Event: 26.501 Thread 0x000001b670111800 Exception <a 'java/lang/NoSuchMethodError'{0x000000008a9befc8}: 'void java.lang.invoke.DirectMethodHandle$Holder.invokeVirtual(java.lang.Object, java.lang.Object, int, java.lang.Object)'> (0x000000008a9befc8) thrown at [./src/hotspot/share/interpreter/linkResolver.cpp, line 773]
Event: 26.607 Thread 0x000001b66ea0d000 Exception <a 'java/lang/NoSuchMethodError'{0x000000008a40b010}: 'int java.lang.invoke.DirectMethodHandle$Holder.invokeSpecial(java.lang.Object, java.lang.Object, java.lang.Object, int, java.lang.Object)'> (0x000000008a40b010) thrown at [./src/hotspot/share/interpreter/linkResolver.cpp, line 773]
Event: 26.622 Thread 0x000001b66ea0d000 Exception <a 'java/lang/NoSuchMethodError'{0x000000008a4148c0}: 'java.lang.Object java.lang.invoke.DirectMethodHandle$Holder.newInvokeSpecial(java.lang.Object, int)'> (0x000000008a4148c0) thrown at [./src/hotspot/share/interpreter/linkResolver.cpp, line 773]
Event: 26.622 Thread 0x000001b66ea0b000 Exception <a 'java/lang/NoSuchMethodError'{0x000000008a435cd8}: 'java.lang.Object java.lang.invoke.DirectMethodHandle$Holder.newInvokeSpecial(java.lang.Object, int)'> (0x000000008a435cd8) thrown at [./src/hotspot/share/interpreter/linkResolver.cpp, line 773]
Event: 26.622 Thread 0x000001b66ea08800 Exception <a 'java/lang/NoSuchMethodError'{0x000000008a4c6ac8}: 'java.lang.Object java.lang.invoke.DirectMethodHandle$Holder.newInvokeSpecial(java.lang.Object, int)'> (0x000000008a4c6ac8) thrown at [./src/hotspot/share/interpreter/linkResolver.cpp, line 773]
Event: 26.623 Thread 0x000001b670111800 Exception <a 'java/lang/NoSuchMethodError'{0x000000008a4b0138}: 'java.lang.Object java.lang.invoke.DirectMethodHandle$Holder.newInvokeSpecial(java.lang.Object, int)'> (0x000000008a4b0138) thrown at [./src/hotspot/share/interpreter/linkResolver.cpp, line 773]
Event: 26.795 Thread 0x000001b670111800 Exception <a 'java/lang/NoSuchMethodError'{0x0000000089dce270}: 'java.lang.Object java.lang.invoke.DirectMethodHandle$Holder.invokeInterface(java.lang.Object, java.lang.Object, int)'> (0x0000000089dce270) thrown at [./src/hotspot/share/interpreter/linkResolver.cpp, line 773]
Event: 28.095 Thread 0x000001b670111800 Exception <a 'java/lang/NoSuchMethodError'{0x000000008dc79918}: 'int java.lang.invoke.DirectMethodHandle$Holder.invokeInterface(java.lang.Object, java.lang.Object, int)'> (0x000000008dc79918) thrown at [./src/hotspot/share/interpreter/linkResolver.cpp, line 773]
Event: 33.384 Thread 0x000001b66ea08800 Implicit null exception at 0x000001b65a7d97e7 to 0x000001b65a7dcf70
Event: 35.534 Thread 0x000001b66ea0b000 Exception <a 'java/lang/NoSuchMethodError'{0x000000008d7c83a8}: 'void java.lang.invoke.DirectMethodHandle$Holder.invokeSpecial(java.lang.Object, java.lang.Object, int, java.lang.Object, java.lang.Object, java.lang.Object, java.lang.Object)'> (0x000000008d7c83a8) thrown at [./src/hotspot/share/interpreter/linkResolver.cpp, line 773]
Event: 35.536 Thread 0x000001b66ea0b000 Exception <a 'java/lang/NoSuchMethodError'{0x000000008d7d3fa8}: 'java.lang.Object java.lang.invoke.Invokers$Holder.linkToTargetMethod(java.lang.Object, int, java.lang.Object, java.lang.Object, java.lang.Object, java.lang.Object)'> (0x000000008d7d3fa8) thrown at [./src/hotspot/share/interpreter/linkResolver.cpp, line 773]
Event: 35.536 Thread 0x000001b66ea0b000 Exception <a 'java/lang/NoSuchMethodError'{0x000000008d7d8458}: 'void java.lang.invoke.DirectMethodHandle$Holder.invokeSpecial(java.lang.Object, java.lang.Object, java.lang.Object, java.lang.Object, java.lang.Object, java.lang.Object, java.lang.Object, java.lang.Object, java.lang.Object)'> (0x000000008d7d8458) thrown at [./src/hotspot/share/interpreter/linkResolver.cpp, line 773]
Event: 35.541 Thread 0x000001b66ea0b000 Exception <a 'java/lang/NoSuchMethodError'{0x000000008d7f30d8}: 'void java.lang.invoke.DirectMethodHandle$Holder.invokeStatic(java.lang.Object, java.lang.Object, java.lang.Object, java.lang.Object, java.lang.Object, java.lang.Object, java.lang.Object, java.lang.Object)'> (0x000000008d7f30d8) thrown at [./src/hotspot/share/interpreter/linkResolver.cpp, line 773]

Events (20 events):
Event: 35.669 loading class com/android/tools/r8/graph/G done
Event: 35.669 loading class com/android/tools/r8/graph/G
Event: 35.669 loading class com/android/tools/r8/graph/G done
Event: 35.669 loading class com/android/tools/r8/graph/G
Event: 35.669 loading class com/android/tools/r8/graph/G done
Event: 35.669 loading class com/android/tools/r8/graph/G
Event: 35.669 loading class com/android/tools/r8/graph/G done
Event: 35.670 loading class com/android/tools/r8/graph/G$h
Event: 35.670 loading class com/android/tools/r8/graph/G$h done
Event: 35.671 loading class com/android/tools/r8/graph/v0$d
Event: 35.671 loading class com/android/tools/r8/graph/v0$d done
Event: 35.671 loading class com/android/tools/r8/graph/v0$d
Event: 35.671 loading class com/android/tools/r8/graph/v0$d done
Event: 35.671 loading class com/android/tools/r8/graph/v0$d
Event: 35.671 loading class com/android/tools/r8/graph/v0$d done
Event: 35.671 loading class com/android/tools/r8/graph/v0$f
Event: 35.671 loading class com/android/tools/r8/graph/v0$f done
Event: 35.671 loading class com/android/tools/r8/graph/v0$f
Event: 35.671 loading class com/android/tools/r8/graph/v0$f done
Event: 35.686 Executing VM operation: G1CollectForAllocation


Dynamic libraries:
0x00007ff6ccab0000 - 0x00007ff6ccaba000 	D:\Software\Android Studio\jre\bin\java.exe
0x00007ffa7f490000 - 0x00007ffa7f685000 	C:\Windows\SYSTEM32\ntdll.dll
0x00007ffa7ddf0000 - 0x00007ffa7deae000 	C:\Windows\System32\KERNEL32.DLL
0x00007ffa7ccb0000 - 0x00007ffa7cf78000 	C:\Windows\System32\KERNELBASE.dll
0x00007ffa7cbb0000 - 0x00007ffa7ccb0000 	C:\Windows\System32\ucrtbase.dll
0x00007ffa76ca0000 - 0x00007ffa76cb7000 	D:\Software\Android Studio\jre\bin\VCRUNTIME140.dll
0x00007ffa67db0000 - 0x00007ffa67dc9000 	D:\Software\Android Studio\jre\bin\jli.dll
0x00007ffa7e200000 - 0x00007ffa7e3a1000 	C:\Windows\System32\USER32.dll
0x00007ffa7d210000 - 0x00007ffa7d232000 	C:\Windows\System32\win32u.dll
0x00007ffa67210000 - 0x00007ffa674aa000 	C:\Windows\WinSxS\amd64_microsoft.windows.common-controls_6595b64144ccf1df_6.0.19041.1110_none_60b5254171f9507e\COMCTL32.dll
0x00007ffa7db00000 - 0x00007ffa7db2b000 	C:\Windows\System32\GDI32.dll
0x00007ffa7e670000 - 0x00007ffa7e70e000 	C:\Windows\System32\msvcrt.dll
0x00007ffa7d100000 - 0x00007ffa7d20b000 	C:\Windows\System32\gdi32full.dll
0x00007ffa7cf80000 - 0x00007ffa7d01d000 	C:\Windows\System32\msvcp_win.dll
0x00007ffa7f050000 - 0x00007ffa7f080000 	C:\Windows\System32\IMM32.DLL
0x00007ffa4ee00000 - 0x00007ffa4ee9d000 	D:\Software\Android Studio\jre\bin\msvcp140.dll
0x00007ffa07760000 - 0x00007ffa0822f000 	D:\Software\Android Studio\jre\bin\server\jvm.dll
0x00007ffa7d4e0000 - 0x00007ffa7d58c000 	C:\Windows\System32\ADVAPI32.dll
0x00007ffa7e3b0000 - 0x00007ffa7e44b000 	C:\Windows\System32\sechost.dll
0x00007ffa7deb0000 - 0x00007ffa7dfda000 	C:\Windows\System32\RPCRT4.dll
0x00007ffa7dcc0000 - 0x00007ffa7dcc8000 	C:\Windows\System32\PSAPI.DLL
0x00007ffa5f3f0000 - 0x00007ffa5f3f9000 	C:\Windows\SYSTEM32\WSOCK32.dll
0x00007ffa752c0000 - 0x00007ffa752ca000 	C:\Windows\SYSTEM32\VERSION.dll
0x00007ffa7e450000 - 0x00007ffa7e4bb000 	C:\Windows\System32\WS2_32.dll
0x00007ffa59de0000 - 0x00007ffa59e07000 	C:\Windows\SYSTEM32\WINMM.dll
0x00007ffa7aab0000 - 0x00007ffa7aac2000 	C:\Windows\SYSTEM32\kernel.appcore.dll
0x00007ffa51c90000 - 0x00007ffa51ca1000 	D:\Software\Android Studio\jre\bin\verify.dll
0x00007ffa73da0000 - 0x00007ffa73f84000 	C:\Windows\SYSTEM32\DBGHELP.DLL
0x00007ffa6a6b0000 - 0x00007ffa6a6dc000 	C:\Windows\SYSTEM32\dbgcore.DLL
0x00007ffa7d240000 - 0x00007ffa7d2c3000 	C:\Windows\System32\bcryptPrimitives.dll
0x00007ffa32f70000 - 0x00007ffa32f99000 	D:\Software\Android Studio\jre\bin\java.dll
0x00007ffa5ef00000 - 0x00007ffa5ef0b000 	D:\Software\Android Studio\jre\bin\jimage.dll
0x00007ffa20aa0000 - 0x00007ffa20ab8000 	D:\Software\Android Studio\jre\bin\zip.dll
0x00007ffa7e840000 - 0x00007ffa7ef7f000 	C:\Windows\System32\SHELL32.dll
0x00007ffa7acb0000 - 0x00007ffa7b440000 	C:\Windows\SYSTEM32\windows.storage.dll
0x00007ffa7f080000 - 0x00007ffa7f3d5000 	C:\Windows\System32\combase.dll
0x00007ffa7c600000 - 0x00007ffa7c62e000 	C:\Windows\SYSTEM32\Wldp.dll
0x00007ffa7db30000 - 0x00007ffa7dbdd000 	C:\Windows\System32\SHCORE.dll
0x00007ffa7e710000 - 0x00007ffa7e765000 	C:\Windows\System32\shlwapi.dll
0x00007ffa7caf0000 - 0x00007ffa7cb0f000 	C:\Windows\SYSTEM32\profapi.dll
0x00007ffa20a80000 - 0x00007ffa20a9a000 	D:\Software\Android Studio\jre\bin\net.dll
0x00007ffa6d4d0000 - 0x00007ffa6d5dc000 	C:\Windows\SYSTEM32\WINHTTP.dll
0x00007ffa7c360000 - 0x00007ffa7c3ca000 	C:\Windows\system32\mswsock.dll
0x00007ffa20a60000 - 0x00007ffa20a74000 	D:\Software\Android Studio\jre\bin\nio.dll
0x00007ffa5f510000 - 0x00007ffa5f537000 	C:\Users\michi\.gradle\native\8bec1ad78214c89d9ad589b4d07fe93259594b29d510b10fafb7a158f7737e5d\windows-amd64\native-platform.dll
0x00007ffa24790000 - 0x00007ffa248cd000 	C:\Users\michi\.gradle\native\53dbd7edfb1c66fb8903c78663c9afc45aea4f116125fa6feffd364cf09443e8\windows-amd64\native-platform-file-events.dll
0x00007ffa5d0e0000 - 0x00007ffa5d0ea000 	D:\Software\Android Studio\jre\bin\management.dll
0x00007ffa5c8e0000 - 0x00007ffa5c8ec000 	D:\Software\Android Studio\jre\bin\management_ext.dll
0x00007ffa7c550000 - 0x00007ffa7c568000 	C:\Windows\SYSTEM32\CRYPTSP.dll
0x00007ffa7bc70000 - 0x00007ffa7bca4000 	C:\Windows\system32\rsaenh.dll
0x00007ffa7d020000 - 0x00007ffa7d047000 	C:\Windows\System32\bcrypt.dll
0x00007ffa7cab0000 - 0x00007ffa7cade000 	C:\Windows\SYSTEM32\USERENV.dll
0x00007ffa7c570000 - 0x00007ffa7c57c000 	C:\Windows\SYSTEM32\CRYPTBASE.dll
0x00007ffa7c000000 - 0x00007ffa7c03b000 	C:\Windows\SYSTEM32\IPHLPAPI.DLL
0x00007ffa7daf0000 - 0x00007ffa7daf8000 	C:\Windows\System32\NSI.dll
0x00007ffa70fe0000 - 0x00007ffa70ff7000 	C:\Windows\SYSTEM32\dhcpcsvc6.DLL
0x00007ffa72790000 - 0x00007ffa727ad000 	C:\Windows\SYSTEM32\dhcpcsvc.DLL
0x00007ffa7c050000 - 0x00007ffa7c11b000 	C:\Windows\SYSTEM32\DNSAPI.dll

dbghelp: loaded successfully - version: 4.0.5 - missing functions: none
symbol engine: initialized successfully - sym options: 0x614 - pdb path: .;D:\Software\Android Studio\jre\bin;C:\Windows\SYSTEM32;C:\Windows\WinSxS\amd64_microsoft.windows.common-controls_6595b64144ccf1df_6.0.19041.1110_none_60b5254171f9507e;D:\Software\Android Studio\jre\bin\server;C:\Users\michi\.gradle\native\8bec1ad78214c89d9ad589b4d07fe93259594b29d510b10fafb7a158f7737e5d\windows-amd64;C:\Users\michi\.gradle\native\53dbd7edfb1c66fb8903c78663c9afc45aea4f116125fa6feffd364cf09443e8\windows-amd64

VM Arguments:
jvm_args: --add-opens=java.base/java.util=ALL-UNNAMED --add-opens=java.base/java.lang=ALL-UNNAMED --add-opens=java.base/java.lang.invoke=ALL-UNNAMED --add-opens=java.base/java.util=ALL-UNNAMED --add-opens=java.prefs/java.util.prefs=ALL-UNNAMED --add-opens=java.prefs/java.util.prefs=ALL-UNNAMED --add-opens=java.base/java.nio.charset=ALL-UNNAMED --add-opens=java.base/java.net=ALL-UNNAMED --add-opens=java.base/java.util.concurrent.atomic=ALL-UNNAMED -Xmx2048m -Dfile.encoding=UTF-8 -Duser.country=ID -Duser.language=en -Duser.variant 
java_command: org.gradle.launcher.daemon.bootstrap.GradleDaemon 7.0.2
java_class_path (initial): C:\Users\michi\.gradle\wrapper\dists\gradle-7.0.2-bin\857tjihv64xamwrf0h14cai3r\gradle-7.0.2\lib\gradle-launcher-7.0.2.jar
Launcher Type: SUN_STANDARD

[Global flags]
     intx CICompilerCount                          = 3                                         {product} {ergonomic}
     uint ConcGCThreads                            = 1                                         {product} {ergonomic}
     uint G1ConcRefinementThreads                  = 4                                         {product} {ergonomic}
   size_t G1HeapRegionSize                         = 1048576                                   {product} {ergonomic}
    uintx GCDrainStackTargetSize                   = 64                                        {product} {ergonomic}
   size_t InitialHeapSize                          = 67108864                                  {product} {ergonomic}
   size_t MarkStackSize                            = 4194304                                   {product} {ergonomic}
   size_t MaxHeapSize                              = 2147483648                                {product} {command line}
   size_t MaxNewSize                               = 1287651328                                {product} {ergonomic}
   size_t MinHeapDeltaBytes                        = 1048576                                   {product} {ergonomic}
    uintx NonNMethodCodeHeapSize                   = 5830732                                {pd product} {ergonomic}
    uintx NonProfiledCodeHeapSize                  = 122913754                              {pd product} {ergonomic}
    uintx ProfiledCodeHeapSize                     = 122913754                              {pd product} {ergonomic}
    uintx ReservedCodeCacheSize                    = 251658240                              {pd product} {ergonomic}
     bool SegmentedCodeCache                       = true                                      {product} {ergonomic}
     bool UseCompressedClassPointers               = true                                 {lp64_product} {ergonomic}
     bool UseCompressedOops                        = true                                 {lp64_product} {ergonomic}
     bool UseG1GC                                  = true                                      {product} {ergonomic}
     bool UseLargePagesIndividualAllocation        = false                                  {pd product} {ergonomic}

Logging:
Log output configuration:
 #0: stdout all=warning uptime,level,tags
 #1: stderr all=off uptime,level,tags

Environment Variables:
PATH=C:\Program Files (x86)\Common Files\Oracle\Java\javapath;C:\Program Files\Common Files\Oracle\Java\javapath;C:\Windows\system32;C:\Windows;C:\Windows\System32\Wbem;C:\Windows\System32\WindowsPowerShell\v1.0\;C:\Windows\System32\OpenSSH\;D:\Software\MinGW\bin;D:\Software\Git\cmd;D:\Software\Git\bin;C:\Users\michi\AppData\Local\Programs\Python\Python310\Scripts\;C:\Users\michi\AppData\Local\Programs\Python\Python310\;C:\Users\michi\AppData\Local\Programs\Python\Python310\Scripts\;C:\Users\michi\AppData\Local\Programs\Python\Python310\;C:\Users\michi\AppData\Local\Microsoft\WindowsApps;D:\Software\Microsoft VS Code\bin;D:\Software\MinGW\bin;D:\Software\Git\bin;D:\Software\Git\cmd;
USERNAME=michi
OS=Windows_NT
PROCESSOR_IDENTIFIER=Intel64 Family 6 Model 142 Stepping 9, GenuineIntel



---------------  S Y S T E M  ---------------

OS: Windows 10 , 64 bit Build 19041 (10.0.19041.1348)
OS uptime: 0 days 4:42 hours

CPU:total 4 (initial active 4) (2 cores per cpu, 2 threads per core) family 6 model 142 stepping 9 microcode 0xb4, cmov, cx8, fxsr, mmx, sse, sse2, sse3, ssse3, sse4.1, sse4.2, popcnt, avx, avx2, aes, clmul, erms, 3dnowpref, lzcnt, ht, tsc, tscinvbit, bmi1, bmi2, adx, fma

Memory: 4k page, system-wide physical 3981M (681M free)
TotalPageFile size 8077M (AvailPageFile size 40M)
current process WorkingSet (physical memory assigned to process): 672M, peak: 677M
current process commit charge ("private bytes"): 742M, peak: 836M

vm_info: OpenJDK 64-Bit Server VM (11.0.10+0-b96-7249189) for windows-amd64 JRE (11.0.10+0-b96-7249189), built on Mar 31 2021 21:44:00 by "builder" with MS VC++ 14.0 (VS2015)

END.
