#
# There is insufficient memory for the Java Runtime Environment to continue.
# Native memory allocation (mmap) failed to map 59768832 bytes for Failed to commit area from 0x0000000091900000 to 0x0000000095200000 of length 59768832.
# Possible reasons:
#   The system is out of physical RAM or swap space
#   The process is running with CompressedOops enabled, and the Java Heap may be blocking the growth of the native heap
# Possible solutions:
#   Reduce memory load on the system
#   Increase physical memory or swap space
#   Check if swap backing store is full
#   Decrease Java heap size (-Xmx/-Xms)
#   Decrease number of Java threads
#   Decrease Java thread stack sizes (-Xss)
#   Set larger code cache with -XX:ReservedCodeCacheSize=
#   JVM is running with Unscaled Compressed Oops mode in which the Java heap is
#     placed in the first 4GB address space. The Java Heap base address is the
#     maximum limit for the native heap growth. Please use -XX:HeapBaseMinAddress
#     to set the Java Heap base and to place the Java Heap above 4GB virtual address.
# This output file may be truncated or incomplete.
#
#  Out of Memory Error (./src/hotspot/os/windows/os_windows.cpp:3301), pid=6600, tid=5892
#
# JRE version: OpenJDK Runtime Environment (11.0.10) (build 11.0.10+0-b96-7249189)
# Java VM: OpenJDK 64-Bit Server VM (11.0.10+0-b96-7249189, mixed mode, tiered, compressed oops, g1 gc, windows-amd64)
# No core dump will be written. Minidumps are not enabled by default on client versions of Windows
#

---------------  S U M M A R Y ------------

Command Line: --add-opens=java.base/java.util=ALL-UNNAMED --add-opens=java.base/java.lang=ALL-UNNAMED --add-opens=java.base/java.lang.invoke=ALL-UNNAMED --add-opens=java.base/java.util=ALL-UNNAMED --add-opens=java.prefs/java.util.prefs=ALL-UNNAMED --add-opens=java.prefs/java.util.prefs=ALL-UNNAMED --add-opens=java.base/java.nio.charset=ALL-UNNAMED --add-opens=java.base/java.net=ALL-UNNAMED --add-opens=java.base/java.util.concurrent.atomic=ALL-UNNAMED -Xmx2048m -Dfile.encoding=UTF-8 -Duser.country=ID -Duser.language=en -Duser.variant org.gradle.launcher.daemon.bootstrap.GradleDaemon 7.0.2

Host: Intel(R) Core(TM) i5-7200U CPU @ 2.50GHz, 4 cores, 3G,  Windows 10 , 64 bit Build 19041 (10.0.19041.1348)
Time: Thu Dec  9 11:41:18 2021 SE Asia Standard Time elapsed time: 72.164869 seconds (0d 0h 1m 12s)

---------------  T H R E A D  ---------------

Current thread (0x000001ba229f2800):  VMThread "VM Thread" [stack: 0x00000072f2e00000,0x00000072f2f00000] [id=5892]

Stack: [0x00000072f2e00000,0x00000072f2f00000]
[error occurred during error reporting (printing stack bounds), id 0xc0000005, EXCEPTION_ACCESS_VIOLATION (0xc0000005) at pc=0x000001ba0c1b0f2d]

Native frames: (J=compiled Java code, j=interpreted, Vv=VM code, C=native code)
V  [jvm.dll+0x5ecfaa]
V  [jvm.dll+0x722bd5]
V  [jvm.dll+0x72412d]
V  [jvm.dll+0x724745]
V  [jvm.dll+0x7246fb]
V  [jvm.dll+0x5ec348]
V  [jvm.dll+0x5ecad8]
C  [ntdll.dll+0xa20cf]
C  [ntdll.dll+0x51454]
C  [ntdll.dll+0xa0bfe]
C  0x000001ba0c1b0f2d

VM_Operation (0x00000072f59f84f0): G1CollectForAllocation, mode: safepoint, requested by thread 0x000001ba289eb000


---------------  P R O C E S S  ---------------

Threads class SMR info:
_java_thread_list=0x000001ba30ca3500, length=48, elements={
0x000001ba06e9a000, 0x000001ba229f9000, 0x000001ba229fa800, 0x000001ba22a4f800,
0x000001ba22a54000, 0x000001ba22a56000, 0x000001ba22a59800, 0x000001ba22a62800,
0x000001ba22a68000, 0x000001ba234ca800, 0x000001ba2587f000, 0x000001ba25881000,
0x000001ba2587f800, 0x000001ba2587e000, 0x000001ba25880800, 0x000001ba2587d000,
0x000001ba25882000, 0x000001ba2587c800, 0x000001ba25bed800, 0x000001ba25bee000,
0x000001ba25bef800, 0x000001ba25bec800, 0x000001ba25bf0800, 0x000001ba25bf1800,
0x000001ba25bf2000, 0x000001ba25bf3000, 0x000001ba25bf4000, 0x000001ba25bf4800,
0x000001ba25bef000, 0x000001ba25bf5800, 0x000001ba25bf7000, 0x000001ba25bf8000,
0x000001ba25bfa800, 0x000001ba289ed000, 0x000001ba289e9800, 0x000001ba289e8000,
0x000001ba289ea800, 0x000001ba289e9000, 0x000001ba289eb000, 0x000001ba289ec000,
0x000001ba289e7000, 0x000001ba289ee800, 0x000001ba289f1000, 0x000001ba289f2800,
0x000001ba289f1800, 0x000001ba289f3800, 0x000001ba289f6000, 0x000001ba2dac8800
}

Java Threads: ( => current thread )
  0x000001ba06e9a000 JavaThread "main" [_thread_blocked, id=5136, stack(0x00000072f2800000,0x00000072f2900000)]
  0x000001ba229f9000 JavaThread "Reference Handler" daemon [_thread_blocked, id=1888, stack(0x00000072f2f00000,0x00000072f3000000)]
  0x000001ba229fa800 JavaThread "Finalizer" daemon [_thread_blocked, id=7864, stack(0x00000072f3000000,0x00000072f3100000)]
  0x000001ba22a4f800 JavaThread "Signal Dispatcher" daemon [_thread_blocked, id=3296, stack(0x00000072f3100000,0x00000072f3200000)]
  0x000001ba22a54000 JavaThread "Attach Listener" daemon [_thread_blocked, id=4172, stack(0x00000072f3200000,0x00000072f3300000)]
  0x000001ba22a56000 JavaThread "Service Thread" daemon [_thread_blocked, id=8260, stack(0x00000072f3300000,0x00000072f3400000)]
  0x000001ba22a59800 JavaThread "C2 CompilerThread0" daemon [_thread_blocked, id=7416, stack(0x00000072f3400000,0x00000072f3500000)]
  0x000001ba22a62800 JavaThread "C1 CompilerThread0" daemon [_thread_blocked, id=8056, stack(0x00000072f3500000,0x00000072f3600000)]
  0x000001ba22a68000 JavaThread "Sweeper thread" daemon [_thread_blocked, id=7620, stack(0x00000072f3600000,0x00000072f3700000)]
  0x000001ba234ca800 JavaThread "Common-Cleaner" daemon [_thread_blocked, id=8548, stack(0x00000072f3700000,0x00000072f3800000)]
  0x000001ba2587f000 JavaThread "Daemon health stats" [_thread_blocked, id=7408, stack(0x00000072f3b00000,0x00000072f3c00000)]
  0x000001ba25881000 JavaThread "Incoming local TCP Connector on port 49275" [_thread_in_native, id=6952, stack(0x00000072f3900000,0x00000072f3a00000)]
  0x000001ba2587f800 JavaThread "Daemon periodic checks" [_thread_blocked, id=8656, stack(0x00000072f3c00000,0x00000072f3d00000)]
  0x000001ba2587e000 JavaThread "Daemon" [_thread_blocked, id=8628, stack(0x00000072f3d00000,0x00000072f3e00000)]
  0x000001ba25880800 JavaThread "Handler for socket connection from /127.0.0.1:49275 to /127.0.0.1:49276" [_thread_in_native, id=6848, stack(0x00000072f3e00000,0x00000072f3f00000)]
  0x000001ba2587d000 JavaThread "Cancel handler" [_thread_blocked, id=6052, stack(0x00000072f3f00000,0x00000072f4000000)]
  0x000001ba25882000 JavaThread "Daemon worker" [_thread_blocked, id=7888, stack(0x00000072f4000000,0x00000072f4100000)]
  0x000001ba2587c800 JavaThread "Asynchronous log dispatcher for DefaultDaemonConnection: socket connection from /127.0.0.1:49275 to /127.0.0.1:49276" [_thread_blocked, id=3384, stack(0x00000072f4100000,0x00000072f4200000)]
  0x000001ba25bed800 JavaThread "Daemon client event forwarder" [_thread_blocked, id=2084, stack(0x00000072f4300000,0x00000072f4400000)]
  0x000001ba25bee000 JavaThread "Cache worker for file hash cache (C:\Users\michi\.gradle\caches\7.0.2\fileHashes)" [_thread_blocked, id=5340, stack(0x00000072f4600000,0x00000072f4700000)]
  0x000001ba25bef800 JavaThread "File lock request listener" [_thread_in_native, id=7200, stack(0x00000072f4700000,0x00000072f4800000)]
  0x000001ba25bec800 JavaThread "Cache worker for journal cache (C:\Users\michi\.gradle\caches\journal-1)" [_thread_blocked, id=7404, stack(0x00000072f4800000,0x00000072f4900000)]
  0x000001ba25bf0800 JavaThread "Cache worker for file hash cache (C:\Users\michi\AndroidStudioProjects\MenuDashboard\.gradle\7.0.2\fileHashes)" [_thread_blocked, id=7824, stack(0x00000072f4a00000,0x00000072f4b00000)]
  0x000001ba25bf1800 JavaThread "File watcher server" daemon [_thread_blocked, id=7204, stack(0x00000072f4b00000,0x00000072f4c00000)]
  0x000001ba25bf2000 JavaThread "File watcher consumer" daemon [_thread_blocked, id=948, stack(0x00000072f4c00000,0x00000072f4d00000)]
  0x000001ba25bf3000 JavaThread "Cache worker for checksums cache (C:\Users\michi\AndroidStudioProjects\MenuDashboard\.gradle\checksums)" [_thread_blocked, id=4516, stack(0x00000072f4d00000,0x00000072f4e00000)]
  0x000001ba25bf4000 JavaThread "Cache worker for cache directory md-supplier (C:\Users\michi\.gradle\caches\7.0.2\md-supplier)" [_thread_blocked, id=7360, stack(0x00000072f4e00000,0x00000072f4f00000)]
  0x000001ba25bf4800 JavaThread "Cache worker for cache directory md-rule (C:\Users\michi\.gradle\caches\7.0.2\md-rule)" [_thread_blocked, id=4840, stack(0x00000072f4f00000,0x00000072f5000000)]
  0x000001ba25bef000 JavaThread "Cache worker for execution history cache (C:\Users\michi\.gradle\caches\7.0.2\executionHistory)" [_thread_blocked, id=3588, stack(0x00000072f5000000,0x00000072f5100000)]
  0x000001ba25bf5800 JavaThread "jar transforms" [_thread_blocked, id=5776, stack(0x00000072f5100000,0x00000072f5200000)]
  0x000001ba25bf7000 JavaThread "jar transforms Thread 2" [_thread_blocked, id=1520, stack(0x00000072f5200000,0x00000072f5300000)]
  0x000001ba25bf8000 JavaThread "Cache worker for file content cache (C:\Users\michi\.gradle\caches\7.0.2\fileContent)" [_thread_blocked, id=7232, stack(0x00000072f5300000,0x00000072f5400000)]
  0x000001ba25bfa800 JavaThread "Cache worker for dependencies-accessors (C:\Users\michi\AndroidStudioProjects\MenuDashboard\.gradle\7.0.2\dependencies-accessors)" [_thread_blocked, id=4896, stack(0x00000072f5400000,0x00000072f5500000)]
  0x000001ba289ed000 JavaThread "jar transforms Thread 3" [_thread_blocked, id=8208, stack(0x00000072f5500000,0x00000072f5600000)]
  0x000001ba289e9800 JavaThread "Cache worker for Build Output Cleanup Cache (C:\Users\michi\AndroidStudioProjects\MenuDashboard\.gradle\buildOutputCleanup)" [_thread_blocked, id=364, stack(0x00000072f5600000,0x00000072f5700000)]
  0x000001ba289e8000 JavaThread "Build operations" [_thread_blocked, id=6004, stack(0x00000072f4900000,0x00000072f4a00000)]
  0x000001ba289ea800 JavaThread "Build operations Thread 2" [_thread_blocked, id=6556, stack(0x00000072f5700000,0x00000072f5800000)]
  0x000001ba289e9000 JavaThread "Build operations Thread 3" [_thread_blocked, id=8196, stack(0x00000072f5800000,0x00000072f5900000)]
  0x000001ba289eb000 JavaThread "Build operations Thread 4" [_thread_blocked, id=6920, stack(0x00000072f5900000,0x00000072f5a00000)]
  0x000001ba289ec000 JavaThread "jar transforms Thread 4" [_thread_blocked, id=416, stack(0x00000072f5a00000,0x00000072f5b00000)]
  0x000001ba289e7000 JavaThread "Memory manager" [_thread_blocked, id=252, stack(0x00000072f5b00000,0x00000072f5c00000)]
  0x000001ba289ee800 JavaThread "build event listener" [_thread_blocked, id=4980, stack(0x00000072f5c00000,0x00000072f5d00000)]
  0x000001ba289f1000 JavaThread "Execution worker for ':'" [_thread_blocked, id=1228, stack(0x00000072f5d00000,0x00000072f5e00000)]
  0x000001ba289f2800 JavaThread "Execution worker for ':' Thread 2" [_thread_blocked, id=7252, stack(0x00000072f5e00000,0x00000072f5f00000)]
  0x000001ba289f1800 JavaThread "Execution worker for ':' Thread 3" [_thread_blocked, id=820, stack(0x00000072f5f00000,0x00000072f6000000)]
  0x000001ba289f3800 JavaThread "Cache worker for execution history cache (C:\Users\michi\AndroidStudioProjects\MenuDashboard\.gradle\7.0.2\executionHistory)" [_thread_blocked, id=7372, stack(0x00000072f6000000,0x00000072f6100000)]
  0x000001ba289f6000 JavaThread "WorkerExecutor Queue Thread 4" [_thread_blocked, id=7124, stack(0x00000072f6600000,0x00000072f6700000)]
  0x000001ba2dac8800 JavaThread "C2 CompilerThread1" daemon [_thread_blocked, id=1272, stack(0x00000072f2500000,0x00000072f2600000)]

Other Threads:
=>0x000001ba229f2800 VMThread "VM Thread" [stack: 0x00000072f2e00000,0x00000072f2f00000] [id=5892]
  0x000001ba234e1000 WatcherThread [stack: 0x00000072f3800000,0x00000072f3900000] [id=6800]
  0x000001ba06ed4000 GCTaskThread "GC Thread#0" [stack: 0x00000072f2900000,0x00000072f2a00000] [id=6940]
  0x000001ba23dc9000 GCTaskThread "GC Thread#1" [stack: 0x00000072f3a00000,0x00000072f3b00000] [id=6120]
  0x000001ba25e5a000 GCTaskThread "GC Thread#2" [stack: 0x00000072f4400000,0x00000072f4500000] [id=8252]
  0x000001ba24aaa000 GCTaskThread "GC Thread#3" [stack: 0x00000072f4500000,0x00000072f4600000] [id=4696]
  0x000001ba06f06000 ConcurrentGCThread "G1 Main Marker" [stack: 0x00000072f2a00000,0x00000072f2b00000] [id=5432]
  0x000001ba06f07800 ConcurrentGCThread "G1 Conc#0" [stack: 0x00000072f2b00000,0x00000072f2c00000] [id=6844]
  0x000001ba06f60800 ConcurrentGCThread "G1 Refine#0" [stack: 0x00000072f2c00000,0x00000072f2d00000] [id=4060]
  0x000001ba06f61800 ConcurrentGCThread "G1 Young RemSet Sampling" [stack: 0x00000072f2d00000,0x00000072f2e00000] [id=2372]

Threads with active compile tasks:
C2 CompilerThread0  72704 16012 %     4       com.android.tools.r8.ir.regalloc.a::a @ 1405 (3985 bytes)
C2 CompilerThread1  72704 15964       4       com.android.tools.r8.internal.Fg::a (756 bytes)

VM state:at safepoint (normal execution)

VM Mutex/Monitor currently owned by a thread:  ([mutex/lock_event])
[0x000001ba06ebcdf0] Threads_lock - owner thread: 0x000001ba229f2800
[0x000001ba06ebd0c0] Heap_lock - owner thread: 0x000001ba289eb000

Heap address: 0x0000000080000000, size: 2048 MB, Compressed Oops mode: 32-bit
Narrow klass base: 0x0000000000000000, Narrow klass shift: 3
Compressed class space size: 1073741824 Address: 0x0000000100000000

Heap:
 garbage-first heap   total 346112K, used 120832K [0x0000000080000000, 0x0000000100000000)
  region size 1024K, 10 young (10240K), 10 survivors (10240K)
 Metaspace       used 103004K, capacity 105689K, committed 105932K, reserved 1140736K
  class space    used 13069K, capacity 14079K, committed 14080K, reserved 1048576K
Heap Regions: E=young(eden), S=young(survivor), O=old, HS=humongous(starts), HC=humongous(continues), CS=collection set, F=free, A=archive, TAMS=top-at-mark-start (previous, next)
|   0|0x0000000080000000, 0x0000000080100000, 0x0000000080100000|100%| O|  |TAMS 0x0000000080100000, 0x0000000080000000| Untracked 
|   1|0x0000000080100000, 0x0000000080200000, 0x0000000080200000|100%| O|  |TAMS 0x0000000080200000, 0x0000000080100000| Untracked 
|   2|0x0000000080200000, 0x0000000080300000, 0x0000000080300000|100%| O|  |TAMS 0x0000000080300000, 0x0000000080200000| Untracked 
|   3|0x0000000080300000, 0x0000000080400000, 0x0000000080400000|100%|HS|  |TAMS 0x0000000080400000, 0x0000000080300000| Complete 
|   4|0x0000000080400000, 0x0000000080500000, 0x0000000080500000|100%|HC|  |TAMS 0x0000000080500000, 0x0000000080400000| Complete 
|   5|0x0000000080500000, 0x0000000080600000, 0x0000000080600000|100%|HC|  |TAMS 0x0000000080600000, 0x0000000080500000| Complete 
|   6|0x0000000080600000, 0x0000000080700000, 0x0000000080700000|100%| O|  |TAMS 0x0000000080700000, 0x0000000080600000| Untracked 
|   7|0x0000000080700000, 0x0000000080800000, 0x0000000080800000|100%| O|  |TAMS 0x0000000080800000, 0x0000000080700000| Untracked 
|   8|0x0000000080800000, 0x0000000080900000, 0x0000000080900000|100%| O|  |TAMS 0x0000000080900000, 0x0000000080800000| Untracked 
|   9|0x0000000080900000, 0x0000000080a00000, 0x0000000080a00000|100%| O|  |TAMS 0x0000000080a00000, 0x0000000080900000| Untracked 
|  10|0x0000000080a00000, 0x0000000080b00000, 0x0000000080b00000|100%| O|  |TAMS 0x0000000080b00000, 0x0000000080a00000| Untracked 
|  11|0x0000000080b00000, 0x0000000080c00000, 0x0000000080c00000|100%| O|  |TAMS 0x0000000080c00000, 0x0000000080b00000| Untracked 
|  12|0x0000000080c00000, 0x0000000080d00000, 0x0000000080d00000|100%| O|  |TAMS 0x0000000080d00000, 0x0000000080c00000| Untracked 
|  13|0x0000000080d00000, 0x0000000080e00000, 0x0000000080e00000|100%| O|  |TAMS 0x0000000080e00000, 0x0000000080d00000| Untracked 
|  14|0x0000000080e00000, 0x0000000080f00000, 0x0000000080f00000|100%| O|  |TAMS 0x0000000080f00000, 0x0000000080e00000| Untracked 
|  15|0x0000000080f00000, 0x0000000081000000, 0x0000000081000000|100%| O|  |TAMS 0x0000000081000000, 0x0000000080f00000| Untracked 
|  16|0x0000000081000000, 0x0000000081100000, 0x0000000081100000|100%| O|  |TAMS 0x0000000081100000, 0x0000000081000000| Untracked 
|  17|0x0000000081100000, 0x0000000081200000, 0x0000000081200000|100%| O|  |TAMS 0x0000000081200000, 0x0000000081100000| Untracked 
|  18|0x0000000081200000, 0x0000000081300000, 0x0000000081300000|100%| O|  |TAMS 0x0000000081300000, 0x0000000081200000| Untracked 
|  19|0x0000000081300000, 0x0000000081400000, 0x0000000081400000|100%| O|  |TAMS 0x0000000081400000, 0x0000000081300000| Untracked 
|  20|0x0000000081400000, 0x0000000081500000, 0x0000000081500000|100%| O|  |TAMS 0x0000000081500000, 0x0000000081400000| Untracked 
|  21|0x0000000081500000, 0x0000000081600000, 0x0000000081600000|100%| O|  |TAMS 0x0000000081600000, 0x0000000081500000| Untracked 
|  22|0x0000000081600000, 0x0000000081700000, 0x0000000081700000|100%| O|  |TAMS 0x0000000081700000, 0x0000000081600000| Untracked 
|  23|0x0000000081700000, 0x0000000081800000, 0x0000000081800000|100%| O|  |TAMS 0x0000000081800000, 0x0000000081700000| Untracked 
|  24|0x0000000081800000, 0x0000000081900000, 0x0000000081900000|100%| O|  |TAMS 0x0000000081900000, 0x0000000081800000| Untracked 
|  25|0x0000000081900000, 0x0000000081a00000, 0x0000000081a00000|100%| O|  |TAMS 0x0000000081a00000, 0x0000000081900000| Untracked 
|  26|0x0000000081a00000, 0x0000000081b00000, 0x0000000081b00000|100%| O|  |TAMS 0x0000000081b00000, 0x0000000081a00000| Untracked 
|  27|0x0000000081b00000, 0x0000000081c00000, 0x0000000081c00000|100%|HS|  |TAMS 0x0000000081c00000, 0x0000000081b00000| Complete 
|  28|0x0000000081c00000, 0x0000000081d00000, 0x0000000081d00000|100%|HS|  |TAMS 0x0000000081d00000, 0x0000000081c00000| Complete 
|  29|0x0000000081d00000, 0x0000000081e00000, 0x0000000081e00000|100%|HS|  |TAMS 0x0000000081e00000, 0x0000000081d00000| Complete 
|  30|0x0000000081e00000, 0x0000000081f00000, 0x0000000081f00000|100%|HC|  |TAMS 0x0000000081f00000, 0x0000000081e00000| Complete 
|  31|0x0000000081f00000, 0x0000000082000000, 0x0000000082000000|100%| O|  |TAMS 0x0000000082000000, 0x0000000081f00000| Untracked 
|  32|0x0000000082000000, 0x0000000082100000, 0x0000000082100000|100%| O|  |TAMS 0x0000000082100000, 0x0000000082000000| Untracked 
|  33|0x0000000082100000, 0x0000000082200000, 0x0000000082200000|100%| O|  |TAMS 0x0000000082200000, 0x0000000082100000| Untracked 
|  34|0x0000000082200000, 0x0000000082300000, 0x0000000082300000|100%| O|  |TAMS 0x0000000082300000, 0x0000000082200000| Untracked 
|  35|0x0000000082300000, 0x0000000082400000, 0x0000000082400000|100%| O|  |TAMS 0x0000000082400000, 0x0000000082300000| Untracked 
|  36|0x0000000082400000, 0x0000000082500000, 0x0000000082500000|100%| O|  |TAMS 0x0000000082500000, 0x0000000082400000| Untracked 
|  37|0x0000000082500000, 0x0000000082600000, 0x0000000082600000|100%| O|  |TAMS 0x0000000082600000, 0x0000000082500000| Untracked 
|  38|0x0000000082600000, 0x0000000082700000, 0x0000000082700000|100%| O|  |TAMS 0x0000000082700000, 0x0000000082600000| Untracked 
|  39|0x0000000082700000, 0x0000000082800000, 0x0000000082800000|100%| O|  |TAMS 0x0000000082800000, 0x0000000082700000| Untracked 
|  40|0x0000000082800000, 0x0000000082900000, 0x0000000082900000|100%| O|  |TAMS 0x0000000082900000, 0x0000000082800000| Untracked 
|  41|0x0000000082900000, 0x0000000082a00000, 0x0000000082a00000|100%| O|  |TAMS 0x0000000082a00000, 0x0000000082900000| Untracked 
|  42|0x0000000082a00000, 0x0000000082b00000, 0x0000000082b00000|100%| O|  |TAMS 0x0000000082b00000, 0x0000000082a00000| Untracked 
|  43|0x0000000082b00000, 0x0000000082c00000, 0x0000000082c00000|100%| O|  |TAMS 0x0000000082c00000, 0x0000000082b00000| Untracked 
|  44|0x0000000082c00000, 0x0000000082d00000, 0x0000000082d00000|100%| O|  |TAMS 0x0000000082d00000, 0x0000000082c00000| Untracked 
|  45|0x0000000082d00000, 0x0000000082e00000, 0x0000000082e00000|100%| O|  |TAMS 0x0000000082e00000, 0x0000000082d00000| Untracked 
|  46|0x0000000082e00000, 0x0000000082f00000, 0x0000000082f00000|100%| O|  |TAMS 0x0000000082f00000, 0x0000000082e00000| Untracked 
|  47|0x0000000082f00000, 0x0000000083000000, 0x0000000083000000|100%| O|  |TAMS 0x0000000083000000, 0x0000000082f00000| Untracked 
|  48|0x0000000083000000, 0x0000000083100000, 0x0000000083100000|100%| O|  |TAMS 0x0000000083100000, 0x0000000083000000| Untracked 
|  49|0x0000000083100000, 0x0000000083200000, 0x0000000083200000|100%| O|  |TAMS 0x0000000083200000, 0x0000000083100000| Untracked 
|  50|0x0000000083200000, 0x0000000083300000, 0x0000000083300000|100%| O|  |TAMS 0x0000000083300000, 0x0000000083200000| Untracked 
|  51|0x0000000083300000, 0x0000000083400000, 0x0000000083400000|100%| O|  |TAMS 0x0000000083400000, 0x0000000083300000| Untracked 
|  52|0x0000000083400000, 0x0000000083500000, 0x0000000083500000|100%| O|  |TAMS 0x0000000083500000, 0x0000000083400000| Untracked 
|  53|0x0000000083500000, 0x0000000083600000, 0x0000000083600000|100%| O|  |TAMS 0x0000000083600000, 0x0000000083500000| Untracked 
|  54|0x0000000083600000, 0x0000000083700000, 0x0000000083700000|100%| O|  |TAMS 0x0000000083700000, 0x0000000083600000| Untracked 
|  55|0x0000000083700000, 0x0000000083800000, 0x0000000083800000|100%| O|  |TAMS 0x0000000083800000, 0x0000000083700000| Untracked 
|  56|0x0000000083800000, 0x0000000083900000, 0x0000000083900000|100%| O|  |TAMS 0x0000000083900000, 0x0000000083800000| Untracked 
|  57|0x0000000083900000, 0x0000000083a00000, 0x0000000083a00000|100%| O|  |TAMS 0x0000000083a00000, 0x0000000083900000| Untracked 
|  58|0x0000000083a00000, 0x0000000083b00000, 0x0000000083b00000|100%| O|  |TAMS 0x0000000083b00000, 0x0000000083a00000| Untracked 
|  59|0x0000000083b00000, 0x0000000083c00000, 0x0000000083c00000|100%| O|  |TAMS 0x0000000083c00000, 0x0000000083b00000| Untracked 
|  60|0x0000000083c00000, 0x0000000083d00000, 0x0000000083d00000|100%| O|  |TAMS 0x0000000083d00000, 0x0000000083c00000| Untracked 
|  61|0x0000000083d00000, 0x0000000083e00000, 0x0000000083e00000|100%| O|  |TAMS 0x0000000083e00000, 0x0000000083d00000| Untracked 
|  62|0x0000000083e00000, 0x0000000083f00000, 0x0000000083f00000|100%| O|  |TAMS 0x0000000083f00000, 0x0000000083e00000| Untracked 
|  63|0x0000000083f00000, 0x0000000084000000, 0x0000000084000000|100%| O|  |TAMS 0x0000000084000000, 0x0000000083f00000| Untracked 
|  64|0x0000000084000000, 0x0000000084100000, 0x0000000084100000|100%| O|  |TAMS 0x0000000084100000, 0x0000000084000000| Untracked 
|  65|0x0000000084100000, 0x0000000084200000, 0x0000000084200000|100%| O|  |TAMS 0x0000000084200000, 0x0000000084100000| Untracked 
|  66|0x0000000084200000, 0x0000000084300000, 0x0000000084300000|100%| O|  |TAMS 0x0000000084300000, 0x0000000084200000| Untracked 
|  67|0x0000000084300000, 0x0000000084400000, 0x0000000084400000|100%| O|  |TAMS 0x0000000084400000, 0x0000000084300000| Untracked 
|  68|0x0000000084400000, 0x0000000084500000, 0x0000000084500000|100%| O|  |TAMS 0x0000000084500000, 0x0000000084400000| Untracked 
|  69|0x0000000084500000, 0x0000000084600000, 0x0000000084600000|100%| O|  |TAMS 0x0000000084600000, 0x0000000084500000| Untracked 
|  70|0x0000000084600000, 0x0000000084700000, 0x0000000084700000|100%| O|  |TAMS 0x0000000084700000, 0x0000000084600000| Untracked 
|  71|0x0000000084700000, 0x0000000084800000, 0x0000000084800000|100%| O|  |TAMS 0x0000000084800000, 0x0000000084700000| Untracked 
|  72|0x0000000084800000, 0x0000000084900000, 0x0000000084900000|100%| O|  |TAMS 0x0000000084900000, 0x0000000084800000| Untracked 
|  73|0x0000000084900000, 0x0000000084a00000, 0x0000000084a00000|100%| O|  |TAMS 0x0000000084a00000, 0x0000000084900000| Untracked 
|  74|0x0000000084a00000, 0x0000000084b00000, 0x0000000084b00000|100%| O|  |TAMS 0x0000000084b00000, 0x0000000084a00000| Untracked 
|  75|0x0000000084b00000, 0x0000000084c00000, 0x0000000084c00000|100%| O|  |TAMS 0x0000000084c00000, 0x0000000084b00000| Untracked 
|  76|0x0000000084c00000, 0x0000000084d00000, 0x0000000084d00000|100%| O|  |TAMS 0x0000000084d00000, 0x0000000084c00000| Untracked 
|  77|0x0000000084d00000, 0x0000000084e00000, 0x0000000084e00000|100%| O|  |TAMS 0x0000000084e00000, 0x0000000084d00000| Untracked 
|  78|0x0000000084e00000, 0x0000000084f00000, 0x0000000084f00000|100%| O|  |TAMS 0x0000000084e00000, 0x0000000084e00000| Untracked 
|  79|0x0000000084f00000, 0x0000000085000000, 0x0000000085000000|100%| O|  |TAMS 0x0000000085000000, 0x0000000084f00000| Untracked 
|  80|0x0000000085000000, 0x0000000085100000, 0x0000000085100000|100%| O|  |TAMS 0x0000000085100000, 0x0000000085000000| Untracked 
|  81|0x0000000085100000, 0x0000000085200000, 0x0000000085200000|100%| O|  |TAMS 0x0000000085200000, 0x0000000085100000| Untracked 
|  82|0x0000000085200000, 0x0000000085300000, 0x0000000085300000|100%| O|  |TAMS 0x0000000085300000, 0x0000000085200000| Untracked 
|  83|0x0000000085300000, 0x0000000085400000, 0x0000000085400000|100%| O|  |TAMS 0x0000000085400000, 0x0000000085300000| Untracked 
|  84|0x0000000085400000, 0x0000000085500000, 0x0000000085500000|100%| O|  |TAMS 0x0000000085500000, 0x0000000085400000| Untracked 
|  85|0x0000000085500000, 0x0000000085600000, 0x0000000085600000|100%| O|  |TAMS 0x0000000085600000, 0x0000000085500000| Untracked 
|  86|0x0000000085600000, 0x0000000085700000, 0x0000000085700000|100%| O|  |TAMS 0x0000000085600000, 0x0000000085600000| Untracked 
|  87|0x0000000085700000, 0x0000000085800000, 0x0000000085800000|100%| O|  |TAMS 0x0000000085800000, 0x0000000085700000| Untracked 
|  88|0x0000000085800000, 0x0000000085900000, 0x0000000085900000|100%| O|  |TAMS 0x0000000085900000, 0x0000000085800000| Untracked 
|  89|0x0000000085900000, 0x0000000085a00000, 0x0000000085a00000|100%| O|  |TAMS 0x0000000085a00000, 0x0000000085900000| Untracked 
|  90|0x0000000085a00000, 0x0000000085b00000, 0x0000000085b00000|100%| O|  |TAMS 0x0000000085b00000, 0x0000000085a00000| Untracked 
|  91|0x0000000085b00000, 0x0000000085c00000, 0x0000000085c00000|100%| O|  |TAMS 0x0000000085c00000, 0x0000000085b00000| Untracked 
|  92|0x0000000085c00000, 0x0000000085d00000, 0x0000000085d00000|100%| O|  |TAMS 0x0000000085d00000, 0x0000000085c00000| Untracked 
|  93|0x0000000085d00000, 0x0000000085e00000, 0x0000000085e00000|100%| O|  |TAMS 0x0000000085e00000, 0x0000000085d00000| Untracked 
|  94|0x0000000085e00000, 0x0000000085f00000, 0x0000000085f00000|100%| O|  |TAMS 0x0000000085f00000, 0x0000000085e00000| Untracked 
|  95|0x0000000085f00000, 0x0000000086000000, 0x0000000086000000|100%| O|  |TAMS 0x0000000086000000, 0x0000000085f00000| Untracked 
|  96|0x0000000086000000, 0x0000000086100000, 0x0000000086100000|100%| O|  |TAMS 0x0000000086100000, 0x0000000086000000| Untracked 
|  97|0x0000000086100000, 0x0000000086200000, 0x0000000086200000|100%| O|  |TAMS 0x00000000861ed000, 0x0000000086100000| Untracked 
|  98|0x0000000086200000, 0x0000000086300000, 0x0000000086300000|100%| O|  |TAMS 0x0000000086200000, 0x0000000086200000| Untracked 
|  99|0x0000000086300000, 0x0000000086400000, 0x0000000086400000|100%| O|  |TAMS 0x0000000086300000, 0x0000000086300000| Untracked 
| 100|0x0000000086400000, 0x0000000086500000, 0x0000000086500000|100%| O|  |TAMS 0x0000000086400000, 0x0000000086400000| Untracked 
| 101|0x0000000086500000, 0x0000000086600000, 0x0000000086600000|100%| O|  |TAMS 0x0000000086500000, 0x0000000086500000| Untracked 
| 102|0x0000000086600000, 0x0000000086700000, 0x0000000086700000|100%| O|  |TAMS 0x0000000086600000, 0x0000000086600000| Untracked 
| 103|0x0000000086700000, 0x0000000086800000, 0x0000000086800000|100%| O|  |TAMS 0x0000000086700000, 0x0000000086700000| Untracked 
| 104|0x0000000086800000, 0x0000000086900000, 0x0000000086900000|100%| O|  |TAMS 0x0000000086800000, 0x0000000086800000| Untracked 
| 105|0x0000000086900000, 0x0000000086a00000, 0x0000000086a00000|100%| O|  |TAMS 0x0000000086900000, 0x0000000086900000| Untracked 
| 106|0x0000000086a00000, 0x0000000086b00000, 0x0000000086b00000|100%| O|  |TAMS 0x0000000086a00000, 0x0000000086a00000| Untracked 
| 107|0x0000000086b00000, 0x0000000086c00000, 0x0000000086c00000|100%| O|  |TAMS 0x0000000086b00000, 0x0000000086b00000| Untracked 
| 108|0x0000000086c00000, 0x0000000086c00000, 0x0000000086d00000|  0%| F|  |TAMS 0x0000000086c00000, 0x0000000086c00000| Untracked 
| 109|0x0000000086d00000, 0x0000000086d00000, 0x0000000086e00000|  0%| F|  |TAMS 0x0000000086d00000, 0x0000000086d00000| Untracked 
| 110|0x0000000086e00000, 0x0000000086e00000, 0x0000000086f00000|  0%| F|  |TAMS 0x0000000086e00000, 0x0000000086e00000| Untracked 
| 111|0x0000000086f00000, 0x0000000086f00000, 0x0000000087000000|  0%| F|  |TAMS 0x0000000086f00000, 0x0000000086f00000| Untracked 
| 112|0x0000000087000000, 0x0000000087000000, 0x0000000087100000|  0%| F|  |TAMS 0x0000000087000000, 0x0000000087000000| Untracked 
| 113|0x0000000087100000, 0x0000000087100000, 0x0000000087200000|  0%| F|  |TAMS 0x0000000087100000, 0x0000000087100000| Untracked 
| 114|0x0000000087200000, 0x0000000087200000, 0x0000000087300000|  0%| F|  |TAMS 0x0000000087200000, 0x0000000087200000| Untracked 
| 115|0x0000000087300000, 0x0000000087300000, 0x0000000087400000|  0%| F|  |TAMS 0x0000000087300000, 0x0000000087300000| Untracked 
| 116|0x0000000087400000, 0x0000000087400000, 0x0000000087500000|  0%| F|  |TAMS 0x0000000087400000, 0x0000000087400000| Untracked 
| 117|0x0000000087500000, 0x0000000087500000, 0x0000000087600000|  0%| F|  |TAMS 0x0000000087500000, 0x0000000087500000| Untracked 
| 118|0x0000000087600000, 0x0000000087600000, 0x0000000087700000|  0%| F|  |TAMS 0x0000000087600000, 0x0000000087600000| Untracked 
| 119|0x0000000087700000, 0x0000000087700000, 0x0000000087800000|  0%| F|  |TAMS 0x0000000087700000, 0x0000000087700000| Untracked 
| 120|0x0000000087800000, 0x0000000087800000, 0x0000000087900000|  0%| F|  |TAMS 0x0000000087800000, 0x0000000087800000| Untracked 
| 121|0x0000000087900000, 0x0000000087900000, 0x0000000087a00000|  0%| F|  |TAMS 0x0000000087900000, 0x0000000087900000| Untracked 
| 122|0x0000000087a00000, 0x0000000087a00000, 0x0000000087b00000|  0%| F|  |TAMS 0x0000000087a00000, 0x0000000087a00000| Untracked 
| 123|0x0000000087b00000, 0x0000000087b00000, 0x0000000087c00000|  0%| F|  |TAMS 0x0000000087b00000, 0x0000000087b00000| Untracked 
| 124|0x0000000087c00000, 0x0000000087c00000, 0x0000000087d00000|  0%| F|  |TAMS 0x0000000087c00000, 0x0000000087c00000| Untracked 
| 125|0x0000000087d00000, 0x0000000087d00000, 0x0000000087e00000|  0%| F|  |TAMS 0x0000000087d00000, 0x0000000087d00000| Untracked 
| 126|0x0000000087e00000, 0x0000000087e00000, 0x0000000087f00000|  0%| F|  |TAMS 0x0000000087e00000, 0x0000000087e00000| Untracked 
| 127|0x0000000087f00000, 0x0000000087f00000, 0x0000000088000000|  0%| F|  |TAMS 0x0000000087f00000, 0x0000000087f00000| Untracked 
| 128|0x0000000088000000, 0x0000000088000000, 0x0000000088100000|  0%| F|  |TAMS 0x0000000088000000, 0x0000000088000000| Untracked 
| 129|0x0000000088100000, 0x0000000088100000, 0x0000000088200000|  0%| F|  |TAMS 0x0000000088100000, 0x0000000088100000| Untracked 
| 130|0x0000000088200000, 0x0000000088200000, 0x0000000088300000|  0%| F|  |TAMS 0x0000000088200000, 0x0000000088200000| Untracked 
| 131|0x0000000088300000, 0x0000000088300000, 0x0000000088400000|  0%| F|  |TAMS 0x0000000088300000, 0x0000000088300000| Untracked 
| 132|0x0000000088400000, 0x0000000088400000, 0x0000000088500000|  0%| F|  |TAMS 0x0000000088400000, 0x0000000088400000| Untracked 
| 133|0x0000000088500000, 0x0000000088500000, 0x0000000088600000|  0%| F|  |TAMS 0x0000000088500000, 0x0000000088500000| Untracked 
| 134|0x0000000088600000, 0x0000000088600000, 0x0000000088700000|  0%| F|  |TAMS 0x0000000088600000, 0x0000000088600000| Untracked 
| 135|0x0000000088700000, 0x0000000088700000, 0x0000000088800000|  0%| F|  |TAMS 0x0000000088700000, 0x0000000088700000| Untracked 
| 136|0x0000000088800000, 0x0000000088800000, 0x0000000088900000|  0%| F|  |TAMS 0x0000000088800000, 0x0000000088800000| Untracked 
| 137|0x0000000088900000, 0x0000000088900000, 0x0000000088a00000|  0%| F|  |TAMS 0x0000000088900000, 0x0000000088900000| Untracked 
| 138|0x0000000088a00000, 0x0000000088b00000, 0x0000000088b00000|100%| S|CS|TAMS 0x0000000088a00000, 0x0000000088a00000| Complete 
| 139|0x0000000088b00000, 0x0000000088c00000, 0x0000000088c00000|100%| S|CS|TAMS 0x0000000088b00000, 0x0000000088b00000| Complete 
| 140|0x0000000088c00000, 0x0000000088c00000, 0x0000000088d00000|  0%| F|  |TAMS 0x0000000088c00000, 0x0000000088c00000| Untracked 
| 141|0x0000000088d00000, 0x0000000088d00000, 0x0000000088e00000|  0%| F|  |TAMS 0x0000000088d00000, 0x0000000088d00000| Untracked 
| 142|0x0000000088e00000, 0x0000000088e00000, 0x0000000088f00000|  0%| F|  |TAMS 0x0000000088e00000, 0x0000000088e00000| Untracked 
| 143|0x0000000088f00000, 0x0000000088f00000, 0x0000000089000000|  0%| F|  |TAMS 0x0000000088f00000, 0x0000000088f00000| Untracked 
| 144|0x0000000089000000, 0x0000000089000000, 0x0000000089100000|  0%| F|  |TAMS 0x0000000089000000, 0x0000000089000000| Untracked 
| 145|0x0000000089100000, 0x0000000089200000, 0x0000000089200000|100%| S|CS|TAMS 0x0000000089100000, 0x0000000089100000| Complete 
| 146|0x0000000089200000, 0x0000000089300000, 0x0000000089300000|100%| S|CS|TAMS 0x0000000089200000, 0x0000000089200000| Complete 
| 147|0x0000000089300000, 0x0000000089400000, 0x0000000089400000|100%| S|CS|TAMS 0x0000000089300000, 0x0000000089300000| Complete 
| 148|0x0000000089400000, 0x0000000089500000, 0x0000000089500000|100%| S|CS|TAMS 0x0000000089400000, 0x0000000089400000| Complete 
| 149|0x0000000089500000, 0x0000000089600000, 0x0000000089600000|100%| S|CS|TAMS 0x0000000089500000, 0x0000000089500000| Complete 
| 150|0x0000000089600000, 0x0000000089700000, 0x0000000089700000|100%| S|CS|TAMS 0x0000000089600000, 0x0000000089600000| Complete 
| 151|0x0000000089700000, 0x0000000089800000, 0x0000000089800000|100%| S|CS|TAMS 0x0000000089700000, 0x0000000089700000| Complete 
| 152|0x0000000089800000, 0x0000000089900000, 0x0000000089900000|100%| S|CS|TAMS 0x0000000089800000, 0x0000000089800000| Complete 
| 153|0x0000000089900000, 0x0000000089900000, 0x0000000089a00000|  0%| F|  |TAMS 0x0000000089900000, 0x0000000089900000| Untracked 
| 154|0x0000000089a00000, 0x0000000089a00000, 0x0000000089b00000|  0%| F|  |TAMS 0x0000000089a00000, 0x0000000089a00000| Untracked 
| 155|0x0000000089b00000, 0x0000000089b00000, 0x0000000089c00000|  0%| F|  |TAMS 0x0000000089b00000, 0x0000000089b00000| Untracked 
| 156|0x0000000089c00000, 0x0000000089c00000, 0x0000000089d00000|  0%| F|  |TAMS 0x0000000089c00000, 0x0000000089c00000| Untracked 
| 157|0x0000000089d00000, 0x0000000089d00000, 0x0000000089e00000|  0%| F|  |TAMS 0x0000000089d00000, 0x0000000089d00000| Untracked 
| 158|0x0000000089e00000, 0x0000000089e00000, 0x0000000089f00000|  0%| F|  |TAMS 0x0000000089e00000, 0x0000000089e00000| Untracked 
| 159|0x0000000089f00000, 0x0000000089f00000, 0x000000008a000000|  0%| F|  |TAMS 0x0000000089f00000, 0x0000000089f00000| Untracked 
| 160|0x000000008a000000, 0x000000008a000000, 0x000000008a100000|  0%| F|  |TAMS 0x000000008a000000, 0x000000008a000000| Untracked 
| 161|0x000000008a100000, 0x000000008a100000, 0x000000008a200000|  0%| F|  |TAMS 0x000000008a100000, 0x000000008a100000| Untracked 
| 162|0x000000008a200000, 0x000000008a200000, 0x000000008a300000|  0%| F|  |TAMS 0x000000008a200000, 0x000000008a200000| Untracked 
| 163|0x000000008a300000, 0x000000008a300000, 0x000000008a400000|  0%| F|  |TAMS 0x000000008a300000, 0x000000008a300000| Untracked 
| 164|0x000000008a400000, 0x000000008a400000, 0x000000008a500000|  0%| F|  |TAMS 0x000000008a400000, 0x000000008a400000| Untracked 
| 165|0x000000008a500000, 0x000000008a500000, 0x000000008a600000|  0%| F|  |TAMS 0x000000008a500000, 0x000000008a500000| Untracked 
| 166|0x000000008a600000, 0x000000008a600000, 0x000000008a700000|  0%| F|  |TAMS 0x000000008a600000, 0x000000008a600000| Untracked 
| 167|0x000000008a700000, 0x000000008a700000, 0x000000008a800000|  0%| F|  |TAMS 0x000000008a700000, 0x000000008a700000| Untracked 
| 168|0x000000008a800000, 0x000000008a800000, 0x000000008a900000|  0%| F|  |TAMS 0x000000008a800000, 0x000000008a800000| Untracked 
| 169|0x000000008a900000, 0x000000008a900000, 0x000000008aa00000|  0%| F|  |TAMS 0x000000008a900000, 0x000000008a900000| Untracked 
| 170|0x000000008aa00000, 0x000000008aa00000, 0x000000008ab00000|  0%| F|  |TAMS 0x000000008aa00000, 0x000000008aa00000| Untracked 
| 171|0x000000008ab00000, 0x000000008ab00000, 0x000000008ac00000|  0%| F|  |TAMS 0x000000008ab00000, 0x000000008ab00000| Untracked 
| 172|0x000000008ac00000, 0x000000008ac00000, 0x000000008ad00000|  0%| F|  |TAMS 0x000000008ac00000, 0x000000008ac00000| Untracked 
| 173|0x000000008ad00000, 0x000000008ad00000, 0x000000008ae00000|  0%| F|  |TAMS 0x000000008ad00000, 0x000000008ad00000| Untracked 
| 174|0x000000008ae00000, 0x000000008ae00000, 0x000000008af00000|  0%| F|  |TAMS 0x000000008ae00000, 0x000000008ae00000| Untracked 
| 175|0x000000008af00000, 0x000000008af00000, 0x000000008b000000|  0%| F|  |TAMS 0x000000008af00000, 0x000000008af00000| Untracked 
| 176|0x000000008b000000, 0x000000008b000000, 0x000000008b100000|  0%| F|  |TAMS 0x000000008b000000, 0x000000008b000000| Untracked 
| 177|0x000000008b100000, 0x000000008b100000, 0x000000008b200000|  0%| F|  |TAMS 0x000000008b100000, 0x000000008b100000| Untracked 
| 178|0x000000008b200000, 0x000000008b200000, 0x000000008b300000|  0%| F|  |TAMS 0x000000008b200000, 0x000000008b200000| Untracked 
| 179|0x000000008b300000, 0x000000008b300000, 0x000000008b400000|  0%| F|  |TAMS 0x000000008b300000, 0x000000008b300000| Untracked 
| 180|0x000000008b400000, 0x000000008b400000, 0x000000008b500000|  0%| F|  |TAMS 0x000000008b400000, 0x000000008b400000| Untracked 
| 181|0x000000008b500000, 0x000000008b500000, 0x000000008b600000|  0%| F|  |TAMS 0x000000008b500000, 0x000000008b500000| Untracked 
| 182|0x000000008b600000, 0x000000008b600000, 0x000000008b700000|  0%| F|  |TAMS 0x000000008b600000, 0x000000008b600000| Untracked 
| 183|0x000000008b700000, 0x000000008b700000, 0x000000008b800000|  0%| F|  |TAMS 0x000000008b700000, 0x000000008b700000| Untracked 
| 184|0x000000008b800000, 0x000000008b800000, 0x000000008b900000|  0%| F|  |TAMS 0x000000008b800000, 0x000000008b800000| Untracked 
| 185|0x000000008b900000, 0x000000008b900000, 0x000000008ba00000|  0%| F|  |TAMS 0x000000008b900000, 0x000000008b900000| Untracked 
| 186|0x000000008ba00000, 0x000000008ba00000, 0x000000008bb00000|  0%| F|  |TAMS 0x000000008ba00000, 0x000000008ba00000| Untracked 
| 187|0x000000008bb00000, 0x000000008bb00000, 0x000000008bc00000|  0%| F|  |TAMS 0x000000008bb00000, 0x000000008bb00000| Untracked 
| 188|0x000000008bc00000, 0x000000008bc00000, 0x000000008bd00000|  0%| F|  |TAMS 0x000000008bc00000, 0x000000008bc00000| Untracked 
| 189|0x000000008bd00000, 0x000000008bd00000, 0x000000008be00000|  0%| F|  |TAMS 0x000000008bd00000, 0x000000008bd00000| Untracked 
| 190|0x000000008be00000, 0x000000008be00000, 0x000000008bf00000|  0%| F|  |TAMS 0x000000008be00000, 0x000000008be00000| Untracked 
| 191|0x000000008bf00000, 0x000000008bf00000, 0x000000008c000000|  0%| F|  |TAMS 0x000000008bf00000, 0x000000008bf00000| Untracked 
| 192|0x000000008c000000, 0x000000008c000000, 0x000000008c100000|  0%| F|  |TAMS 0x000000008c000000, 0x000000008c000000| Untracked 
| 193|0x000000008c100000, 0x000000008c100000, 0x000000008c200000|  0%| F|  |TAMS 0x000000008c100000, 0x000000008c100000| Untracked 
| 194|0x000000008c200000, 0x000000008c200000, 0x000000008c300000|  0%| F|  |TAMS 0x000000008c200000, 0x000000008c200000| Untracked 
| 195|0x000000008c300000, 0x000000008c300000, 0x000000008c400000|  0%| F|  |TAMS 0x000000008c300000, 0x000000008c300000| Untracked 
| 196|0x000000008c400000, 0x000000008c400000, 0x000000008c500000|  0%| F|  |TAMS 0x000000008c400000, 0x000000008c400000| Untracked 
| 197|0x000000008c500000, 0x000000008c500000, 0x000000008c600000|  0%| F|  |TAMS 0x000000008c500000, 0x000000008c500000| Untracked 
| 198|0x000000008c600000, 0x000000008c600000, 0x000000008c700000|  0%| F|  |TAMS 0x000000008c600000, 0x000000008c600000| Untracked 
| 199|0x000000008c700000, 0x000000008c700000, 0x000000008c800000|  0%| F|  |TAMS 0x000000008c700000, 0x000000008c700000| Untracked 
| 200|0x000000008c800000, 0x000000008c800000, 0x000000008c900000|  0%| F|  |TAMS 0x000000008c800000, 0x000000008c800000| Untracked 
| 201|0x000000008c900000, 0x000000008c900000, 0x000000008ca00000|  0%| F|  |TAMS 0x000000008c900000, 0x000000008c900000| Untracked 
| 202|0x000000008ca00000, 0x000000008ca00000, 0x000000008cb00000|  0%| F|  |TAMS 0x000000008ca00000, 0x000000008ca00000| Untracked 
| 203|0x000000008cb00000, 0x000000008cb00000, 0x000000008cc00000|  0%| F|  |TAMS 0x000000008cb00000, 0x000000008cb00000| Untracked 
| 204|0x000000008cc00000, 0x000000008cc00000, 0x000000008cd00000|  0%| F|  |TAMS 0x000000008cc00000, 0x000000008cc00000| Untracked 
| 205|0x000000008cd00000, 0x000000008cd00000, 0x000000008ce00000|  0%| F|  |TAMS 0x000000008cd00000, 0x000000008cd00000| Untracked 
| 206|0x000000008ce00000, 0x000000008ce00000, 0x000000008cf00000|  0%| F|  |TAMS 0x000000008ce00000, 0x000000008ce00000| Untracked 
| 207|0x000000008cf00000, 0x000000008cf00000, 0x000000008d000000|  0%| F|  |TAMS 0x000000008cf00000, 0x000000008cf00000| Untracked 
| 208|0x000000008d000000, 0x000000008d000000, 0x000000008d100000|  0%| F|  |TAMS 0x000000008d000000, 0x000000008d000000| Untracked 
| 209|0x000000008d100000, 0x000000008d100000, 0x000000008d200000|  0%| F|  |TAMS 0x000000008d100000, 0x000000008d100000| Untracked 
| 210|0x000000008d200000, 0x000000008d200000, 0x000000008d300000|  0%| F|  |TAMS 0x000000008d200000, 0x000000008d200000| Untracked 
| 211|0x000000008d300000, 0x000000008d300000, 0x000000008d400000|  0%| F|  |TAMS 0x000000008d300000, 0x000000008d300000| Untracked 
| 212|0x000000008d400000, 0x000000008d400000, 0x000000008d500000|  0%| F|  |TAMS 0x000000008d400000, 0x000000008d400000| Untracked 
| 213|0x000000008d500000, 0x000000008d500000, 0x000000008d600000|  0%| F|  |TAMS 0x000000008d500000, 0x000000008d500000| Untracked 
| 214|0x000000008d600000, 0x000000008d600000, 0x000000008d700000|  0%| F|  |TAMS 0x000000008d600000, 0x000000008d600000| Untracked 
| 215|0x000000008d700000, 0x000000008d700000, 0x000000008d800000|  0%| F|  |TAMS 0x000000008d700000, 0x000000008d700000| Untracked 
| 216|0x000000008d800000, 0x000000008d800000, 0x000000008d900000|  0%| F|  |TAMS 0x000000008d800000, 0x000000008d800000| Untracked 
| 217|0x000000008d900000, 0x000000008d900000, 0x000000008da00000|  0%| F|  |TAMS 0x000000008d900000, 0x000000008d900000| Untracked 
| 218|0x000000008da00000, 0x000000008da00000, 0x000000008db00000|  0%| F|  |TAMS 0x000000008da00000, 0x000000008da00000| Untracked 
| 219|0x000000008db00000, 0x000000008db00000, 0x000000008dc00000|  0%| F|  |TAMS 0x000000008db00000, 0x000000008db00000| Untracked 
| 220|0x000000008dc00000, 0x000000008dc00000, 0x000000008dd00000|  0%| F|  |TAMS 0x000000008dc00000, 0x000000008dc00000| Untracked 
| 221|0x000000008dd00000, 0x000000008dd00000, 0x000000008de00000|  0%| F|  |TAMS 0x000000008dd00000, 0x000000008dd00000| Untracked 
| 222|0x000000008de00000, 0x000000008de00000, 0x000000008df00000|  0%| F|  |TAMS 0x000000008de00000, 0x000000008de00000| Untracked 
| 223|0x000000008df00000, 0x000000008df00000, 0x000000008e000000|  0%| F|  |TAMS 0x000000008df00000, 0x000000008df00000| Untracked 
| 224|0x000000008e000000, 0x000000008e000000, 0x000000008e100000|  0%| F|  |TAMS 0x000000008e000000, 0x000000008e000000| Untracked 
| 225|0x000000008e100000, 0x000000008e100000, 0x000000008e200000|  0%| F|  |TAMS 0x000000008e100000, 0x000000008e100000| Untracked 
| 226|0x000000008e200000, 0x000000008e200000, 0x000000008e300000|  0%| F|  |TAMS 0x000000008e200000, 0x000000008e200000| Untracked 
| 227|0x000000008e300000, 0x000000008e300000, 0x000000008e400000|  0%| F|  |TAMS 0x000000008e300000, 0x000000008e300000| Untracked 
| 228|0x000000008e400000, 0x000000008e400000, 0x000000008e500000|  0%| F|  |TAMS 0x000000008e400000, 0x000000008e400000| Untracked 
| 229|0x000000008e500000, 0x000000008e500000, 0x000000008e600000|  0%| F|  |TAMS 0x000000008e500000, 0x000000008e500000| Untracked 
| 230|0x000000008e600000, 0x000000008e600000, 0x000000008e700000|  0%| F|  |TAMS 0x000000008e600000, 0x000000008e600000| Untracked 
| 231|0x000000008e700000, 0x000000008e700000, 0x000000008e800000|  0%| F|  |TAMS 0x000000008e700000, 0x000000008e700000| Untracked 
| 232|0x000000008e800000, 0x000000008e800000, 0x000000008e900000|  0%| F|  |TAMS 0x000000008e800000, 0x000000008e800000| Untracked 
| 233|0x000000008e900000, 0x000000008e900000, 0x000000008ea00000|  0%| F|  |TAMS 0x000000008e900000, 0x000000008e900000| Untracked 
| 234|0x000000008ea00000, 0x000000008ea00000, 0x000000008eb00000|  0%| F|  |TAMS 0x000000008ea00000, 0x000000008ea00000| Untracked 
| 235|0x000000008eb00000, 0x000000008eb00000, 0x000000008ec00000|  0%| F|  |TAMS 0x000000008eb00000, 0x000000008eb00000| Untracked 
| 236|0x000000008ec00000, 0x000000008ec00000, 0x000000008ed00000|  0%| F|  |TAMS 0x000000008ec00000, 0x000000008ec00000| Untracked 
| 237|0x000000008ed00000, 0x000000008ed00000, 0x000000008ee00000|  0%| F|  |TAMS 0x000000008ed00000, 0x000000008ed00000| Untracked 
| 238|0x000000008ee00000, 0x000000008ee00000, 0x000000008ef00000|  0%| F|  |TAMS 0x000000008ee00000, 0x000000008ee00000| Untracked 
| 239|0x000000008ef00000, 0x000000008ef00000, 0x000000008f000000|  0%| F|  |TAMS 0x000000008ef00000, 0x000000008ef00000| Untracked 
| 240|0x000000008f000000, 0x000000008f000000, 0x000000008f100000|  0%| F|  |TAMS 0x000000008f000000, 0x000000008f000000| Untracked 
| 241|0x000000008f100000, 0x000000008f100000, 0x000000008f200000|  0%| F|  |TAMS 0x000000008f100000, 0x000000008f100000| Untracked 
| 242|0x000000008f200000, 0x000000008f200000, 0x000000008f300000|  0%| F|  |TAMS 0x000000008f200000, 0x000000008f200000| Untracked 
| 243|0x000000008f300000, 0x000000008f300000, 0x000000008f400000|  0%| F|  |TAMS 0x000000008f300000, 0x000000008f300000| Untracked 
| 244|0x000000008f400000, 0x000000008f400000, 0x000000008f500000|  0%| F|  |TAMS 0x000000008f400000, 0x000000008f400000| Untracked 
| 245|0x000000008f500000, 0x000000008f500000, 0x000000008f600000|  0%| F|  |TAMS 0x000000008f500000, 0x000000008f500000| Untracked 
| 246|0x000000008f600000, 0x000000008f600000, 0x000000008f700000|  0%| F|  |TAMS 0x000000008f600000, 0x000000008f600000| Untracked 
| 247|0x000000008f700000, 0x000000008f700000, 0x000000008f800000|  0%| F|  |TAMS 0x000000008f700000, 0x000000008f700000| Untracked 
| 248|0x000000008f800000, 0x000000008f800000, 0x000000008f900000|  0%| F|  |TAMS 0x000000008f800000, 0x000000008f800000| Untracked 
| 249|0x000000008f900000, 0x000000008f900000, 0x000000008fa00000|  0%| F|  |TAMS 0x000000008f900000, 0x000000008f900000| Untracked 
| 250|0x000000008fa00000, 0x000000008fa00000, 0x000000008fb00000|  0%| F|  |TAMS 0x000000008fa00000, 0x000000008fa00000| Untracked 
| 251|0x000000008fb00000, 0x000000008fb00000, 0x000000008fc00000|  0%| F|  |TAMS 0x000000008fb00000, 0x000000008fb00000| Untracked 
| 252|0x000000008fc00000, 0x000000008fc00000, 0x000000008fd00000|  0%| F|  |TAMS 0x000000008fc00000, 0x000000008fc00000| Untracked 
| 253|0x000000008fd00000, 0x000000008fd00000, 0x000000008fe00000|  0%| F|  |TAMS 0x000000008fd00000, 0x000000008fd00000| Untracked 
| 254|0x000000008fe00000, 0x000000008fe00000, 0x000000008ff00000|  0%| F|  |TAMS 0x000000008fe00000, 0x000000008fe00000| Untracked 
| 255|0x000000008ff00000, 0x000000008ff00000, 0x0000000090000000|  0%| F|  |TAMS 0x000000008ff00000, 0x000000008ff00000| Untracked 
| 256|0x0000000090000000, 0x0000000090000000, 0x0000000090100000|  0%| F|  |TAMS 0x0000000090000000, 0x0000000090000000| Untracked 
| 257|0x0000000090100000, 0x0000000090100000, 0x0000000090200000|  0%| F|  |TAMS 0x0000000090100000, 0x0000000090100000| Untracked 
| 258|0x0000000090200000, 0x0000000090200000, 0x0000000090300000|  0%| F|  |TAMS 0x0000000090200000, 0x0000000090200000| Untracked 
| 259|0x0000000090300000, 0x0000000090300000, 0x0000000090400000|  0%| F|  |TAMS 0x0000000090300000, 0x0000000090300000| Untracked 
| 260|0x0000000090400000, 0x0000000090400000, 0x0000000090500000|  0%| F|  |TAMS 0x0000000090400000, 0x0000000090400000| Untracked 
| 261|0x0000000090500000, 0x0000000090500000, 0x0000000090600000|  0%| F|  |TAMS 0x0000000090500000, 0x0000000090500000| Untracked 
| 262|0x0000000090600000, 0x0000000090600000, 0x0000000090700000|  0%| F|  |TAMS 0x0000000090600000, 0x0000000090600000| Untracked 
| 263|0x0000000090700000, 0x0000000090700000, 0x0000000090800000|  0%| F|  |TAMS 0x0000000090700000, 0x0000000090700000| Untracked 
| 264|0x0000000090800000, 0x0000000090800000, 0x0000000090900000|  0%| F|  |TAMS 0x0000000090800000, 0x0000000090800000| Untracked 
| 265|0x0000000090900000, 0x0000000090900000, 0x0000000090a00000|  0%| F|  |TAMS 0x0000000090900000, 0x0000000090900000| Untracked 
| 266|0x0000000090a00000, 0x0000000090a00000, 0x0000000090b00000|  0%| F|  |TAMS 0x0000000090a00000, 0x0000000090a00000| Untracked 
| 267|0x0000000090b00000, 0x0000000090b00000, 0x0000000090c00000|  0%| F|  |TAMS 0x0000000090b00000, 0x0000000090b00000| Untracked 
| 268|0x0000000090c00000, 0x0000000090c00000, 0x0000000090d00000|  0%| F|  |TAMS 0x0000000090c00000, 0x0000000090c00000| Untracked 
| 269|0x0000000090d00000, 0x0000000090d00000, 0x0000000090e00000|  0%| F|  |TAMS 0x0000000090d00000, 0x0000000090d00000| Untracked 
| 270|0x0000000090e00000, 0x0000000090e00000, 0x0000000090f00000|  0%| F|  |TAMS 0x0000000090e00000, 0x0000000090e00000| Untracked 
| 271|0x0000000090f00000, 0x0000000090f00000, 0x0000000091000000|  0%| F|  |TAMS 0x0000000090f00000, 0x0000000090f00000| Untracked 
| 272|0x0000000091000000, 0x0000000091000000, 0x0000000091100000|  0%| F|  |TAMS 0x0000000091000000, 0x0000000091000000| Untracked 
| 273|0x0000000091100000, 0x0000000091100000, 0x0000000091200000|  0%| F|  |TAMS 0x0000000091100000, 0x0000000091100000| Untracked 
| 274|0x0000000091200000, 0x0000000091200000, 0x0000000091300000|  0%| F|  |TAMS 0x0000000091200000, 0x0000000091200000| Untracked 
| 275|0x0000000091300000, 0x0000000091300000, 0x0000000091400000|  0%| F|  |TAMS 0x0000000091300000, 0x0000000091300000| Untracked 
| 276|0x0000000091400000, 0x0000000091400000, 0x0000000091500000|  0%| F|  |TAMS 0x0000000091400000, 0x0000000091400000| Untracked 
| 277|0x0000000091500000, 0x0000000091500000, 0x0000000091600000|  0%| F|  |TAMS 0x0000000091500000, 0x0000000091500000| Untracked 
| 278|0x0000000091600000, 0x0000000091600000, 0x0000000091700000|  0%| F|  |TAMS 0x0000000091600000, 0x0000000091600000| Untracked 
| 279|0x0000000091700000, 0x0000000091700000, 0x0000000091800000|  0%| F|  |TAMS 0x0000000091700000, 0x0000000091700000| Untracked 
| 280|0x0000000091800000, 0x0000000091800000, 0x0000000091900000|  0%| F|  |TAMS 0x0000000091800000, 0x0000000091800000| Untracked 

Card table byte_map: [0x000001ba1bbf0000,0x000001ba1bff0000] _byte_map_base: 0x000001ba1b7f0000

Marking Bits (Prev, Next): (CMBitMap*) 0x000001ba06efd2c8, (CMBitMap*) 0x000001ba06efd300
 Prev Bits: [0x000001ba1c3f0000, 0x000001ba1e3f0000)
 Next Bits: [0x000001ba1e3f0000, 0x000001ba203f0000)

Polling page: 0x000001ba06d90000

Metaspace:

Usage:
  Non-class:     89.46 MB capacity,    87.83 MB ( 98%) used,     1.32 MB (  1%) free+waste,   318.38 KB ( <1%) overhead. 
      Class:     13.75 MB capacity,    12.76 MB ( 93%) used,   865.98 KB (  6%) free+waste,   143.94 KB (  1%) overhead. 
       Both:    103.21 MB capacity,   100.59 MB ( 97%) used,     2.17 MB (  2%) free+waste,   462.31 KB ( <1%) overhead. 

Virtual space:
  Non-class space:       90.00 MB reserved,      89.70 MB (>99%) committed 
      Class space:        1.00 GB reserved,      13.75 MB (  1%) committed 
             Both:        1.09 GB reserved,     103.45 MB (  9%) committed 

Chunk freelists:
   Non-Class:  50.00 KB
       Class:  1.00 KB
        Both:  51.00 KB

MaxMetaspaceSize: 17179869184.00 GB
CompressedClassSpaceSize: 1.00 GB

CodeHeap 'non-profiled nmethods': size=120064Kb used=9887Kb max_used=9887Kb free=110176Kb
 bounds [0x000001ba13c70000, 0x000001ba14620000, 0x000001ba1b1b0000]
CodeHeap 'profiled nmethods': size=120000Kb used=38006Kb max_used=38006Kb free=81993Kb
 bounds [0x000001ba0c740000, 0x000001ba0ec60000, 0x000001ba13c70000]
CodeHeap 'non-nmethods': size=5696Kb used=2310Kb max_used=2385Kb free=3385Kb
 bounds [0x000001ba0c1b0000, 0x000001ba0c420000, 0x000001ba0c740000]
 total_blobs=16710 nmethods=15791 adapters=828
 compilation: enabled
              stopped_count=0, restarted_count=0
 full_count=0

Compilation events (20 events):
Event: 71.555 Thread 0x000001ba22a62800 16108 %     3       com.android.tools.r8.internal.E7::b @ 111 (158 bytes)
Event: 71.557 Thread 0x000001ba22a62800 nmethod 16108% 0x000001ba0ec56010 code [0x000001ba0ec56500, 0x000001ba0ec592a8]
Event: 71.573 Thread 0x000001ba22a62800 16109       2       com.android.tools.r8.internal.g1::a (28 bytes)
Event: 71.574 Thread 0x000001ba22a62800 nmethod 16109 0x000001ba0ec59e90 code [0x000001ba0ec5a080, 0x000001ba0ec5a2b8]
Event: 71.596 Thread 0x000001ba22a62800 16110       2       com.android.tools.r8.internal.Ms::a (12 bytes)
Event: 71.596 Thread 0x000001ba22a62800 nmethod 16110 0x000001ba0ec5a490 code [0x000001ba0ec5a640, 0x000001ba0ec5a768]
Event: 71.597 Thread 0x000001ba22a62800 16111       2       com.android.tools.r8.internal.I4::a (56 bytes)
Event: 71.598 Thread 0x000001ba22a62800 nmethod 16111 0x000001ba0ec5a810 code [0x000001ba0ec5aa20, 0x000001ba0ec5af28]
Event: 71.598 Thread 0x000001ba22a62800 16112       2       com.android.tools.r8.internal.I4::a (33 bytes)
Event: 71.599 Thread 0x000001ba22a62800 nmethod 16112 0x000001ba0ec5b290 code [0x000001ba0ec5b500, 0x000001ba0ec5bd88]
Event: 71.600 Thread 0x000001ba22a62800 16113       2       com.android.tools.r8.internal.Ms::<init> (12 bytes)
Event: 71.600 Thread 0x000001ba22a62800 nmethod 16113 0x000001ba0ec5c210 code [0x000001ba0ec5c3c0, 0x000001ba0ec5c528]
Event: 71.642 Thread 0x000001ba22a62800 16115       2       com.android.tools.r8.internal.Le::a (115 bytes)
Event: 71.642 Thread 0x000001ba22a62800 nmethod 16115 0x000001ba0ec5c610 code [0x000001ba0ec5c840, 0x000001ba0ec5cd58]
Event: 71.643 Thread 0x000001ba22a62800 16116       2       com.android.tools.r8.internal.Vr::<init> (10 bytes)
Event: 71.643 Thread 0x000001ba22a62800 nmethod 16116 0x000001ba0ec5cf90 code [0x000001ba0ec5d140, 0x000001ba0ec5d248]
Event: 71.657 Thread 0x000001ba22a62800 16118       2       com.android.tools.r8.internal.Ca::<init> (10 bytes)
Event: 71.658 Thread 0x000001ba22a62800 nmethod 16118 0x000001ba0ec5d310 code [0x000001ba0ec5d4c0, 0x000001ba0ec5d5c8]
Event: 71.667 Thread 0x000001ba22a62800 16119       2       com.android.tools.r8.internal.Rr::b (5 bytes)
Event: 71.667 Thread 0x000001ba22a62800 nmethod 16119 0x000001ba0ec5d690 code [0x000001ba0ec5d840, 0x000001ba0ec5d968]

GC Heap History (20 events):
Event: 67.460 GC heap after
{Heap after GC invocations=80 (full 0):
 garbage-first heap   total 199680K, used 111292K [0x0000000080000000, 0x0000000100000000)
  region size 1024K, 4 young (4096K), 4 survivors (4096K)
 Metaspace       used 102709K, capacity 105385K, committed 105420K, reserved 1140736K
  class space    used 13057K, capacity 14070K, committed 14080K, reserved 1048576K
}
Event: 67.729 GC heap before
{Heap before GC invocations=80 (full 0):
 garbage-first heap   total 199680K, used 162492K [0x0000000080000000, 0x0000000100000000)
  region size 1024K, 54 young (55296K), 4 survivors (4096K)
 Metaspace       used 102744K, capacity 105387K, committed 105420K, reserved 1140736K
  class space    used 13057K, capacity 14070K, committed 14080K, reserved 1048576K
}
Event: 67.740 GC heap after
{Heap after GC invocations=81 (full 0):
 garbage-first heap   total 199680K, used 111481K [0x0000000080000000, 0x0000000100000000)
  region size 1024K, 4 young (4096K), 4 survivors (4096K)
 Metaspace       used 102744K, capacity 105387K, committed 105420K, reserved 1140736K
  class space    used 13057K, capacity 14070K, committed 14080K, reserved 1048576K
}
Event: 68.117 GC heap before
{Heap before GC invocations=81 (full 0):
 garbage-first heap   total 199680K, used 164729K [0x0000000080000000, 0x0000000100000000)
  region size 1024K, 56 young (57344K), 4 survivors (4096K)
 Metaspace       used 102780K, capacity 105453K, committed 105676K, reserved 1140736K
  class space    used 13058K, capacity 14070K, committed 14080K, reserved 1048576K
}
Event: 68.129 GC heap after
{Heap after GC invocations=82 (full 0):
 garbage-first heap   total 239616K, used 112389K [0x0000000080000000, 0x0000000100000000)
  region size 1024K, 5 young (5120K), 5 survivors (5120K)
 Metaspace       used 102780K, capacity 105453K, committed 105676K, reserved 1140736K
  class space    used 13058K, capacity 14070K, committed 14080K, reserved 1048576K
}
Event: 68.454 GC heap before
{Heap before GC invocations=82 (full 0):
 garbage-first heap   total 239616K, used 177925K [0x0000000080000000, 0x0000000100000000)
  region size 1024K, 69 young (70656K), 5 survivors (5120K)
 Metaspace       used 102821K, capacity 105521K, committed 105676K, reserved 1140736K
  class space    used 13058K, capacity 14070K, committed 14080K, reserved 1048576K
}
Event: 68.467 GC heap after
{Heap after GC invocations=83 (full 0):
 garbage-first heap   total 239616K, used 113924K [0x0000000080000000, 0x0000000100000000)
  region size 1024K, 6 young (6144K), 6 survivors (6144K)
 Metaspace       used 102821K, capacity 105521K, committed 105676K, reserved 1140736K
  class space    used 13058K, capacity 14070K, committed 14080K, reserved 1048576K
}
Event: 68.794 GC heap before
{Heap before GC invocations=83 (full 0):
 garbage-first heap   total 239616K, used 192772K [0x0000000080000000, 0x0000000100000000)
  region size 1024K, 83 young (84992K), 6 survivors (6144K)
 Metaspace       used 102868K, capacity 105531K, committed 105676K, reserved 1140736K
  class space    used 13062K, capacity 14073K, committed 14080K, reserved 1048576K
}
Event: 68.808 GC heap after
{Heap after GC invocations=84 (full 0):
 garbage-first heap   total 239616K, used 113531K [0x0000000080000000, 0x0000000100000000)
  region size 1024K, 6 young (6144K), 6 survivors (6144K)
 Metaspace       used 102868K, capacity 105531K, committed 105676K, reserved 1140736K
  class space    used 13062K, capacity 14073K, committed 14080K, reserved 1048576K
}
Event: 69.290 GC heap before
{Heap before GC invocations=84 (full 0):
 garbage-first heap   total 239616K, used 203643K [0x0000000080000000, 0x0000000100000000)
  region size 1024K, 94 young (96256K), 6 survivors (6144K)
 Metaspace       used 102889K, capacity 105600K, committed 105676K, reserved 1140736K
  class space    used 13063K, capacity 14073K, committed 14080K, reserved 1048576K
}
Event: 69.301 GC heap after
{Heap after GC invocations=85 (full 0):
 garbage-first heap   total 239616K, used 115046K [0x0000000080000000, 0x0000000100000000)
  region size 1024K, 7 young (7168K), 7 survivors (7168K)
 Metaspace       used 102889K, capacity 105600K, committed 105676K, reserved 1140736K
  class space    used 13063K, capacity 14073K, committed 14080K, reserved 1048576K
}
Event: 69.665 GC heap before
{Heap before GC invocations=85 (full 0):
 garbage-first heap   total 239616K, used 204134K [0x0000000080000000, 0x0000000100000000)
  region size 1024K, 94 young (96256K), 7 survivors (7168K)
 Metaspace       used 102935K, capacity 105607K, committed 105676K, reserved 1140736K
  class space    used 13066K, capacity 14074K, committed 14080K, reserved 1048576K
}
Event: 69.680 GC heap after
{Heap after GC invocations=86 (full 0):
 garbage-first heap   total 287744K, used 115936K [0x0000000080000000, 0x0000000100000000)
  region size 1024K, 7 young (7168K), 7 survivors (7168K)
 Metaspace       used 102935K, capacity 105607K, committed 105676K, reserved 1140736K
  class space    used 13066K, capacity 14074K, committed 14080K, reserved 1048576K
}
Event: 70.198 GC heap before
{Heap before GC invocations=86 (full 0):
 garbage-first heap   total 287744K, used 230624K [0x0000000080000000, 0x0000000100000000)
  region size 1024K, 119 young (121856K), 7 survivors (7168K)
 Metaspace       used 102963K, capacity 105689K, committed 105932K, reserved 1140736K
  class space    used 13069K, capacity 14079K, committed 14080K, reserved 1048576K
}
Event: 70.213 GC heap after
{Heap after GC invocations=87 (full 0):
 garbage-first heap   total 287744K, used 116994K [0x0000000080000000, 0x0000000100000000)
  region size 1024K, 8 young (8192K), 8 survivors (8192K)
 Metaspace       used 102963K, capacity 105689K, committed 105932K, reserved 1140736K
  class space    used 13069K, capacity 14079K, committed 14080K, reserved 1048576K
}
Event: 70.685 GC heap before
{Heap before GC invocations=87 (full 0):
 garbage-first heap   total 287744K, used 237826K [0x0000000080000000, 0x0000000100000000)
  region size 1024K, 126 young (129024K), 8 survivors (8192K)
 Metaspace       used 102978K, capacity 105689K, committed 105932K, reserved 1140736K
  class space    used 13069K, capacity 14079K, committed 14080K, reserved 1048576K
}
Event: 70.699 GC heap after
{Heap after GC invocations=88 (full 0):
 garbage-first heap   total 287744K, used 118799K [0x0000000080000000, 0x0000000100000000)
  region size 1024K, 10 young (10240K), 10 survivors (10240K)
 Metaspace       used 102978K, capacity 105689K, committed 105932K, reserved 1140736K
  class space    used 13069K, capacity 14079K, committed 14080K, reserved 1048576K
}
Event: 71.154 GC heap before
{Heap before GC invocations=88 (full 0):
 garbage-first heap   total 287744K, used 241679K [0x0000000080000000, 0x0000000100000000)
  region size 1024K, 130 young (133120K), 10 survivors (10240K)
 Metaspace       used 102998K, capacity 105689K, committed 105932K, reserved 1140736K
  class space    used 13069K, capacity 14079K, committed 14080K, reserved 1048576K
}
Event: 71.170 GC heap after
{Heap after GC invocations=89 (full 0):
 garbage-first heap   total 287744K, used 120390K [0x0000000080000000, 0x0000000100000000)
  region size 1024K, 11 young (11264K), 11 survivors (11264K)
 Metaspace       used 102998K, capacity 105689K, committed 105932K, reserved 1140736K
  class space    used 13069K, capacity 14079K, committed 14080K, reserved 1048576K
}
Event: 71.674 GC heap before
{Heap before GC invocations=89 (full 0):
 garbage-first heap   total 287744K, used 245318K [0x0000000080000000, 0x0000000100000000)
  region size 1024K, 133 young (136192K), 11 survivors (11264K)
 Metaspace       used 103004K, capacity 105689K, committed 105932K, reserved 1140736K
  class space    used 13069K, capacity 14079K, committed 14080K, reserved 1048576K
}

Deoptimization events (20 events):
Event: 71.375 Thread 0x000001ba289e9000 DEOPT PACKING pc=0x000001ba0e60a8b1 sp=0x00000072f58f9260
Event: 71.375 Thread 0x000001ba289e9000 DEOPT UNPACKING pc=0x000001ba0c1d76ce sp=0x00000072f58f8a20 mode 0
Event: 71.441 Thread 0x000001ba289e9000 DEOPT PACKING pc=0x000001ba0e75799d sp=0x00000072f58f94d0
Event: 71.441 Thread 0x000001ba289e9000 DEOPT UNPACKING pc=0x000001ba0c1d76ce sp=0x00000072f58f8af8 mode 0
Event: 71.468 Thread 0x000001ba289e9000 DEOPT PACKING pc=0x000001ba0e74ce6e sp=0x00000072f58f9880
Event: 71.468 Thread 0x000001ba289e9000 DEOPT UNPACKING pc=0x000001ba0c1d76ce sp=0x00000072f58f8d68 mode 0
Event: 71.579 Thread 0x000001ba289e9000 DEOPT PACKING pc=0x000001ba0e60a8b1 sp=0x00000072f58f9260
Event: 71.579 Thread 0x000001ba289e9000 DEOPT UNPACKING pc=0x000001ba0c1d76ce sp=0x00000072f58f8a20 mode 0
Event: 71.580 Thread 0x000001ba289eb000 Uncommon trap: trap_request=0xffffff4d fr.pc=0x000001ba145ac3e8 relative=0x0000000000001b48
Event: 71.580 Thread 0x000001ba289eb000 Uncommon trap: reason=unstable_if action=reinterpret pc=0x000001ba145ac3e8 method=com.android.tools.r8.graph.G0.b(Ljava/lang/Object;)Lcom/android/tools/r8/internal/k4$b; @ 4 c2
Event: 71.580 Thread 0x000001ba289eb000 DEOPT PACKING pc=0x000001ba145ac3e8 sp=0x00000072f59f8e80
Event: 71.580 Thread 0x000001ba289eb000 DEOPT UNPACKING pc=0x000001ba0c1d78af sp=0x00000072f59f8e00 mode 2
Event: 71.653 Thread 0x000001ba289e9000 DEOPT PACKING pc=0x000001ba0e60a8b1 sp=0x00000072f58f9260
Event: 71.653 Thread 0x000001ba289e9000 DEOPT UNPACKING pc=0x000001ba0c1d76ce sp=0x00000072f58f8a20 mode 0
Event: 71.654 Thread 0x000001ba289e9000 Uncommon trap: trap_request=0xffffffbe fr.pc=0x000001ba145eab48 relative=0x0000000000006e48
Event: 71.654 Thread 0x000001ba289e9000 Uncommon trap: reason=profile_predicate action=maybe_recompile pc=0x000001ba145eab48 method=com.android.tools.r8.ir.regalloc.a.a(Lcom/android/tools/r8/ir/regalloc/a$a;Z)Lcom/android/tools/r8/ir/regalloc/a$a; @ 987 c2
Event: 71.654 Thread 0x000001ba289e9000 DEOPT PACKING pc=0x000001ba145eab48 sp=0x00000072f58f9500
Event: 71.654 Thread 0x000001ba289e9000 DEOPT UNPACKING pc=0x000001ba0c1d78af sp=0x00000072f58f9538 mode 2
Event: 71.664 Thread 0x000001ba289e9000 DEOPT PACKING pc=0x000001ba0e60a8b1 sp=0x00000072f58f8e90
Event: 71.664 Thread 0x000001ba289e9000 DEOPT UNPACKING pc=0x000001ba0c1d76ce sp=0x00000072f58f8650 mode 0

Classes redefined (0 events):
No events

Internal exceptions (20 events):
Event: 62.726 Thread 0x000001ba289ea800 Exception <a 'java/lang/NoSuchMethodError'{0x00000000899a5ec0}: 'int java.lang.invoke.DirectMethodHandle$Holder.invokeVirtual(java.lang.Object, java.lang.Object, java.lang.Object)'> (0x00000000899a5ec0) thrown at [./src/hotspot/share/interpreter/linkResolver.cpp, line 773]
Event: 63.503 Thread 0x000001ba289eb000 Exception <a 'java/lang/NoSuchMethodError'{0x0000000088a56d00}: 'java.lang.Object java.lang.invoke.Invokers$Holder.linkToTargetMethod(java.lang.Object, java.lang.Object, java.lang.Object, java.lang.Object, java.lang.Object, java.lang.Object, java.lang.Object)'> (0x0000000088a56d00) thrown at [./src/hotspot/share/interpreter/linkResolver.cpp, line 773]
Event: 63.503 Thread 0x000001ba289ea800 Exception <a 'java/lang/NoSuchMethodError'{0x0000000088ba9a80}: 'java.lang.Object java.lang.invoke.Invokers$Holder.linkToTargetMethod(java.lang.Object, java.lang.Object, java.lang.Object, java.lang.Object, java.lang.Object, java.lang.Object, java.lang.Object)'> (0x0000000088ba9a80) thrown at [./src/hotspot/share/interpreter/linkResolver.cpp, line 773]
Event: 63.503 Thread 0x000001ba25882000 Exception <a 'java/lang/NoSuchMethodError'{0x0000000088abcd30}: 'java.lang.Object java.lang.invoke.Invokers$Holder.linkToTargetMethod(java.lang.Object, java.lang.Object, java.lang.Object, java.lang.Object, java.lang.Object, java.lang.Object, java.lang.Object)'> (0x0000000088abcd30) thrown at [./src/hotspot/share/interpreter/linkResolver.cpp, line 773]
Event: 63.503 Thread 0x000001ba289e9000 Exception <a 'java/lang/NoSuchMethodError'{0x0000000088a10388}: 'java.lang.Object java.lang.invoke.Invokers$Holder.linkToTargetMethod(java.lang.Object, java.lang.Object, java.lang.Object, java.lang.Object, java.lang.Object, java.lang.Object, java.lang.Object)'> (0x0000000088a10388) thrown at [./src/hotspot/share/interpreter/linkResolver.cpp, line 773]
Event: 63.682 Thread 0x000001ba289e9000 Exception <a 'java/lang/NoSuchMethodError'{0x000000008a1c9170}: 'java.lang.Object java.lang.invoke.DirectMethodHandle$Holder.invokeVirtual(java.lang.Object, java.lang.Object, int, java.lang.Object)'> (0x000000008a1c9170) thrown at [./src/hotspot/share/interpreter/linkResolver.cpp, line 773]
Event: 63.682 Thread 0x000001ba289ea800 Exception <a 'java/lang/NoSuchMethodError'{0x000000008a1b09c8}: 'java.lang.Object java.lang.invoke.DirectMethodHandle$Holder.invokeVirtual(java.lang.Object, java.lang.Object, int, java.lang.Object)'> (0x000000008a1b09c8) thrown at [./src/hotspot/share/interpreter/linkResolver.cpp, line 773]
Event: 63.682 Thread 0x000001ba25882000 Exception <a 'java/lang/NoSuchMethodError'{0x000000008a1be470}: 'java.lang.Object java.lang.invoke.DirectMethodHandle$Holder.invokeVirtual(java.lang.Object, java.lang.Object, int, java.lang.Object)'> (0x000000008a1be470) thrown at [./src/hotspot/share/interpreter/linkResolver.cpp, line 773]
Event: 63.682 Thread 0x000001ba289eb000 Exception <a 'java/lang/NoSuchMethodError'{0x000000008a1c3d38}: 'java.lang.Object java.lang.invoke.DirectMethodHandle$Holder.invokeVirtual(java.lang.Object, java.lang.Object, int, java.lang.Object)'> (0x000000008a1c3d38) thrown at [./src/hotspot/share/interpreter/linkResolver.cpp, line 773]
Event: 63.688 Thread 0x000001ba289eb000 Exception <a 'java/lang/IncompatibleClassChangeError'{0x000000008a018108}: Found class java.lang.Object, but interface was expected> (0x000000008a018108) thrown at [./src/hotspot/share/interpreter/linkResolver.cpp, line 839]
Event: 63.689 Thread 0x000001ba289eb000 Exception <a 'java/lang/IncompatibleClassChangeError'{0x000000008a02b368}: Found class java.lang.Object, but interface was expected> (0x000000008a02b368) thrown at [./src/hotspot/share/interpreter/linkResolver.cpp, line 839]
Event: 63.917 Thread 0x000001ba289ea800 Exception <a 'java/lang/NoSuchMethodError'{0x000000008a00cde0}: 'void java.lang.invoke.DirectMethodHandle$Holder.invokeVirtual(java.lang.Object, java.lang.Object, int, java.lang.Object)'> (0x000000008a00cde0) thrown at [./src/hotspot/share/interpreter/linkResolver.cpp, line 773]
Event: 63.917 Thread 0x000001ba289e9000 Exception <a 'java/lang/NoSuchMethodError'{0x0000000089fd2850}: 'void java.lang.invoke.DirectMethodHandle$Holder.invokeVirtual(java.lang.Object, java.lang.Object, int, java.lang.Object)'> (0x0000000089fd2850) thrown at [./src/hotspot/share/interpreter/linkResolver.cpp, line 773]
Event: 64.131 Thread 0x000001ba289ea800 Exception <a 'java/lang/NoSuchMethodError'{0x000000008bf2dac0}: 'java.lang.Object java.lang.invoke.DirectMethodHandle$Holder.newInvokeSpecial(java.lang.Object, int)'> (0x000000008bf2dac0) thrown at [./src/hotspot/share/interpreter/linkResolver.cpp, line 773]
Event: 64.131 Thread 0x000001ba289eb000 Exception <a 'java/lang/NoSuchMethodError'{0x000000008bfe4120}: 'java.lang.Object java.lang.invoke.DirectMethodHandle$Holder.newInvokeSpecial(java.lang.Object, int)'> (0x000000008bfe4120) thrown at [./src/hotspot/share/interpreter/linkResolver.cpp, line 773]
Event: 64.132 Thread 0x000001ba289e9000 Exception <a 'java/lang/NoSuchMethodError'{0x000000008bfc3f50}: 'java.lang.Object java.lang.invoke.DirectMethodHandle$Holder.newInvokeSpecial(java.lang.Object, int)'> (0x000000008bfc3f50) thrown at [./src/hotspot/share/interpreter/linkResolver.cpp, line 773]
Event: 64.132 Thread 0x000001ba25882000 Exception <a 'java/lang/NoSuchMethodError'{0x000000008c0e1488}: 'java.lang.Object java.lang.invoke.DirectMethodHandle$Holder.newInvokeSpecial(java.lang.Object, int)'> (0x000000008c0e1488) thrown at [./src/hotspot/share/interpreter/linkResolver.cpp, line 773]
Event: 64.320 Thread 0x000001ba289e9000 Exception <a 'java/lang/NoSuchMethodError'{0x000000008b8cd280}: 'java.lang.Object java.lang.invoke.DirectMethodHandle$Holder.invokeInterface(java.lang.Object, java.lang.Object, int)'> (0x000000008b8cd280) thrown at [./src/hotspot/share/interpreter/linkResolver.cpp, line 773]
Event: 65.540 Thread 0x000001ba289e9000 Exception <a 'java/lang/NoSuchMethodError'{0x000000008b88fe98}: 'int java.lang.invoke.DirectMethodHandle$Holder.invokeInterface(java.lang.Object, java.lang.Object, int)'> (0x000000008b88fe98) thrown at [./src/hotspot/share/interpreter/linkResolver.cpp, line 773]
Event: 67.513 Thread 0x000001ba289eb000 Implicit null exception at 0x000001ba145571d8 to 0x000001ba1455be7c

Events (20 events):
Event: 69.787 loading class com/android/tools/r8/internal/gu done
Event: 69.787 loading class com/android/tools/r8/internal/gu
Event: 69.787 loading class com/android/tools/r8/internal/gu done
Event: 69.789 loading class com/android/tools/r8/internal/Me
Event: 69.789 loading class com/android/tools/r8/internal/Me done
Event: 69.789 loading class com/android/tools/r8/internal/gu
Event: 69.789 loading class com/android/tools/r8/internal/gu done
Event: 69.789 loading class com/android/tools/r8/internal/Te
Event: 69.789 loading class com/android/tools/r8/internal/Te done
Event: 70.126 loading class com/android/tools/r8/internal/Rr
Event: 70.126 loading class com/android/tools/r8/internal/Rr done
Event: 70.126 loading class com/android/tools/r8/internal/Rr
Event: 70.126 loading class com/android/tools/r8/internal/Rr done
Event: 70.197 Executing VM operation: G1CollectForAllocation
Event: 70.213 Executing VM operation: G1CollectForAllocation done
Event: 70.684 Executing VM operation: G1CollectForAllocation
Event: 70.700 Executing VM operation: G1CollectForAllocation done
Event: 71.154 Executing VM operation: G1CollectForAllocation
Event: 71.170 Executing VM operation: G1CollectForAllocation done
Event: 71.674 Executing VM operation: G1CollectForAllocation


Dynamic libraries:
0x00007ff6ccab0000 - 0x00007ff6ccaba000 	D:\Software\Android Studio\jre\bin\java.exe
0x00007ffa7f490000 - 0x00007ffa7f685000 	C:\Windows\SYSTEM32\ntdll.dll
0x00007ffa7ddf0000 - 0x00007ffa7deae000 	C:\Windows\System32\KERNEL32.DLL
0x00007ffa7ccb0000 - 0x00007ffa7cf78000 	C:\Windows\System32\KERNELBASE.dll
0x00007ffa7cbb0000 - 0x00007ffa7ccb0000 	C:\Windows\System32\ucrtbase.dll
0x00007ffa67db0000 - 0x00007ffa67dc7000 	D:\Software\Android Studio\jre\bin\VCRUNTIME140.dll
0x00007ffa76ca0000 - 0x00007ffa76cb9000 	D:\Software\Android Studio\jre\bin\jli.dll
0x00007ffa7e200000 - 0x00007ffa7e3a1000 	C:\Windows\System32\USER32.dll
0x00007ffa67210000 - 0x00007ffa674aa000 	C:\Windows\WinSxS\amd64_microsoft.windows.common-controls_6595b64144ccf1df_6.0.19041.1110_none_60b5254171f9507e\COMCTL32.dll
0x00007ffa7d210000 - 0x00007ffa7d232000 	C:\Windows\System32\win32u.dll
0x00007ffa7db00000 - 0x00007ffa7db2b000 	C:\Windows\System32\GDI32.dll
0x00007ffa7e670000 - 0x00007ffa7e70e000 	C:\Windows\System32\msvcrt.dll
0x00007ffa7d100000 - 0x00007ffa7d20b000 	C:\Windows\System32\gdi32full.dll
0x00007ffa7cf80000 - 0x00007ffa7d01d000 	C:\Windows\System32\msvcp_win.dll
0x00007ffa7f050000 - 0x00007ffa7f080000 	C:\Windows\System32\IMM32.DLL
0x00007ffa51f30000 - 0x00007ffa51fcd000 	D:\Software\Android Studio\jre\bin\msvcp140.dll
0x00007ffa07760000 - 0x00007ffa0822f000 	D:\Software\Android Studio\jre\bin\server\jvm.dll
0x00007ffa7d4e0000 - 0x00007ffa7d58c000 	C:\Windows\System32\ADVAPI32.dll
0x00007ffa7e3b0000 - 0x00007ffa7e44b000 	C:\Windows\System32\sechost.dll
0x00007ffa7deb0000 - 0x00007ffa7dfda000 	C:\Windows\System32\RPCRT4.dll
0x00007ffa7dcc0000 - 0x00007ffa7dcc8000 	C:\Windows\System32\PSAPI.DLL
0x00007ffa752c0000 - 0x00007ffa752ca000 	C:\Windows\SYSTEM32\VERSION.dll
0x00007ffa5f3f0000 - 0x00007ffa5f3f9000 	C:\Windows\SYSTEM32\WSOCK32.dll
0x00007ffa59de0000 - 0x00007ffa59e07000 	C:\Windows\SYSTEM32\WINMM.dll
0x00007ffa7e450000 - 0x00007ffa7e4bb000 	C:\Windows\System32\WS2_32.dll
0x00007ffa7aab0000 - 0x00007ffa7aac2000 	C:\Windows\SYSTEM32\kernel.appcore.dll
0x00007ffa51c90000 - 0x00007ffa51ca1000 	D:\Software\Android Studio\jre\bin\verify.dll
0x00007ffa73da0000 - 0x00007ffa73f84000 	C:\Windows\SYSTEM32\DBGHELP.DLL
0x00007ffa6a6b0000 - 0x00007ffa6a6dc000 	C:\Windows\SYSTEM32\dbgcore.DLL
0x00007ffa7d240000 - 0x00007ffa7d2c3000 	C:\Windows\System32\bcryptPrimitives.dll
0x00007ffa32f70000 - 0x00007ffa32f99000 	D:\Software\Android Studio\jre\bin\java.dll
0x00007ffa5ef00000 - 0x00007ffa5ef0b000 	D:\Software\Android Studio\jre\bin\jimage.dll
0x00007ffa20aa0000 - 0x00007ffa20ab8000 	D:\Software\Android Studio\jre\bin\zip.dll
0x00007ffa7e840000 - 0x00007ffa7ef7f000 	C:\Windows\System32\SHELL32.dll
0x00007ffa7acb0000 - 0x00007ffa7b440000 	C:\Windows\SYSTEM32\windows.storage.dll
0x00007ffa7f080000 - 0x00007ffa7f3d5000 	C:\Windows\System32\combase.dll
0x00007ffa7c600000 - 0x00007ffa7c62e000 	C:\Windows\SYSTEM32\Wldp.dll
0x00007ffa7db30000 - 0x00007ffa7dbdd000 	C:\Windows\System32\SHCORE.dll
0x00007ffa7e710000 - 0x00007ffa7e765000 	C:\Windows\System32\shlwapi.dll
0x00007ffa7caf0000 - 0x00007ffa7cb0f000 	C:\Windows\SYSTEM32\profapi.dll
0x00007ffa20a80000 - 0x00007ffa20a9a000 	D:\Software\Android Studio\jre\bin\net.dll
0x00007ffa6d4d0000 - 0x00007ffa6d5dc000 	C:\Windows\SYSTEM32\WINHTTP.dll
0x00007ffa7c360000 - 0x00007ffa7c3ca000 	C:\Windows\system32\mswsock.dll
0x00007ffa20a60000 - 0x00007ffa20a74000 	D:\Software\Android Studio\jre\bin\nio.dll
0x00007ffa5f510000 - 0x00007ffa5f537000 	C:\Users\michi\.gradle\native\8bec1ad78214c89d9ad589b4d07fe93259594b29d510b10fafb7a158f7737e5d\windows-amd64\native-platform.dll
0x00007ffa24790000 - 0x00007ffa248cd000 	C:\Users\michi\.gradle\native\53dbd7edfb1c66fb8903c78663c9afc45aea4f116125fa6feffd364cf09443e8\windows-amd64\native-platform-file-events.dll
0x00007ffa5d0e0000 - 0x00007ffa5d0ea000 	D:\Software\Android Studio\jre\bin\management.dll
0x00007ffa5c8e0000 - 0x00007ffa5c8ec000 	D:\Software\Android Studio\jre\bin\management_ext.dll
0x00007ffa7c550000 - 0x00007ffa7c568000 	C:\Windows\SYSTEM32\CRYPTSP.dll
0x00007ffa7bc70000 - 0x00007ffa7bca4000 	C:\Windows\system32\rsaenh.dll
0x00007ffa7d020000 - 0x00007ffa7d047000 	C:\Windows\System32\bcrypt.dll
0x00007ffa7cab0000 - 0x00007ffa7cade000 	C:\Windows\SYSTEM32\USERENV.dll
0x00007ffa7c570000 - 0x00007ffa7c57c000 	C:\Windows\SYSTEM32\CRYPTBASE.dll
0x00007ffa7c000000 - 0x00007ffa7c03b000 	C:\Windows\SYSTEM32\IPHLPAPI.DLL
0x00007ffa7daf0000 - 0x00007ffa7daf8000 	C:\Windows\System32\NSI.dll
0x00007ffa70fe0000 - 0x00007ffa70ff7000 	C:\Windows\SYSTEM32\dhcpcsvc6.DLL
0x00007ffa72790000 - 0x00007ffa727ad000 	C:\Windows\SYSTEM32\dhcpcsvc.DLL
0x00007ffa7c050000 - 0x00007ffa7c11b000 	C:\Windows\SYSTEM32\DNSAPI.dll

dbghelp: loaded successfully - version: 4.0.5 - missing functions: none
symbol engine: initialized successfully - sym options: 0x614 - pdb path: .;D:\Software\Android Studio\jre\bin;C:\Windows\SYSTEM32;C:\Windows\WinSxS\amd64_microsoft.windows.common-controls_6595b64144ccf1df_6.0.19041.1110_none_60b5254171f9507e;D:\Software\Android Studio\jre\bin\server;C:\Users\michi\.gradle\native\8bec1ad78214c89d9ad589b4d07fe93259594b29d510b10fafb7a158f7737e5d\windows-amd64;C:\Users\michi\.gradle\native\53dbd7edfb1c66fb8903c78663c9afc45aea4f116125fa6feffd364cf09443e8\windows-amd64

VM Arguments:
jvm_args: --add-opens=java.base/java.util=ALL-UNNAMED --add-opens=java.base/java.lang=ALL-UNNAMED --add-opens=java.base/java.lang.invoke=ALL-UNNAMED --add-opens=java.base/java.util=ALL-UNNAMED --add-opens=java.prefs/java.util.prefs=ALL-UNNAMED --add-opens=java.prefs/java.util.prefs=ALL-UNNAMED --add-opens=java.base/java.nio.charset=ALL-UNNAMED --add-opens=java.base/java.net=ALL-UNNAMED --add-opens=java.base/java.util.concurrent.atomic=ALL-UNNAMED -Xmx2048m -Dfile.encoding=UTF-8 -Duser.country=ID -Duser.language=en -Duser.variant 
java_command: org.gradle.launcher.daemon.bootstrap.GradleDaemon 7.0.2
java_class_path (initial): C:\Users\michi\.gradle\wrapper\dists\gradle-7.0.2-bin\857tjihv64xamwrf0h14cai3r\gradle-7.0.2\lib\gradle-launcher-7.0.2.jar
Launcher Type: SUN_STANDARD

[Global flags]
     intx CICompilerCount                          = 3                                         {product} {ergonomic}
     uint ConcGCThreads                            = 1                                         {product} {ergonomic}
     uint G1ConcRefinementThreads                  = 4                                         {product} {ergonomic}
   size_t G1HeapRegionSize                         = 1048576                                   {product} {ergonomic}
    uintx GCDrainStackTargetSize                   = 64                                        {product} {ergonomic}
   size_t InitialHeapSize                          = 67108864                                  {product} {ergonomic}
   size_t MarkStackSize                            = 4194304                                   {product} {ergonomic}
   size_t MaxHeapSize                              = 2147483648                                {product} {command line}
   size_t MaxNewSize                               = 1287651328                                {product} {ergonomic}
   size_t MinHeapDeltaBytes                        = 1048576                                   {product} {ergonomic}
    uintx NonNMethodCodeHeapSize                   = 5830732                                {pd product} {ergonomic}
    uintx NonProfiledCodeHeapSize                  = 122913754                              {pd product} {ergonomic}
    uintx ProfiledCodeHeapSize                     = 122913754                              {pd product} {ergonomic}
    uintx ReservedCodeCacheSize                    = 251658240                              {pd product} {ergonomic}
     bool SegmentedCodeCache                       = true                                      {product} {ergonomic}
     bool UseCompressedClassPointers               = true                                 {lp64_product} {ergonomic}
     bool UseCompressedOops                        = true                                 {lp64_product} {ergonomic}
     bool UseG1GC                                  = true                                      {product} {ergonomic}
     bool UseLargePagesIndividualAllocation        = false                                  {pd product} {ergonomic}

Logging:
Log output configuration:
 #0: stdout all=warning uptime,level,tags
 #1: stderr all=off uptime,level,tags

Environment Variables:
PATH=C:\Program Files (x86)\Common Files\Oracle\Java\javapath;C:\Program Files\Common Files\Oracle\Java\javapath;C:\Windows\system32;C:\Windows;C:\Windows\System32\Wbem;C:\Windows\System32\WindowsPowerShell\v1.0\;C:\Windows\System32\OpenSSH\;D:\Software\MinGW\bin;D:\Software\Git\cmd;D:\Software\Git\bin;C:\Users\michi\AppData\Local\Programs\Python\Python310\Scripts\;C:\Users\michi\AppData\Local\Programs\Python\Python310\;C:\Users\michi\AppData\Local\Programs\Python\Python310\Scripts\;C:\Users\michi\AppData\Local\Programs\Python\Python310\;C:\Users\michi\AppData\Local\Microsoft\WindowsApps;D:\Software\Microsoft VS Code\bin;D:\Software\MinGW\bin;D:\Software\Git\bin;D:\Software\Git\cmd;
USERNAME=michi
OS=Windows_NT
PROCESSOR_IDENTIFIER=Intel64 Family 6 Model 142 Stepping 9, GenuineIntel



---------------  S Y S T E M  ---------------

OS: Windows 10 , 64 bit Build 19041 (10.0.19041.1348)
OS uptime: 0 days 4:47 hours

CPU:total 4 (initial active 4) (2 cores per cpu, 2 threads per core) family 6 model 142 stepping 9 microcode 0xb4, cmov, cx8, fxsr, mmx, sse, sse2, sse3, ssse3, sse4.1, sse4.2, popcnt, avx, avx2, aes, clmul, erms, 3dnowpref, lzcnt, ht, tsc, tscinvbit, bmi1, bmi2, adx, fma

Memory: 4k page, system-wide physical 3981M (793M free)
TotalPageFile size 8077M (AvailPageFile size 40M)
current process WorkingSet (physical memory assigned to process): 556M, peak: 561M
current process commit charge ("private bytes"): 672M, peak: 732M

vm_info: OpenJDK 64-Bit Server VM (11.0.10+0-b96-7249189) for windows-amd64 JRE (11.0.10+0-b96-7249189), built on Mar 31 2021 21:44:00 by "builder" with MS VC++ 14.0 (VS2015)

END.
