#
# There is insufficient memory for the Java Runtime Environment to continue.
# Native memory allocation (mmap) failed to map 37748736 bytes for Failed to commit area from 0x000000008b400000 to 0x000000008d800000 of length 37748736.
# Possible reasons:
#   The system is out of physical RAM or swap space
#   The process is running with CompressedOops enabled, and the Java Heap may be blocking the growth of the native heap
# Possible solutions:
#   Reduce memory load on the system
#   Increase physical memory or swap space
#   Check if swap backing store is full
#   Decrease Java heap size (-Xmx/-Xms)
#   Decrease number of Java threads
#   Decrease Java thread stack sizes (-Xss)
#   Set larger code cache with -XX:ReservedCodeCacheSize=
#   JVM is running with Unscaled Compressed Oops mode in which the Java heap is
#     placed in the first 4GB address space. The Java Heap base address is the
#     maximum limit for the native heap growth. Please use -XX:HeapBaseMinAddress
#     to set the Java Heap base and to place the Java Heap above 4GB virtual address.
# This output file may be truncated or incomplete.
#
#  Out of Memory Error (./src/hotspot/os/windows/os_windows.cpp:3301), pid=8028, tid=9116
#
# JRE version: OpenJDK Runtime Environment (11.0.10) (build 11.0.10+0-b96-7249189)
# Java VM: OpenJDK 64-Bit Server VM (11.0.10+0-b96-7249189, mixed mode, tiered, compressed oops, g1 gc, windows-amd64)
# No core dump will be written. Minidumps are not enabled by default on client versions of Windows
#

---------------  S U M M A R Y ------------

Command Line: --add-opens=java.base/java.util=ALL-UNNAMED --add-opens=java.base/java.lang=ALL-UNNAMED --add-opens=java.base/java.lang.invoke=ALL-UNNAMED --add-opens=java.base/java.util=ALL-UNNAMED --add-opens=java.prefs/java.util.prefs=ALL-UNNAMED --add-opens=java.prefs/java.util.prefs=ALL-UNNAMED --add-opens=java.base/java.nio.charset=ALL-UNNAMED --add-opens=java.base/java.net=ALL-UNNAMED --add-opens=java.base/java.util.concurrent.atomic=ALL-UNNAMED -Xmx2048m -Dfile.encoding=UTF-8 -Duser.country=ID -Duser.language=en -Duser.variant org.gradle.launcher.daemon.bootstrap.GradleDaemon 7.0.2

Host: Intel(R) Core(TM) i5-7200U CPU @ 2.50GHz, 4 cores, 3G,  Windows 10 , 64 bit Build 19041 (10.0.19041.1348)
Time: Thu Dec  9 11:21:56 2021 SE Asia Standard Time elapsed time: 138.758252 seconds (0d 0h 2m 18s)

---------------  T H R E A D  ---------------

Current thread (0x000001d56dc75000):  VMThread "VM Thread" [stack: 0x0000000100c00000,0x0000000100d00000] [id=9116]

Stack: [0x0000000100c00000,0x0000000100d00000]
[error occurred during error reporting (printing stack bounds), id 0xc0000005, EXCEPTION_ACCESS_VIOLATION (0xc0000005) at pc=0x000001d517430f2d]

Native frames: (J=compiled Java code, j=interpreted, Vv=VM code, C=native code)
V  [jvm.dll+0x5ecfaa]
V  [jvm.dll+0x722bd5]
V  [jvm.dll+0x72412d]
V  [jvm.dll+0x724745]
V  [jvm.dll+0x7246fb]
V  [jvm.dll+0x5ec348]
V  [jvm.dll+0x5ecad8]
C  [ntdll.dll+0xa20cf]
C  [ntdll.dll+0x51454]
C  [ntdll.dll+0xa0bfe]
C  0x000001d517430f2d

VM_Operation (0x00000001036f9530): G1CollectForAllocation, mode: safepoint, requested by thread 0x000001d57264d800


---------------  P R O C E S S  ---------------

Threads class SMR info:
_java_thread_list=0x000001d57c62e2a0, length=50, elements={
0x000001d5120fa800, 0x000001d56dc7b800, 0x000001d56dc7f800, 0x000001d56dcd2800,
0x000001d56dcda000, 0x000001d56dcdb000, 0x000001d56dcde000, 0x000001d56dcea800,
0x000001d56dcef800, 0x000001d56e746000, 0x000001d56e9e4000, 0x000001d56fc30800,
0x000001d56f430000, 0x000001d56e634800, 0x000001d56f651800, 0x000001d57015c000,
0x000001d56f660000, 0x000001d5705ec800, 0x000001d56f685000, 0x000001d56f684000,
0x000001d56f686800, 0x000001d56f689000, 0x000001d56f683800, 0x000001d56f68a000,
0x000001d56f686000, 0x000001d56f687800, 0x000001d56f688000, 0x000001d572645800,
0x000001d572646000, 0x000001d572648800, 0x000001d572647800, 0x000001d572643000,
0x000001d572643800, 0x000001d57264a000, 0x000001d572644800, 0x000001d57264c000,
0x000001d572650000, 0x000001d57264d800, 0x000001d57264e000, 0x000001d57264f000,
0x000001d572650800, 0x000001d572651800, 0x000001d57264c800, 0x000001d575542000,
0x000001d575543000, 0x000001d575543800, 0x000001d575546000, 0x000001d575541800,
0x000001d575547000, 0x000001d575545800
}

Java Threads: ( => current thread )
  0x000001d5120fa800 JavaThread "main" [_thread_blocked, id=8964, stack(0x0000000100600000,0x0000000100700000)]
  0x000001d56dc7b800 JavaThread "Reference Handler" daemon [_thread_blocked, id=4512, stack(0x0000000100d00000,0x0000000100e00000)]
  0x000001d56dc7f800 JavaThread "Finalizer" daemon [_thread_blocked, id=1840, stack(0x0000000100e00000,0x0000000100f00000)]
  0x000001d56dcd2800 JavaThread "Signal Dispatcher" daemon [_thread_blocked, id=7244, stack(0x0000000100f00000,0x0000000101000000)]
  0x000001d56dcda000 JavaThread "Attach Listener" daemon [_thread_blocked, id=8460, stack(0x0000000101000000,0x0000000101100000)]
  0x000001d56dcdb000 JavaThread "Service Thread" daemon [_thread_blocked, id=9076, stack(0x0000000101100000,0x0000000101200000)]
  0x000001d56dcde000 JavaThread "C2 CompilerThread0" daemon [_thread_blocked, id=6804, stack(0x0000000101200000,0x0000000101300000)]
  0x000001d56dcea800 JavaThread "C1 CompilerThread0" daemon [_thread_blocked, id=9068, stack(0x0000000101300000,0x0000000101400000)]
  0x000001d56dcef800 JavaThread "Sweeper thread" daemon [_thread_blocked, id=616, stack(0x0000000101400000,0x0000000101500000)]
  0x000001d56e746000 JavaThread "Common-Cleaner" daemon [_thread_blocked, id=6408, stack(0x0000000101500000,0x0000000101600000)]
  0x000001d56e9e4000 JavaThread "Daemon health stats" [_thread_blocked, id=4340, stack(0x0000000101800000,0x0000000101900000)]
  0x000001d56fc30800 JavaThread "Incoming local TCP Connector on port 65043" [_thread_in_native, id=7580, stack(0x0000000101900000,0x0000000101a00000)]
  0x000001d56f430000 JavaThread "Daemon periodic checks" [_thread_blocked, id=9020, stack(0x0000000101a00000,0x0000000101b00000)]
  0x000001d56e634800 JavaThread "Daemon" [_thread_blocked, id=5932, stack(0x0000000101b00000,0x0000000101c00000)]
  0x000001d56f651800 JavaThread "Handler for socket connection from /127.0.0.1:65043 to /127.0.0.1:65044" [_thread_in_native, id=6748, stack(0x0000000101c00000,0x0000000101d00000)]
  0x000001d57015c000 JavaThread "Cancel handler" [_thread_blocked, id=7996, stack(0x0000000101d00000,0x0000000101e00000)]
  0x000001d56f660000 JavaThread "Daemon worker" [_thread_blocked, id=1684, stack(0x0000000101e00000,0x0000000101f00000)]
  0x000001d5705ec800 JavaThread "Asynchronous log dispatcher for DefaultDaemonConnection: socket connection from /127.0.0.1:65043 to /127.0.0.1:65044" [_thread_blocked, id=8712, stack(0x0000000101f00000,0x0000000102000000)]
  0x000001d56f685000 JavaThread "Daemon client event forwarder" [_thread_blocked, id=8856, stack(0x0000000102100000,0x0000000102200000)]
  0x000001d56f684000 JavaThread "Cache worker for file hash cache (C:\Users\michi\.gradle\caches\7.0.2\fileHashes)" [_thread_blocked, id=4436, stack(0x0000000102400000,0x0000000102500000)]
  0x000001d56f686800 JavaThread "File lock request listener" [_thread_in_native, id=5500, stack(0x0000000102500000,0x0000000102600000)]
  0x000001d56f689000 JavaThread "Cache worker for journal cache (C:\Users\michi\.gradle\caches\journal-1)" [_thread_blocked, id=5000, stack(0x0000000102600000,0x0000000102700000)]
  0x000001d56f683800 JavaThread "Cache worker for file hash cache (C:\Users\michi\AndroidStudioProjects\MenuDashboard\.gradle\7.0.2\fileHashes)" [_thread_blocked, id=5676, stack(0x0000000102700000,0x0000000102800000)]
  0x000001d56f68a000 JavaThread "File watcher server" daemon [_thread_blocked, id=9140, stack(0x0000000102800000,0x0000000102900000)]
  0x000001d56f686000 JavaThread "File watcher consumer" daemon [_thread_blocked, id=2680, stack(0x0000000102900000,0x0000000102a00000)]
  0x000001d56f687800 JavaThread "Cache worker for checksums cache (C:\Users\michi\AndroidStudioProjects\MenuDashboard\.gradle\checksums)" [_thread_blocked, id=5152, stack(0x0000000102a00000,0x0000000102b00000)]
  0x000001d56f688000 JavaThread "Cache worker for cache directory md-supplier (C:\Users\michi\.gradle\caches\7.0.2\md-supplier)" [_thread_blocked, id=2244, stack(0x0000000102b00000,0x0000000102c00000)]
  0x000001d572645800 JavaThread "Cache worker for cache directory md-rule (C:\Users\michi\.gradle\caches\7.0.2\md-rule)" [_thread_blocked, id=6208, stack(0x0000000102c00000,0x0000000102d00000)]
  0x000001d572646000 JavaThread "Cache worker for execution history cache (C:\Users\michi\.gradle\caches\7.0.2\executionHistory)" [_thread_blocked, id=3284, stack(0x0000000102d00000,0x0000000102e00000)]
  0x000001d572648800 JavaThread "jar transforms" [_thread_blocked, id=6400, stack(0x0000000102e00000,0x0000000102f00000)]
  0x000001d572647800 JavaThread "jar transforms Thread 2" [_thread_blocked, id=4452, stack(0x0000000102f00000,0x0000000103000000)]
  0x000001d572643000 JavaThread "Cache worker for file content cache (C:\Users\michi\.gradle\caches\7.0.2\fileContent)" [_thread_blocked, id=3772, stack(0x0000000103000000,0x0000000103100000)]
  0x000001d572643800 JavaThread "Cache worker for dependencies-accessors (C:\Users\michi\AndroidStudioProjects\MenuDashboard\.gradle\7.0.2\dependencies-accessors)" [_thread_blocked, id=7844, stack(0x0000000103100000,0x0000000103200000)]
  0x000001d57264a000 JavaThread "jar transforms Thread 3" [_thread_blocked, id=1752, stack(0x0000000103200000,0x0000000103300000)]
  0x000001d572644800 JavaThread "Cache worker for Build Output Cleanup Cache (C:\Users\michi\AndroidStudioProjects\MenuDashboard\.gradle\buildOutputCleanup)" [_thread_blocked, id=1388, stack(0x0000000103300000,0x0000000103400000)]
  0x000001d57264c000 JavaThread "Build operations" [_thread_blocked, id=7212, stack(0x0000000103400000,0x0000000103500000)]
  0x000001d572650000 JavaThread "Build operations Thread 2" [_thread_blocked, id=4716, stack(0x0000000103500000,0x0000000103600000)]
  0x000001d57264d800 JavaThread "Build operations Thread 3" [_thread_blocked, id=6972, stack(0x0000000103600000,0x0000000103700000)]
  0x000001d57264e000 JavaThread "Build operations Thread 4" [_thread_blocked, id=5996, stack(0x0000000103700000,0x0000000103800000)]
  0x000001d57264f000 JavaThread "jar transforms Thread 4" [_thread_blocked, id=5808, stack(0x0000000103800000,0x0000000103900000)]
  0x000001d572650800 JavaThread "Memory manager" [_thread_blocked, id=6816, stack(0x0000000103b00000,0x0000000103c00000)]
  0x000001d572651800 JavaThread "build event listener" [_thread_blocked, id=4732, stack(0x0000000100100000,0x0000000100200000)]
  0x000001d57264c800 JavaThread "Execution worker for ':'" [_thread_blocked, id=7560, stack(0x0000000100400000,0x0000000100500000)]
  0x000001d575542000 JavaThread "Execution worker for ':' Thread 2" [_thread_blocked, id=6900, stack(0x0000000100500000,0x0000000100600000)]
  0x000001d575543000 JavaThread "Execution worker for ':' Thread 3" [_thread_blocked, id=4088, stack(0x0000000103c00000,0x0000000103d00000)]
  0x000001d575543800 JavaThread "Cache worker for execution history cache (C:\Users\michi\AndroidStudioProjects\MenuDashboard\.gradle\7.0.2\executionHistory)" [_thread_blocked, id=8228, stack(0x0000000103d00000,0x0000000103e00000)]
  0x000001d575546000 JavaThread "WorkerExecutor Queue Thread 2" [_thread_blocked, id=408, stack(0x0000000103f00000,0x0000000104000000)]
  0x000001d575541800 JavaThread "WorkerExecutor Queue Thread 4" [_thread_blocked, id=8528, stack(0x0000000103e00000,0x0000000103f00000)]
  0x000001d575547000 JavaThread "WorkerExecutor Queue Thread 5" [_thread_blocked, id=4892, stack(0x0000000104100000,0x0000000104200000)]
  0x000001d575545800 JavaThread "C2 CompilerThread1" daemon [_thread_blocked, id=6856, stack(0x0000000102000000,0x0000000102100000)]

Other Threads:
=>0x000001d56dc75000 VMThread "VM Thread" [stack: 0x0000000100c00000,0x0000000100d00000] [id=9116]
  0x000001d56e77c800 WatcherThread [stack: 0x0000000101600000,0x0000000101700000] [id=2884]
  0x000001d512145800 GCTaskThread "GC Thread#0" [stack: 0x0000000100700000,0x0000000100800000] [id=5964]
  0x000001d56eb53000 GCTaskThread "GC Thread#1" [stack: 0x0000000101700000,0x0000000101800000] [id=8656]
  0x000001d56f68d800 GCTaskThread "GC Thread#2" [stack: 0x0000000102200000,0x0000000102300000] [id=8600]
  0x000001d57061f800 GCTaskThread "GC Thread#3" [stack: 0x0000000102300000,0x0000000102400000] [id=7776]
  0x000001d512176800 ConcurrentGCThread "G1 Main Marker" [stack: 0x0000000100800000,0x0000000100900000] [id=6592]
  0x000001d512177800 ConcurrentGCThread "G1 Conc#0" [stack: 0x0000000100900000,0x0000000100a00000] [id=8132]
  0x000001d5121d3800 ConcurrentGCThread "G1 Refine#0" [stack: 0x0000000100a00000,0x0000000100b00000] [id=3116]
  0x000001d5121d4800 ConcurrentGCThread "G1 Young RemSet Sampling" [stack: 0x0000000100b00000,0x0000000100c00000] [id=1820]

Threads with active compile tasks:
C2 CompilerThread0 141413 17173 %     4       com.android.tools.r8.ir.regalloc.a::a @ 2157 (3985 bytes)
C2 CompilerThread1 141413 17318       4       com.android.tools.r8.internal.Kv::a (430 bytes)

VM state:at safepoint (normal execution)

VM Mutex/Monitor currently owned by a thread:  ([mutex/lock_event])
[0x000001d51212d8d0] Threads_lock - owner thread: 0x000001d56dc75000
[0x000001d51212c1c0] Heap_lock - owner thread: 0x000001d57264d800

Heap address: 0x0000000080000000, size: 2048 MB, Compressed Oops mode: 32-bit
Narrow klass base: 0x000001d52db00000, Narrow klass shift: 0
Compressed class space size: 1073741824 Address: 0x000001d52db00000

Heap:
 garbage-first heap   total 221184K, used 108051K [0x0000000080000000, 0x0000000100000000)
  region size 1024K, 3 young (3072K), 3 survivors (3072K)
 Metaspace       used 106352K, capacity 109119K, committed 109184K, reserved 1144832K
  class space    used 13444K, capacity 14457K, committed 14464K, reserved 1048576K
Heap Regions: E=young(eden), S=young(survivor), O=old, HS=humongous(starts), HC=humongous(continues), CS=collection set, F=free, A=archive, TAMS=top-at-mark-start (previous, next)
|   0|0x0000000080000000, 0x0000000080100000, 0x0000000080100000|100%| O|  |TAMS 0x0000000080100000, 0x0000000080000000| Untracked 
|   1|0x0000000080100000, 0x0000000080200000, 0x0000000080200000|100%| O|  |TAMS 0x0000000080200000, 0x0000000080100000| Untracked 
|   2|0x0000000080200000, 0x0000000080300000, 0x0000000080300000|100%| O|  |TAMS 0x0000000080300000, 0x0000000080200000| Untracked 
|   3|0x0000000080300000, 0x0000000080400000, 0x0000000080400000|100%|HS|  |TAMS 0x0000000080400000, 0x0000000080300000| Complete 
|   4|0x0000000080400000, 0x0000000080500000, 0x0000000080500000|100%|HC|  |TAMS 0x0000000080500000, 0x0000000080400000| Complete 
|   5|0x0000000080500000, 0x0000000080600000, 0x0000000080600000|100%|HC|  |TAMS 0x0000000080600000, 0x0000000080500000| Complete 
|   6|0x0000000080600000, 0x0000000080700000, 0x0000000080700000|100%| O|  |TAMS 0x0000000080700000, 0x0000000080600000| Complete 
|   7|0x0000000080700000, 0x0000000080800000, 0x0000000080800000|100%| O|  |TAMS 0x0000000080800000, 0x0000000080700000| Complete 
|   8|0x0000000080800000, 0x0000000080900000, 0x0000000080900000|100%| O|  |TAMS 0x0000000080900000, 0x0000000080800000| Untracked 
|   9|0x0000000080900000, 0x0000000080a00000, 0x0000000080a00000|100%| O|  |TAMS 0x0000000080a00000, 0x0000000080900000| Untracked 
|  10|0x0000000080a00000, 0x0000000080b00000, 0x0000000080b00000|100%| O|  |TAMS 0x0000000080b00000, 0x0000000080a00000| Untracked 
|  11|0x0000000080b00000, 0x0000000080c00000, 0x0000000080c00000|100%| O|  |TAMS 0x0000000080c00000, 0x0000000080b00000| Untracked 
|  12|0x0000000080c00000, 0x0000000080d00000, 0x0000000080d00000|100%| O|  |TAMS 0x0000000080d00000, 0x0000000080c00000| Untracked 
|  13|0x0000000080d00000, 0x0000000080e00000, 0x0000000080e00000|100%| O|  |TAMS 0x0000000080e00000, 0x0000000080d00000| Untracked 
|  14|0x0000000080e00000, 0x0000000080f00000, 0x0000000080f00000|100%| O|  |TAMS 0x0000000080f00000, 0x0000000080e00000| Untracked 
|  15|0x0000000080f00000, 0x0000000081000000, 0x0000000081000000|100%| O|  |TAMS 0x0000000081000000, 0x0000000080f00000| Complete 
|  16|0x0000000081000000, 0x0000000081100000, 0x0000000081100000|100%| O|  |TAMS 0x0000000081100000, 0x0000000081000000| Untracked 
|  17|0x0000000081100000, 0x0000000081200000, 0x0000000081200000|100%| O|  |TAMS 0x0000000081200000, 0x0000000081100000| Untracked 
|  18|0x0000000081200000, 0x0000000081300000, 0x0000000081300000|100%| O|  |TAMS 0x0000000081300000, 0x0000000081200000| Untracked 
|  19|0x0000000081300000, 0x0000000081400000, 0x0000000081400000|100%| O|  |TAMS 0x0000000081400000, 0x0000000081300000| Untracked 
|  20|0x0000000081400000, 0x0000000081500000, 0x0000000081500000|100%| O|  |TAMS 0x0000000081500000, 0x0000000081400000| Untracked 
|  21|0x0000000081500000, 0x0000000081600000, 0x0000000081600000|100%| O|  |TAMS 0x0000000081600000, 0x0000000081500000| Complete 
|  22|0x0000000081600000, 0x0000000081700000, 0x0000000081700000|100%| O|  |TAMS 0x0000000081700000, 0x0000000081600000| Untracked 
|  23|0x0000000081700000, 0x0000000081800000, 0x0000000081800000|100%| O|  |TAMS 0x0000000081800000, 0x0000000081700000| Untracked 
|  24|0x0000000081800000, 0x0000000081900000, 0x0000000081900000|100%| O|  |TAMS 0x0000000081900000, 0x0000000081800000| Untracked 
|  25|0x0000000081900000, 0x0000000081a00000, 0x0000000081a00000|100%| O|  |TAMS 0x0000000081a00000, 0x0000000081900000| Untracked 
|  26|0x0000000081a00000, 0x0000000081b00000, 0x0000000081b00000|100%| O|  |TAMS 0x0000000081b00000, 0x0000000081a00000| Complete 
|  27|0x0000000081b00000, 0x0000000081c00000, 0x0000000081c00000|100%|HS|  |TAMS 0x0000000081c00000, 0x0000000081b00000| Complete 
|  28|0x0000000081c00000, 0x0000000081d00000, 0x0000000081d00000|100%|HS|  |TAMS 0x0000000081d00000, 0x0000000081c00000| Complete 
|  29|0x0000000081d00000, 0x0000000081e00000, 0x0000000081e00000|100%| O|  |TAMS 0x0000000081e00000, 0x0000000081d00000| Untracked 
|  30|0x0000000081e00000, 0x0000000081f00000, 0x0000000081f00000|100%| O|  |TAMS 0x0000000081f00000, 0x0000000081e00000| Untracked 
|  31|0x0000000081f00000, 0x0000000082000000, 0x0000000082000000|100%| O|  |TAMS 0x0000000082000000, 0x0000000081f00000| Untracked 
|  32|0x0000000082000000, 0x0000000082100000, 0x0000000082100000|100%| O|  |TAMS 0x0000000082100000, 0x0000000082000000| Complete 
|  33|0x0000000082100000, 0x0000000082200000, 0x0000000082200000|100%|HS|  |TAMS 0x0000000082200000, 0x0000000082100000| Complete 
|  34|0x0000000082200000, 0x0000000082300000, 0x0000000082300000|100%|HC|  |TAMS 0x0000000082300000, 0x0000000082200000| Complete 
|  35|0x0000000082300000, 0x0000000082400000, 0x0000000082400000|100%| O|  |TAMS 0x0000000082400000, 0x0000000082300000| Untracked 
|  36|0x0000000082400000, 0x0000000082500000, 0x0000000082500000|100%| O|  |TAMS 0x0000000082500000, 0x0000000082400000| Complete 
|  37|0x0000000082500000, 0x0000000082600000, 0x0000000082600000|100%| O|  |TAMS 0x0000000082600000, 0x0000000082500000| Untracked 
|  38|0x0000000082600000, 0x0000000082700000, 0x0000000082700000|100%| O|  |TAMS 0x0000000082700000, 0x0000000082600000| Untracked 
|  39|0x0000000082700000, 0x0000000082800000, 0x0000000082800000|100%| O|  |TAMS 0x0000000082800000, 0x0000000082700000| Untracked 
|  40|0x0000000082800000, 0x0000000082900000, 0x0000000082900000|100%| O|  |TAMS 0x0000000082900000, 0x0000000082800000| Complete 
|  41|0x0000000082900000, 0x0000000082a00000, 0x0000000082a00000|100%| O|  |TAMS 0x0000000082a00000, 0x0000000082900000| Untracked 
|  42|0x0000000082a00000, 0x0000000082b00000, 0x0000000082b00000|100%| O|  |TAMS 0x0000000082b00000, 0x0000000082a00000| Untracked 
|  43|0x0000000082b00000, 0x0000000082c00000, 0x0000000082c00000|100%| O|  |TAMS 0x0000000082c00000, 0x0000000082b00000| Untracked 
|  44|0x0000000082c00000, 0x0000000082d00000, 0x0000000082d00000|100%| O|  |TAMS 0x0000000082d00000, 0x0000000082c00000| Untracked 
|  45|0x0000000082d00000, 0x0000000082e00000, 0x0000000082e00000|100%| O|  |TAMS 0x0000000082e00000, 0x0000000082d00000| Complete 
|  46|0x0000000082e00000, 0x0000000082f00000, 0x0000000082f00000|100%| O|  |TAMS 0x0000000082f00000, 0x0000000082e00000| Untracked 
|  47|0x0000000082f00000, 0x0000000083000000, 0x0000000083000000|100%| O|  |TAMS 0x0000000083000000, 0x0000000082f00000| Untracked 
|  48|0x0000000083000000, 0x0000000083100000, 0x0000000083100000|100%| O|  |TAMS 0x0000000083100000, 0x0000000083000000| Complete 
|  49|0x0000000083100000, 0x0000000083200000, 0x0000000083200000|100%| O|  |TAMS 0x0000000083200000, 0x0000000083100000| Untracked 
|  50|0x0000000083200000, 0x0000000083300000, 0x0000000083300000|100%| O|  |TAMS 0x0000000083300000, 0x0000000083200000| Untracked 
|  51|0x0000000083300000, 0x0000000083400000, 0x0000000083400000|100%| O|  |TAMS 0x0000000083400000, 0x0000000083300000| Untracked 
|  52|0x0000000083400000, 0x0000000083500000, 0x0000000083500000|100%| O|  |TAMS 0x0000000083500000, 0x0000000083400000| Untracked 
|  53|0x0000000083500000, 0x0000000083600000, 0x0000000083600000|100%| O|  |TAMS 0x0000000083600000, 0x0000000083500000| Untracked 
|  54|0x0000000083600000, 0x0000000083700000, 0x0000000083700000|100%| O|  |TAMS 0x0000000083700000, 0x0000000083600000| Untracked 
|  55|0x0000000083700000, 0x0000000083800000, 0x0000000083800000|100%| O|  |TAMS 0x0000000083800000, 0x0000000083700000| Complete 
|  56|0x0000000083800000, 0x0000000083900000, 0x0000000083900000|100%| O|  |TAMS 0x0000000083900000, 0x0000000083800000| Untracked 
|  57|0x0000000083900000, 0x0000000083a00000, 0x0000000083a00000|100%| O|  |TAMS 0x0000000083a00000, 0x0000000083900000| Untracked 
|  58|0x0000000083a00000, 0x0000000083b00000, 0x0000000083b00000|100%| O|  |TAMS 0x0000000083b00000, 0x0000000083a00000| Complete 
|  59|0x0000000083b00000, 0x0000000083c00000, 0x0000000083c00000|100%| O|  |TAMS 0x0000000083c00000, 0x0000000083b00000| Untracked 
|  60|0x0000000083c00000, 0x0000000083c00000, 0x0000000083d00000|  0%| F|  |TAMS 0x0000000083c00000, 0x0000000083c00000| Untracked 
|  61|0x0000000083d00000, 0x0000000083e00000, 0x0000000083e00000|100%| O|  |TAMS 0x0000000083e00000, 0x0000000083d00000| Untracked 
|  62|0x0000000083e00000, 0x0000000083f00000, 0x0000000083f00000|100%| O|  |TAMS 0x0000000083f00000, 0x0000000083e00000| Complete 
|  63|0x0000000083f00000, 0x0000000084000000, 0x0000000084000000|100%| O|  |TAMS 0x0000000084000000, 0x0000000083f00000| Complete 
|  64|0x0000000084000000, 0x0000000084100000, 0x0000000084100000|100%| O|  |TAMS 0x0000000084100000, 0x0000000084000000| Untracked 
|  65|0x0000000084100000, 0x0000000084200000, 0x0000000084200000|100%| O|  |TAMS 0x0000000084200000, 0x0000000084100000| Complete 
|  66|0x0000000084200000, 0x0000000084300000, 0x0000000084300000|100%| O|  |TAMS 0x0000000084300000, 0x0000000084200000| Complete 
|  67|0x0000000084300000, 0x0000000084400000, 0x0000000084400000|100%| O|  |TAMS 0x0000000084400000, 0x0000000084300000| Untracked 
|  68|0x0000000084400000, 0x0000000084500000, 0x0000000084500000|100%| O|  |TAMS 0x0000000084500000, 0x0000000084400000| Complete 
|  69|0x0000000084500000, 0x0000000084600000, 0x0000000084600000|100%| O|  |TAMS 0x0000000084600000, 0x0000000084500000| Untracked 
|  70|0x0000000084600000, 0x0000000084700000, 0x0000000084700000|100%| O|  |TAMS 0x0000000084700000, 0x0000000084600000| Untracked 
|  71|0x0000000084700000, 0x0000000084800000, 0x0000000084800000|100%| O|  |TAMS 0x0000000084800000, 0x0000000084700000| Complete 
|  72|0x0000000084800000, 0x0000000084900000, 0x0000000084900000|100%| O|  |TAMS 0x0000000084900000, 0x0000000084800000| Untracked 
|  73|0x0000000084900000, 0x0000000084a00000, 0x0000000084a00000|100%| O|  |TAMS 0x0000000084a00000, 0x0000000084900000| Untracked 
|  74|0x0000000084a00000, 0x0000000084b00000, 0x0000000084b00000|100%| O|  |TAMS 0x0000000084b00000, 0x0000000084a00000| Complete 
|  75|0x0000000084b00000, 0x0000000084bbfc00, 0x0000000084c00000| 74%| O|  |TAMS 0x0000000084bbfc00, 0x0000000084b00000| Untracked 
|  76|0x0000000084c00000, 0x0000000084d00000, 0x0000000084d00000|100%| O|  |TAMS 0x0000000084d00000, 0x0000000084c00000| Untracked 
|  77|0x0000000084d00000, 0x0000000084e00000, 0x0000000084e00000|100%| O|  |TAMS 0x0000000084e00000, 0x0000000084d00000| Complete 
|  78|0x0000000084e00000, 0x0000000084e00000, 0x0000000084f00000|  0%| F|  |TAMS 0x0000000084e00000, 0x0000000084e00000| Untracked 
|  79|0x0000000084f00000, 0x0000000084f00000, 0x0000000085000000|  0%| F|  |TAMS 0x0000000084f00000, 0x0000000084f00000| Untracked 
|  80|0x0000000085000000, 0x0000000085000000, 0x0000000085100000|  0%| F|  |TAMS 0x0000000085000000, 0x0000000085000000| Untracked 
|  81|0x0000000085100000, 0x0000000085200000, 0x0000000085200000|100%| O|  |TAMS 0x0000000085200000, 0x0000000085100000| Complete 
|  82|0x0000000085200000, 0x0000000085300000, 0x0000000085300000|100%| O|  |TAMS 0x0000000085300000, 0x0000000085200000| Untracked 
|  83|0x0000000085300000, 0x0000000085300000, 0x0000000085400000|  0%| F|  |TAMS 0x0000000085300000, 0x0000000085300000| Untracked 
|  84|0x0000000085400000, 0x0000000085400000, 0x0000000085500000|  0%| F|  |TAMS 0x0000000085400000, 0x0000000085400000| Untracked 
|  85|0x0000000085500000, 0x0000000085500000, 0x0000000085600000|  0%| F|  |TAMS 0x0000000085500000, 0x0000000085500000| Untracked 
|  86|0x0000000085600000, 0x0000000085700000, 0x0000000085700000|100%| O|  |TAMS 0x0000000085700000, 0x0000000085600000| Complete 
|  87|0x0000000085700000, 0x0000000085800000, 0x0000000085800000|100%| O|  |TAMS 0x0000000085800000, 0x0000000085700000| Complete 
|  88|0x0000000085800000, 0x0000000085900000, 0x0000000085900000|100%| O|  |TAMS 0x0000000085900000, 0x0000000085800000| Untracked 
|  89|0x0000000085900000, 0x0000000085a00000, 0x0000000085a00000|100%| O|  |TAMS 0x0000000085a00000, 0x0000000085900000| Complete 
|  90|0x0000000085a00000, 0x0000000085b00000, 0x0000000085b00000|100%| O|  |TAMS 0x0000000085b00000, 0x0000000085a00000| Complete 
|  91|0x0000000085b00000, 0x0000000085c00000, 0x0000000085c00000|100%| O|  |TAMS 0x0000000085c00000, 0x0000000085b00000| Complete 
|  92|0x0000000085c00000, 0x0000000085d00000, 0x0000000085d00000|100%| O|  |TAMS 0x0000000085d00000, 0x0000000085c00000| Complete 
|  93|0x0000000085d00000, 0x0000000085d00000, 0x0000000085e00000|  0%| F|  |TAMS 0x0000000085d00000, 0x0000000085d00000| Untracked 
|  94|0x0000000085e00000, 0x0000000085e00000, 0x0000000085f00000|  0%| F|  |TAMS 0x0000000085e00000, 0x0000000085e00000| Untracked 
|  95|0x0000000085f00000, 0x0000000086000000, 0x0000000086000000|100%| O|  |TAMS 0x0000000086000000, 0x0000000085f00000| Untracked 
|  96|0x0000000086000000, 0x0000000086100000, 0x0000000086100000|100%| O|  |TAMS 0x0000000086100000, 0x0000000086000000| Untracked 
|  97|0x0000000086100000, 0x0000000086200000, 0x0000000086200000|100%| O|  |TAMS 0x0000000086200000, 0x0000000086100000| Untracked 
|  98|0x0000000086200000, 0x0000000086300000, 0x0000000086300000|100%| O|  |TAMS 0x0000000086300000, 0x0000000086200000| Complete 
|  99|0x0000000086300000, 0x0000000086300000, 0x0000000086400000|  0%| F|  |TAMS 0x0000000086300000, 0x0000000086300000| Untracked 
| 100|0x0000000086400000, 0x0000000086400000, 0x0000000086500000|  0%| F|  |TAMS 0x0000000086400000, 0x0000000086400000| Untracked 
| 101|0x0000000086500000, 0x0000000086500000, 0x0000000086600000|  0%| F|  |TAMS 0x0000000086500000, 0x0000000086500000| Untracked 
| 102|0x0000000086600000, 0x0000000086700000, 0x0000000086700000|100%| O|  |TAMS 0x0000000086700000, 0x0000000086600000| Complete 
| 103|0x0000000086700000, 0x0000000086800000, 0x0000000086800000|100%| O|  |TAMS 0x0000000086800000, 0x0000000086700000| Complete 
| 104|0x0000000086800000, 0x0000000086900000, 0x0000000086900000|100%| O|  |TAMS 0x0000000086900000, 0x0000000086800000| Untracked 
| 105|0x0000000086900000, 0x0000000086a00000, 0x0000000086a00000|100%| O|  |TAMS 0x0000000086a00000, 0x0000000086900000| Untracked 
| 106|0x0000000086a00000, 0x0000000086b00000, 0x0000000086b00000|100%| O|  |TAMS 0x0000000086b00000, 0x0000000086a00000| Untracked 
| 107|0x0000000086b00000, 0x0000000086c00000, 0x0000000086c00000|100%| O|  |TAMS 0x0000000086c00000, 0x0000000086b00000| Complete 
| 108|0x0000000086c00000, 0x0000000086d00000, 0x0000000086d00000|100%| O|  |TAMS 0x0000000086d00000, 0x0000000086c00000| Untracked 
| 109|0x0000000086d00000, 0x0000000086e00000, 0x0000000086e00000|100%| O|  |TAMS 0x0000000086e00000, 0x0000000086d00000| Untracked 
| 110|0x0000000086e00000, 0x0000000086f00000, 0x0000000086f00000|100%| O|  |TAMS 0x0000000086f00000, 0x0000000086e00000| Untracked 
| 111|0x0000000086f00000, 0x0000000087000000, 0x0000000087000000|100%| O|  |TAMS 0x0000000087000000, 0x0000000086f00000| Untracked 
| 112|0x0000000087000000, 0x0000000087100000, 0x0000000087100000|100%| O|  |TAMS 0x0000000087100000, 0x0000000087000000| Untracked 
| 113|0x0000000087100000, 0x0000000087200000, 0x0000000087200000|100%| O|  |TAMS 0x0000000087200000, 0x0000000087100000| Complete 
| 114|0x0000000087200000, 0x0000000087300000, 0x0000000087300000|100%| O|  |TAMS 0x0000000087300000, 0x0000000087200000| Complete 
| 115|0x0000000087300000, 0x0000000087300000, 0x0000000087400000|  0%| F|  |TAMS 0x0000000087300000, 0x0000000087300000| Untracked 
| 116|0x0000000087400000, 0x0000000087400000, 0x0000000087500000|  0%| F|  |TAMS 0x0000000087400000, 0x0000000087400000| Untracked 
| 117|0x0000000087500000, 0x0000000087500000, 0x0000000087600000|  0%| F|  |TAMS 0x0000000087500000, 0x0000000087500000| Untracked 
| 118|0x0000000087600000, 0x0000000087600000, 0x0000000087700000|  0%| F|  |TAMS 0x0000000087600000, 0x0000000087600000| Untracked 
| 119|0x0000000087700000, 0x0000000087700000, 0x0000000087800000|  0%| F|  |TAMS 0x0000000087700000, 0x0000000087700000| Untracked 
| 120|0x0000000087800000, 0x0000000087800000, 0x0000000087900000|  0%| F|  |TAMS 0x0000000087800000, 0x0000000087800000| Untracked 
| 121|0x0000000087900000, 0x0000000087900000, 0x0000000087a00000|  0%| F|  |TAMS 0x0000000087900000, 0x0000000087900000| Untracked 
| 122|0x0000000087a00000, 0x0000000087a00000, 0x0000000087b00000|  0%| F|  |TAMS 0x0000000087a00000, 0x0000000087a00000| Untracked 
| 123|0x0000000087b00000, 0x0000000087b00000, 0x0000000087c00000|  0%| F|  |TAMS 0x0000000087b00000, 0x0000000087b00000| Untracked 
| 124|0x0000000087c00000, 0x0000000087c00000, 0x0000000087d00000|  0%| F|  |TAMS 0x0000000087c00000, 0x0000000087c00000| Untracked 
| 125|0x0000000087d00000, 0x0000000087dc5220, 0x0000000087e00000| 77%| S|CS|TAMS 0x0000000087d00000, 0x0000000087d00000| Complete 
| 126|0x0000000087e00000, 0x0000000087f00000, 0x0000000087f00000|100%| S|CS|TAMS 0x0000000087e00000, 0x0000000087e00000| Complete 
| 127|0x0000000087f00000, 0x0000000087f00000, 0x0000000088000000|  0%| F|  |TAMS 0x0000000087f00000, 0x0000000087f00000| Untracked 
| 128|0x0000000088000000, 0x0000000088000000, 0x0000000088100000|  0%| F|  |TAMS 0x0000000088000000, 0x0000000088000000| Untracked 
| 129|0x0000000088100000, 0x0000000088200000, 0x0000000088200000|100%| S|CS|TAMS 0x0000000088100000, 0x0000000088100000| Complete 
| 130|0x0000000088200000, 0x0000000088200000, 0x0000000088300000|  0%| F|  |TAMS 0x0000000088200000, 0x0000000088200000| Untracked 
| 131|0x0000000088300000, 0x0000000088300000, 0x0000000088400000|  0%| F|  |TAMS 0x0000000088300000, 0x0000000088300000| Untracked 
| 132|0x0000000088400000, 0x0000000088400000, 0x0000000088500000|  0%| F|  |TAMS 0x0000000088400000, 0x0000000088400000| Untracked 
| 133|0x0000000088500000, 0x0000000088500000, 0x0000000088600000|  0%| F|  |TAMS 0x0000000088500000, 0x0000000088500000| Untracked 
| 134|0x0000000088600000, 0x0000000088600000, 0x0000000088700000|  0%| F|  |TAMS 0x0000000088600000, 0x0000000088600000| Untracked 
| 135|0x0000000088700000, 0x0000000088700000, 0x0000000088800000|  0%| F|  |TAMS 0x0000000088700000, 0x0000000088700000| Untracked 
| 136|0x0000000088800000, 0x0000000088800000, 0x0000000088900000|  0%| F|  |TAMS 0x0000000088800000, 0x0000000088800000| Untracked 
| 137|0x0000000088900000, 0x0000000088900000, 0x0000000088a00000|  0%| F|  |TAMS 0x0000000088900000, 0x0000000088900000| Untracked 
| 138|0x0000000088a00000, 0x0000000088a00000, 0x0000000088b00000|  0%| F|  |TAMS 0x0000000088a00000, 0x0000000088a00000| Untracked 
| 139|0x0000000088b00000, 0x0000000088b00000, 0x0000000088c00000|  0%| F|  |TAMS 0x0000000088b00000, 0x0000000088b00000| Untracked 
| 140|0x0000000088c00000, 0x0000000088c00000, 0x0000000088d00000|  0%| F|  |TAMS 0x0000000088c00000, 0x0000000088c00000| Untracked 
| 141|0x0000000088d00000, 0x0000000088d00000, 0x0000000088e00000|  0%| F|  |TAMS 0x0000000088d00000, 0x0000000088d00000| Untracked 
| 142|0x0000000088e00000, 0x0000000088e00000, 0x0000000088f00000|  0%| F|  |TAMS 0x0000000088e00000, 0x0000000088e00000| Untracked 
| 143|0x0000000088f00000, 0x0000000088f00000, 0x0000000089000000|  0%| F|  |TAMS 0x0000000088f00000, 0x0000000088f00000| Untracked 
| 144|0x0000000089000000, 0x0000000089000000, 0x0000000089100000|  0%| F|  |TAMS 0x0000000089000000, 0x0000000089000000| Untracked 
| 145|0x0000000089100000, 0x0000000089100000, 0x0000000089200000|  0%| F|  |TAMS 0x0000000089100000, 0x0000000089100000| Untracked 
| 146|0x0000000089200000, 0x0000000089200000, 0x0000000089300000|  0%| F|  |TAMS 0x0000000089200000, 0x0000000089200000| Untracked 
| 147|0x0000000089300000, 0x0000000089300000, 0x0000000089400000|  0%| F|  |TAMS 0x0000000089300000, 0x0000000089300000| Untracked 
| 148|0x0000000089400000, 0x0000000089400000, 0x0000000089500000|  0%| F|  |TAMS 0x0000000089400000, 0x0000000089400000| Untracked 
| 149|0x0000000089500000, 0x0000000089500000, 0x0000000089600000|  0%| F|  |TAMS 0x0000000089500000, 0x0000000089500000| Untracked 
| 150|0x0000000089600000, 0x0000000089600000, 0x0000000089700000|  0%| F|  |TAMS 0x0000000089600000, 0x0000000089600000| Untracked 
| 151|0x0000000089700000, 0x0000000089700000, 0x0000000089800000|  0%| F|  |TAMS 0x0000000089700000, 0x0000000089700000| Untracked 
| 152|0x0000000089800000, 0x0000000089800000, 0x0000000089900000|  0%| F|  |TAMS 0x0000000089800000, 0x0000000089800000| Untracked 
| 153|0x0000000089900000, 0x0000000089900000, 0x0000000089a00000|  0%| F|  |TAMS 0x0000000089900000, 0x0000000089900000| Untracked 
| 154|0x0000000089a00000, 0x0000000089a00000, 0x0000000089b00000|  0%| F|  |TAMS 0x0000000089a00000, 0x0000000089a00000| Untracked 
| 155|0x0000000089b00000, 0x0000000089b00000, 0x0000000089c00000|  0%| F|  |TAMS 0x0000000089b00000, 0x0000000089b00000| Untracked 
| 156|0x0000000089c00000, 0x0000000089c00000, 0x0000000089d00000|  0%| F|  |TAMS 0x0000000089c00000, 0x0000000089c00000| Untracked 
| 157|0x0000000089d00000, 0x0000000089d00000, 0x0000000089e00000|  0%| F|  |TAMS 0x0000000089d00000, 0x0000000089d00000| Untracked 
| 158|0x0000000089e00000, 0x0000000089e00000, 0x0000000089f00000|  0%| F|  |TAMS 0x0000000089e00000, 0x0000000089e00000| Untracked 
| 159|0x0000000089f00000, 0x0000000089f00000, 0x000000008a000000|  0%| F|  |TAMS 0x0000000089f00000, 0x0000000089f00000| Untracked 
| 160|0x000000008a000000, 0x000000008a000000, 0x000000008a100000|  0%| F|  |TAMS 0x000000008a000000, 0x000000008a000000| Untracked 
| 161|0x000000008a100000, 0x000000008a100000, 0x000000008a200000|  0%| F|  |TAMS 0x000000008a100000, 0x000000008a100000| Untracked 
| 162|0x000000008a200000, 0x000000008a200000, 0x000000008a300000|  0%| F|  |TAMS 0x000000008a200000, 0x000000008a200000| Untracked 
| 163|0x000000008a300000, 0x000000008a300000, 0x000000008a400000|  0%| F|  |TAMS 0x000000008a300000, 0x000000008a300000| Untracked 
| 164|0x000000008a400000, 0x000000008a400000, 0x000000008a500000|  0%| F|  |TAMS 0x000000008a400000, 0x000000008a400000| Untracked 
| 165|0x000000008a500000, 0x000000008a500000, 0x000000008a600000|  0%| F|  |TAMS 0x000000008a500000, 0x000000008a500000| Untracked 
| 166|0x000000008a600000, 0x000000008a600000, 0x000000008a700000|  0%| F|  |TAMS 0x000000008a600000, 0x000000008a600000| Untracked 
| 167|0x000000008a700000, 0x000000008a700000, 0x000000008a800000|  0%| F|  |TAMS 0x000000008a700000, 0x000000008a700000| Untracked 
| 168|0x000000008a800000, 0x000000008a800000, 0x000000008a900000|  0%| F|  |TAMS 0x000000008a800000, 0x000000008a800000| Untracked 
| 169|0x000000008a900000, 0x000000008a900000, 0x000000008aa00000|  0%| F|  |TAMS 0x000000008a900000, 0x000000008a900000| Untracked 
| 170|0x000000008aa00000, 0x000000008aa00000, 0x000000008ab00000|  0%| F|  |TAMS 0x000000008aa00000, 0x000000008aa00000| Untracked 
| 171|0x000000008ab00000, 0x000000008ab00000, 0x000000008ac00000|  0%| F|  |TAMS 0x000000008ab00000, 0x000000008ab00000| Untracked 
| 172|0x000000008ac00000, 0x000000008ac00000, 0x000000008ad00000|  0%| F|  |TAMS 0x000000008ac00000, 0x000000008ac00000| Untracked 
| 173|0x000000008ad00000, 0x000000008ad00000, 0x000000008ae00000|  0%| F|  |TAMS 0x000000008ad00000, 0x000000008ad00000| Untracked 
| 174|0x000000008ae00000, 0x000000008ae00000, 0x000000008af00000|  0%| F|  |TAMS 0x000000008ae00000, 0x000000008ae00000| Untracked 
| 175|0x000000008af00000, 0x000000008af00000, 0x000000008b000000|  0%| F|  |TAMS 0x000000008af00000, 0x000000008af00000| Untracked 
| 176|0x000000008b000000, 0x000000008b000000, 0x000000008b100000|  0%| F|  |TAMS 0x000000008b000000, 0x000000008b000000| Untracked 
| 177|0x000000008b100000, 0x000000008b100000, 0x000000008b200000|  0%| F|  |TAMS 0x000000008b100000, 0x000000008b100000| Untracked 
| 178|0x000000008b200000, 0x000000008b200000, 0x000000008b300000|  0%| F|  |TAMS 0x000000008b200000, 0x000000008b200000| Untracked 
| 179|0x000000008b300000, 0x000000008b300000, 0x000000008b400000|  0%| F|  |TAMS 0x000000008b300000, 0x000000008b300000| Untracked 

Card table byte_map: [0x000001d526e60000,0x000001d527260000] _byte_map_base: 0x000001d526a60000

Marking Bits (Prev, Next): (CMBitMap*) 0x000001d51216d770, (CMBitMap*) 0x000001d51216d738
 Prev Bits: [0x000001d529660000, 0x000001d52b660000)
 Next Bits: [0x000001d527660000, 0x000001d529660000)

Polling page: 0x000001d512210000

Metaspace:

Usage:
  Non-class:     92.44 MB capacity,    90.73 MB ( 98%) used,     1.39 MB (  2%) free+waste,   332.13 KB ( <1%) overhead. 
      Class:     14.12 MB capacity,    13.13 MB ( 93%) used,   866.06 KB (  6%) free+waste,   146.25 KB (  1%) overhead. 
       Both:    106.56 MB capacity,   103.86 MB ( 97%) used,     2.23 MB (  2%) free+waste,   478.38 KB ( <1%) overhead. 

Virtual space:
  Non-class space:       94.00 MB reserved,      92.50 MB ( 98%) committed 
      Class space:        1.00 GB reserved,      14.13 MB (  1%) committed 
             Both:        1.09 GB reserved,     106.63 MB ( 10%) committed 

Chunk freelists:
   Non-Class:  0 bytes
       Class:  7.00 KB
        Both:  7.00 KB

MaxMetaspaceSize: 17179869184.00 GB
CompressedClassSpaceSize: 1.00 GB

CodeHeap 'non-profiled nmethods': size=120064Kb used=11668Kb max_used=11668Kb free=108395Kb
 bounds [0x000001d51eef0000, 0x000001d51fa60000, 0x000001d526430000]
CodeHeap 'profiled nmethods': size=120000Kb used=38125Kb max_used=38125Kb free=81874Kb
 bounds [0x000001d5179c0000, 0x000001d519f10000, 0x000001d51eef0000]
CodeHeap 'non-nmethods': size=5696Kb used=2328Kb max_used=2414Kb free=3367Kb
 bounds [0x000001d517430000, 0x000001d5176a0000, 0x000001d5179c0000]
 total_blobs=17161 nmethods=16229 adapters=841
 compilation: enabled
              stopped_count=0, restarted_count=0
 full_count=0

Compilation events (20 events):
Event: 135.664 Thread 0x000001d575545800 nmethod 17071 0x000001d51fa4fd10 code [0x000001d51fa4fec0, 0x000001d51fa4ff98]
Event: 135.664 Thread 0x000001d575545800 17082       4       com.android.tools.r8.graph.e0$$Lambda$1431/0x000001d52e866840::a (5 bytes)
Event: 135.707 Thread 0x000001d575545800 nmethod 17082 0x000001d51fa50110 code [0x000001d51fa503a0, 0x000001d51fa513b8]
Event: 135.707 Thread 0x000001d575545800 17124       4       java.util.function.Function$$Lambda$1438/0x000001d52e868040::apply (13 bytes)
Event: 135.711 Thread 0x000001d575545800 nmethod 17124 0x000001d51fa52290 code [0x000001d51fa52460, 0x000001d51fa526f8]
Event: 135.711 Thread 0x000001d575545800 17038       4       com.android.tools.r8.internal.Vv$$Lambda$1399/0x000001d52e83e840::a (5 bytes)
Event: 135.733 Thread 0x000001d56dcea800 17327       3       com.android.tools.r8.internal.ja::a (519 bytes)
Event: 135.741 Thread 0x000001d56dcea800 nmethod 17327 0x000001d519efaf10 code [0x000001d519efb8c0, 0x000001d519f02a08]
Event: 135.762 Thread 0x000001d575545800 nmethod 17038 0x000001d51fa52990 code [0x000001d51fa52c60, 0x000001d51fa53c30]
Event: 135.762 Thread 0x000001d575545800 17318       4       com.android.tools.r8.internal.Kv::a (430 bytes)
Event: 135.790 Thread 0x000001d56dcea800 17332       2       java.util.TreeMap$Entry::setValue (12 bytes)
Event: 135.790 Thread 0x000001d56dcea800 nmethod 17332 0x000001d519f05210 code [0x000001d519f053c0, 0x000001d519f05518]
Event: 135.818 Thread 0x000001d56dcea800 17333       2       com.android.tools.r8.internal.NE::x0 (2 bytes)
Event: 135.819 Thread 0x000001d56dcea800 nmethod 17333 0x000001d519f05590 code [0x000001d519f05740, 0x000001d519f05838]
Event: 136.014 Thread 0x000001d56dcea800 17339       2       com.android.tools.r8.ir.regalloc.b::b (38 bytes)
Event: 136.014 Thread 0x000001d56dcea800 nmethod 17339 0x000001d519f05910 code [0x000001d519f05b00, 0x000001d519f05d98]
Event: 136.015 Thread 0x000001d56dcea800 17340       2       com.android.tools.r8.ir.regalloc.a::a (322 bytes)
Event: 136.018 Thread 0x000001d56dcea800 nmethod 17340 0x000001d519f05f10 code [0x000001d519f06240, 0x000001d519f07098]
Event: 136.021 Thread 0x000001d56dcea800 17341       1       com.android.tools.r8.internal.ev::f2 (2 bytes)
Event: 136.022 Thread 0x000001d56dcea800 nmethod 17341 0x000001d51fa55190 code [0x000001d51fa55340, 0x000001d51fa553f8]

GC Heap History (20 events):
Event: 132.121 GC heap after
{Heap after GC invocations=111 (full 0):
 garbage-first heap   total 184320K, used 108379K [0x0000000080000000, 0x0000000100000000)
  region size 1024K, 3 young (3072K), 3 survivors (3072K)
 Metaspace       used 105301K, capacity 107964K, committed 108416K, reserved 1142784K
  class space    used 13300K, capacity 14271K, committed 14464K, reserved 1048576K
}
Event: 132.732 GC heap before
{Heap before GC invocations=111 (full 0):
 garbage-first heap   total 184320K, used 114523K [0x0000000080000000, 0x0000000100000000)
  region size 1024K, 9 young (9216K), 3 survivors (3072K)
 Metaspace       used 105322K, capacity 107973K, committed 108416K, reserved 1142784K
  class space    used 13305K, capacity 14274K, committed 14464K, reserved 1048576K
}
Event: 132.750 GC heap after
{Heap after GC invocations=112 (full 0):
 garbage-first heap   total 184320K, used 107415K [0x0000000080000000, 0x0000000100000000)
  region size 1024K, 1 young (1024K), 1 survivors (1024K)
 Metaspace       used 105322K, capacity 107973K, committed 108416K, reserved 1142784K
  class space    used 13305K, capacity 14274K, committed 14464K, reserved 1048576K
}
Event: 133.111 GC heap before
{Heap before GC invocations=112 (full 0):
 garbage-first heap   total 184320K, used 155543K [0x0000000080000000, 0x0000000100000000)
  region size 1024K, 48 young (49152K), 1 survivors (1024K)
 Metaspace       used 105495K, capacity 108190K, committed 108416K, reserved 1142784K
  class space    used 13326K, capacity 14324K, committed 14464K, reserved 1048576K
}
Event: 133.117 GC heap after
{Heap after GC invocations=113 (full 0):
 garbage-first heap   total 184320K, used 108792K [0x0000000080000000, 0x0000000100000000)
  region size 1024K, 3 young (3072K), 3 survivors (3072K)
 Metaspace       used 105495K, capacity 108190K, committed 108416K, reserved 1142784K
  class space    used 13326K, capacity 14324K, committed 14464K, reserved 1048576K
}
Event: 133.547 GC heap before
{Heap before GC invocations=113 (full 0):
 garbage-first heap   total 184320K, used 155896K [0x0000000080000000, 0x0000000100000000)
  region size 1024K, 49 young (50176K), 3 survivors (3072K)
 Metaspace       used 105618K, capacity 108277K, committed 108416K, reserved 1142784K
  class space    used 13338K, capacity 14330K, committed 14464K, reserved 1048576K
}
Event: 133.552 GC heap after
{Heap after GC invocations=114 (full 0):
 garbage-first heap   total 184320K, used 108944K [0x0000000080000000, 0x0000000100000000)
  region size 1024K, 3 young (3072K), 3 survivors (3072K)
 Metaspace       used 105618K, capacity 108277K, committed 108416K, reserved 1142784K
  class space    used 13338K, capacity 14330K, committed 14464K, reserved 1048576K
}
Event: 133.777 GC heap before
{Heap before GC invocations=114 (full 0):
 garbage-first heap   total 184320K, used 157072K [0x0000000080000000, 0x0000000100000000)
  region size 1024K, 50 young (51200K), 3 survivors (3072K)
 Metaspace       used 105762K, capacity 108463K, committed 108672K, reserved 1142784K
  class space    used 13362K, capacity 14349K, committed 14464K, reserved 1048576K
}
Event: 133.786 GC heap after
{Heap after GC invocations=115 (full 0):
 garbage-first heap   total 184320K, used 109122K [0x0000000080000000, 0x0000000100000000)
  region size 1024K, 3 young (3072K), 3 survivors (3072K)
 Metaspace       used 105762K, capacity 108463K, committed 108672K, reserved 1142784K
  class space    used 13362K, capacity 14349K, committed 14464K, reserved 1048576K
}
Event: 134.417 GC heap before
{Heap before GC invocations=116 (full 0):
 garbage-first heap   total 184320K, used 156226K [0x0000000080000000, 0x0000000100000000)
  region size 1024K, 50 young (51200K), 3 survivors (3072K)
 Metaspace       used 105941K, capacity 108749K, committed 108928K, reserved 1144832K
  class space    used 13387K, capacity 14400K, committed 14464K, reserved 1048576K
}
Event: 134.423 GC heap after
{Heap after GC invocations=117 (full 0):
 garbage-first heap   total 184320K, used 108155K [0x0000000080000000, 0x0000000100000000)
  region size 1024K, 2 young (2048K), 2 survivors (2048K)
 Metaspace       used 105941K, capacity 108749K, committed 108928K, reserved 1144832K
  class space    used 13387K, capacity 14400K, committed 14464K, reserved 1048576K
}
Event: 134.457 GC heap before
{Heap before GC invocations=117 (full 0):
 garbage-first heap   total 184320K, used 115323K [0x0000000080000000, 0x0000000100000000)
  region size 1024K, 9 young (9216K), 2 survivors (2048K)
 Metaspace       used 105952K, capacity 108749K, committed 108928K, reserved 1144832K
  class space    used 13387K, capacity 14400K, committed 14464K, reserved 1048576K
}
Event: 134.467 GC heap after
{Heap after GC invocations=118 (full 0):
 garbage-first heap   total 184320K, used 106766K [0x0000000080000000, 0x0000000100000000)
  region size 1024K, 2 young (2048K), 2 survivors (2048K)
 Metaspace       used 105952K, capacity 108749K, committed 108928K, reserved 1144832K
  class space    used 13387K, capacity 14400K, committed 14464K, reserved 1048576K
}
Event: 134.749 GC heap before
{Heap before GC invocations=118 (full 0):
 garbage-first heap   total 184320K, used 156942K [0x0000000080000000, 0x0000000100000000)
  region size 1024K, 51 young (52224K), 2 survivors (2048K)
 Metaspace       used 106084K, capacity 108856K, committed 108928K, reserved 1144832K
  class space    used 13409K, capacity 14414K, committed 14464K, reserved 1048576K
}
Event: 134.754 GC heap after
{Heap after GC invocations=119 (full 0):
 garbage-first heap   total 184320K, used 107033K [0x0000000080000000, 0x0000000100000000)
  region size 1024K, 2 young (2048K), 2 survivors (2048K)
 Metaspace       used 106084K, capacity 108856K, committed 108928K, reserved 1144832K
  class space    used 13409K, capacity 14414K, committed 14464K, reserved 1048576K
}
Event: 135.123 GC heap before
{Heap before GC invocations=119 (full 0):
 garbage-first heap   total 184320K, used 158233K [0x0000000080000000, 0x0000000100000000)
  region size 1024K, 52 young (53248K), 2 survivors (2048K)
 Metaspace       used 106215K, capacity 108955K, committed 109184K, reserved 1144832K
  class space    used 13420K, capacity 14425K, committed 14464K, reserved 1048576K
}
Event: 135.128 GC heap after
{Heap after GC invocations=120 (full 0):
 garbage-first heap   total 184320K, used 107983K [0x0000000080000000, 0x0000000100000000)
  region size 1024K, 3 young (3072K), 3 survivors (3072K)
 Metaspace       used 106215K, capacity 108955K, committed 109184K, reserved 1144832K
  class space    used 13420K, capacity 14425K, committed 14464K, reserved 1048576K
}
Event: 135.509 GC heap before
{Heap before GC invocations=120 (full 0):
 garbage-first heap   total 184320K, used 158159K [0x0000000080000000, 0x0000000100000000)
  region size 1024K, 52 young (53248K), 3 survivors (3072K)
 Metaspace       used 106334K, capacity 109119K, committed 109184K, reserved 1144832K
  class space    used 13441K, capacity 14457K, committed 14464K, reserved 1048576K
}
Event: 135.517 GC heap after
{Heap after GC invocations=121 (full 0):
 garbage-first heap   total 184320K, used 108485K [0x0000000080000000, 0x0000000100000000)
  region size 1024K, 4 young (4096K), 4 survivors (4096K)
 Metaspace       used 106334K, capacity 109119K, committed 109184K, reserved 1144832K
  class space    used 13441K, capacity 14457K, committed 14464K, reserved 1048576K
}
Event: 136.029 GC heap before
{Heap before GC invocations=122 (full 0):
 garbage-first heap   total 184320K, used 158661K [0x0000000080000000, 0x0000000100000000)
  region size 1024K, 53 young (54272K), 4 survivors (4096K)
 Metaspace       used 106352K, capacity 109119K, committed 109184K, reserved 1144832K
  class space    used 13444K, capacity 14457K, committed 14464K, reserved 1048576K
}

Deoptimization events (20 events):
Event: 134.658 Thread 0x000001d57264e000 DEOPT PACKING pc=0x000001d51f86b040 sp=0x00000001037fa6d0
Event: 134.658 Thread 0x000001d57264e000 DEOPT UNPACKING pc=0x000001d517457aaf sp=0x00000001037fa670 mode 2
Event: 134.772 Thread 0x000001d572650000 DEOPT PACKING pc=0x000001d519db12c1 sp=0x00000001035f97b0
Event: 134.772 Thread 0x000001d572650000 DEOPT UNPACKING pc=0x000001d5174578ce sp=0x00000001035f8e40 mode 0
Event: 135.121 Thread 0x000001d57264d800 DEOPT PACKING pc=0x000001d519e48273 sp=0x00000001036f8fe0
Event: 135.121 Thread 0x000001d57264d800 DEOPT UNPACKING pc=0x000001d5174578ce sp=0x00000001036f87a8 mode 0
Event: 135.142 Thread 0x000001d572650000 DEOPT PACKING pc=0x000001d519db129b sp=0x00000001035f97b0
Event: 135.142 Thread 0x000001d572650000 DEOPT UNPACKING pc=0x000001d5174578ce sp=0x00000001035f8e38 mode 0
Event: 135.276 Thread 0x000001d57264c000 DEOPT PACKING pc=0x000001d519e48273 sp=0x00000001034f8f90
Event: 135.276 Thread 0x000001d57264c000 DEOPT UNPACKING pc=0x000001d5174578ce sp=0x00000001034f8758 mode 0
Event: 135.720 Thread 0x000001d572650000 DEOPT PACKING pc=0x000001d519c184bb sp=0x00000001035f94b0
Event: 135.720 Thread 0x000001d572650000 DEOPT UNPACKING pc=0x000001d5174578ce sp=0x00000001035f8c60 mode 0
Event: 135.912 Thread 0x000001d57264d800 DEOPT PACKING pc=0x000001d519e48273 sp=0x00000001036f90c0
Event: 135.912 Thread 0x000001d57264d800 DEOPT UNPACKING pc=0x000001d5174578ce sp=0x00000001036f8888 mode 0
Event: 135.948 Thread 0x000001d57264c000 DEOPT PACKING pc=0x000001d519c184bb sp=0x00000001034f9060
Event: 135.948 Thread 0x000001d57264c000 DEOPT UNPACKING pc=0x000001d5174578ce sp=0x00000001034f8810 mode 0
Event: 135.949 Thread 0x000001d57264c000 Uncommon trap: trap_request=0xffffff76 fr.pc=0x000001d51fa3f93c relative=0x00000000000074bc
Event: 135.949 Thread 0x000001d57264c000 Uncommon trap: reason=loop_limit_check action=maybe_recompile pc=0x000001d51fa3f93c method=com.android.tools.r8.ir.regalloc.a.a(Lcom/android/tools/r8/internal/uh;Lcom/android/tools/r8/internal/uh;Lcom/android/tools/r8/internal/Vv;)Lcom/android/tools/r8/in
Event: 135.949 Thread 0x000001d57264c000 DEOPT PACKING pc=0x000001d51fa3f93c sp=0x00000001034f92f0
Event: 135.949 Thread 0x000001d57264c000 DEOPT UNPACKING pc=0x000001d517457aaf sp=0x00000001034f9288 mode 2

Classes redefined (0 events):
No events

Internal exceptions (20 events):
Event: 120.427 Thread 0x000001d57264d800 Exception <a 'java/lang/NoSuchMethodError'{0x0000000088b9a320}: 'java.lang.Object java.lang.invoke.Invokers$Holder.linkToTargetMethod(java.lang.Object, java.lang.Object, java.lang.Object, java.lang.Object, java.lang.Object, java.lang.Object, java.lang.Object)'> (0x0000000088b9a320) thrown at [./src/hotspot/share/interpreter/linkResolver.cpp, line 773]
Event: 120.686 Thread 0x000001d57264e000 Exception <a 'sun/nio/fs/WindowsException'{0x00000000894da5e0}> (0x00000000894da5e0) thrown at [./src/hotspot/share/prims/jni.cpp, line 615]
Event: 120.924 Thread 0x000001d572650000 Exception <a 'java/lang/NoSuchMethodError'{0x00000000891daed0}: 'java.lang.Object java.lang.invoke.DirectMethodHandle$Holder.invokeVirtual(java.lang.Object, java.lang.Object, int, java.lang.Object)'> (0x00000000891daed0) thrown at [./src/hotspot/share/interpreter/linkResolver.cpp, line 773]
Event: 120.966 Thread 0x000001d57264c000 Exception <a 'java/lang/IncompatibleClassChangeError'{0x00000000895e10d0}: Found class java.lang.Object, but interface was expected> (0x00000000895e10d0) thrown at [./src/hotspot/share/interpreter/linkResolver.cpp, line 839]
Event: 120.966 Thread 0x000001d572650000 Exception <a 'java/lang/IncompatibleClassChangeError'{0x00000000895b2de8}: Found class java.lang.Object, but interface was expected> (0x00000000895b2de8) thrown at [./src/hotspot/share/interpreter/linkResolver.cpp, line 839]
Event: 120.967 Thread 0x000001d57264c000 Exception <a 'java/lang/IncompatibleClassChangeError'{0x00000000895ec980}: Found class java.lang.Object, but interface was expected> (0x00000000895ec980) thrown at [./src/hotspot/share/interpreter/linkResolver.cpp, line 839]
Event: 120.967 Thread 0x000001d57264d800 Exception <a 'java/lang/IncompatibleClassChangeError'{0x00000000895ec090}: Found class java.lang.Object, but interface was expected> (0x00000000895ec090) thrown at [./src/hotspot/share/interpreter/linkResolver.cpp, line 839]
Event: 121.436 Thread 0x000001d57264c000 Exception <a 'java/lang/NoSuchMethodError'{0x0000000089306348}: 'void java.lang.invoke.DirectMethodHandle$Holder.invokeVirtual(java.lang.Object, java.lang.Object, int, java.lang.Object)'> (0x0000000089306348) thrown at [./src/hotspot/share/interpreter/linkResolver.cpp, line 773]
Event: 121.436 Thread 0x000001d57264e000 Exception <a 'java/lang/NoSuchMethodError'{0x00000000894e8ff0}: 'void java.lang.invoke.DirectMethodHandle$Holder.invokeVirtual(java.lang.Object, java.lang.Object, int, java.lang.Object)'> (0x00000000894e8ff0) thrown at [./src/hotspot/share/interpreter/linkResolver.cpp, line 773]
Event: 121.436 Thread 0x000001d572650000 Exception <a 'java/lang/NoSuchMethodError'{0x000000008942d8b8}: 'void java.lang.invoke.DirectMethodHandle$Holder.invokeVirtual(java.lang.Object, java.lang.Object, int, java.lang.Object)'> (0x000000008942d8b8) thrown at [./src/hotspot/share/interpreter/linkResolver.cpp, line 773]
Event: 121.642 Thread 0x000001d57264c000 Exception <a 'java/lang/NoSuchMethodError'{0x0000000088fd6a68}: 'java.lang.Object java.lang.invoke.DirectMethodHandle$Holder.newInvokeSpecial(java.lang.Object, int)'> (0x0000000088fd6a68) thrown at [./src/hotspot/share/interpreter/linkResolver.cpp, line 773]
Event: 122.164 Thread 0x000001d57264c000 Exception <a 'java/lang/NoSuchMethodError'{0x000000008864d5e0}: 'java.lang.Object java.lang.invoke.DirectMethodHandle$Holder.invokeInterface(java.lang.Object, java.lang.Object, int)'> (0x000000008864d5e0) thrown at [./src/hotspot/share/interpreter/linkResolver.cpp, line 773]
Event: 127.547 Thread 0x000001d57264c000 Exception <a 'java/lang/NoSuchMethodError'{0x0000000089f8fa08}: 'int java.lang.invoke.DirectMethodHandle$Holder.invokeInterface(java.lang.Object, java.lang.Object, int)'> (0x0000000089f8fa08) thrown at [./src/hotspot/share/interpreter/linkResolver.cpp, line 773]
Event: 131.727 Thread 0x000001d57264e000 Exception <a 'java/lang/NoSuchMethodError'{0x0000000088b812a0}: 'void java.lang.invoke.DirectMethodHandle$Holder.invokeSpecial(java.lang.Object, java.lang.Object, int, java.lang.Object, java.lang.Object, java.lang.Object, java.lang.Object)'> (0x0000000088b812a0) thrown at [./src/hotspot/share/interpreter/linkResolver.cpp, line 773]
Event: 131.728 Thread 0x000001d57264e000 Exception <a 'java/lang/NoSuchMethodError'{0x0000000088b8d3f0}: 'java.lang.Object java.lang.invoke.Invokers$Holder.linkToTargetMethod(java.lang.Object, int, java.lang.Object, java.lang.Object, java.lang.Object, java.lang.Object)'> (0x0000000088b8d3f0) thrown at [./src/hotspot/share/interpreter/linkResolver.cpp, line 773]
Event: 131.729 Thread 0x000001d57264e000 Exception <a 'java/lang/NoSuchMethodError'{0x0000000088b91ba8}: 'void java.lang.invoke.DirectMethodHandle$Holder.invokeSpecial(java.lang.Object, java.lang.Object, java.lang.Object, java.lang.Object, java.lang.Object, java.lang.Object, java.lang.Object, java.lang.Object, java.lang.Object)'> (0x0000000088b91ba8) thrown at [./src/hotspot/share/interpreter/linkResolver.cpp, line 773]
Event: 131.743 Thread 0x000001d57264e000 Exception <a 'java/lang/NoSuchMethodError'{0x0000000088bad288}: 'void java.lang.invoke.DirectMethodHandle$Holder.invokeStatic(java.lang.Object, java.lang.Object, java.lang.Object, java.lang.Object, java.lang.Object, java.lang.Object, java.lang.Object, java.lang.Object)'> (0x0000000088bad288) thrown at [./src/hotspot/share/interpreter/linkResolver.cpp, line 773]
Event: 133.636 Thread 0x000001d57264e000 Exception <a 'java/lang/IncompatibleClassChangeError'{0x000000008a018dd0}: Found class java.lang.Object, but interface was expected> (0x000000008a018dd0) thrown at [./src/hotspot/share/interpreter/linkResolver.cpp, line 839]
Event: 134.857 Thread 0x000001d57264e000 Exception <a 'java/lang/NoSuchMethodError'{0x000000008a2624c0}: 'void java.lang.invoke.DirectMethodHandle$Holder.invokeVirtual(java.lang.Object, java.lang.Object, int)'> (0x000000008a2624c0) thrown at [./src/hotspot/share/interpreter/linkResolver.cpp, line 773]
Event: 135.631 Thread 0x000001d57264e000 Exception <a 'sun/nio/fs/WindowsException'{0x000000008a8e4aa0}> (0x000000008a8e4aa0) thrown at [./src/hotspot/share/prims/jni.cpp, line 615]

Events (20 events):
Event: 135.373 Executing VM operation: G1CollectForAllocation
Event: 135.509 loading class java/util/zip/Adler32 done
Event: 135.517 Executing VM operation: G1CollectForAllocation done
Event: 135.518 loading class com/android/tools/r8/dex/m$a
Event: 135.518 loading class com/android/tools/r8/dex/m$a done
Event: 135.518 loading class com/android/tools/r8/ByteDataView
Event: 135.518 loading class com/android/tools/r8/ByteDataView done
Event: 135.630 loading class com/android/tools/r8/internal/xa
Event: 135.630 loading class com/android/tools/r8/internal/xa done
Event: 135.631 loading class com/android/tools/r8/internal/A7
Event: 135.631 loading class com/android/tools/r8/internal/A7 done
Event: 135.698 loading class com/android/tools/r8/internal/z7
Event: 135.698 loading class com/android/tools/r8/internal/z7 done
Event: 135.701 loading class com/android/tools/r8/internal/y7
Event: 135.701 loading class com/android/tools/r8/internal/y7 done
Event: 135.819 Executing VM operation: CGC_Operation
Event: 135.839 Executing VM operation: CGC_Operation done
Event: 135.995 Executing VM operation: CGC_Operation
Event: 135.996 Executing VM operation: CGC_Operation done
Event: 136.026 Executing VM operation: G1CollectForAllocation


Dynamic libraries:
0x00007ff6a1770000 - 0x00007ff6a177a000 	D:\Software\Android Studio\jre\bin\java.exe
0x00007ffa7f490000 - 0x00007ffa7f685000 	C:\Windows\SYSTEM32\ntdll.dll
0x00007ffa7ddf0000 - 0x00007ffa7deae000 	C:\Windows\System32\KERNEL32.DLL
0x00007ffa7ccb0000 - 0x00007ffa7cf78000 	C:\Windows\System32\KERNELBASE.dll
0x00007ffa7cbb0000 - 0x00007ffa7ccb0000 	C:\Windows\System32\ucrtbase.dll
0x00007ffa76d90000 - 0x00007ffa76da9000 	D:\Software\Android Studio\jre\bin\jli.dll
0x00007ffa76cc0000 - 0x00007ffa76cd7000 	D:\Software\Android Studio\jre\bin\VCRUNTIME140.dll
0x00007ffa7e200000 - 0x00007ffa7e3a1000 	C:\Windows\System32\USER32.dll
0x00007ffa67210000 - 0x00007ffa674aa000 	C:\Windows\WinSxS\amd64_microsoft.windows.common-controls_6595b64144ccf1df_6.0.19041.1110_none_60b5254171f9507e\COMCTL32.dll
0x00007ffa7d210000 - 0x00007ffa7d232000 	C:\Windows\System32\win32u.dll
0x00007ffa7e670000 - 0x00007ffa7e70e000 	C:\Windows\System32\msvcrt.dll
0x00007ffa7db00000 - 0x00007ffa7db2b000 	C:\Windows\System32\GDI32.dll
0x00007ffa7d100000 - 0x00007ffa7d20b000 	C:\Windows\System32\gdi32full.dll
0x00007ffa7cf80000 - 0x00007ffa7d01d000 	C:\Windows\System32\msvcp_win.dll
0x00007ffa7f050000 - 0x00007ffa7f080000 	C:\Windows\System32\IMM32.DLL
0x00007ffa54440000 - 0x00007ffa544dd000 	D:\Software\Android Studio\jre\bin\msvcp140.dll
0x00007ffa07760000 - 0x00007ffa0822f000 	D:\Software\Android Studio\jre\bin\server\jvm.dll
0x00007ffa7d4e0000 - 0x00007ffa7d58c000 	C:\Windows\System32\ADVAPI32.dll
0x00007ffa7e3b0000 - 0x00007ffa7e44b000 	C:\Windows\System32\sechost.dll
0x00007ffa7deb0000 - 0x00007ffa7dfda000 	C:\Windows\System32\RPCRT4.dll
0x00007ffa7dcc0000 - 0x00007ffa7dcc8000 	C:\Windows\System32\PSAPI.DLL
0x00007ffa752c0000 - 0x00007ffa752ca000 	C:\Windows\SYSTEM32\VERSION.dll
0x00007ffa59de0000 - 0x00007ffa59e07000 	C:\Windows\SYSTEM32\WINMM.dll
0x00007ffa5f3f0000 - 0x00007ffa5f3f9000 	C:\Windows\SYSTEM32\WSOCK32.dll
0x00007ffa7e450000 - 0x00007ffa7e4bb000 	C:\Windows\System32\WS2_32.dll
0x00007ffa7aab0000 - 0x00007ffa7aac2000 	C:\Windows\SYSTEM32\kernel.appcore.dll
0x00007ffa51c90000 - 0x00007ffa51ca1000 	D:\Software\Android Studio\jre\bin\verify.dll
0x00007ffa73da0000 - 0x00007ffa73f84000 	C:\Windows\SYSTEM32\DBGHELP.DLL
0x00007ffa6a6b0000 - 0x00007ffa6a6dc000 	C:\Windows\SYSTEM32\dbgcore.DLL
0x00007ffa7d240000 - 0x00007ffa7d2c3000 	C:\Windows\System32\bcryptPrimitives.dll
0x00007ffa32f70000 - 0x00007ffa32f99000 	D:\Software\Android Studio\jre\bin\java.dll
0x00007ffa5ef00000 - 0x00007ffa5ef0b000 	D:\Software\Android Studio\jre\bin\jimage.dll
0x00007ffa20aa0000 - 0x00007ffa20ab8000 	D:\Software\Android Studio\jre\bin\zip.dll
0x00007ffa7e840000 - 0x00007ffa7ef7f000 	C:\Windows\System32\SHELL32.dll
0x00007ffa7acb0000 - 0x00007ffa7b440000 	C:\Windows\SYSTEM32\windows.storage.dll
0x00007ffa7f080000 - 0x00007ffa7f3d5000 	C:\Windows\System32\combase.dll
0x00007ffa7c600000 - 0x00007ffa7c62e000 	C:\Windows\SYSTEM32\Wldp.dll
0x00007ffa7db30000 - 0x00007ffa7dbdd000 	C:\Windows\System32\SHCORE.dll
0x00007ffa7e710000 - 0x00007ffa7e765000 	C:\Windows\System32\shlwapi.dll
0x00007ffa7caf0000 - 0x00007ffa7cb0f000 	C:\Windows\SYSTEM32\profapi.dll
0x00007ffa20a80000 - 0x00007ffa20a9a000 	D:\Software\Android Studio\jre\bin\net.dll
0x00007ffa6d4d0000 - 0x00007ffa6d5dc000 	C:\Windows\SYSTEM32\WINHTTP.dll
0x00007ffa7c360000 - 0x00007ffa7c3ca000 	C:\Windows\system32\mswsock.dll
0x00007ffa20a60000 - 0x00007ffa20a74000 	D:\Software\Android Studio\jre\bin\nio.dll
0x00007ffa5f510000 - 0x00007ffa5f537000 	C:\Users\michi\.gradle\native\8bec1ad78214c89d9ad589b4d07fe93259594b29d510b10fafb7a158f7737e5d\windows-amd64\native-platform.dll
0x00007ffa24790000 - 0x00007ffa248cd000 	C:\Users\michi\.gradle\native\53dbd7edfb1c66fb8903c78663c9afc45aea4f116125fa6feffd364cf09443e8\windows-amd64\native-platform-file-events.dll
0x00007ffa5d0e0000 - 0x00007ffa5d0ea000 	D:\Software\Android Studio\jre\bin\management.dll
0x00007ffa5c8e0000 - 0x00007ffa5c8ec000 	D:\Software\Android Studio\jre\bin\management_ext.dll
0x00007ffa7c550000 - 0x00007ffa7c568000 	C:\Windows\SYSTEM32\CRYPTSP.dll
0x00007ffa7bc70000 - 0x00007ffa7bca4000 	C:\Windows\system32\rsaenh.dll
0x00007ffa7d020000 - 0x00007ffa7d047000 	C:\Windows\System32\bcrypt.dll
0x00007ffa7cab0000 - 0x00007ffa7cade000 	C:\Windows\SYSTEM32\USERENV.dll
0x00007ffa7c570000 - 0x00007ffa7c57c000 	C:\Windows\SYSTEM32\CRYPTBASE.dll
0x00007ffa7c000000 - 0x00007ffa7c03b000 	C:\Windows\SYSTEM32\IPHLPAPI.DLL
0x00007ffa7daf0000 - 0x00007ffa7daf8000 	C:\Windows\System32\NSI.dll
0x00007ffa70fe0000 - 0x00007ffa70ff7000 	C:\Windows\SYSTEM32\dhcpcsvc6.DLL
0x00007ffa72790000 - 0x00007ffa727ad000 	C:\Windows\SYSTEM32\dhcpcsvc.DLL
0x00007ffa7c050000 - 0x00007ffa7c11b000 	C:\Windows\SYSTEM32\DNSAPI.dll

dbghelp: loaded successfully - version: 4.0.5 - missing functions: none
symbol engine: initialized successfully - sym options: 0x614 - pdb path: .;D:\Software\Android Studio\jre\bin;C:\Windows\SYSTEM32;C:\Windows\WinSxS\amd64_microsoft.windows.common-controls_6595b64144ccf1df_6.0.19041.1110_none_60b5254171f9507e;D:\Software\Android Studio\jre\bin\server;C:\Users\michi\.gradle\native\8bec1ad78214c89d9ad589b4d07fe93259594b29d510b10fafb7a158f7737e5d\windows-amd64;C:\Users\michi\.gradle\native\53dbd7edfb1c66fb8903c78663c9afc45aea4f116125fa6feffd364cf09443e8\windows-amd64

VM Arguments:
jvm_args: --add-opens=java.base/java.util=ALL-UNNAMED --add-opens=java.base/java.lang=ALL-UNNAMED --add-opens=java.base/java.lang.invoke=ALL-UNNAMED --add-opens=java.base/java.util=ALL-UNNAMED --add-opens=java.prefs/java.util.prefs=ALL-UNNAMED --add-opens=java.prefs/java.util.prefs=ALL-UNNAMED --add-opens=java.base/java.nio.charset=ALL-UNNAMED --add-opens=java.base/java.net=ALL-UNNAMED --add-opens=java.base/java.util.concurrent.atomic=ALL-UNNAMED -Xmx2048m -Dfile.encoding=UTF-8 -Duser.country=ID -Duser.language=en -Duser.variant 
java_command: org.gradle.launcher.daemon.bootstrap.GradleDaemon 7.0.2
java_class_path (initial): C:\Users\michi\.gradle\wrapper\dists\gradle-7.0.2-bin\857tjihv64xamwrf0h14cai3r\gradle-7.0.2\lib\gradle-launcher-7.0.2.jar
Launcher Type: SUN_STANDARD

[Global flags]
     intx CICompilerCount                          = 3                                         {product} {ergonomic}
     uint ConcGCThreads                            = 1                                         {product} {ergonomic}
     uint G1ConcRefinementThreads                  = 4                                         {product} {ergonomic}
   size_t G1HeapRegionSize                         = 1048576                                   {product} {ergonomic}
    uintx GCDrainStackTargetSize                   = 64                                        {product} {ergonomic}
   size_t InitialHeapSize                          = 67108864                                  {product} {ergonomic}
   size_t MarkStackSize                            = 4194304                                   {product} {ergonomic}
   size_t MaxHeapSize                              = 2147483648                                {product} {command line}
   size_t MaxNewSize                               = 1287651328                                {product} {ergonomic}
   size_t MinHeapDeltaBytes                        = 1048576                                   {product} {ergonomic}
    uintx NonNMethodCodeHeapSize                   = 5830732                                {pd product} {ergonomic}
    uintx NonProfiledCodeHeapSize                  = 122913754                              {pd product} {ergonomic}
    uintx ProfiledCodeHeapSize                     = 122913754                              {pd product} {ergonomic}
    uintx ReservedCodeCacheSize                    = 251658240                              {pd product} {ergonomic}
     bool SegmentedCodeCache                       = true                                      {product} {ergonomic}
     bool UseCompressedClassPointers               = true                                 {lp64_product} {ergonomic}
     bool UseCompressedOops                        = true                                 {lp64_product} {ergonomic}
     bool UseG1GC                                  = true                                      {product} {ergonomic}
     bool UseLargePagesIndividualAllocation        = false                                  {pd product} {ergonomic}

Logging:
Log output configuration:
 #0: stdout all=warning uptime,level,tags
 #1: stderr all=off uptime,level,tags

Environment Variables:
PATH=C:\Program Files (x86)\Common Files\Oracle\Java\javapath;C:\Program Files\Common Files\Oracle\Java\javapath;C:\Windows\system32;C:\Windows;C:\Windows\System32\Wbem;C:\Windows\System32\WindowsPowerShell\v1.0\;C:\Windows\System32\OpenSSH\;D:\Software\MinGW\bin;D:\Software\Git\cmd;D:\Software\Git\bin;C:\Users\michi\AppData\Local\Programs\Python\Python310\Scripts\;C:\Users\michi\AppData\Local\Programs\Python\Python310\;C:\Users\michi\AppData\Local\Programs\Python\Python310\Scripts\;C:\Users\michi\AppData\Local\Programs\Python\Python310\;C:\Users\michi\AppData\Local\Microsoft\WindowsApps;D:\Software\Microsoft VS Code\bin;D:\Software\MinGW\bin;D:\Software\Git\bin;D:\Software\Git\cmd;
USERNAME=michi
OS=Windows_NT
PROCESSOR_IDENTIFIER=Intel64 Family 6 Model 142 Stepping 9, GenuineIntel



---------------  S Y S T E M  ---------------

OS: Windows 10 , 64 bit Build 19041 (10.0.19041.1348)
OS uptime: 0 days 4:28 hours

CPU:total 4 (initial active 4) (2 cores per cpu, 2 threads per core) family 6 model 142 stepping 9 microcode 0xb4, cmov, cx8, fxsr, mmx, sse, sse2, sse3, ssse3, sse4.1, sse4.2, popcnt, avx, avx2, aes, clmul, erms, 3dnowpref, lzcnt, ht, tsc, tscinvbit, bmi1, bmi2, adx, fma

Memory: 4k page, system-wide physical 3981M (316M free)
TotalPageFile size 8077M (AvailPageFile size 33M)
current process WorkingSet (physical memory assigned to process): 478M, peak: 505M
current process commit charge ("private bytes"): 603M, peak: 640M

vm_info: OpenJDK 64-Bit Server VM (11.0.10+0-b96-7249189) for windows-amd64 JRE (11.0.10+0-b96-7249189), built on Mar 31 2021 21:44:00 by "builder" with MS VC++ 14.0 (VS2015)

END.
