#
# There is insufficient memory for the Java Runtime Environment to continue.
# Native memory allocation (malloc) failed to allocate 1406096 bytes for Chunk::new
# Possible reasons:
#   The system is out of physical RAM or swap space
#   The process is running with CompressedOops enabled, and the Java Heap may be blocking the growth of the native heap
# Possible solutions:
#   Reduce memory load on the system
#   Increase physical memory or swap space
#   Check if swap backing store is full
#   Decrease Java heap size (-Xmx/-Xms)
#   Decrease number of Java threads
#   Decrease Java thread stack sizes (-Xss)
#   Set larger code cache with -XX:ReservedCodeCacheSize=
#   JVM is running with Unscaled Compressed Oops mode in which the Java heap is
#     placed in the first 4GB address space. The Java Heap base address is the
#     maximum limit for the native heap growth. Please use -XX:HeapBaseMinAddress
#     to set the Java Heap base and to place the Java Heap above 4GB virtual address.
# This output file may be truncated or incomplete.
#
#  Out of Memory Error (./src/hotspot/share/memory/arena.cpp:197), pid=2688, tid=6208
#
# JRE version: OpenJDK Runtime Environment (11.0.10) (build 11.0.10+0-b96-7249189)
# Java VM: OpenJDK 64-Bit Server VM (11.0.10+0-b96-7249189, mixed mode, tiered, compressed oops, g1 gc, windows-amd64)
# No core dump will be written. Minidumps are not enabled by default on client versions of Windows
#

---------------  S U M M A R Y ------------

Command Line: --add-opens=java.base/java.util=ALL-UNNAMED --add-opens=java.base/java.lang=ALL-UNNAMED --add-opens=java.base/java.lang.invoke=ALL-UNNAMED --add-opens=java.base/java.util=ALL-UNNAMED --add-opens=java.prefs/java.util.prefs=ALL-UNNAMED --add-opens=java.prefs/java.util.prefs=ALL-UNNAMED --add-opens=java.base/java.nio.charset=ALL-UNNAMED --add-opens=java.base/java.net=ALL-UNNAMED --add-opens=java.base/java.util.concurrent.atomic=ALL-UNNAMED -Xmx2048m -Dfile.encoding=UTF-8 -Duser.country=ID -Duser.language=en -Duser.variant org.gradle.launcher.daemon.bootstrap.GradleDaemon 7.0.2

Host: Intel(R) Core(TM) i5-7200U CPU @ 2.50GHz, 4 cores, 3G,  Windows 10 , 64 bit Build 19041 (10.0.19041.1348)
Time: Thu Dec  9 11:57:02 2021 SE Asia Standard Time elapsed time: 20.890735 seconds (0d 0h 0m 20s)

---------------  T H R E A D  ---------------

Current thread (0x000001ef9cf56800):  JavaThread "C2 CompilerThread0" daemon [_thread_in_native, id=6208, stack(0x000000daaab00000,0x000000daaac00000)]


Current CompileTask:
C2:  20891 5426       4       org.objectweb.asm.SymbolTable::addConstantMemberReference (147 bytes)

Stack: [0x000000daaab00000,0x000000daaac00000]
Native frames: (J=compiled Java code, j=interpreted, Vv=VM code, C=native code)
V  [jvm.dll+0x5ecfaa]
V  [jvm.dll+0x722bd5]
V  [jvm.dll+0x72412d]
V  [jvm.dll+0x7247e3]
V  [jvm.dll+0x242928]
V  [jvm.dll+0xbc4fc]
V  [jvm.dll+0xbca0c]
V  [jvm.dll+0x352d7d]
V  [jvm.dll+0x320ad3]
V  [jvm.dll+0x31ffca]
V  [jvm.dll+0x1fb602]
V  [jvm.dll+0x1fa7f4]
V  [jvm.dll+0x18354c]
V  [jvm.dll+0x208ee7]
V  [jvm.dll+0x207731]
V  [jvm.dll+0x6eb1cf]
V  [jvm.dll+0x6e3d45]
V  [jvm.dll+0x5ebe96]
C  [ucrtbase.dll+0x21bb2]
C  [KERNEL32.DLL+0x17034]
C  [ntdll.dll+0x52651]


---------------  P R O C E S S  ---------------

Threads class SMR info:
_java_thread_list=0x000001efa0262c20, length=41, elements={
0x000001ef8345b800, 0x000001ef9cef0800, 0x000001ef9cefa000, 0x000001ef9cf49800,
0x000001ef9cf4c800, 0x000001ef9cf4e800, 0x000001ef9cf56800, 0x000001ef9cf63000,
0x000001ef9cf6a800, 0x000001ef9d9d0800, 0x000001ef9ef18800, 0x000001ef9f2a2000,
0x000001ef9fa00800, 0x000001ef9f0fb800, 0x000001ef9fba7800, 0x000001ef9f90a000,
0x000001ef9e83b800, 0x000001ef9efda000, 0x000001ef9ef74800, 0x000001ef9cf64800,
0x000001ef9cf5f800, 0x000001ef9cf60800, 0x000001ef9cf63800, 0x000001ef9cf62000,
0x000001ef9cf65800, 0x000001ef9cf61000, 0x000001ef9cf66000, 0x000001ef9fef1800,
0x000001ef9fef2000, 0x000001ef9fef3000, 0x000001ef9fef0800, 0x000001ef9fef6800,
0x000001ef9fef4800, 0x000001ef9fefb000, 0x000001ef9fef9800, 0x000001ef9fefa800,
0x000001ef9fef8800, 0x000001ef9fef5800, 0x000001ef9fefd000, 0x000001ef9fefc000,
0x000001ef9fef8000
}

Java Threads: ( => current thread )
  0x000001ef8345b800 JavaThread "main" [_thread_blocked, id=8972, stack(0x000000daa9f00000,0x000000daaa000000)]
  0x000001ef9cef0800 JavaThread "Reference Handler" daemon [_thread_blocked, id=1388, stack(0x000000daaa600000,0x000000daaa700000)]
  0x000001ef9cefa000 JavaThread "Finalizer" daemon [_thread_blocked, id=5716, stack(0x000000daaa700000,0x000000daaa800000)]
  0x000001ef9cf49800 JavaThread "Signal Dispatcher" daemon [_thread_blocked, id=8380, stack(0x000000daaa800000,0x000000daaa900000)]
  0x000001ef9cf4c800 JavaThread "Attach Listener" daemon [_thread_blocked, id=8392, stack(0x000000daaa900000,0x000000daaaa00000)]
  0x000001ef9cf4e800 JavaThread "Service Thread" daemon [_thread_blocked, id=4604, stack(0x000000daaaa00000,0x000000daaab00000)]
=>0x000001ef9cf56800 JavaThread "C2 CompilerThread0" daemon [_thread_in_native, id=6208, stack(0x000000daaab00000,0x000000daaac00000)]
  0x000001ef9cf63000 JavaThread "C1 CompilerThread0" daemon [_thread_blocked, id=7012, stack(0x000000daaac00000,0x000000daaad00000)]
  0x000001ef9cf6a800 JavaThread "Sweeper thread" daemon [_thread_blocked, id=6788, stack(0x000000daaad00000,0x000000daaae00000)]
  0x000001ef9d9d0800 JavaThread "Common-Cleaner" daemon [_thread_blocked, id=4864, stack(0x000000daaae00000,0x000000daaaf00000)]
  0x000001ef9ef18800 JavaThread "Daemon health stats" [_thread_blocked, id=7860, stack(0x000000daab100000,0x000000daab200000)]
  0x000001ef9f2a2000 JavaThread "Incoming local TCP Connector on port 49757" [_thread_in_native, id=6608, stack(0x000000daab200000,0x000000daab300000)]
  0x000001ef9fa00800 JavaThread "Daemon periodic checks" [_thread_in_native, id=7332, stack(0x000000daab300000,0x000000daab400000)]
  0x000001ef9f0fb800 JavaThread "Daemon" [_thread_blocked, id=8980, stack(0x000000daab400000,0x000000daab500000)]
  0x000001ef9fba7800 JavaThread "Handler for socket connection from /127.0.0.1:49757 to /127.0.0.1:49758" [_thread_in_native, id=7692, stack(0x000000daab500000,0x000000daab600000)]
  0x000001ef9f90a000 JavaThread "Cancel handler" [_thread_blocked, id=7460, stack(0x000000daab600000,0x000000daab700000)]
  0x000001ef9e83b800 JavaThread "Daemon worker" [_thread_in_native, id=6852, stack(0x000000daab700000,0x000000daab800000)]
  0x000001ef9efda000 JavaThread "Asynchronous log dispatcher for DefaultDaemonConnection: socket connection from /127.0.0.1:49757 to /127.0.0.1:49758" [_thread_blocked, id=5096, stack(0x000000daab800000,0x000000daab900000)]
  0x000001ef9ef74800 JavaThread "Stdin handler" [_thread_blocked, id=120, stack(0x000000daab900000,0x000000daaba00000)]
  0x000001ef9cf64800 JavaThread "Daemon client event forwarder" [_thread_blocked, id=5940, stack(0x000000daaba00000,0x000000daabb00000)]
  0x000001ef9cf5f800 JavaThread "Cache worker for file hash cache (C:\Users\michi\.gradle\caches\7.0.2\fileHashes)" [_thread_blocked, id=7584, stack(0x000000daabd00000,0x000000daabe00000)]
  0x000001ef9cf60800 JavaThread "File lock request listener" [_thread_in_native, id=4428, stack(0x000000daabe00000,0x000000daabf00000)]
  0x000001ef9cf63800 JavaThread "Cache worker for journal cache (C:\Users\michi\.gradle\caches\journal-1)" [_thread_blocked, id=7848, stack(0x000000daabf00000,0x000000daac000000)]
  0x000001ef9cf62000 JavaThread "Cache worker for file hash cache (C:\Users\michi\AndroidStudioProjects\MenuDashboard\.gradle\7.0.2\fileHashes)" [_thread_blocked, id=8740, stack(0x000000daac000000,0x000000daac100000)]
  0x000001ef9cf65800 JavaThread "File watcher server" daemon [_thread_in_native, id=8092, stack(0x000000daac100000,0x000000daac200000)]
  0x000001ef9cf61000 JavaThread "File watcher consumer" daemon [_thread_blocked, id=5952, stack(0x000000daac200000,0x000000daac300000)]
  0x000001ef9cf66000 JavaThread "Cache worker for checksums cache (C:\Users\michi\AndroidStudioProjects\MenuDashboard\.gradle\checksums)" [_thread_blocked, id=7256, stack(0x000000daac300000,0x000000daac400000)]
  0x000001ef9fef1800 JavaThread "Cache worker for cache directory md-supplier (C:\Users\michi\.gradle\caches\7.0.2\md-supplier)" [_thread_blocked, id=8752, stack(0x000000daac400000,0x000000daac500000)]
  0x000001ef9fef2000 JavaThread "Cache worker for cache directory md-rule (C:\Users\michi\.gradle\caches\7.0.2\md-rule)" [_thread_blocked, id=8928, stack(0x000000daac500000,0x000000daac600000)]
  0x000001ef9fef3000 JavaThread "Cache worker for execution history cache (C:\Users\michi\.gradle\caches\7.0.2\executionHistory)" [_thread_blocked, id=7020, stack(0x000000daac600000,0x000000daac700000)]
  0x000001ef9fef0800 JavaThread "jar transforms" [_thread_blocked, id=6492, stack(0x000000daac700000,0x000000daac800000)]
  0x000001ef9fef6800 JavaThread "jar transforms Thread 2" [_thread_blocked, id=8332, stack(0x000000daac800000,0x000000daac900000)]
  0x000001ef9fef4800 JavaThread "Cache worker for file content cache (C:\Users\michi\.gradle\caches\7.0.2\fileContent)" [_thread_blocked, id=1868, stack(0x000000daac900000,0x000000daaca00000)]
  0x000001ef9fefb000 JavaThread "Cache worker for dependencies-accessors (C:\Users\michi\AndroidStudioProjects\MenuDashboard\.gradle\7.0.2\dependencies-accessors)" [_thread_blocked, id=1892, stack(0x000000daaca00000,0x000000daacb00000)]
  0x000001ef9fef9800 JavaThread "jar transforms Thread 3" [_thread_blocked, id=7632, stack(0x000000daacb00000,0x000000daacc00000)]
  0x000001ef9fefa800 JavaThread "Cache worker for Build Output Cleanup Cache (C:\Users\michi\AndroidStudioProjects\MenuDashboard\.gradle\buildOutputCleanup)" [_thread_blocked, id=5708, stack(0x000000daacc00000,0x000000daacd00000)]
  0x000001ef9fef8800 JavaThread "Build operations" [_thread_blocked, id=8436, stack(0x000000daacd00000,0x000000daace00000)]
  0x000001ef9fef5800 JavaThread "Build operations Thread 2" [_thread_blocked, id=6116, stack(0x000000daace00000,0x000000daacf00000)]
  0x000001ef9fefd000 JavaThread "Build operations Thread 3" [_thread_blocked, id=8724, stack(0x000000daacf00000,0x000000daad000000)]
  0x000001ef9fefc000 JavaThread "Build operations Thread 4" [_thread_blocked, id=8324, stack(0x000000daad000000,0x000000daad100000)]
  0x000001ef9fef8000 JavaThread "jar transforms Thread 4" [_thread_blocked, id=5872, stack(0x000000daad100000,0x000000daad200000)]

Other Threads:
  0x000001ef9ceea000 VMThread "VM Thread" [stack: 0x000000daaa500000,0x000000daaa600000] [id=5916]
  0x000001ef9d9e6000 WatcherThread [stack: 0x000000daaaf00000,0x000000daab000000] [id=6072]
  0x000001ef83475000 GCTaskThread "GC Thread#0" [stack: 0x000000daaa000000,0x000000daaa100000] [id=7040]
  0x000001ef9dc69000 GCTaskThread "GC Thread#1" [stack: 0x000000daab000000,0x000000daab100000] [id=6428]
  0x000001ef9fa1d800 GCTaskThread "GC Thread#2" [stack: 0x000000daabb00000,0x000000daabc00000] [id=3060]
  0x000001ef9fa1e000 GCTaskThread "GC Thread#3" [stack: 0x000000daabc00000,0x000000daabd00000] [id=6712]
  0x000001ef834a4800 ConcurrentGCThread "G1 Main Marker" [stack: 0x000000daaa100000,0x000000daaa200000] [id=6016]
  0x000001ef834a7000 ConcurrentGCThread "G1 Conc#0" [stack: 0x000000daaa200000,0x000000daaa300000] [id=7832]
  0x000001ef83501800 ConcurrentGCThread "G1 Refine#0" [stack: 0x000000daaa300000,0x000000daaa400000] [id=3652]
  0x000001ef83502800 ConcurrentGCThread "G1 Young RemSet Sampling" [stack: 0x000000daaa400000,0x000000daaa500000] [id=9204]

Threads with active compile tasks:
C2 CompilerThread0  22874 5426       4       org.objectweb.asm.SymbolTable::addConstantMemberReference (147 bytes)

VM state:not at safepoint (normal execution)

VM Mutex/Monitor currently owned by a thread: None

Heap address: 0x0000000080000000, size: 2048 MB, Compressed Oops mode: 32-bit
Narrow klass base: 0x0000000000000000, Narrow klass shift: 3
Compressed class space size: 1073741824 Address: 0x0000000100000000

Heap:
 garbage-first heap   total 95232K, used 53459K [0x0000000080000000, 0x0000000100000000)
  region size 1024K, 13 young (13312K), 2 survivors (2048K)
 Metaspace       used 54970K, capacity 56353K, committed 56448K, reserved 1097728K
  class space    used 6966K, capacity 7476K, committed 7552K, reserved 1048576K
Heap Regions: E=young(eden), S=young(survivor), O=old, HS=humongous(starts), HC=humongous(continues), CS=collection set, F=free, A=archive, TAMS=top-at-mark-start (previous, next)
|   0|0x0000000080000000, 0x0000000080100000, 0x0000000080100000|100%| O|  |TAMS 0x0000000080100000, 0x0000000080000000| Untracked 
|   1|0x0000000080100000, 0x0000000080200000, 0x0000000080200000|100%| O|  |TAMS 0x0000000080200000, 0x0000000080100000| Untracked 
|   2|0x0000000080200000, 0x0000000080300000, 0x0000000080300000|100%| O|  |TAMS 0x0000000080300000, 0x0000000080200000| Untracked 
|   3|0x0000000080300000, 0x0000000080400000, 0x0000000080400000|100%|HS|  |TAMS 0x0000000080400000, 0x0000000080300000| Complete 
|   4|0x0000000080400000, 0x0000000080500000, 0x0000000080500000|100%|HC|  |TAMS 0x0000000080500000, 0x0000000080400000| Complete 
|   5|0x0000000080500000, 0x0000000080600000, 0x0000000080600000|100%|HC|  |TAMS 0x0000000080600000, 0x0000000080500000| Complete 
|   6|0x0000000080600000, 0x0000000080700000, 0x0000000080700000|100%| O|  |TAMS 0x0000000080700000, 0x0000000080600000| Untracked 
|   7|0x0000000080700000, 0x0000000080800000, 0x0000000080800000|100%| O|  |TAMS 0x0000000080800000, 0x0000000080700000| Untracked 
|   8|0x0000000080800000, 0x0000000080900000, 0x0000000080900000|100%| O|  |TAMS 0x0000000080900000, 0x0000000080800000| Untracked 
|   9|0x0000000080900000, 0x0000000080a00000, 0x0000000080a00000|100%| O|  |TAMS 0x0000000080a00000, 0x0000000080900000| Untracked 
|  10|0x0000000080a00000, 0x0000000080b00000, 0x0000000080b00000|100%| O|  |TAMS 0x0000000080b00000, 0x0000000080a00000| Untracked 
|  11|0x0000000080b00000, 0x0000000080c00000, 0x0000000080c00000|100%| O|  |TAMS 0x0000000080c00000, 0x0000000080b00000| Untracked 
|  12|0x0000000080c00000, 0x0000000080d00000, 0x0000000080d00000|100%| O|  |TAMS 0x0000000080d00000, 0x0000000080c00000| Untracked 
|  13|0x0000000080d00000, 0x0000000080e00000, 0x0000000080e00000|100%| O|  |TAMS 0x0000000080e00000, 0x0000000080d00000| Untracked 
|  14|0x0000000080e00000, 0x0000000080f00000, 0x0000000080f00000|100%| O|  |TAMS 0x0000000080f00000, 0x0000000080e00000| Untracked 
|  15|0x0000000080f00000, 0x0000000081000000, 0x0000000081000000|100%| O|  |TAMS 0x0000000081000000, 0x0000000080f00000| Untracked 
|  16|0x0000000081000000, 0x0000000081100000, 0x0000000081100000|100%| O|  |TAMS 0x0000000081100000, 0x0000000081000000| Untracked 
|  17|0x0000000081100000, 0x0000000081200000, 0x0000000081200000|100%| O|  |TAMS 0x0000000081129e00, 0x0000000081100000| Untracked 
|  18|0x0000000081200000, 0x0000000081300000, 0x0000000081300000|100%| O|  |TAMS 0x0000000081200000, 0x0000000081200000| Untracked 
|  19|0x0000000081300000, 0x0000000081400000, 0x0000000081400000|100%| O|  |TAMS 0x0000000081300000, 0x0000000081300000| Untracked 
|  20|0x0000000081400000, 0x0000000081500000, 0x0000000081500000|100%| O|  |TAMS 0x0000000081400000, 0x0000000081400000| Untracked 
|  21|0x0000000081500000, 0x0000000081600000, 0x0000000081600000|100%| O|  |TAMS 0x0000000081500000, 0x0000000081500000| Untracked 
|  22|0x0000000081600000, 0x0000000081700000, 0x0000000081700000|100%| O|  |TAMS 0x0000000081600000, 0x0000000081600000| Untracked 
|  23|0x0000000081700000, 0x0000000081800000, 0x0000000081800000|100%| O|  |TAMS 0x0000000081700000, 0x0000000081700000| Untracked 
|  24|0x0000000081800000, 0x0000000081900000, 0x0000000081900000|100%| O|  |TAMS 0x0000000081800000, 0x0000000081800000| Untracked 
|  25|0x0000000081900000, 0x0000000081a00000, 0x0000000081a00000|100%| O|  |TAMS 0x0000000081900000, 0x0000000081900000| Untracked 
|  26|0x0000000081a00000, 0x0000000081b00000, 0x0000000081b00000|100%| O|  |TAMS 0x0000000081a00000, 0x0000000081a00000| Untracked 
|  27|0x0000000081b00000, 0x0000000081c00000, 0x0000000081c00000|100%|HS|  |TAMS 0x0000000081b00000, 0x0000000081b00000| Complete 
|  28|0x0000000081c00000, 0x0000000081d00000, 0x0000000081d00000|100%|HS|  |TAMS 0x0000000081c00000, 0x0000000081c00000| Complete 
|  29|0x0000000081d00000, 0x0000000081e00000, 0x0000000081e00000|100%|HS|  |TAMS 0x0000000081d00000, 0x0000000081d00000| Complete 
|  30|0x0000000081e00000, 0x0000000081f00000, 0x0000000081f00000|100%|HC|  |TAMS 0x0000000081e00000, 0x0000000081e00000| Complete 
|  31|0x0000000081f00000, 0x0000000082000000, 0x0000000082000000|100%| O|  |TAMS 0x0000000081f00000, 0x0000000081f00000| Untracked 
|  32|0x0000000082000000, 0x0000000082100000, 0x0000000082100000|100%| O|  |TAMS 0x0000000082000000, 0x0000000082000000| Untracked 
|  33|0x0000000082100000, 0x0000000082200000, 0x0000000082200000|100%| O|  |TAMS 0x0000000082100000, 0x0000000082100000| Untracked 
|  34|0x0000000082200000, 0x0000000082300000, 0x0000000082300000|100%| O|  |TAMS 0x0000000082200000, 0x0000000082200000| Untracked 
|  35|0x0000000082300000, 0x0000000082400000, 0x0000000082400000|100%| O|  |TAMS 0x0000000082300000, 0x0000000082300000| Untracked 
|  36|0x0000000082400000, 0x0000000082500000, 0x0000000082500000|100%| O|  |TAMS 0x0000000082400000, 0x0000000082400000| Untracked 
|  37|0x0000000082500000, 0x0000000082600000, 0x0000000082600000|100%| O|  |TAMS 0x0000000082500000, 0x0000000082500000| Untracked 
|  38|0x0000000082600000, 0x0000000082700000, 0x0000000082700000|100%| O|  |TAMS 0x0000000082600000, 0x0000000082600000| Untracked 
|  39|0x0000000082700000, 0x0000000082800000, 0x0000000082800000|100%| O|  |TAMS 0x0000000082700000, 0x0000000082700000| Untracked 
|  40|0x0000000082800000, 0x00000000828e5400, 0x0000000082900000| 89%| O|  |TAMS 0x0000000082800000, 0x0000000082800000| Untracked 
|  41|0x0000000082900000, 0x0000000082900000, 0x0000000082a00000|  0%| F|  |TAMS 0x0000000082900000, 0x0000000082900000| Untracked 
|  42|0x0000000082a00000, 0x0000000082a00000, 0x0000000082b00000|  0%| F|  |TAMS 0x0000000082a00000, 0x0000000082a00000| Untracked 
|  43|0x0000000082b00000, 0x0000000082b00000, 0x0000000082c00000|  0%| F|  |TAMS 0x0000000082b00000, 0x0000000082b00000| Untracked 
|  44|0x0000000082c00000, 0x0000000082c00000, 0x0000000082d00000|  0%| F|  |TAMS 0x0000000082c00000, 0x0000000082c00000| Untracked 
|  45|0x0000000082d00000, 0x0000000082d00000, 0x0000000082e00000|  0%| F|  |TAMS 0x0000000082d00000, 0x0000000082d00000| Untracked 
|  46|0x0000000082e00000, 0x0000000082e00000, 0x0000000082f00000|  0%| F|  |TAMS 0x0000000082e00000, 0x0000000082e00000| Untracked 
|  47|0x0000000082f00000, 0x0000000082f00000, 0x0000000083000000|  0%| F|  |TAMS 0x0000000082f00000, 0x0000000082f00000| Untracked 
|  48|0x0000000083000000, 0x0000000083000000, 0x0000000083100000|  0%| F|  |TAMS 0x0000000083000000, 0x0000000083000000| Untracked 
|  49|0x0000000083100000, 0x0000000083100000, 0x0000000083200000|  0%| F|  |TAMS 0x0000000083100000, 0x0000000083100000| Untracked 
|  50|0x0000000083200000, 0x0000000083200000, 0x0000000083300000|  0%| F|  |TAMS 0x0000000083200000, 0x0000000083200000| Untracked 
|  51|0x0000000083300000, 0x0000000083300000, 0x0000000083400000|  0%| F|  |TAMS 0x0000000083300000, 0x0000000083300000| Untracked 
|  52|0x0000000083400000, 0x0000000083400000, 0x0000000083500000|  0%| F|  |TAMS 0x0000000083400000, 0x0000000083400000| Untracked 
|  53|0x0000000083500000, 0x0000000083500000, 0x0000000083600000|  0%| F|  |TAMS 0x0000000083500000, 0x0000000083500000| Untracked 
|  54|0x0000000083600000, 0x0000000083600000, 0x0000000083700000|  0%| F|  |TAMS 0x0000000083600000, 0x0000000083600000| Untracked 
|  55|0x0000000083700000, 0x0000000083700000, 0x0000000083800000|  0%| F|  |TAMS 0x0000000083700000, 0x0000000083700000| Untracked 
|  56|0x0000000083800000, 0x0000000083800000, 0x0000000083900000|  0%| F|  |TAMS 0x0000000083800000, 0x0000000083800000| Untracked 
|  57|0x0000000083900000, 0x0000000083900000, 0x0000000083a00000|  0%| F|  |TAMS 0x0000000083900000, 0x0000000083900000| Untracked 
|  58|0x0000000083a00000, 0x0000000083a00000, 0x0000000083b00000|  0%| F|  |TAMS 0x0000000083a00000, 0x0000000083a00000| Untracked 
|  59|0x0000000083b00000, 0x0000000083b00000, 0x0000000083c00000|  0%| F|  |TAMS 0x0000000083b00000, 0x0000000083b00000| Untracked 
|  60|0x0000000083c00000, 0x0000000083c00000, 0x0000000083d00000|  0%| F|  |TAMS 0x0000000083c00000, 0x0000000083c00000| Untracked 
|  61|0x0000000083d00000, 0x0000000083d4f8d0, 0x0000000083e00000| 31%| S|CS|TAMS 0x0000000083d00000, 0x0000000083d00000| Complete 
|  62|0x0000000083e00000, 0x0000000083f00000, 0x0000000083f00000|100%| S|CS|TAMS 0x0000000083e00000, 0x0000000083e00000| Complete 
|  63|0x0000000083f00000, 0x0000000083f00000, 0x0000000084000000|  0%| F|  |TAMS 0x0000000083f00000, 0x0000000083f00000| Untracked 
|  64|0x0000000084000000, 0x0000000084000000, 0x0000000084100000|  0%| F|  |TAMS 0x0000000084000000, 0x0000000084000000| Untracked 
|  65|0x0000000084100000, 0x0000000084100000, 0x0000000084200000|  0%| F|  |TAMS 0x0000000084100000, 0x0000000084100000| Untracked 
|  66|0x0000000084200000, 0x0000000084200000, 0x0000000084300000|  0%| F|  |TAMS 0x0000000084200000, 0x0000000084200000| Untracked 
|  67|0x0000000084300000, 0x0000000084300000, 0x0000000084400000|  0%| F|  |TAMS 0x0000000084300000, 0x0000000084300000| Untracked 
|  68|0x0000000084400000, 0x0000000084400000, 0x0000000084500000|  0%| F|  |TAMS 0x0000000084400000, 0x0000000084400000| Untracked 
|  69|0x0000000084500000, 0x0000000084500000, 0x0000000084600000|  0%| F|  |TAMS 0x0000000084500000, 0x0000000084500000| Untracked 
|  70|0x0000000084600000, 0x0000000084600000, 0x0000000084700000|  0%| F|  |TAMS 0x0000000084600000, 0x0000000084600000| Untracked 
|  71|0x0000000084700000, 0x0000000084700000, 0x0000000084800000|  0%| F|  |TAMS 0x0000000084700000, 0x0000000084700000| Untracked 
|  72|0x0000000084800000, 0x0000000084800000, 0x0000000084900000|  0%| F|  |TAMS 0x0000000084800000, 0x0000000084800000| Untracked 
|  73|0x0000000084900000, 0x0000000084900000, 0x0000000084a00000|  0%| F|  |TAMS 0x0000000084900000, 0x0000000084900000| Untracked 
|  74|0x0000000084a00000, 0x0000000084a00000, 0x0000000084b00000|  0%| F|  |TAMS 0x0000000084a00000, 0x0000000084a00000| Untracked 
|  75|0x0000000084b00000, 0x0000000084b00000, 0x0000000084c00000|  0%| F|  |TAMS 0x0000000084b00000, 0x0000000084b00000| Untracked 
|  76|0x0000000084c00000, 0x0000000084c00000, 0x0000000084d00000|  0%| F|  |TAMS 0x0000000084c00000, 0x0000000084c00000| Untracked 
|  77|0x0000000084d00000, 0x0000000084d00000, 0x0000000084e00000|  0%| F|  |TAMS 0x0000000084d00000, 0x0000000084d00000| Untracked 
|  78|0x0000000084e00000, 0x0000000084e00000, 0x0000000084f00000|  0%| F|  |TAMS 0x0000000084e00000, 0x0000000084e00000| Untracked 
|  79|0x0000000084f00000, 0x0000000084f00000, 0x0000000085000000|  0%| F|  |TAMS 0x0000000084f00000, 0x0000000084f00000| Untracked 
|  80|0x0000000085000000, 0x0000000085000000, 0x0000000085100000|  0%| F|  |TAMS 0x0000000085000000, 0x0000000085000000| Untracked 
|  81|0x0000000085100000, 0x0000000085100000, 0x0000000085200000|  0%| F|  |TAMS 0x0000000085100000, 0x0000000085100000| Untracked 
|  82|0x0000000085200000, 0x000000008521aab0, 0x0000000085300000| 10%| E|  |TAMS 0x0000000085200000, 0x0000000085200000| Complete 
|  83|0x0000000085300000, 0x0000000085400000, 0x0000000085400000|100%| E|CS|TAMS 0x0000000085300000, 0x0000000085300000| Complete 
|  84|0x0000000085400000, 0x0000000085500000, 0x0000000085500000|100%| E|CS|TAMS 0x0000000085400000, 0x0000000085400000| Complete 
|  85|0x0000000085500000, 0x0000000085600000, 0x0000000085600000|100%| E|CS|TAMS 0x0000000085500000, 0x0000000085500000| Complete 
|  86|0x0000000085600000, 0x0000000085700000, 0x0000000085700000|100%| E|CS|TAMS 0x0000000085600000, 0x0000000085600000| Complete 
|  87|0x0000000085700000, 0x0000000085800000, 0x0000000085800000|100%| E|CS|TAMS 0x0000000085700000, 0x0000000085700000| Complete 
|  88|0x0000000085800000, 0x0000000085900000, 0x0000000085900000|100%| E|CS|TAMS 0x0000000085800000, 0x0000000085800000| Complete 
|  89|0x0000000085900000, 0x0000000085a00000, 0x0000000085a00000|100%| E|CS|TAMS 0x0000000085900000, 0x0000000085900000| Complete 
|  90|0x0000000085a00000, 0x0000000085b00000, 0x0000000085b00000|100%| E|CS|TAMS 0x0000000085a00000, 0x0000000085a00000| Complete 
|  91|0x0000000085b00000, 0x0000000085c00000, 0x0000000085c00000|100%| E|CS|TAMS 0x0000000085b00000, 0x0000000085b00000| Complete 
|  92|0x0000000085c00000, 0x0000000085d00000, 0x0000000085d00000|100%| E|CS|TAMS 0x0000000085c00000, 0x0000000085c00000| Complete 

Card table byte_map: [0x000001ef96350000,0x000001ef96750000] _byte_map_base: 0x000001ef95f50000

Marking Bits (Prev, Next): (CMBitMap*) 0x000001ef8349b928, (CMBitMap*) 0x000001ef8349b960
 Prev Bits: [0x000001ef96b50000, 0x000001ef98b50000)
 Next Bits: [0x000001ef98b50000, 0x000001ef9ab50000)

Polling page: 0x000001ef811a0000

Metaspace:

Usage:
  Non-class:     47.73 MB capacity,    46.88 MB ( 98%) used,   732.19 KB (  1%) free+waste,   140.69 KB ( <1%) overhead. 
      Class:      7.30 MB capacity,     6.80 MB ( 93%) used,   442.61 KB (  6%) free+waste,    66.75 KB ( <1%) overhead. 
       Both:     55.03 MB capacity,    53.68 MB ( 98%) used,     1.15 MB (  2%) free+waste,   207.44 KB ( <1%) overhead. 

Virtual space:
  Non-class space:       48.00 MB reserved,      47.75 MB (>99%) committed 
      Class space:        1.00 GB reserved,       7.38 MB ( <1%) committed 
             Both:        1.05 GB reserved,      55.13 MB (  5%) committed 

Chunk freelists:
   Non-Class:  19.00 KB
       Class:  12.00 KB
        Both:  31.00 KB

MaxMetaspaceSize: 17179869184.00 GB
CompressedClassSpaceSize: 1.00 GB

CodeHeap 'non-profiled nmethods': size=120064Kb used=2919Kb max_used=2919Kb free=117144Kb
 bounds [0x000001ef8ea10000, 0x000001ef8ecf0000, 0x000001ef95f50000]
CodeHeap 'profiled nmethods': size=120000Kb used=11306Kb max_used=11306Kb free=108693Kb
 bounds [0x000001ef874e0000, 0x000001ef87ff0000, 0x000001ef8ea10000]
CodeHeap 'non-nmethods': size=5696Kb used=2236Kb max_used=2252Kb free=3459Kb
 bounds [0x000001ef86f50000, 0x000001ef871c0000, 0x000001ef874e0000]
 total_blobs=6259 nmethods=5443 adapters=727
 compilation: enabled
              stopped_count=0, restarted_count=0
 full_count=0

Compilation events (20 events):
Event: 20.534 Thread 0x000001ef9cf63000 nmethod 5432 0x000001ef87fcb090 code [0x000001ef87fcb320, 0x000001ef87fcc058]
Event: 20.534 Thread 0x000001ef9cf63000 5434       3       org.gradle.internal.instantiation.generator.AbstractClassGenerator$DslMixInPropertyType::claimPropertyImplementation (21 bytes)
Event: 20.535 Thread 0x000001ef9cf63000 nmethod 5434 0x000001ef87fcc410 code [0x000001ef87fcc5e0, 0x000001ef87fcc7a8]
Event: 20.535 Thread 0x000001ef9cf63000 5435       3       org.gradle.internal.instantiation.generator.AbstractClassGenerator$ServicesPropertyHandler::claimPropertyImplementation (40 bytes)
Event: 20.535 Thread 0x000001ef9cf63000 nmethod 5435 0x000001ef87fcc890 code [0x000001ef87fccae0, 0x000001ef87fcd318]
Event: 20.535 Thread 0x000001ef9cf63000 5436       3       org.gradle.internal.instantiation.generator.AbstractClassGenerator$NamePropertyHandler::claimPropertyImplementation (16 bytes)
Event: 20.536 Thread 0x000001ef9cf63000 nmethod 5436 0x000001ef87fcd610 code [0x000001ef87fcd7e0, 0x000001ef87fcda28]
Event: 20.588 Thread 0x000001ef9cf63000 5442       3       java.lang.reflect.ProxyGenerator$ProxyMethod::codeUnwrapReturnValue (213 bytes)
Event: 20.592 Thread 0x000001ef9cf63000 nmethod 5442 0x000001ef87fcdb10 code [0x000001ef87fce120, 0x000001ef87fd1508]
Event: 20.592 Thread 0x000001ef9cf63000 5445       2       java.util.ArrayList$Itr::<init> (26 bytes)
Event: 20.592 Thread 0x000001ef9cf63000 nmethod 5445 0x000001ef87fd2710 code [0x000001ef87fd28c0, 0x000001ef87fd2a18]
Event: 20.592 Thread 0x000001ef9cf63000 5444       3       java.lang.reflect.Proxy$ProxyBuilder::getElementType (19 bytes)
Event: 20.592 Thread 0x000001ef9cf63000 nmethod 5444 0x000001ef87fd2b10 code [0x000001ef87fd2ce0, 0x000001ef87fd2f98]
Event: 20.592 Thread 0x000001ef9cf63000 5443       3       java.lang.reflect.Proxy$ProxyBuilder::addElementType (19 bytes)
Event: 20.593 Thread 0x000001ef9cf63000 nmethod 5443 0x000001ef87fd3110 code [0x000001ef87fd3320, 0x000001ef87fd38a8]
Event: 20.593 Thread 0x000001ef9cf63000 5446       1       com.google.common.collect.CompactHashMap::size (5 bytes)
Event: 20.593 Thread 0x000001ef9cf63000 nmethod 5446 0x000001ef8ece9890 code [0x000001ef8ece9a40, 0x000001ef8ece9af8]
Event: 20.677 Thread 0x000001ef9cf63000 5447       3       com.google.common.collect.RegularImmutableMap::get (18 bytes)
Event: 20.677 Thread 0x000001ef9cf63000 nmethod 5447 0x000001ef87fd3a90 code [0x000001ef87fd3c40, 0x000001ef87fd3d88]
Event: 20.684 Thread 0x000001ef9cf63000 5449       3       java.util.regex.Matcher::appendExpandedReplacement (510 bytes)

GC Heap History (20 events):
Event: 3.742 GC heap before
{Heap before GC invocations=7 (full 0):
 garbage-first heap   total 78848K, used 47726K [0x0000000080000000, 0x0000000100000000)
  region size 1024K, 32 young (32768K), 2 survivors (2048K)
 Metaspace       used 23579K, capacity 24215K, committed 24320K, reserved 1071104K
  class space    used 3009K, capacity 3224K, committed 3328K, reserved 1048576K
}
Event: 3.750 GC heap after
{Heap after GC invocations=8 (full 0):
 garbage-first heap   total 78848K, used 17819K [0x0000000080000000, 0x0000000100000000)
  region size 1024K, 3 young (3072K), 3 survivors (3072K)
 Metaspace       used 23579K, capacity 24215K, committed 24320K, reserved 1071104K
  class space    used 3009K, capacity 3224K, committed 3328K, reserved 1048576K
}
Event: 4.816 GC heap before
{Heap before GC invocations=8 (full 0):
 garbage-first heap   total 78848K, used 49563K [0x0000000080000000, 0x0000000100000000)
  region size 1024K, 34 young (34816K), 3 survivors (3072K)
 Metaspace       used 26606K, capacity 27202K, committed 27392K, reserved 1073152K
  class space    used 3506K, capacity 3756K, committed 3840K, reserved 1048576K
}
Event: 4.822 GC heap after
{Heap after GC invocations=9 (full 0):
 garbage-first heap   total 78848K, used 19094K [0x0000000080000000, 0x0000000100000000)
  region size 1024K, 3 young (3072K), 3 survivors (3072K)
 Metaspace       used 26606K, capacity 27202K, committed 27392K, reserved 1073152K
  class space    used 3506K, capacity 3756K, committed 3840K, reserved 1048576K
}
Event: 6.052 GC heap before
{Heap before GC invocations=9 (full 0):
 garbage-first heap   total 78848K, used 50838K [0x0000000080000000, 0x0000000100000000)
  region size 1024K, 34 young (34816K), 3 survivors (3072K)
 Metaspace       used 30317K, capacity 31028K, committed 31232K, reserved 1077248K
  class space    used 4074K, capacity 4305K, committed 4352K, reserved 1048576K
}
Event: 6.059 GC heap after
{Heap after GC invocations=10 (full 0):
 garbage-first heap   total 78848K, used 20134K [0x0000000080000000, 0x0000000100000000)
  region size 1024K, 4 young (4096K), 4 survivors (4096K)
 Metaspace       used 30317K, capacity 31028K, committed 31232K, reserved 1077248K
  class space    used 4074K, capacity 4305K, committed 4352K, reserved 1048576K
}
Event: 7.237 GC heap before
{Heap before GC invocations=10 (full 0):
 garbage-first heap   total 78848K, used 33446K [0x0000000080000000, 0x0000000100000000)
  region size 1024K, 19 young (19456K), 4 survivors (4096K)
 Metaspace       used 34988K, capacity 35801K, committed 35840K, reserved 1081344K
  class space    used 4530K, capacity 4833K, committed 4864K, reserved 1048576K
}
Event: 7.248 GC heap after
{Heap after GC invocations=11 (full 0):
 garbage-first heap   total 95232K, used 22164K [0x0000000080000000, 0x0000000100000000)
  region size 1024K, 5 young (5120K), 5 survivors (5120K)
 Metaspace       used 34988K, capacity 35801K, committed 35840K, reserved 1081344K
  class space    used 4530K, capacity 4833K, committed 4864K, reserved 1048576K
}
Event: 8.827 GC heap before
{Heap before GC invocations=12 (full 0):
 garbage-first heap   total 95232K, used 56980K [0x0000000080000000, 0x0000000100000000)
  region size 1024K, 40 young (40960K), 5 survivors (5120K)
 Metaspace       used 37323K, capacity 38253K, committed 38528K, reserved 1083392K
  class space    used 4829K, capacity 5176K, committed 5248K, reserved 1048576K
}
Event: 8.836 GC heap after
{Heap after GC invocations=13 (full 0):
 garbage-first heap   total 95232K, used 25537K [0x0000000080000000, 0x0000000100000000)
  region size 1024K, 5 young (5120K), 5 survivors (5120K)
 Metaspace       used 37323K, capacity 38253K, committed 38528K, reserved 1083392K
  class space    used 4829K, capacity 5176K, committed 5248K, reserved 1048576K
}
Event: 9.895 GC heap before
{Heap before GC invocations=13 (full 0):
 garbage-first heap   total 95232K, used 65473K [0x0000000080000000, 0x0000000100000000)
  region size 1024K, 41 young (41984K), 5 survivors (5120K)
 Metaspace       used 40305K, capacity 41323K, committed 41472K, reserved 1085440K
  class space    used 5182K, capacity 5532K, committed 5632K, reserved 1048576K
}
Event: 9.904 GC heap after
{Heap after GC invocations=14 (full 0):
 garbage-first heap   total 95232K, used 27602K [0x0000000080000000, 0x0000000100000000)
  region size 1024K, 5 young (5120K), 5 survivors (5120K)
 Metaspace       used 40305K, capacity 41323K, committed 41472K, reserved 1085440K
  class space    used 5182K, capacity 5532K, committed 5632K, reserved 1048576K
}
Event: 10.941 GC heap before
{Heap before GC invocations=14 (full 0):
 garbage-first heap   total 95232K, used 64466K [0x0000000080000000, 0x0000000100000000)
  region size 1024K, 41 young (41984K), 5 survivors (5120K)
 Metaspace       used 43828K, capacity 44874K, committed 44928K, reserved 1087488K
  class space    used 5616K, capacity 5971K, committed 6016K, reserved 1048576K
}
Event: 10.949 GC heap after
{Heap after GC invocations=15 (full 0):
 garbage-first heap   total 95232K, used 29041K [0x0000000080000000, 0x0000000100000000)
  region size 1024K, 4 young (4096K), 4 survivors (4096K)
 Metaspace       used 43828K, capacity 44874K, committed 44928K, reserved 1087488K
  class space    used 5616K, capacity 5971K, committed 6016K, reserved 1048576K
}
Event: 12.376 GC heap before
{Heap before GC invocations=15 (full 0):
 garbage-first heap   total 95232K, used 66929K [0x0000000080000000, 0x0000000100000000)
  region size 1024K, 41 young (41984K), 4 survivors (4096K)
 Metaspace       used 46553K, capacity 47756K, committed 48000K, reserved 1091584K
  class space    used 5969K, capacity 6419K, committed 6528K, reserved 1048576K
}
Event: 12.383 GC heap after
{Heap after GC invocations=16 (full 0):
 garbage-first heap   total 95232K, used 30720K [0x0000000080000000, 0x0000000100000000)
  region size 1024K, 3 young (3072K), 3 survivors (3072K)
 Metaspace       used 46553K, capacity 47756K, committed 48000K, reserved 1091584K
  class space    used 5969K, capacity 6419K, committed 6528K, reserved 1048576K
}
Event: 19.011 GC heap before
{Heap before GC invocations=16 (full 0):
 garbage-first heap   total 95232K, used 72704K [0x0000000080000000, 0x0000000100000000)
  region size 1024K, 41 young (41984K), 3 survivors (3072K)
 Metaspace       used 48737K, capacity 50142K, committed 50304K, reserved 1093632K
  class space    used 6212K, capacity 6663K, committed 6784K, reserved 1048576K
}
Event: 19.020 GC heap after
{Heap after GC invocations=17 (full 0):
 garbage-first heap   total 95232K, used 41731K [0x0000000080000000, 0x0000000100000000)
  region size 1024K, 6 young (6144K), 6 survivors (6144K)
 Metaspace       used 48737K, capacity 50142K, committed 50304K, reserved 1093632K
  class space    used 6212K, capacity 6663K, committed 6784K, reserved 1048576K
}
Event: 20.567 GC heap before
{Heap before GC invocations=17 (full 0):
 garbage-first heap   total 95232K, used 72451K [0x0000000080000000, 0x0000000100000000)
  region size 1024K, 36 young (36864K), 6 survivors (6144K)
 Metaspace       used 52987K, capacity 54330K, committed 54400K, reserved 1095680K
  class space    used 6766K, capacity 7270K, committed 7296K, reserved 1048576K
}
Event: 20.577 GC heap after
{Heap after GC invocations=18 (full 0):
 garbage-first heap   total 95232K, used 43219K [0x0000000080000000, 0x0000000100000000)
  region size 1024K, 2 young (2048K), 2 survivors (2048K)
 Metaspace       used 52987K, capacity 54330K, committed 54400K, reserved 1095680K
  class space    used 6766K, capacity 7270K, committed 7296K, reserved 1048576K
}

Deoptimization events (20 events):
Event: 19.284 Thread 0x000001ef9e83b800 Uncommon trap: trap_request=0xffffff4d fr.pc=0x000001ef8ec08374 relative=0x0000000000005a14
Event: 19.284 Thread 0x000001ef9e83b800 Uncommon trap: reason=unstable_if action=reinterpret pc=0x000001ef8ec08374 method=org.objectweb.asm.Frame.execute(IILorg/objectweb/asm/Symbol;Lorg/objectweb/asm/SymbolTable;)V @ 1 c2
Event: 19.284 Thread 0x000001ef9e83b800 DEOPT PACKING pc=0x000001ef8ec08374 sp=0x000000daab7f7e60
Event: 19.284 Thread 0x000001ef9e83b800 DEOPT UNPACKING pc=0x000001ef86f778af sp=0x000000daab7f7e08 mode 2
Event: 19.449 Thread 0x000001ef9e83b800 Uncommon trap: trap_request=0xffffff45 fr.pc=0x000001ef8eb219f4 relative=0x0000000000000214
Event: 19.449 Thread 0x000001ef9e83b800 Uncommon trap: reason=unstable_fused_if action=reinterpret pc=0x000001ef8eb219f4 method=org.objectweb.asm.ByteVector.putUTF8(Ljava/lang/String;)Lorg/objectweb/asm/ByteVector; @ 93 c2
Event: 19.449 Thread 0x000001ef9e83b800 DEOPT PACKING pc=0x000001ef8eb219f4 sp=0x000000daab7f7fa0
Event: 19.449 Thread 0x000001ef9e83b800 DEOPT UNPACKING pc=0x000001ef86f778af sp=0x000000daab7f7f20 mode 2
Event: 20.543 Thread 0x000001ef9e83b800 Uncommon trap: trap_request=0xffffffc6 fr.pc=0x000001ef8eb4b098 relative=0x0000000000000498
Event: 20.543 Thread 0x000001ef9e83b800 Uncommon trap: reason=bimorphic_or_optimized_type_check action=maybe_recompile pc=0x000001ef8eb4b098 method=java.util.Spliterators$IteratorSpliterator.tryAdvance(Ljava/util/function/Consumer;)Z @ 50 c2
Event: 20.543 Thread 0x000001ef9e83b800 DEOPT PACKING pc=0x000001ef8eb4b098 sp=0x000000daab7f7c60
Event: 20.543 Thread 0x000001ef9e83b800 DEOPT UNPACKING pc=0x000001ef86f778af sp=0x000000daab7f7c00 mode 2
Event: 20.577 Thread 0x000001ef9d9d0800 Uncommon trap: trap_request=0xffffffde fr.pc=0x000001ef8ecc696c relative=0x000000000000052c
Event: 20.577 Thread 0x000001ef9d9d0800 Uncommon trap: reason=class_check action=maybe_recompile pc=0x000001ef8ecc696c method=jdk.internal.ref.PhantomCleanable.clean()V @ 12 c2
Event: 20.578 Thread 0x000001ef9d9d0800 DEOPT PACKING pc=0x000001ef8ecc696c sp=0x000000daaaefef00
Event: 20.578 Thread 0x000001ef9d9d0800 DEOPT UNPACKING pc=0x000001ef86f778af sp=0x000000daaaefeee0 mode 2
Event: 20.684 Thread 0x000001ef9e83b800 Uncommon trap: trap_request=0xffffff4d fr.pc=0x000001ef8ece91a0 relative=0x0000000000000420
Event: 20.684 Thread 0x000001ef9e83b800 Uncommon trap: reason=unstable_if action=reinterpret pc=0x000001ef8ece91a0 method=org.gradle.internal.instantiation.generator.AbstractClassGenerator$InjectionAnnotationValidator.validateMethod(Ljava/lang/reflect/Method;Lorg/gradle/internal/reflect/Propert
Event: 20.684 Thread 0x000001ef9e83b800 DEOPT PACKING pc=0x000001ef8ece91a0 sp=0x000000daab7f7bf0
Event: 20.684 Thread 0x000001ef9e83b800 DEOPT UNPACKING pc=0x000001ef86f778af sp=0x000000daab7f7bb8 mode 2

Classes redefined (0 events):
No events

Internal exceptions (20 events):
Event: 17.980 Thread 0x000001ef9cf64800 Exception <a 'java/lang/NoSuchMethodError'{0x000000008402a4b8}: <clinit>> (0x000000008402a4b8) thrown at [./src/hotspot/share/prims/jni.cpp, line 1362]
Event: 17.980 Thread 0x000001ef9cf64800 Exception <a 'java/lang/NoSuchMethodError'{0x000000008402b820}: <clinit>> (0x000000008402b820) thrown at [./src/hotspot/share/prims/jni.cpp, line 1362]
Event: 17.980 Thread 0x000001ef9cf64800 Exception <a 'java/lang/NoSuchMethodError'{0x000000008402cdc0}: <clinit>> (0x000000008402cdc0) thrown at [./src/hotspot/share/prims/jni.cpp, line 1362]
Event: 17.980 Thread 0x000001ef9cf64800 Exception <a 'java/lang/NoSuchMethodError'{0x000000008402dde0}: <clinit>> (0x000000008402dde0) thrown at [./src/hotspot/share/prims/jni.cpp, line 1362]
Event: 17.981 Thread 0x000001ef9cf64800 Exception <a 'java/lang/NoSuchMethodError'{0x00000000840387f8}: <clinit>> (0x00000000840387f8) thrown at [./src/hotspot/share/prims/jni.cpp, line 1362]
Event: 17.982 Thread 0x000001ef9cf64800 Exception <a 'java/lang/NoSuchMethodError'{0x00000000840438d0}: <clinit>> (0x00000000840438d0) thrown at [./src/hotspot/share/prims/jni.cpp, line 1362]
Event: 17.986 Thread 0x000001ef9cf64800 Exception <a 'java/lang/NoSuchMethodError'{0x0000000084058dd0}: <clinit>> (0x0000000084058dd0) thrown at [./src/hotspot/share/prims/jni.cpp, line 1362]
Event: 18.031 Thread 0x000001ef9e83b800 Implicit null exception at 0x000001ef8ec4b0a3 to 0x000001ef8ec4b2d0
Event: 18.067 Thread 0x000001ef9e83b800 Exception <a 'java/lang/ClassNotFoundException'{0x0000000084086e90}: build_8khmym47bjvv2rpk5wmlnbakxBeanInfo> (0x0000000084086e90) thrown at [./src/hotspot/share/classfile/systemDictionary.cpp, line 231]
Event: 18.068 Thread 0x000001ef9e83b800 Exception <a 'java/lang/ClassNotFoundException'{0x0000000084091db8}: build_8khmym47bjvv2rpk5wmlnbakxCustomizer> (0x0000000084091db8) thrown at [./src/hotspot/share/classfile/systemDictionary.cpp, line 231]
Event: 18.077 Thread 0x000001ef9e83b800 Exception <a 'java/lang/ClassNotFoundException'{0x0000000083f13808}: org/gradle/plugin/use/internal/PluginRequestCollector$PluginDependenciesSpecImplBeanInfo> (0x0000000083f13808) thrown at [./src/hotspot/share/classfile/systemDictionary.cpp, line 231]
Event: 18.078 Thread 0x000001ef9e83b800 Exception <a 'java/lang/ClassNotFoundException'{0x0000000083f416b8}: org/gradle/plugin/use/internal/PluginRequestCollector$PluginDependenciesSpecImplCustomizer> (0x0000000083f416b8) thrown at [./src/hotspot/share/classfile/systemDictionary.cpp, line 231]
Event: 18.469 Thread 0x000001ef9e83b800 Exception <a 'java/lang/ClassNotFoundException'{0x0000000083dc7270}: org/gradle/api/internal/plugins/DefaultObjectConfigurationActionBeanInfo> (0x0000000083dc7270) thrown at [./src/hotspot/share/classfile/systemDictionary.cpp, line 231]
Event: 18.471 Thread 0x000001ef9e83b800 Exception <a 'java/lang/ClassNotFoundException'{0x0000000083dfa610}: org/gradle/api/internal/plugins/DefaultObjectConfigurationActionCustomizer> (0x0000000083dfa610) thrown at [./src/hotspot/share/classfile/systemDictionary.cpp, line 231]
Event: 19.275 Thread 0x000001ef9e83b800 Exception <a 'java/lang/NoSuchMethodError'{0x00000000859fb4e0}: 'java.lang.Object java.lang.invoke.DirectMethodHandle$Holder.invokeStatic(java.lang.Object, java.lang.Object, java.lang.Object, java.lang.Object, int)'> (0x00000000859fb4e0) thrown at [./src/hotspot/share/interpreter/linkResolver.cpp, line 773]
Event: 19.275 Thread 0x000001ef9e83b800 Exception <a 'java/lang/NoSuchMethodError'{0x0000000085800138}: 'java.lang.Object java.lang.invoke.DirectMethodHandle$Holder.invokeSpecial(java.lang.Object, java.lang.Object, java.lang.Object, java.lang.Object, java.lang.Object, int)'> (0x0000000085800138) thrown at [./src/hotspot/share/interpreter/linkResolver.cpp, line 773]
Event: 19.276 Thread 0x000001ef9e83b800 Exception <a 'java/lang/NoSuchMethodError'{0x00000000858049d8}: 'java.lang.Object java.lang.invoke.Invokers$Holder.linkToTargetMethod(java.lang.Object, java.lang.Object, java.lang.Object, int, java.lang.Object)'> (0x00000000858049d8) thrown at [./src/hotspot/share/interpreter/linkResolver.cpp, line 773]
Event: 20.062 Thread 0x000001ef9e83b800 Exception <a 'java/lang/NoSuchMethodError'{0x0000000084ac4bc0}: 'java.lang.Object java.lang.invoke.DirectMethodHandle$Holder.invokeSpecial(java.lang.Object, java.lang.Object, int, int, java.lang.Object, java.lang.Object, java.lang.Object)'> (0x0000000084ac4bc0) thrown at [./src/hotspot/share/interpreter/linkResolver.cpp, line 773]
Event: 20.062 Thread 0x000001ef9e83b800 Exception <a 'java/lang/NoSuchMethodError'{0x0000000084ac9140}: 'java.lang.Object java.lang.invoke.DelegatingMethodHandle$Holder.reinvoke_L(java.lang.Object, int, int, java.lang.Object, java.lang.Object, java.lang.Object)'> (0x0000000084ac9140) thrown at [./src/hotspot/share/interpreter/linkResolver.cpp, line 773]
Event: 20.585 Thread 0x000001ef9e83b800 Exception <a 'java/lang/NoSuchMethodError'{0x0000000085c317b8}: 'int java.lang.invoke.DirectMethodHandle$Holder.invokeInterface(java.lang.Object, java.lang.Object, java.lang.Object, java.lang.Object)'> (0x0000000085c317b8) thrown at [./src/hotspot/share/interpreter/linkResolver.cpp, line 773]

Events (20 events):
Event: 20.679 loading class org/gradle/api/internal/tasks/properties/ValidationActions$5
Event: 20.679 loading class org/gradle/api/internal/tasks/properties/ValidationActions$5 done
Event: 20.679 loading class org/gradle/api/internal/tasks/properties/ValidationActions$6
Event: 20.679 loading class org/gradle/api/internal/tasks/properties/ValidationActions$6 done
Event: 20.679 loading class org/gradle/api/internal/tasks/properties/ValidationActions$7
Event: 20.679 loading class org/gradle/api/internal/tasks/properties/ValidationActions$7 done
Event: 20.680 loading class org/gradle/api/internal/artifacts/transform/DefaultTransformer
Event: 20.680 loading class org/gradle/api/internal/artifacts/transform/DefaultTransformer done
Event: 20.681 loading class org/gradle/api/internal/artifacts/transform/AbstractTransformer
Event: 20.681 loading class org/gradle/api/internal/artifacts/transform/AbstractTransformer done
Event: 20.682 loading class org/gradle/api/internal/tasks/properties/FileParameterUtils
Event: 20.682 loading class org/gradle/api/internal/tasks/properties/FileParameterUtils done
Event: 20.683 loading class org/gradle/internal/instantiation/generator/AbstractClassGenerator$CustomInjectAnnotationPropertyHandler
Event: 20.683 loading class org/gradle/internal/instantiation/generator/AbstractClassGenerator$CustomInjectAnnotationPropertyHandler done
Event: 20.684 loading class org/gradle/api/file/FileSystemLocation
Event: 20.684 loading class org/gradle/api/file/FileSystemLocation done
Event: 20.685 loading class org/gradle/internal/DisplayName
Event: 20.685 loading class org/gradle/internal/DisplayName done
Event: 20.686 loading class org/gradle/internal/instantiation/generator/DependencyInjectingInstantiator$1
Event: 20.686 loading class org/gradle/internal/instantiation/generator/DependencyInjectingInstantiator$1 done


Dynamic libraries:
0x00007ff7c5a50000 - 0x00007ff7c5a5a000 	D:\Software\Android Studio\jre\bin\java.exe
0x00007ffa7f490000 - 0x00007ffa7f685000 	C:\Windows\SYSTEM32\ntdll.dll
0x00007ffa7ddf0000 - 0x00007ffa7deae000 	C:\Windows\System32\KERNEL32.DLL
0x00007ffa7ccb0000 - 0x00007ffa7cf78000 	C:\Windows\System32\KERNELBASE.dll
0x00007ffa7cbb0000 - 0x00007ffa7ccb0000 	C:\Windows\System32\ucrtbase.dll
0x00007ffa5f4f0000 - 0x00007ffa5f509000 	D:\Software\Android Studio\jre\bin\jli.dll
0x00007ffa548a0000 - 0x00007ffa548b7000 	D:\Software\Android Studio\jre\bin\VCRUNTIME140.dll
0x00007ffa7e200000 - 0x00007ffa7e3a1000 	C:\Windows\System32\USER32.dll
0x00007ffa7d210000 - 0x00007ffa7d232000 	C:\Windows\System32\win32u.dll
0x00007ffa67210000 - 0x00007ffa674aa000 	C:\Windows\WinSxS\amd64_microsoft.windows.common-controls_6595b64144ccf1df_6.0.19041.1110_none_60b5254171f9507e\COMCTL32.dll
0x00007ffa7e670000 - 0x00007ffa7e70e000 	C:\Windows\System32\msvcrt.dll
0x00007ffa7db00000 - 0x00007ffa7db2b000 	C:\Windows\System32\GDI32.dll
0x00007ffa7d100000 - 0x00007ffa7d20b000 	C:\Windows\System32\gdi32full.dll
0x00007ffa7cf80000 - 0x00007ffa7d01d000 	C:\Windows\System32\msvcp_win.dll
0x00007ffa7f050000 - 0x00007ffa7f080000 	C:\Windows\System32\IMM32.DLL
0x00007ffa4ed60000 - 0x00007ffa4edfd000 	D:\Software\Android Studio\jre\bin\msvcp140.dll
0x00007ffa07760000 - 0x00007ffa0822f000 	D:\Software\Android Studio\jre\bin\server\jvm.dll
0x00007ffa7d4e0000 - 0x00007ffa7d58c000 	C:\Windows\System32\ADVAPI32.dll
0x00007ffa7e3b0000 - 0x00007ffa7e44b000 	C:\Windows\System32\sechost.dll
0x00007ffa7deb0000 - 0x00007ffa7dfda000 	C:\Windows\System32\RPCRT4.dll
0x00007ffa7dcc0000 - 0x00007ffa7dcc8000 	C:\Windows\System32\PSAPI.DLL
0x00007ffa752c0000 - 0x00007ffa752ca000 	C:\Windows\SYSTEM32\VERSION.dll
0x00007ffa59de0000 - 0x00007ffa59e07000 	C:\Windows\SYSTEM32\WINMM.dll
0x00007ffa5f3f0000 - 0x00007ffa5f3f9000 	C:\Windows\SYSTEM32\WSOCK32.dll
0x00007ffa7e450000 - 0x00007ffa7e4bb000 	C:\Windows\System32\WS2_32.dll
0x00007ffa7aab0000 - 0x00007ffa7aac2000 	C:\Windows\SYSTEM32\kernel.appcore.dll
0x00007ffa51c90000 - 0x00007ffa51ca1000 	D:\Software\Android Studio\jre\bin\verify.dll
0x00007ffa73da0000 - 0x00007ffa73f84000 	C:\Windows\SYSTEM32\DBGHELP.DLL
0x00007ffa6a6b0000 - 0x00007ffa6a6dc000 	C:\Windows\SYSTEM32\dbgcore.DLL
0x00007ffa7d240000 - 0x00007ffa7d2c3000 	C:\Windows\System32\bcryptPrimitives.dll
0x00007ffa32f70000 - 0x00007ffa32f99000 	D:\Software\Android Studio\jre\bin\java.dll
0x00007ffa5ef00000 - 0x00007ffa5ef0b000 	D:\Software\Android Studio\jre\bin\jimage.dll
0x00007ffa20aa0000 - 0x00007ffa20ab8000 	D:\Software\Android Studio\jre\bin\zip.dll
0x00007ffa7e840000 - 0x00007ffa7ef7f000 	C:\Windows\System32\SHELL32.dll
0x00007ffa7acb0000 - 0x00007ffa7b440000 	C:\Windows\SYSTEM32\windows.storage.dll
0x00007ffa7f080000 - 0x00007ffa7f3d5000 	C:\Windows\System32\combase.dll
0x00007ffa7c600000 - 0x00007ffa7c62e000 	C:\Windows\SYSTEM32\Wldp.dll
0x00007ffa7db30000 - 0x00007ffa7dbdd000 	C:\Windows\System32\SHCORE.dll
0x00007ffa7e710000 - 0x00007ffa7e765000 	C:\Windows\System32\shlwapi.dll
0x00007ffa7caf0000 - 0x00007ffa7cb0f000 	C:\Windows\SYSTEM32\profapi.dll
0x00007ffa20a80000 - 0x00007ffa20a9a000 	D:\Software\Android Studio\jre\bin\net.dll
0x00007ffa6d4d0000 - 0x00007ffa6d5dc000 	C:\Windows\SYSTEM32\WINHTTP.dll
0x00007ffa7c360000 - 0x00007ffa7c3ca000 	C:\Windows\system32\mswsock.dll
0x00007ffa20a60000 - 0x00007ffa20a74000 	D:\Software\Android Studio\jre\bin\nio.dll
0x00007ffa5f510000 - 0x00007ffa5f537000 	C:\Users\michi\.gradle\native\8bec1ad78214c89d9ad589b4d07fe93259594b29d510b10fafb7a158f7737e5d\windows-amd64\native-platform.dll
0x00007ffa24790000 - 0x00007ffa248cd000 	C:\Users\michi\.gradle\native\53dbd7edfb1c66fb8903c78663c9afc45aea4f116125fa6feffd364cf09443e8\windows-amd64\native-platform-file-events.dll
0x00007ffa5d0e0000 - 0x00007ffa5d0ea000 	D:\Software\Android Studio\jre\bin\management.dll
0x00007ffa5c8e0000 - 0x00007ffa5c8ec000 	D:\Software\Android Studio\jre\bin\management_ext.dll
0x00007ffa7c550000 - 0x00007ffa7c568000 	C:\Windows\SYSTEM32\CRYPTSP.dll
0x00007ffa7bc70000 - 0x00007ffa7bca4000 	C:\Windows\system32\rsaenh.dll
0x00007ffa7d020000 - 0x00007ffa7d047000 	C:\Windows\System32\bcrypt.dll
0x00007ffa7cab0000 - 0x00007ffa7cade000 	C:\Windows\SYSTEM32\USERENV.dll
0x00007ffa7c570000 - 0x00007ffa7c57c000 	C:\Windows\SYSTEM32\CRYPTBASE.dll
0x00007ffa7c000000 - 0x00007ffa7c03b000 	C:\Windows\SYSTEM32\IPHLPAPI.DLL
0x00007ffa7daf0000 - 0x00007ffa7daf8000 	C:\Windows\System32\NSI.dll
0x00007ffa70fe0000 - 0x00007ffa70ff7000 	C:\Windows\SYSTEM32\dhcpcsvc6.DLL
0x00007ffa72790000 - 0x00007ffa727ad000 	C:\Windows\SYSTEM32\dhcpcsvc.DLL
0x00007ffa7c050000 - 0x00007ffa7c11b000 	C:\Windows\SYSTEM32\DNSAPI.dll

dbghelp: loaded successfully - version: 4.0.5 - missing functions: none
symbol engine: initialized successfully - sym options: 0x614 - pdb path: .;D:\Software\Android Studio\jre\bin;C:\Windows\SYSTEM32;C:\Windows\WinSxS\amd64_microsoft.windows.common-controls_6595b64144ccf1df_6.0.19041.1110_none_60b5254171f9507e;D:\Software\Android Studio\jre\bin\server;C:\Users\michi\.gradle\native\8bec1ad78214c89d9ad589b4d07fe93259594b29d510b10fafb7a158f7737e5d\windows-amd64;C:\Users\michi\.gradle\native\53dbd7edfb1c66fb8903c78663c9afc45aea4f116125fa6feffd364cf09443e8\windows-amd64

VM Arguments:
jvm_args: --add-opens=java.base/java.util=ALL-UNNAMED --add-opens=java.base/java.lang=ALL-UNNAMED --add-opens=java.base/java.lang.invoke=ALL-UNNAMED --add-opens=java.base/java.util=ALL-UNNAMED --add-opens=java.prefs/java.util.prefs=ALL-UNNAMED --add-opens=java.prefs/java.util.prefs=ALL-UNNAMED --add-opens=java.base/java.nio.charset=ALL-UNNAMED --add-opens=java.base/java.net=ALL-UNNAMED --add-opens=java.base/java.util.concurrent.atomic=ALL-UNNAMED -Xmx2048m -Dfile.encoding=UTF-8 -Duser.country=ID -Duser.language=en -Duser.variant 
java_command: org.gradle.launcher.daemon.bootstrap.GradleDaemon 7.0.2
java_class_path (initial): C:\Users\michi\.gradle\wrapper\dists\gradle-7.0.2-bin\857tjihv64xamwrf0h14cai3r\gradle-7.0.2\lib\gradle-launcher-7.0.2.jar
Launcher Type: SUN_STANDARD

[Global flags]
     intx CICompilerCount                          = 3                                         {product} {ergonomic}
     uint ConcGCThreads                            = 1                                         {product} {ergonomic}
     uint G1ConcRefinementThreads                  = 4                                         {product} {ergonomic}
   size_t G1HeapRegionSize                         = 1048576                                   {product} {ergonomic}
    uintx GCDrainStackTargetSize                   = 64                                        {product} {ergonomic}
   size_t InitialHeapSize                          = 67108864                                  {product} {ergonomic}
   size_t MarkStackSize                            = 4194304                                   {product} {ergonomic}
   size_t MaxHeapSize                              = 2147483648                                {product} {command line}
   size_t MaxNewSize                               = 1287651328                                {product} {ergonomic}
   size_t MinHeapDeltaBytes                        = 1048576                                   {product} {ergonomic}
    uintx NonNMethodCodeHeapSize                   = 5830732                                {pd product} {ergonomic}
    uintx NonProfiledCodeHeapSize                  = 122913754                              {pd product} {ergonomic}
    uintx ProfiledCodeHeapSize                     = 122913754                              {pd product} {ergonomic}
    uintx ReservedCodeCacheSize                    = 251658240                              {pd product} {ergonomic}
     bool SegmentedCodeCache                       = true                                      {product} {ergonomic}
     bool UseCompressedClassPointers               = true                                 {lp64_product} {ergonomic}
     bool UseCompressedOops                        = true                                 {lp64_product} {ergonomic}
     bool UseG1GC                                  = true                                      {product} {ergonomic}
     bool UseLargePagesIndividualAllocation        = false                                  {pd product} {ergonomic}

Logging:
Log output configuration:
 #0: stdout all=warning uptime,level,tags
 #1: stderr all=off uptime,level,tags

Environment Variables:
PATH=C:\Program Files (x86)\Common Files\Oracle\Java\javapath;C:\Program Files\Common Files\Oracle\Java\javapath;C:\Windows\system32;C:\Windows;C:\Windows\System32\Wbem;C:\Windows\System32\WindowsPowerShell\v1.0\;C:\Windows\System32\OpenSSH\;D:\Software\MinGW\bin;D:\Software\Git\cmd;D:\Software\Git\bin;C:\Users\michi\AppData\Local\Programs\Python\Python310\Scripts\;C:\Users\michi\AppData\Local\Programs\Python\Python310\;C:\Users\michi\AppData\Local\Programs\Python\Python310\Scripts\;C:\Users\michi\AppData\Local\Programs\Python\Python310\;C:\Users\michi\AppData\Local\Microsoft\WindowsApps;D:\Software\Microsoft VS Code\bin;D:\Software\MinGW\bin;D:\Software\Git\bin;D:\Software\Git\cmd;
USERNAME=michi
OS=Windows_NT
PROCESSOR_IDENTIFIER=Intel64 Family 6 Model 142 Stepping 9, GenuineIntel



---------------  S Y S T E M  ---------------

OS: Windows 10 , 64 bit Build 19041 (10.0.19041.1348)
OS uptime: 0 days 5:03 hours

CPU:total 4 (initial active 4) (2 cores per cpu, 2 threads per core) family 6 model 142 stepping 9 microcode 0xb4, cmov, cx8, fxsr, mmx, sse, sse2, sse3, ssse3, sse4.1, sse4.2, popcnt, avx, avx2, aes, clmul, erms, 3dnowpref, lzcnt, ht, tsc, tscinvbit, bmi1, bmi2, adx, fma

Memory: 4k page, system-wide physical 3981M (315M free)
TotalPageFile size 8077M (AvailPageFile size 3M)
current process WorkingSet (physical memory assigned to process): 210M, peak: 225M
current process commit charge ("private bytes"): 278M, peak: 278M

vm_info: OpenJDK 64-Bit Server VM (11.0.10+0-b96-7249189) for windows-amd64 JRE (11.0.10+0-b96-7249189), built on Mar 31 2021 21:44:00 by "builder" with MS VC++ 14.0 (VS2015)

END.
